spk_ver/v00/v0000	SES146	1.20624	19.128	17.9217
spk_ver/v00/v0001	SES002	-7.36991	11.9548	19.3247
spk_ver/v00/v0002	SES002	-5.59556	12.7501	18.3456
spk_ver/v00/v0003	SES002	-11.307	7.51707	18.824
spk_ver/v00/v0004	SES002	-3.82232	14.767	18.5893
spk_ver/v00/v0005	SES002	-3.84834	13.2103	17.0586
spk_ver/v00/v0006	SES002	-5.7045	14.5487	20.2532
spk_ver/v00/v0007	SES002	-5.83128	12.2475	18.0788
spk_ver/v00/v0008	SES146	0.599579	18.691	18.0914
spk_ver/v00/v0009	SES002	-2.14255	18.357	20.4995
spk_ver/v00/v0010	SES002	-5.79078	11.6441	17.4349
spk_ver/v00/v0011	SES002	-2.56786	14.7909	17.3588
spk_ver/v00/v0012	SES002	-4.90026	16.2534	21.1536
spk_ver/v00/v0013	SES002	-4.50651	16.0506	20.5572
spk_ver/v00/v0014	SES002	-2.02936	17.7768	19.8062
spk_ver/v00/v0015	SES002	-3.35418	16.1842	19.5384
spk_ver/v00/v0016	SES275	0.936876	18.6452	17.7084
spk_ver/v00/v0017	SES002	-2.25368	19.0328	21.2865
spk_ver/v00/v0018	SES002	-12.7063	4.68356	17.3899
spk_ver/v00/v0019	SES002	-3.16957	16.0308	19.2004
spk_ver/v00/v0020	SES002	-9.67969	8.48057	18.1603
spk_ver/v00/v0021	SES002	-6.45169	11.8839	18.3356
spk_ver/v00/v0022	SES002	-3.41073	16.388	19.7987
spk_ver/v00/v0023	SES002	-6.64952	14.9708	21.6203
spk_ver/v00/v0024	SES002	-8.61158	9.41991	18.0315
spk_ver/v00/v0025	SES002	-8.51853	11.2107	19.7292
spk_ver/v00/v0026	SES002	-5.11445	13.8089	18.9234
spk_ver/v00/v0027	SES129	1.8782	20.8191	18.9409
spk_ver/v00/v0028	SES007	-2.32521	17.9201	20.2453
spk_ver/v00/v0029	SES083	-0.0111103	20.5228	20.5339
spk_ver/v00/v0030	SES019	2.79301	21.2978	18.5048
spk_ver/v00/v0031	SES007	-2.73872	15.4917	18.2304
spk_ver/v00/v0032	SES270	1.36585	20.524	19.1581
spk_ver/v00/v0033	SES007	-2.67059	17.1272	19.7977
spk_ver/v00/v0034	SES007	-3.45485	14.9959	18.4508
spk_ver/v00/v0035	SES007	-1.49106	18.8325	20.3236
spk_ver/v00/v0036	SES007	-2.26595	14.5095	16.7754
spk_ver/v00/v0037	SES007	-3.87428	17.223	21.0973
spk_ver/v00/v0038	SES259	2.83287	23.3011	20.4682
spk_ver/v00/v0039	SES007	-3.69656	12.3708	16.0673
spk_ver/v00/v0040	SES007	-4.46291	17.9835	22.4464
spk_ver/v00/v0041	SES007	-2.31815	17.1964	19.5146
spk_ver/v00/v0042	SES007	-2.07233	14.2274	16.2998
spk_ver/v00/v0043	SES007	-1.2695	16.5548	17.8243
spk_ver/v00/v0044	SES007	-3.53377	19.1091	22.6429
spk_ver/v00/v0045	SES007	-2.24764	18.8731	21.1207
spk_ver/v00/v0046	SES007	-1.99751	17.9925	19.99
spk_ver/v00/v0047	SES172	0.281507	20.429	20.1475
spk_ver/v00/v0048	SES105	1.68259	20.0293	18.3467
spk_ver/v00/v0049	SES007	-1.45651	19.1041	20.5607
spk_ver/v00/v0050	SES292	-0.650795	19.0636	19.7144
spk_ver/v00/v0051	SES007	-1.88753	17.2518	19.1393
spk_ver/v00/v0052	SES068	0.808905	21.6643	20.8554
spk_ver/v00/v0053	SES008	-1.53653	19.0983	20.6348
spk_ver/v00/v0054	SES008	-5.36829	12.7361	18.1044
spk_ver/v00/v0055	SES008	-2.04882	17.801	19.8498
spk_ver/v00/v0056	SES008	-6.15555	13.6294	19.785
spk_ver/v00/v0057	SES008	-4.3729	15.3953	19.7682
spk_ver/v00/v0058	SES083	0.921207	21.3422	20.421
spk_ver/v00/v0059	SES158	1.94358	20.8804	18.9369
spk_ver/v00/v0060	SES008	-3.58641	14.3563	17.9428
spk_ver/v00/v0061	SES101	0.531073	20.7791	20.2481
spk_ver/v00/v0062	SES008	-3.86364	15.035	18.8987
spk_ver/v00/v0063	SES008	-3.11078	16.4622	19.5729
spk_ver/v00/v0064	SES117	1.60718	19.7823	18.1751
spk_ver/v00/v0065	SES149	2.09397	22.842	20.7481
spk_ver/v00/v0066	SES008	-0.459831	20.026	20.4858
spk_ver/v00/v0067	SES008	-2.86339	15.3062	18.1696
spk_ver/v00/v0068	SES162	1.38402	20.01	18.6259
spk_ver/v00/v0069	SES008	-7.06012	13.2251	20.2852
spk_ver/v00/v0070	SES008	-1.05852	18.5112	19.5697
spk_ver/v00/v0071	SES008	-4.08117	16.1399	20.2211
spk_ver/v00/v0072	SES008	-1.87739	19.5403	21.4177
spk_ver/v00/v0073	SES008	-2.38283	18.3981	20.7809
spk_ver/v00/v0074	SES008	-4.05409	14.3239	18.378
spk_ver/v00/v0075	SES008	-7.31181	10.7987	18.1105
spk_ver/v00/v0076	SES167	2.04146	21.0546	19.0132
spk_ver/v00/v0077	SES008	-2.29349	18.4655	20.759
spk_ver/v00/v0078	SES177	0.907249	21.1995	20.2922
spk_ver/v00/v0079	SES008	-2.02888	17.5878	19.6167
spk_ver/v00/v0080	SES008	-3.28406	16.022	19.3061
spk_ver/v00/v0081	SES008	-6.0318	11.4103	17.4421
spk_ver/v00/v0082	SES008	-3.24879	16.6013	19.8501
spk_ver/v00/v0083	SES008	-6.09699	11.1007	17.1977
spk_ver/v00/v0084	SES144	1.58694	20.8239	19.237
spk_ver/v00/v0085	SES008	-2.40037	17.6662	20.0666
spk_ver/v00/v0086	SES008	-2.85545	18.4384	21.2938
spk_ver/v00/v0087	SES008	-5.50069	13.4328	18.9335
spk_ver/v00/v0088	SES008	-2.56026	19.0833	21.6436
spk_ver/v00/v0089	SES008	-1.89941	15.8584	17.7578
spk_ver/v00/v0090	SES142	2.08842	21.0251	18.9366
spk_ver/v00/v0091	SES008	-4.70733	15.6513	20.3586
spk_ver/v00/v0092	SES158	1.36827	19.5982	18.2299
spk_ver/v00/v0093	SES014	-3.60634	17.1188	20.7252
spk_ver/v00/v0094	SES014	-5.867	10.8951	16.7621
spk_ver/v00/v0095	SES014	-2.21356	19.9295	22.1431
spk_ver/v00/v0096	SES014	-9.15588	9.32093	18.4768
spk_ver/v00/v0097	SES014	-2.77288	15.7841	18.557
spk_ver/v00/v0098	SES014	-3.19946	17.4854	20.6848
spk_ver/v00/v0099	SES014	-4.17034	13.9726	18.1429
spk_ver/v01/v0100	SES127	0.411615	19.9436	19.532
spk_ver/v01/v0101	SES014	-9.06828	7.90304	16.9713
spk_ver/v01/v0102	SES014	-9.83736	8.19954	18.0369
spk_ver/v01/v0103	SES014	-6.98778	11.16	18.1478
spk_ver/v01/v0104	SES014	-7.96397	10.9441	18.9081
spk_ver/v01/v0105	SES014	-4.96627	12.3027	17.2689
spk_ver/v01/v0106	SES014	-4.47588	14.132	18.6079
spk_ver/v01/v0107	SES014	-7.79006	13.5977	21.3877
spk_ver/v01/v0108	SES014	-9.98149	9.14841	19.1299
spk_ver/v01/v0109	SES014	-5.57614	11.4617	17.0378
spk_ver/v01/v0110	SES014	-4.69256	13.7811	18.4737
spk_ver/v01/v0111	SES014	-2.31009	18.9213	21.2314
spk_ver/v01/v0112	SES014	-5.77274	15.2674	21.0401
spk_ver/v01/v0113	SES104	0.774454	20.7751	20.0007
spk_ver/v01/v0114	SES082	1.05119	22.1988	21.1476
spk_ver/v01/v0115	SES087	1.4943	20.8976	19.4033
spk_ver/v01/v0116	SES014	-2.79843	16.2294	19.0279
spk_ver/v01/v0117	SES177	0.2917	19.9448	19.6531
spk_ver/v01/v0118	SES014	-6.82336	10.7765	17.5999
spk_ver/v01/v0119	SES014	-2.45349	17.4913	19.9448
spk_ver/v01/v0120	SES014	-12.7196	6.04314	18.7628
spk_ver/v01/v0121	SES146	0.34977	18.988	18.6382
spk_ver/v01/v0122	SES014	2.39071	24.0614	21.6707
spk_ver/v01/v0123	SES014	-3.62238	17.092	20.7144
spk_ver/v01/v0124	SES014	-12.3137	6.88555	19.1993
spk_ver/v01/v0125	SES014	-6.76185	12.0908	18.8527
spk_ver/v01/v0126	SES016	-2.22792	16.1955	18.4234
spk_ver/v01/v0127	SES016	-3.41132	13.2992	16.7106
spk_ver/v01/v0128	SES106	2.52622	22.116	19.5898
spk_ver/v01/v0129	SES016	-3.98722	16.3364	20.3236
spk_ver/v01/v0130	SES016	-3.20817	16.4935	19.7017
spk_ver/v01/v0131	SES016	-4.83803	13.874	18.7121
spk_ver/v01/v0132	SES016	-2.99412	16.7875	19.7816
spk_ver/v01/v0133	SES016	-2.75334	17.8594	20.6127
spk_ver/v01/v0134	SES016	-2.41656	18.0169	20.4335
spk_ver/v01/v0135	SES016	-5.26881	14.3096	19.5784
spk_ver/v01/v0136	SES016	-4.33032	14.5347	18.865
spk_ver/v01/v0137	SES007	0.854612	19.1777	18.3231
spk_ver/v01/v0138	SES016	-1.66775	18.0198	19.6875
spk_ver/v01/v0139	SES016	-1.9643	18.3551	20.3194
spk_ver/v01/v0140	SES016	1.97199	22.0881	20.1161
spk_ver/v01/v0141	SES016	-7.10314	9.23631	16.3395
spk_ver/v01/v0142	SES016	-6.63959	13.9961	20.6356
spk_ver/v01/v0143	SES016	-5.77842	11.5054	17.2838
spk_ver/v01/v0144	SES016	-3.81685	16.7844	20.6013
spk_ver/v01/v0145	SES016	-5.89692	11.2208	17.1178
spk_ver/v01/v0146	SES016	-1.83878	17.936	19.7747
spk_ver/v01/v0147	SES016	-1.81844	18.54	20.3585
spk_ver/v01/v0148	SES127	1.09805	20.5263	19.4282
spk_ver/v01/v0149	SES016	-3.06794	16.2997	19.3676
spk_ver/v01/v0150	SES016	-2.87483	16.0318	18.9067
spk_ver/v01/v0151	SES147	1.21619	18.2379	17.0217
spk_ver/v01/v0152	SES016	-2.54552	17.15	19.6955
spk_ver/v01/v0153	SES104	1.93365	23.432	21.4984
spk_ver/v01/v0154	SES016	-3.80621	14.7387	18.545
spk_ver/v01/v0155	SES016	-2.9115	15.2031	18.1146
spk_ver/v01/v0156	SES019	-0.942631	17.3309	18.2736
spk_ver/v01/v0157	SES019	-3.55763	17.5305	21.0881
spk_ver/v01/v0158	SES019	-0.795626	19.3056	20.1012
spk_ver/v01/v0159	SES007	0.820988	20.055	19.234
spk_ver/v01/v0160	SES019	-2.57438	18.0245	20.5988
spk_ver/v01/v0161	SES019	-3.66926	15.0241	18.6934
spk_ver/v01/v0162	SES019	-4.5747	16.372	20.9467
spk_ver/v01/v0163	SES189	1.46012	19.2827	17.8226
spk_ver/v01/v0164	SES019	-2.6	18.1368	20.7368
spk_ver/v01/v0165	SES019	-0.981108	17.1106	18.0917
spk_ver/v01/v0166	SES019	-5.73545	15.2386	20.9741
spk_ver/v01/v0167	SES019	-4.35752	14.1553	18.5128
spk_ver/v01/v0168	SES019	-1.68657	13.3707	15.0572
spk_ver/v01/v0169	SES019	-5.64993	12.0349	17.6848
spk_ver/v01/v0170	SES270	1.30186	20.6079	19.306
spk_ver/v01/v0171	SES019	-2.55358	16.6224	19.176
spk_ver/v01/v0172	SES019	-6.29582	12.2412	18.537
spk_ver/v01/v0173	SES206	1.29068	21.2852	19.9945
spk_ver/v01/v0174	SES019	-2.48971	16.3728	18.8625
spk_ver/v01/v0175	SES014	2.51353	24.0131	21.4996
spk_ver/v01/v0176	SES019	-4.57921	15.6728	20.2521
spk_ver/v01/v0177	SES120	1.72214	19.9088	18.1866
spk_ver/v01/v0178	SES019	-1.47	16.0129	17.4829
spk_ver/v01/v0179	SES019	-6.19647	16.0031	22.1995
spk_ver/v01/v0180	SES175	1.27761	20.5854	19.3078
spk_ver/v01/v0181	SES019	-5.32423	12.6165	17.9407
spk_ver/v01/v0182	SES019	-4.07795	16.3699	20.4479
spk_ver/v01/v0183	SES029	-2.2854	16.7764	19.0618
spk_ver/v01/v0184	SES029	-7.746	12.5067	20.2527
spk_ver/v01/v0185	SES029	-2.26346	18.035	20.2985
spk_ver/v01/v0186	SES068	1.18076	22.0909	20.9101
spk_ver/v01/v0187	SES029	-4.46829	15.5527	20.021
spk_ver/v01/v0188	SES029	-3.03024	18.0134	21.0436
spk_ver/v01/v0189	SES149	2.77613	23.1949	20.4188
spk_ver/v01/v0190	SES029	-4.06208	17.5247	21.5868
spk_ver/v01/v0191	SES029	-3.98956	15.1787	19.1683
spk_ver/v01/v0192	SES183	1.19032	21.2732	20.0829
spk_ver/v01/v0193	SES029	-2.4971	16.7995	19.2966
spk_ver/v01/v0194	SES016	1.77899	21.8802	20.1012
spk_ver/v01/v0195	SES029	-2.85818	16.6891	19.5473
spk_ver/v01/v0196	SES029	-1.37334	17.7877	19.1611
spk_ver/v01/v0197	SES029	-4.31417	16.8196	21.1338
spk_ver/v01/v0198	SES146	1.15101	19.1335	17.9825
spk_ver/v01/v0199	SES029	-4.36621	12.0996	16.4658
spk_ver/v02/v0200	SES029	-2.67805	17.0332	19.7112
spk_ver/v02/v0201	SES068	0.970329	22.0512	21.0809
spk_ver/v02/v0202	SES148	2.12597	19.9278	17.8018
spk_ver/v02/v0203	SES029	-3.24489	16.3278	19.5727
spk_ver/v02/v0204	SES029	-1.19572	18.0144	19.2102
spk_ver/v02/v0205	SES060	1.17586	22.9858	21.8099
spk_ver/v02/v0206	SES127	1.87127	22.0898	20.2186
spk_ver/v02/v0207	SES029	-4.41451	15.2662	19.6807
spk_ver/v02/v0208	SES048	2.22784	20.2654	18.0375
spk_ver/v02/v0209	SES029	-2.18916	17.8825	20.0717
spk_ver/v02/v0210	SES029	-3.2875	15.5353	18.8229
spk_ver/v02/v0211	SES029	-3.69486	16.7657	20.4606
spk_ver/v02/v0212	SES042	-7.1313	12.0817	19.213
spk_ver/v02/v0213	SES085	1.88672	21.3262	19.4395
spk_ver/v02/v0214	SES206	1.72143	22.9509	21.2295
spk_ver/v02/v0215	SES144	0.687981	19.7927	19.1048
spk_ver/v02/v0216	SES042	-3.89671	16.1994	20.0962
spk_ver/v02/v0217	SES042	-3.21017	10.3617	13.5719
spk_ver/v02/v0218	SES042	-2.48764	18.0407	20.5283
spk_ver/v02/v0219	SES206	1.61774	23.4382	21.8205
spk_ver/v02/v0220	SES019	4.34826	23.1575	18.8093
spk_ver/v02/v0221	SES007	0.576914	19.8834	19.3065
spk_ver/v02/v0222	SES042	-7.8232	10.7286	18.5518
spk_ver/v02/v0223	SES147	1.23682	18.821	17.5842
spk_ver/v02/v0224	SES105	1.78621	20.1357	18.3495
spk_ver/v02/v0225	SES042	-2.37092	17.3665	19.7374
spk_ver/v02/v0226	SES275	1.46914	19.9515	18.4824
spk_ver/v02/v0227	SES042	-4.87207	13.6956	18.5677
spk_ver/v02/v0228	SES042	-5.18145	15.0158	20.1972
spk_ver/v02/v0229	SES042	-6.16533	14.8892	21.0545
spk_ver/v02/v0230	SES085	1.01864	22.4864	21.4678
spk_ver/v02/v0231	SES014	2.6076	24.5208	21.9132
spk_ver/v02/v0232	SES042	-1.62508	18.922	20.5471
spk_ver/v02/v0233	SES048	-5.29231	15.0777	20.37
spk_ver/v02/v0234	SES048	-7.23644	11.9033	19.1398
spk_ver/v02/v0235	SES029	1.18654	21.8973	20.7107
spk_ver/v02/v0236	SES048	-3.23645	17.2862	20.5227
spk_ver/v02/v0237	SES048	-4.96614	13.9747	18.9408
spk_ver/v02/v0238	SES048	-2.46817	17.5508	20.019
spk_ver/v02/v0239	SES060	1.48148	21.614	20.1325
spk_ver/v02/v0240	SES048	-6.09487	12.8175	18.9123
spk_ver/v02/v0241	SES048	-3.9924	16.2171	20.2095
spk_ver/v02/v0242	SES189	3.53386	20.0316	16.4978
spk_ver/v02/v0243	SES162	1.16554	20.0536	18.8881
spk_ver/v02/v0244	SES048	-6.57599	14.8143	21.3903
spk_ver/v02/v0245	SES048	-5.25037	13.9238	19.1741
spk_ver/v02/v0246	SES048	-4.844	15.3246	20.1686
spk_ver/v02/v0247	SES048	-5.74234	11.9983	17.7406
spk_ver/v02/v0248	SES226	2.09593	22.4249	20.329
spk_ver/v02/v0249	SES048	-3.1548	15.5586	18.7134
spk_ver/v02/v0250	SES048	-2.86665	16.0452	18.9119
spk_ver/v02/v0251	SES048	-5.63967	13.2268	18.8664
spk_ver/v02/v0252	SES060	-7.43589	10.045	17.4809
spk_ver/v02/v0253	SES060	-6.05271	13.4723	19.525
spk_ver/v02/v0254	SES259	2.92482	23.3944	20.4696
spk_ver/v02/v0255	SES060	-6.92597	10.8154	17.7413
spk_ver/v02/v0256	SES202	0.777311	19.1407	18.3634
spk_ver/v02/v0257	SES148	1.21222	20.9558	19.7436
spk_ver/v02/v0258	SES060	-4.82951	11.316	16.1455
spk_ver/v02/v0259	SES060	-1.94595	18.5269	20.4729
spk_ver/v02/v0260	SES060	-3.29843	16.9432	20.2417
spk_ver/v02/v0261	SES099	2.79126	22.8597	20.0685
spk_ver/v02/v0262	SES060	-3.80682	15.6112	19.418
spk_ver/v02/v0263	SES060	-2.76275	18.6672	21.4299
spk_ver/v02/v0264	SES292	0.36573	19.9808	19.6151
spk_ver/v02/v0265	SES060	-1.34321	17.6454	18.9886
spk_ver/v02/v0266	SES060	-7.49376	11.2207	18.7144
spk_ver/v02/v0267	SES060	-6.05255	12.7326	18.7852
spk_ver/v02/v0268	SES060	-6.24716	10.4314	16.6786
spk_ver/v02/v0269	SES127	1.31585	21.9898	20.6739
spk_ver/v02/v0270	SES060	-4.07357	15.58	19.6536
spk_ver/v02/v0271	SES060	-1.07975	19.561	20.6407
spk_ver/v02/v0272	SES060	-4.99088	12.5265	17.5174
spk_ver/v02/v0273	SES087	1.56241	21.3446	19.7822
spk_ver/v02/v0274	SES146	0.788233	18.5519	17.7637
spk_ver/v02/v0275	SES060	-4.1559	14.0942	18.2501
spk_ver/v02/v0276	SES002	2.76446	22.8106	20.0461
spk_ver/v02/v0277	SES060	-1.71628	18.5811	20.2974
spk_ver/v02/v0278	SES060	-4.70276	13.9428	18.6456
spk_ver/v02/v0279	SES060	-5.4473	14.732	20.1793
spk_ver/v02/v0280	SES129	2.63182	21.648	19.0162
spk_ver/v02/v0281	SES162	1.14551	19.9862	18.8407
spk_ver/v02/v0282	SES060	-3.58829	15.6355	19.2238
spk_ver/v02/v0283	SES060	-4.5184	16.038	20.5564
spk_ver/v02/v0284	SES062	-5.30803	10.7143	16.0223
spk_ver/v02/v0285	SES062	-6.37986	12.4231	18.803
spk_ver/v02/v0286	SES120	0.0797462	18.0523	17.9725
spk_ver/v02/v0287	SES062	-4.6862	14.9638	19.65
spk_ver/v02/v0288	SES062	-4.61053	14.8613	19.4718
spk_ver/v02/v0289	SES062	-4.01471	15.9543	19.969
spk_ver/v02/v0290	SES062	-2.19978	18.542	20.7418
spk_ver/v02/v0291	SES275	0.627516	19.2016	18.5741
spk_ver/v02/v0292	SES062	-3.51779	15.4819	18.9997
spk_ver/v02/v0293	SES062	-7.69575	11.693	19.3887
spk_ver/v02/v0294	SES062	-4.62667	16.0173	20.644
spk_ver/v02/v0295	SES062	-2.35964	15.6762	18.0358
spk_ver/v02/v0296	SES062	-4.15954	15.3254	19.485
spk_ver/v02/v0297	SES062	-5.77096	13.0673	18.8382
spk_ver/v02/v0298	SES062	-2.74125	15.7151	18.4563
spk_ver/v02/v0299	SES062	-2.85085	17.187	20.0379
spk_ver/v03/v0300	SES062	-6.59396	12.4784	19.0723
spk_ver/v03/v0301	SES062	-2.59851	17.3645	19.963
spk_ver/v03/v0302	SES172	0.340885	22.0485	21.7076
spk_ver/v03/v0303	SES062	-3.02682	16.4134	19.4402
spk_ver/v03/v0304	SES062	-3.61559	15.1172	18.7328
spk_ver/v03/v0305	SES062	-3.21502	16.4645	19.6795
spk_ver/v03/v0306	SES062	-4.76688	13.3328	18.0997
spk_ver/v03/v0307	SES062	-3.9527	16.2788	20.2315
spk_ver/v03/v0308	SES062	-4.5751	14.3537	18.9288
spk_ver/v03/v0309	SES062	-3.37099	13.4831	16.8541
spk_ver/v03/v0310	SES125	1.58107	22.8082	21.2271
spk_ver/v03/v0311	SES062	-1.87128	18.1739	20.0451
spk_ver/v03/v0312	SES062	-6.20074	11.9184	18.1191
spk_ver/v03/v0313	SES062	-2.63886	16.2265	18.8653
spk_ver/v03/v0314	SES068	-3.84858	15.8784	19.727
spk_ver/v03/v0315	SES068	-3.01682	17.0966	20.1135
spk_ver/v03/v0316	SES068	-6.01533	12.6156	18.6309
spk_ver/v03/v0317	SES068	-1.99161	16.3919	18.3835
spk_ver/v03/v0318	SES068	-3.87249	17.6924	21.5649
spk_ver/v03/v0319	SES068	-7.28134	11.2434	18.5247
spk_ver/v03/v0320	SES068	-1.48256	18.3781	19.8606
spk_ver/v03/v0321	SES068	-1.86783	16.2455	18.1133
spk_ver/v03/v0322	SES068	-1.1483	17.1773	18.3256
spk_ver/v03/v0323	SES068	-2.21755	17.9557	20.1733
spk_ver/v03/v0324	SES144	0.877018	17.9807	17.1036
spk_ver/v03/v0325	SES068	-3.76793	16.0155	19.7834
spk_ver/v03/v0326	SES068	-0.761467	19.5958	20.3573
spk_ver/v03/v0327	SES068	-1.88682	18.2376	20.1244
spk_ver/v03/v0328	SES068	-6.08917	12.3421	18.4312
spk_ver/v03/v0329	SES068	-2.89296	16.7704	19.6633
spk_ver/v03/v0330	SES180	0.167793	19.5276	19.3598
spk_ver/v03/v0331	SES068	-0.955166	18.571	19.5262
spk_ver/v03/v0332	SES275	1.57911	20.7141	19.135
spk_ver/v03/v0333	SES062	1.15252	23.4978	22.3453
spk_ver/v03/v0334	SES270	1.58771	20.2104	18.6227
spk_ver/v03/v0335	SES068	-7.26289	9.69166	16.9546
spk_ver/v03/v0336	SES068	-1.52941	20.4613	21.9907
spk_ver/v03/v0337	SES068	-2.29027	16.4828	18.7731
spk_ver/v03/v0338	SES068	-3.55288	14.387	17.9399
spk_ver/v03/v0339	SES068	-1.33707	18.0294	19.3664
spk_ver/v03/v0340	SES068	-2.55988	15.5747	18.1346
spk_ver/v03/v0341	SES016	1.28859	23.1052	21.8166
spk_ver/v03/v0342	SES068	-3.63147	14.4395	18.071
spk_ver/v03/v0343	SES068	-2.4137	15.9067	18.3204
spk_ver/v03/v0344	SES125	1.64511	21.5315	19.8864
spk_ver/v03/v0345	SES187	1.1282	21.1726	20.0444
spk_ver/v03/v0346	SES068	-4.28565	15.6889	19.9746
spk_ver/v03/v0347	SES143	1.42724	19.5753	18.1481
spk_ver/v03/v0348	SES292	0.656576	20.468	19.8114
spk_ver/v03/v0349	SES082	-5.41636	14.6827	20.0991
spk_ver/v03/v0350	SES101	0.989531	21.356	20.3665
spk_ver/v03/v0351	SES082	-0.485674	18.8647	19.3504
spk_ver/v03/v0352	SES082	-2.33045	14.9078	17.2383
spk_ver/v03/v0353	SES082	-4.05557	15.2459	19.3015
spk_ver/v03/v0354	SES082	-9.35521	8.74058	18.0958
spk_ver/v03/v0355	SES083	0.799749	21.6406	20.8409
spk_ver/v03/v0356	SES082	-3.20705	15.0702	18.2773
spk_ver/v03/v0357	SES082	-7.10731	12.1191	19.2264
spk_ver/v03/v0358	SES082	-1.89676	17.5123	19.4091
spk_ver/v03/v0359	SES117	1.06606	17.3062	16.2401
spk_ver/v03/v0360	SES082	-6.10574	14.1782	20.2839
spk_ver/v03/v0361	SES082	-2.10135	16.7903	18.8916
spk_ver/v03/v0362	SES007	0.640562	19.2244	18.5838
spk_ver/v03/v0363	SES082	-3.4059	15.8366	19.2425
spk_ver/v03/v0364	SES019	2.94439	22.1649	19.2205
spk_ver/v03/v0365	SES082	-1.4044	17.6086	19.013
spk_ver/v03/v0366	SES226	2.00783	21.5317	19.5239
spk_ver/v03/v0367	SES167	2.04608	22.2294	20.1834
spk_ver/v03/v0368	SES082	-3.48956	17.2044	20.694
spk_ver/v03/v0369	SES042	3.46716	24.4925	21.0253
spk_ver/v03/v0370	SES042	2.9781	23.5795	20.6013
spk_ver/v03/v0371	SES082	-6.39408	13.4029	19.797
spk_ver/v03/v0372	SES082	-1.72994	19.5448	21.2748
spk_ver/v03/v0373	SES082	-6.96187	13.7406	20.7025
spk_ver/v03/v0374	SES083	-1.4715	20.3219	21.7934
spk_ver/v03/v0375	SES292	0.232773	19.8668	19.634
spk_ver/v03/v0376	SES083	-3.2953	17.3694	20.6647
spk_ver/v03/v0377	SES083	-4.82095	14.6298	19.4507
spk_ver/v03/v0378	SES083	-3.07979	15.4735	18.5533
spk_ver/v03/v0379	SES083	-1.50492	17.3153	18.8202
spk_ver/v03/v0380	SES083	-4.00182	14.9182	18.92
spk_ver/v03/v0381	SES083	-3.21551	16.133	19.3485
spk_ver/v03/v0382	SES148	0.607723	21.1125	20.5048
spk_ver/v03/v0383	SES083	-1.26862	19.5075	20.7761
spk_ver/v03/v0384	SES226	1.79097	21.5683	19.7773
spk_ver/v03/v0385	SES226	2.07678	22.6437	20.5669
spk_ver/v03/v0386	SES087	1.77081	20.8427	19.0718
spk_ver/v03/v0387	SES029	1.4213	21.1141	19.6928
spk_ver/v03/v0388	SES147	1.58008	19.8462	18.2661
spk_ver/v03/v0389	SES083	-4.41559	13.9987	18.4143
spk_ver/v03/v0390	SES189	2.14466	20.6409	18.4963
spk_ver/v03/v0391	SES083	-1.7201	18.5378	20.2579
spk_ver/v03/v0392	SES083	-0.954987	19.6093	20.5643
spk_ver/v03/v0393	SES083	-3.3932	16.1462	19.5394
spk_ver/v03/v0394	SES083	-3.65977	15.1871	18.8469
spk_ver/v03/v0395	SES083	-1.40163	19.7346	21.1362
spk_ver/v03/v0396	SES014	3.04743	25.4404	22.393
spk_ver/v03/v0397	SES085	-0.336346	22.4207	22.757
spk_ver/v03/v0398	SES085	-1.73157	19.3665	21.0981
spk_ver/v03/v0399	SES085	-3.02212	16.9214	19.9435
spk_ver/v04/v0400	SES106	2.10996	22.4867	20.3768
spk_ver/v04/v0401	SES085	-4.10225	15.4961	19.5983
spk_ver/v04/v0402	SES085	-6.75079	8.52218	15.273
spk_ver/v04/v0403	SES085	-0.99387	18.713	19.7069
spk_ver/v04/v0404	SES180	1.05553	21.0333	19.9778
spk_ver/v04/v0405	SES129	2.04369	22.1439	20.1003
spk_ver/v04/v0406	SES085	-5.46726	15.104	20.5713
spk_ver/v04/v0407	SES146	0.31847	17.8267	17.5083
spk_ver/v04/v0408	SES085	-0.649622	20.1411	20.7907
spk_ver/v04/v0409	SES085	-3.43321	15.8227	19.2559
spk_ver/v04/v0410	SES085	-3.81431	17.5821	21.3964
spk_ver/v04/v0411	SES292	1.18249	19.9807	18.7982
spk_ver/v04/v0412	SES085	-1.40537	19.7376	21.1429
spk_ver/v04/v0413	SES125	1.96545	22.9433	20.9779
spk_ver/v04/v0414	SES085	-2.69305	16.0854	18.7785
spk_ver/v04/v0415	SES085	-2.06362	18.9041	20.9678
spk_ver/v04/v0416	SES085	-1.44039	17.9609	19.4013
spk_ver/v04/v0417	SES062	0.894096	22.6998	21.8057
spk_ver/v04/v0418	SES060	1.90106	21.6188	19.7178
spk_ver/v04/v0419	SES085	-0.863388	19.5851	20.4484
spk_ver/v04/v0420	SES085	-5.37649	15.4622	20.8387
spk_ver/v04/v0421	SES085	-5.57806	12.4726	18.0507
spk_ver/v04/v0422	SES085	-1.47388	16.8986	18.3725
spk_ver/v04/v0423	SES085	-4.86759	13.9518	18.8194
spk_ver/v04/v0424	SES085	-4.06412	13.0573	17.1214
spk_ver/v04/v0425	SES183	1.08605	19.2763	18.1903
spk_ver/v04/v0426	SES085	-4.51607	15.0263	19.5424
spk_ver/v04/v0427	SES087	-2.88785	16.1599	19.0477
spk_ver/v04/v0428	SES162	0.84903	20.8189	19.9699
spk_ver/v04/v0429	SES087	-1.43326	18.7493	20.1826
spk_ver/v04/v0430	SES087	-5.87518	14.8683	20.7435
spk_ver/v04/v0431	SES087	-5.98888	11.9956	17.9845
spk_ver/v04/v0432	SES087	-4.78861	13.7455	18.5341
spk_ver/v04/v0433	SES087	-4.27832	16.3407	20.619
spk_ver/v04/v0434	SES142	3.39468	22.5035	19.1088
spk_ver/v04/v0435	SES087	-5.05832	14.2828	19.3411
spk_ver/v04/v0436	SES099	2.35469	22.9705	20.6158
spk_ver/v04/v0437	SES087	-1.54186	19.2464	20.7882
spk_ver/v04/v0438	SES087	-6.782	12.7192	19.5013
spk_ver/v04/v0439	SES087	-2.10275	19.2796	21.3823
spk_ver/v04/v0440	SES087	-3.52061	16.7302	20.2508
spk_ver/v04/v0441	SES087	-6.09747	13.1625	19.2599
spk_ver/v04/v0442	SES187	2.15075	21.1544	19.0036
spk_ver/v04/v0443	SES172	2.02298	22.3213	20.2983
spk_ver/v04/v0444	SES087	-2.80206	15.3193	18.1213
spk_ver/v04/v0445	SES087	-2.29483	18.5306	20.8254
spk_ver/v04/v0446	SES087	-1.06022	19.2361	20.2963
spk_ver/v04/v0447	SES087	-1.97936	18.4647	20.4441
spk_ver/v04/v0448	SES106	2.42373	20.74	18.3163
spk_ver/v04/v0449	SES146	1.00053	19.0281	18.0276
spk_ver/v04/v0450	SES087	-5.15358	13.2359	18.3895
spk_ver/v04/v0451	SES087	-2.04528	18.019	20.0643
spk_ver/v04/v0452	SES007	1.57474	19.8316	18.2568
spk_ver/v04/v0453	SES087	-3.08113	16.0422	19.1233
spk_ver/v04/v0454	SES087	-6.48736	13.2152	19.7026
spk_ver/v04/v0455	SES180	0.928562	20.6195	19.6909
spk_ver/v04/v0456	SES099	-6.30746	12.8767	19.1842
spk_ver/v04/v0457	SES042	2.19451	22.6605	20.466
spk_ver/v04/v0458	SES099	-0.863138	18.4537	19.3168
spk_ver/v04/v0459	SES099	-7.19917	13.4224	20.6216
spk_ver/v04/v0460	SES099	-8.25944	9.59956	17.859
spk_ver/v04/v0461	SES099	-3.07006	18.029	21.0991
spk_ver/v04/v0462	SES082	2.53591	22.9798	20.4439
spk_ver/v04/v0463	SES099	-0.549625	19.5535	20.1032
spk_ver/v04/v0464	SES099	0.366264	20.3037	19.9375
spk_ver/v04/v0465	SES099	-6.2142	13.5028	19.717
spk_ver/v04/v0466	SES099	-1.06249	19.2661	20.3285
spk_ver/v04/v0467	SES099	-0.62833	18.3341	18.9624
spk_ver/v04/v0468	SES129	2.13169	21.9926	19.8609
spk_ver/v04/v0469	SES101	0.764835	19.9095	19.1447
spk_ver/v04/v0470	SES099	-5.46058	13.4187	18.8792
spk_ver/v04/v0471	SES172	1.49742	21.308	19.8105
spk_ver/v04/v0472	SES099	-0.260172	18.4909	18.7511
spk_ver/v04/v0473	SES270	3.16107	22.3951	19.234
spk_ver/v04/v0474	SES099	-5.23489	14.9132	20.1481
spk_ver/v04/v0475	SES099	-2.9646	17.3753	20.3399
spk_ver/v04/v0476	SES099	-4.53835	12.4393	16.9777
spk_ver/v04/v0477	SES002	2.04368	23.3775	21.3339
spk_ver/v04/v0478	SES099	-0.596359	19.6556	20.252
spk_ver/v04/v0479	SES007	-0.472931	18.2372	18.7101
spk_ver/v04/v0480	SES101	-5.78317	15.3118	21.095
spk_ver/v04/v0481	SES101	-4.17013	14.2874	18.4576
spk_ver/v04/v0482	SES175	0.502703	20.2304	19.7277
spk_ver/v04/v0483	SES101	-4.17711	14.5958	18.7729
spk_ver/v04/v0484	SES101	-5.1708	17.9206	23.0914
spk_ver/v04/v0485	SES101	-2.90426	14.896	17.8002
spk_ver/v04/v0486	SES101	-1.45067	16.4498	17.9005
spk_ver/v04/v0487	SES101	-2.33236	17.6635	19.9959
spk_ver/v04/v0488	SES101	-6.5175	12.8309	19.3484
spk_ver/v04/v0489	SES147	1.38177	17.6757	16.2939
spk_ver/v04/v0490	SES085	-0.619284	18.6089	19.2282
spk_ver/v04/v0491	SES101	-2.96186	14.9609	17.9227
spk_ver/v04/v0492	SES101	-5.58226	11.7719	17.3542
spk_ver/v04/v0493	SES101	-4.02365	17.6714	21.695
spk_ver/v04/v0494	SES101	-3.54111	15.7299	19.271
spk_ver/v04/v0495	SES101	-1.75694	19.64	21.397
spk_ver/v04/v0496	SES101	-3.50415	16.8331	20.3373
spk_ver/v04/v0497	SES014	2.56099	25.2699	22.7089
spk_ver/v04/v0498	SES101	-3.75047	16.1289	19.8794
spk_ver/v04/v0499	SES101	-2.8654	17.468	20.3334
spk_ver/v05/v0500	SES085	0.923244	22.6013	21.678
spk_ver/v05/v0501	SES101	-5.55203	15.3851	20.9371
spk_ver/v05/v0502	SES275	0.977877	19.3411	18.3633
spk_ver/v05/v0503	SES117	1.2979	19.616	18.3181
spk_ver/v05/v0504	SES101	-5.17063	15.2535	20.4241
spk_ver/v05/v0505	SES101	-3.10828	16.023	19.1312
spk_ver/v05/v0506	SES101	-2.48264	17.305	19.7877
spk_ver/v05/v0507	SES048	1.22349	21.7898	20.5663
spk_ver/v05/v0508	SES117	0.372719	17.7769	17.4042
spk_ver/v05/v0509	SES202	2.07445	20.584	18.5095
spk_ver/v05/v0510	SES104	-2.84599	14.3004	17.1464
spk_ver/v05/v0511	SES008	1.79501	19.3698	17.5747
spk_ver/v05/v0512	SES104	-1.71377	16.6904	18.4042
spk_ver/v05/v0513	SES104	-2.84042	17.5906	20.431
spk_ver/v05/v0514	SES104	-5.55011	14.8176	20.3677
spk_ver/v05/v0515	SES104	-9.04378	11.2225	20.2663
spk_ver/v05/v0516	SES104	-3.21078	12.8861	16.0969
spk_ver/v05/v0517	SES060	1.08172	23.1411	22.0594
spk_ver/v05/v0518	SES104	-9.16604	9.34007	18.5061
spk_ver/v05/v0519	SES104	-11.0468	7.09942	18.1462
spk_ver/v05/v0520	SES104	-0.992054	20.803	21.795
spk_ver/v05/v0521	SES008	1.57737	22.4127	20.8353
spk_ver/v05/v0522	SES068	1.28421	21.2724	19.9882
spk_ver/v05/v0523	SES087	1.81838	22.0804	20.262
spk_ver/v05/v0524	SES104	-2.11776	16.9398	19.0575
spk_ver/v05/v0525	SES104	-1.24041	18.7062	19.9466
spk_ver/v05/v0526	SES104	-1.93806	17.8321	19.7702
spk_ver/v05/v0527	SES083	0.713465	20.6529	19.9394
spk_ver/v05/v0528	SES148	2.02769	19.9948	17.9672
spk_ver/v05/v0529	SES104	-3.51195	15.8744	19.3864
spk_ver/v05/v0530	SES104	-5.89352	13.3431	19.2366
spk_ver/v05/v0531	SES125	1.75228	21.7738	20.0215
spk_ver/v05/v0532	SES104	-10.4297	8.91337	19.3431
spk_ver/v05/v0533	SES149	2.86574	24.1971	21.3313
spk_ver/v05/v0534	SES104	-5.28861	14.8876	20.1762
spk_ver/v05/v0535	SES187	0.931271	20.1066	19.1753
spk_ver/v05/v0536	SES104	-2.37392	18.2558	20.6297
spk_ver/v05/v0537	SES104	-2.88288	15.85	18.7329
spk_ver/v05/v0538	SES167	1.89995	21.9626	20.0626
spk_ver/v05/v0539	SES104	-1.93451	15.3852	17.3197
spk_ver/v05/v0540	SES104	-7.05061	15.2186	22.2692
spk_ver/v05/v0541	SES183	1.9852	19.2426	17.2574
spk_ver/v05/v0542	SES104	-2.55698	15.7993	18.3563
spk_ver/v05/v0543	SES104	-6.91606	13.4745	20.3906
spk_ver/v05/v0544	SES105	-4.00258	16.5585	20.5611
spk_ver/v05/v0545	SES105	-2.41877	16.4822	18.9009
spk_ver/v05/v0546	SES105	-3.58212	15.6658	19.2479
spk_ver/v05/v0547	SES105	-4.11065	14.5577	18.6683
spk_ver/v05/v0548	SES019	3.39577	21.7211	18.3253
spk_ver/v05/v0549	SES105	-2.73055	16.6978	19.4284
spk_ver/v05/v0550	SES105	-3.74043	14.6657	18.4062
spk_ver/v05/v0551	SES202	2.59958	19.4635	16.8639
spk_ver/v05/v0552	SES105	-4.27565	15.3326	19.6082
spk_ver/v05/v0553	SES105	-1.59105	17.8202	19.4113
spk_ver/v05/v0554	SES105	-2.25773	17.9537	20.2114
spk_ver/v05/v0555	SES105	-3.61011	14.7435	18.3536
spk_ver/v05/v0556	SES082	0.659309	21.2261	20.5668
spk_ver/v05/v0557	SES105	-4.72474	16.3794	21.1041
spk_ver/v05/v0558	SES014	1.61164	22.6841	21.0725
spk_ver/v05/v0559	SES105	-2.30404	17.876	20.1801
spk_ver/v05/v0560	SES177	0.361816	20.5536	20.1918
spk_ver/v05/v0561	SES189	5.70752	15.6437	9.93617
spk_ver/v05/v0562	SES105	-3.52035	14.2586	17.779
spk_ver/v05/v0563	SES099	2.20313	20.6745	18.4714
spk_ver/v05/v0564	SES105	-2.35482	18.0996	20.4544
spk_ver/v05/v0565	SES105	-4.02873	15.353	19.3818
spk_ver/v05/v0566	SES105	-4.61423	13.8749	18.4892
spk_ver/v05/v0567	SES142	2.10847	20.3406	18.2322
spk_ver/v05/v0568	SES048	0.780897	19.5597	18.7788
spk_ver/v05/v0569	SES105	-4.73106	16.6641	21.3952
spk_ver/v05/v0570	SES105	-1.73007	17.7478	19.4779
spk_ver/v05/v0571	SES105	-3.39034	15.4684	18.8587
spk_ver/v05/v0572	SES105	-4.51464	13.3652	17.8799
spk_ver/v05/v0573	SES105	-5.24731	13.5306	18.7779
spk_ver/v05/v0574	SES105	-1.03839	18.4722	19.5106
spk_ver/v05/v0575	SES105	-0.630241	19.2651	19.8953
spk_ver/v05/v0576	SES106	-5.30455	13.6816	18.9862
spk_ver/v05/v0577	SES106	-5.67605	13.1529	18.829
spk_ver/v05/v0578	SES106	-4.77891	15.4924	20.2713
spk_ver/v05/v0579	SES106	-5.03457	15.0783	20.1129
spk_ver/v05/v0580	SES106	-1.91161	19.603	21.5146
spk_ver/v05/v0581	SES106	-8.90276	10.3078	19.2105
spk_ver/v05/v0582	SES106	-2.03845	15.6517	17.6902
spk_ver/v05/v0583	SES106	-1.57671	19.2597	20.8364
spk_ver/v05/v0584	SES106	-5.48802	12.418	17.9061
spk_ver/v05/v0585	SES106	0.423441	17.2593	16.8359
spk_ver/v05/v0586	SES106	-4.43675	14.96	19.3968
spk_ver/v05/v0587	SES106	-3.32063	13.6475	16.9681
spk_ver/v05/v0588	SES106	-5.7957	14.5217	20.3174
spk_ver/v05/v0589	SES106	-5.67636	15.5005	21.1768
spk_ver/v05/v0590	SES082	1.13575	20.137	19.0013
spk_ver/v05/v0591	SES180	0.621216	20.2442	19.6229
spk_ver/v05/v0592	SES106	-2.23136	16.6978	18.9292
spk_ver/v05/v0593	SES106	-8.71729	9.31113	18.0284
spk_ver/v05/v0594	SES292	0.96471	21.0476	20.0829
spk_ver/v05/v0595	SES106	-1.43943	18.6624	20.1018
spk_ver/v05/v0596	SES106	-8.52132	11.0826	19.604
spk_ver/v05/v0597	SES106	-5.67513	13.6963	19.3715
spk_ver/v05/v0598	SES042	2.06968	22.2064	20.1367
spk_ver/v05/v0599	SES106	-7.18135	11.0285	18.2098
spk_ver/v06/v0600	SES106	0.0597897	17.6618	17.602
spk_ver/v06/v0601	SES106	-2.11503	16.135	18.25
spk_ver/v06/v0602	SES106	-3.581	15.2768	18.8578
spk_ver/v06/v0603	SES106	-6.49364	12.5443	19.0379
spk_ver/v06/v0604	SES106	-4.37951	14.7954	19.1749
spk_ver/v06/v0605	SES106	-7.87045	10.46	18.3304
spk_ver/v06/v0606	SES048	2.70014	22.355	19.6549
spk_ver/v06/v0607	SES167	3.39824	23.7361	20.3379
spk_ver/v06/v0608	SES106	-5.10185	13.861	18.9629
spk_ver/v06/v0609	SES143	1.41776	20.8589	19.4411
spk_ver/v06/v0610	SES106	-13.8498	2.78604	16.6359
spk_ver/v06/v0611	SES106	-5.07812	13.4203	18.4984
spk_ver/v06/v0612	SES106	-8.22156	11.3107	19.5322
spk_ver/v06/v0613	SES117	-0.928982	19.0668	19.9957
spk_ver/v06/v0614	SES117	-4.78491	15.2185	20.0034
spk_ver/v06/v0615	SES117	-1.74612	17.4551	19.2012
spk_ver/v06/v0616	SES106	2.95746	24.8085	21.8511
spk_ver/v06/v0617	SES142	3.07446	19.7304	16.6559
spk_ver/v06/v0618	SES048	2.21663	22.265	20.0484
spk_ver/v06/v0619	SES175	0.864643	20.0733	19.2086
spk_ver/v06/v0620	SES180	1.00655	21.3512	20.3446
spk_ver/v06/v0621	SES117	-0.6329	16.8583	17.4912
spk_ver/v06/v0622	SES029	1.09789	20.313	19.2152
spk_ver/v06/v0623	SES117	-1.4293	18.7621	20.1914
spk_ver/v06/v0624	SES117	-4.40943	14.4754	18.8849
spk_ver/v06/v0625	SES117	-1.33097	16.5741	17.905
spk_ver/v06/v0626	SES106	1.78308	21.765	19.982
spk_ver/v06/v0627	SES226	2.61761	22.6079	19.9903
spk_ver/v06/v0628	SES117	-0.411554	20.5574	20.969
spk_ver/v06/v0629	SES117	-4.10584	17.1432	21.2491
spk_ver/v06/v0630	SES117	-4.24049	13.9875	18.228
spk_ver/v06/v0631	SES117	-5.04579	11.7882	16.834
spk_ver/v06/v0632	SES117	-1.88992	18.683	20.5729
spk_ver/v06/v0633	SES099	3.16695	23.0442	19.8773
spk_ver/v06/v0634	SES105	2.0479	20.4719	18.424
spk_ver/v06/v0635	SES167	0.472662	20.8162	20.3436
spk_ver/v06/v0636	SES117	-0.980852	17.8606	18.8415
spk_ver/v06/v0637	SES202	1.97828	19.8283	17.85
spk_ver/v06/v0638	SES117	-2.96751	16.7685	19.736
spk_ver/v06/v0639	SES167	1.72237	19.8079	18.0855
spk_ver/v06/v0640	SES117	-2.18163	16.7822	18.9638
spk_ver/v06/v0641	SES117	-3.92541	16.0248	19.9502
spk_ver/v06/v0642	SES101	0.976963	21.3223	20.3453
spk_ver/v06/v0643	SES068	1.6356	22.3284	20.6928
spk_ver/v06/v0644	SES120	-3.403	14.9834	18.3864
spk_ver/v06/v0645	SES120	-3.00809	15.0592	18.0673
spk_ver/v06/v0646	SES172	0.962154	20.2517	19.2895
spk_ver/v06/v0647	SES120	-3.21562	17.3676	20.5832
spk_ver/v06/v0648	SES120	-1.18967	19.4319	20.6215
spk_ver/v06/v0649	SES120	-2.53146	14.0017	16.5332
spk_ver/v06/v0650	SES087	1.66277	21.5558	19.893
spk_ver/v06/v0651	SES120	-1.65059	17.059	18.7096
spk_ver/v06/v0652	SES104	0.57493	17.7884	17.2135
spk_ver/v06/v0653	SES129	1.70154	22.1734	20.4718
spk_ver/v06/v0654	SES120	-2.93356	15.61	18.5436
spk_ver/v06/v0655	SES120	-0.955694	16.5054	17.461
spk_ver/v06/v0656	SES120	-1.83121	18.5054	20.3366
spk_ver/v06/v0657	SES147	0.88228	18.2058	17.3235
spk_ver/v06/v0658	SES120	-2.70689	16.7199	19.4268
spk_ver/v06/v0659	SES120	-2.39239	17.7321	20.1244
spk_ver/v06/v0660	SES120	-1.35809	18.1478	19.5059
spk_ver/v06/v0661	SES120	-2.00657	15.2425	17.249
spk_ver/v06/v0662	SES120	-2.11862	18.4997	20.6184
spk_ver/v06/v0663	SES120	-3.39542	14.0962	17.4917
spk_ver/v06/v0664	SES147	1.50373	20.1379	18.6342
spk_ver/v06/v0665	SES162	1.24007	20.3984	19.1583
spk_ver/v06/v0666	SES120	-2.13783	18.1466	20.2845
spk_ver/v06/v0667	SES120	-1.76794	19.1432	20.9111
spk_ver/v06/v0668	SES120	0.849003	20.4908	19.6418
spk_ver/v06/v0669	SES142	2.65872	20.9819	18.3232
spk_ver/v06/v0670	SES106	2.74191	23.5666	20.8246
spk_ver/v06/v0671	SES183	2.10118	19.7042	17.603
spk_ver/v06/v0672	SES120	-1.19099	16.1073	17.2983
spk_ver/v06/v0673	SES029	0.358192	19.7063	19.3481
spk_ver/v06/v0674	SES120	-2.26217	16.5929	18.8551
spk_ver/v06/v0675	SES008	2.59357	22.6643	20.0707
spk_ver/v06/v0676	SES125	-6.44847	11.2974	17.7459
spk_ver/v06/v0677	SES143	1.27544	19.3828	18.1074
spk_ver/v06/v0678	SES125	-7.76203	9.47285	17.2349
spk_ver/v06/v0679	SES162	0.839636	20.2581	19.4185
spk_ver/v06/v0680	SES125	-4.0713	15.5996	19.6709
spk_ver/v06/v0681	SES125	-2.7964	16.8637	19.6601
spk_ver/v06/v0682	SES125	-4.91878	16.574	21.4928
spk_ver/v06/v0683	SES226	1.51613	21.5906	20.0745
spk_ver/v06/v0684	SES125	-4.37931	13.4272	17.8065
spk_ver/v06/v0685	SES125	-6.10782	12.6176	18.7254
spk_ver/v06/v0686	SES120	1.64639	21.1917	19.5453
spk_ver/v06/v0687	SES125	-5.47436	12.3775	17.8519
spk_ver/v06/v0688	SES158	2.3807	21.0938	18.7131
spk_ver/v06/v0689	SES125	-6.56026	13.3307	19.891
spk_ver/v06/v0690	SES105	1.85787	20.1238	18.2659
spk_ver/v06/v0691	SES125	-1.73253	17.8648	19.5974
spk_ver/v06/v0692	SES125	-2.57346	17.6266	20.2001
spk_ver/v06/v0693	SES180	1.71655	21.545	19.8285
spk_ver/v06/v0694	SES125	-12.6323	7.04402	19.6764
spk_ver/v06/v0695	SES125	-3.40864	16.5572	19.9658
spk_ver/v06/v0696	SES125	-9.90123	11.1659	21.0671
spk_ver/v06/v0697	SES125	-7.28367	11.1051	18.3888
spk_ver/v06/v0698	SES083	0.785547	21.854	21.0685
spk_ver/v06/v0699	SES125	-5.43394	14.0169	19.4508
spk_ver/v07/v0700	SES014	2.67209	24.8581	22.186
spk_ver/v07/v0701	SES125	-5.48455	16.2617	21.7463
spk_ver/v07/v0702	SES127	-0.913729	19.2428	20.1565
spk_ver/v07/v0703	SES127	-1.04094	16.6678	17.7088
spk_ver/v07/v0704	SES206	1.84974	22.843	20.9933
spk_ver/v07/v0705	SES127	-2.47132	15.908	18.3793
spk_ver/v07/v0706	SES127	-2.81981	18.9004	21.7202
spk_ver/v07/v0707	SES127	-4.31641	15.5921	19.9085
spk_ver/v07/v0708	SES275	0.800491	20.2549	19.4544
spk_ver/v07/v0709	SES127	-3.12368	16.6053	19.729
spk_ver/v07/v0710	SES105	1.43627	19.7015	18.2653
spk_ver/v07/v0711	SES127	-2.31749	15.1911	17.5086
spk_ver/v07/v0712	SES127	-2.86587	16.7356	19.6015
spk_ver/v07/v0713	SES127	-2.79262	14.5268	17.3194
spk_ver/v07/v0714	SES019	4.71464	22.4661	17.7515
spk_ver/v07/v0715	SES127	-5.69006	11.3838	17.0739
spk_ver/v07/v0716	SES148	1.14278	19.5922	18.4494
spk_ver/v07/v0717	SES162	1.44082	21.3777	19.9369
spk_ver/v07/v0718	SES189	1.45205	18.3386	16.8866
spk_ver/v07/v0719	SES149	1.01459	22.0349	21.0203
spk_ver/v07/v0720	SES175	0.850124	20.7588	19.9086
spk_ver/v07/v0721	SES127	-3.46025	16.0745	19.5347
spk_ver/v07/v0722	SES127	-1.05508	18.2577	19.3128
spk_ver/v07/v0723	SES127	-2.69637	17.4747	20.1711
spk_ver/v07/v0724	SES127	-3.8672	16.6261	20.4933
spk_ver/v07/v0725	SES127	-2.68175	16.116	18.7977
spk_ver/v07/v0726	SES259	2.82787	23.3462	20.5183
spk_ver/v07/v0727	SES127	-2.5481	16.716	19.2641
spk_ver/v07/v0728	SES127	-0.937092	20.7745	21.7116
spk_ver/v07/v0729	SES127	-4.82377	13.4831	18.3069
spk_ver/v07/v0730	SES127	-3.25603	14.5626	17.8187
spk_ver/v07/v0731	SES129	-2.13689	19.2547	21.3916
spk_ver/v07/v0732	SES129	-3.34721	15.6083	18.9555
spk_ver/v07/v0733	SES129	-5.97267	11.8507	17.8234
spk_ver/v07/v0734	SES129	-11.8199	5.88196	17.7018
spk_ver/v07/v0735	SES183	1.04984	19.9311	18.8813
spk_ver/v07/v0736	SES129	-4.11344	14.5333	18.6467
spk_ver/v07/v0737	SES129	-3.21068	15.8252	19.0359
spk_ver/v07/v0738	SES129	-6.21258	12.8489	19.0615
spk_ver/v07/v0739	SES129	-5.03516	13.5945	18.6296
spk_ver/v07/v0740	SES167	-0.0873604	19.2911	19.3784
spk_ver/v07/v0741	SES129	-3.27452	15.5859	18.8604
spk_ver/v07/v0742	SES129	-4.01485	18.387	22.4018
spk_ver/v07/v0743	SES129	-3.1167	17.2115	20.3282
spk_ver/v07/v0744	SES129	-7.71358	11.2657	18.9793
spk_ver/v07/v0745	SES180	1.85778	21.6188	19.761
spk_ver/v07/v0746	SES129	-2.60251	18.2704	20.8729
spk_ver/v07/v0747	SES292	-0.0566921	20.5921	20.6488
spk_ver/v07/v0748	SES202	1.99935	18.7752	16.7758
spk_ver/v07/v0749	SES270	1.46037	21.8698	20.4095
spk_ver/v07/v0750	SES129	-3.86105	18.2618	22.1229
spk_ver/v07/v0751	SES129	-5.45411	16.1133	21.5674
spk_ver/v07/v0752	SES060	0.227627	19.2975	19.0699
spk_ver/v07/v0753	SES129	-5.77725	13.1029	18.8801
spk_ver/v07/v0754	SES129	-14.6673	2.00685	16.6742
spk_ver/v07/v0755	SES129	-4.11207	15.5498	19.6619
spk_ver/v07/v0756	SES175	1.31501	20.4864	19.1714
spk_ver/v07/v0757	SES129	-4.68213	13.6963	18.3785
spk_ver/v07/v0758	SES129	-6.31676	10.9624	17.2791
spk_ver/v07/v0759	SES129	-4.77163	16.0934	20.865
spk_ver/v07/v0760	SES129	-3.46756	17.8346	21.3022
spk_ver/v07/v0761	SES129	-4.07802	17.8108	21.8889
spk_ver/v07/v0762	SES172	1.01221	21.2281	20.2159
spk_ver/v07/v0763	SES129	-4.57811	12.9174	17.4955
spk_ver/v07/v0764	SES129	-5.46401	15.0095	20.4735
spk_ver/v07/v0765	SES175	0.964676	20.0895	19.1249
spk_ver/v07/v0766	SES129	-3.53621	17.5292	21.0654
spk_ver/v07/v0767	SES129	-3.38409	15.4896	18.8737
spk_ver/v07/v0768	SES042	2.26355	22.4436	20.18
spk_ver/v07/v0769	SES099	1.95562	21.1434	19.1878
spk_ver/v07/v0770	SES142	-3.48784	15.1656	18.6534
spk_ver/v07/v0771	SES142	-2.48577	17.6171	20.1028
spk_ver/v07/v0772	SES101	1.51593	22.3821	20.8662
spk_ver/v07/v0773	SES142	-7.17509	9.84934	17.0244
spk_ver/v07/v0774	SES142	-5.50376	11.8594	17.3632
spk_ver/v07/v0775	SES142	-2.03728	17.6739	19.7112
spk_ver/v07/v0776	SES142	-3.28943	18.7025	21.992
spk_ver/v07/v0777	SES142	-5.73545	12.4318	18.1673
spk_ver/v07/v0778	SES142	-1.67592	15.9082	17.5842
spk_ver/v07/v0779	SES142	-9.65384	10.3539	20.0077
spk_ver/v07/v0780	SES142	-5.22281	10.9165	16.1393
spk_ver/v07/v0781	SES142	-9.03888	10.1001	19.1389
spk_ver/v07/v0782	SES101	1.26698	20.2537	18.9867
spk_ver/v07/v0783	SES142	-4.39368	13.7745	18.1682
spk_ver/v07/v0784	SES187	2.26701	20.9772	18.7102
spk_ver/v07/v0785	SES143	1.08671	18.0903	17.0036
spk_ver/v07/v0786	SES142	-5.41533	14.8662	20.2815
spk_ver/v07/v0787	SES144	0.919535	20.4518	19.5323
spk_ver/v07/v0788	SES275	0.730946	19.131	18.4
spk_ver/v07/v0789	SES142	-3.40224	16.3473	19.7495
spk_ver/v07/v0790	SES099	2.70956	23.6402	20.9306
spk_ver/v07/v0791	SES142	-7.31338	11.6219	18.9353
spk_ver/v07/v0792	SES142	-5.6859	17.894	23.5799
spk_ver/v07/v0793	SES142	-6.54167	12.6638	19.2055
spk_ver/v07/v0794	SES014	1.89907	23.7116	21.8126
spk_ver/v07/v0795	SES142	-7.03323	13.471	20.5042
spk_ver/v07/v0796	SES142	-3.50745	16.0992	19.6066
spk_ver/v07/v0797	SES143	-0.664576	18.9729	19.6375
spk_ver/v07/v0798	SES206	1.81016	23.5925	21.7823
spk_ver/v07/v0799	SES143	-3.6955	12.1301	15.8256
spk_ver/v08/v0800	SES143	-1.63473	16.9193	18.554
spk_ver/v08/v0801	SES143	-1.35712	20.0747	21.4319
spk_ver/v08/v0802	SES143	-2.29463	14.6146	16.9092
spk_ver/v08/v0803	SES143	-2.54122	16.1888	18.73
spk_ver/v08/v0804	SES143	-2.64665	13.6896	16.3363
spk_ver/v08/v0805	SES143	-3.38886	15.0198	18.4086
spk_ver/v08/v0806	SES143	-3.11536	14.5926	17.708
spk_ver/v08/v0807	SES177	-0.576729	18.6659	19.2426
spk_ver/v08/v0808	SES149	1.41495	22.1223	20.7074
spk_ver/v08/v0809	SES143	-5.03803	15.4397	20.4777
spk_ver/v08/v0810	SES158	1.95677	19.9358	17.9791
spk_ver/v08/v0811	SES143	-2.79768	14.6268	17.4244
spk_ver/v08/v0812	SES062	1.5603	23.5767	22.0164
spk_ver/v08/v0813	SES259	2.52322	23.5779	21.0547
spk_ver/v08/v0814	SES143	-4.82626	16.5666	21.3928
spk_ver/v08/v0815	SES143	-2.9154	15.8227	18.7381
spk_ver/v08/v0816	SES143	-1.05214	18.9394	19.9915
spk_ver/v08/v0817	SES144	0.772175	20.3849	19.6127
spk_ver/v08/v0818	SES143	-2.18212	16.8655	19.0476
spk_ver/v08/v0819	SES143	-2.89934	16.8251	19.7244
spk_ver/v08/v0820	SES143	-1.33843	18.9772	20.3156
spk_ver/v08/v0821	SES143	-2.72355	15.6312	18.3547
spk_ver/v08/v0822	SES143	-3.84876	15.6797	19.5284
spk_ver/v08/v0823	SES104	2.09932	22.6312	20.5318
spk_ver/v08/v0824	SES143	-3.87901	15.8472	19.7262
spk_ver/v08/v0825	SES143	-2.2542	16.8773	19.1315
spk_ver/v08/v0826	SES144	-4.01902	15.7342	19.7533
spk_ver/v08/v0827	SES144	-1.8855	18.2836	20.1691
spk_ver/v08/v0828	SES144	-0.923355	19.5414	20.4647
spk_ver/v08/v0829	SES172	0.690187	20.3436	19.6534
spk_ver/v08/v0830	SES144	-0.286369	18.7517	19.0381
spk_ver/v08/v0831	SES183	1.04649	19.3349	18.2884
spk_ver/v08/v0832	SES144	-4.81727	14.0422	18.8595
spk_ver/v08/v0833	SES144	-4.7875	15.4739	20.2614
spk_ver/v08/v0834	SES144	-0.75985	18.0922	18.852
spk_ver/v08/v0835	SES144	-2.73932	15.4961	18.2354
spk_ver/v08/v0836	SES144	-2.3841	17.0069	19.391
spk_ver/v08/v0837	SES144	-2.33763	19.3521	21.6897
spk_ver/v08/v0838	SES144	-2.89967	15.6732	18.5728
spk_ver/v08/v0839	SES085	0.584404	21.4283	20.8439
spk_ver/v08/v0840	SES144	-0.213818	19.7218	19.9356
spk_ver/v08/v0841	SES144	-4.64057	12.2093	16.8498
spk_ver/v08/v0842	SES144	-4.21642	16.367	20.5834
spk_ver/v08/v0843	SES144	-0.602283	19.1046	19.7068
spk_ver/v08/v0844	SES144	-2.92766	17.5523	20.48
spk_ver/v08/v0845	SES144	-3.57752	18.4608	22.0383
spk_ver/v08/v0846	SES104	1.5197	21.5803	20.0606
spk_ver/v08/v0847	SES144	-3.90848	15.0353	18.9438
spk_ver/v08/v0848	SES144	-2.83445	14.473	17.3074
spk_ver/v08/v0849	SES144	-6.8126	13.182	19.9946
spk_ver/v08/v0850	SES144	-3.62415	16.7567	20.3808
spk_ver/v08/v0851	SES144	-1.70637	17.3944	19.1008
spk_ver/v08/v0852	SES144	-0.399265	20.4332	20.8325
spk_ver/v08/v0853	SES144	-4.60788	13.9719	18.5797
spk_ver/v08/v0854	SES144	-1.69981	18.3396	20.0394
spk_ver/v08/v0855	SES144	-0.0983219	21.0019	21.1003
spk_ver/v08/v0856	SES082	-0.0890732	17.1361	17.2252
spk_ver/v08/v0857	SES142	2.30851	21.5023	19.1937
spk_ver/v08/v0858	SES144	-1.01427	16.3412	17.3555
spk_ver/v08/v0859	SES144	-0.971142	17.4858	18.457
spk_ver/v08/v0860	SES146	-4.51245	15.0512	19.5636
spk_ver/v08/v0861	SES146	-4.07655	15.2042	19.2807
spk_ver/v08/v0862	SES146	-4.29629	15.1875	19.4838
spk_ver/v08/v0863	SES146	-2.66904	14.9867	17.6557
spk_ver/v08/v0864	SES146	-3.36748	17.2969	20.6644
spk_ver/v08/v0865	SES008	2.65285	21.1658	18.513
spk_ver/v08/v0866	SES142	1.84506	20.3271	18.482
spk_ver/v08/v0867	SES146	-3.91133	16.9373	20.8486
spk_ver/v08/v0868	SES082	2.51305	23.8387	21.3257
spk_ver/v08/v0869	SES146	-1.72198	17.5227	19.2447
spk_ver/v08/v0870	SES146	-3.48131	13.5774	17.0587
spk_ver/v08/v0871	SES146	-4.26294	15.0215	19.2844
spk_ver/v08/v0872	SES146	-3.60748	12.2323	15.8397
spk_ver/v08/v0873	SES082	1.66132	23.0494	21.3881
spk_ver/v08/v0874	SES146	-4.32913	15.6769	20.0061
spk_ver/v08/v0875	SES144	0.634375	19.4897	18.8554
spk_ver/v08/v0876	SES146	-2.46088	19.9072	22.368
spk_ver/v08/v0877	SES146	-3.49268	16.2104	19.7031
spk_ver/v08/v0878	SES146	-2.61782	16.7998	19.4176
spk_ver/v08/v0879	SES146	-2.7214	16.5555	19.2769
spk_ver/v08/v0880	SES146	-2.76908	15.1129	17.8819
spk_ver/v08/v0881	SES143	0.925941	18.9002	17.9743
spk_ver/v08/v0882	SES146	-1.10965	19.0359	20.1455
spk_ver/v08/v0883	SES147	-2.15698	18.4515	20.6085
spk_ver/v08/v0884	SES147	-1.03676	18.8705	19.9072
spk_ver/v08/v0885	SES016	1.25879	21.8988	20.64
spk_ver/v08/v0886	SES147	-1.84054	17.0768	18.9173
spk_ver/v08/v0887	SES147	-2.50423	16.4658	18.97
spk_ver/v08/v0888	SES147	-2.06257	16.4185	18.4811
spk_ver/v08/v0889	SES019	2.00193	20.9199	18.918
spk_ver/v08/v0890	SES147	-2.08483	15.7508	17.8357
spk_ver/v08/v0891	SES147	-2.70571	17.4649	20.1706
spk_ver/v08/v0892	SES147	-1.81439	16.6721	18.4865
spk_ver/v08/v0893	SES270	2.42859	19.9445	17.5159
spk_ver/v08/v0894	SES029	0.841204	20.5728	19.7316
spk_ver/v08/v0895	SES147	-2.38231	15.4158	17.7981
spk_ver/v08/v0896	SES117	1.09669	19.1393	18.0426
spk_ver/v08/v0897	SES183	2.03158	18.5339	16.5023
spk_ver/v08/v0898	SES147	-5.1132	15.8722	20.9854
spk_ver/v08/v0899	SES147	-2.59129	15.2657	17.857
spk_ver/v09/v0900	SES087	1.4381	21.2627	19.8246
spk_ver/v09/v0901	SES147	-5.89512	13.1801	19.0752
spk_ver/v09/v0902	SES147	-3.92584	14.4485	18.3743
spk_ver/v09/v0903	SES147	-1.62283	17.985	19.6078
spk_ver/v09/v0904	SES147	-2.97903	17.2149	20.194
spk_ver/v09/v0905	SES143	0.767986	19.2797	18.5117
spk_ver/v09/v0906	SES149	0.671381	22.1004	21.4291
spk_ver/v09/v0907	SES148	-1.12399	18.0756	19.1996
spk_ver/v09/v0908	SES148	-1.00117	19.075	20.0761
spk_ver/v09/v0909	SES106	3.40709	21.5244	18.1173
spk_ver/v09/v0910	SES148	-0.727638	16.7483	17.4759
spk_ver/v09/v0911	SES148	-2.78176	16.9	19.6817
spk_ver/v09/v0912	SES142	0.584311	20.2294	19.6451
spk_ver/v09/v0913	SES148	-2.62656	15.1339	17.7604
spk_ver/v09/v0914	SES148	-3.61977	15.7977	19.4174
spk_ver/v09/v0915	SES148	-3.84766	13.563	17.4107
spk_ver/v09/v0916	SES148	-3.22848	14.3343	17.5627
spk_ver/v09/v0917	SES148	0.940208	19.8096	18.8694
spk_ver/v09/v0918	SES148	-1.1535	18.0872	19.2407
spk_ver/v09/v0919	SES270	2.03265	20.7897	18.7571
spk_ver/v09/v0920	SES148	-2.00109	17.5618	19.5628
spk_ver/v09/v0921	SES148	-3.06532	16.3264	19.3917
spk_ver/v09/v0922	SES129	1.31667	22.0711	20.7544
spk_ver/v09/v0923	SES117	0.927961	20.9634	20.0354
spk_ver/v09/v0924	SES042	3.40833	23.9695	20.5612
spk_ver/v09/v0925	SES148	-4.97545	12.9751	17.9505
spk_ver/v09/v0926	SES148	-5.25212	11.5015	16.7536
spk_ver/v09/v0927	SES144	1.1384	20.6822	19.5438
spk_ver/v09/v0928	SES007	1.34365	20.9344	19.5907
spk_ver/v09/v0929	SES148	-2.51079	19.1782	21.689
spk_ver/v09/v0930	SES148	-0.89048	19.4002	20.2907
spk_ver/v09/v0931	SES148	-3.03787	14.9097	17.9475
spk_ver/v09/v0932	SES202	1.39196	21.1918	19.7999
spk_ver/v09/v0933	SES148	-1.42941	19.874	21.3034
spk_ver/v09/v0934	SES148	-3.61092	15.9422	19.5531
spk_ver/v09/v0935	SES060	1.76249	22.4593	20.6968
spk_ver/v09/v0936	SES060	1.88134	21.2859	19.4046
spk_ver/v09/v0937	SES148	-1.94917	17.9399	19.8891
spk_ver/v09/v0938	SES148	-1.84635	18.6102	20.4566
spk_ver/v09/v0939	SES148	-3.57521	16.735	20.3102
spk_ver/v09/v0940	SES148	-2.70049	17.4611	20.1616
spk_ver/v09/v0941	SES149	-3.33084	14.4197	17.7506
spk_ver/v09/v0942	SES149	-3.31927	17.5082	20.8275
spk_ver/v09/v0943	SES149	-3.64624	15.2991	18.9453
spk_ver/v09/v0944	SES149	-2.44204	15.4444	17.8864
spk_ver/v09/v0945	SES105	1.04763	20.2999	19.2523
spk_ver/v09/v0946	SES149	-3.5979	17.8204	21.4183
spk_ver/v09/v0947	SES149	-4.7933	13.0035	17.7968
spk_ver/v09/v0948	SES149	-3.97562	16.5255	20.5011
spk_ver/v09/v0949	SES149	-1.94059	19.2929	21.2335
spk_ver/v09/v0950	SES226	1.46989	22.4673	20.9975
spk_ver/v09/v0951	SES149	-4.24102	14.3065	18.5475
spk_ver/v09/v0952	SES149	-4.68937	13.175	17.8644
spk_ver/v09/v0953	SES062	1.52317	22.3964	20.8733
spk_ver/v09/v0954	SES149	-3.94604	15.1552	19.1012
spk_ver/v09/v0955	SES048	0.862492	21.4577	20.5952
spk_ver/v09/v0956	SES158	-2.26183	18.9117	21.1735
spk_ver/v09/v0957	SES158	-6.43551	12.6259	19.0614
spk_ver/v09/v0958	SES158	-1.556	19.4391	20.9951
spk_ver/v09/v0959	SES158	-3.02907	17.2493	20.2783
spk_ver/v09/v0960	SES158	-5.40478	12.8455	18.2503
spk_ver/v09/v0961	SES147	1.35774	18.9632	17.6055
spk_ver/v09/v0962	SES158	-10.0679	8.17462	18.2425
spk_ver/v09/v0963	SES292	0.790691	21.1753	20.3846
spk_ver/v09/v0964	SES060	1.20031	21.9218	20.7215
spk_ver/v09/v0965	SES002	1.30295	21.3471	20.0442
spk_ver/v09/v0966	SES149	1.95744	23.349	21.3915
spk_ver/v09/v0967	SES158	-7.97097	10.976	18.947
spk_ver/v09/v0968	SES158	-3.66203	14.9079	18.57
spk_ver/v09/v0969	SES275	-0.483908	17.274	17.7579
spk_ver/v09/v0970	SES158	-5.538	15.0611	20.5991
spk_ver/v09/v0971	SES158	-5.48511	13.6044	19.0895
spk_ver/v09/v0972	SES002	1.88291	22.698	20.8151
spk_ver/v09/v0973	SES158	-6.04888	13.3926	19.4415
spk_ver/v09/v0974	SES202	1.45806	20.4627	19.0046
spk_ver/v09/v0975	SES158	-7.05783	12.3184	19.3762
spk_ver/v09/v0976	SES158	-0.898497	20.015	20.9135
spk_ver/v09/v0977	SES162	-1.64425	18.501	20.1453
spk_ver/v09/v0978	SES162	-5.50135	11.6822	17.1835
spk_ver/v09/v0979	SES162	-6.6611	13.0244	19.6855
spk_ver/v09/v0980	SES162	-2.3544	15.6542	18.0086
spk_ver/v09/v0981	SES162	-3.05017	14.3037	17.3539
spk_ver/v09/v0982	SES259	2.92616	23.0406	20.1144
spk_ver/v09/v0983	SES162	-5.56659	8.93982	14.5064
spk_ver/v09/v0984	SES162	-1.5899	19.3437	20.9336
spk_ver/v09/v0985	SES162	-1.10205	18.5948	19.6968
spk_ver/v09/v0986	SES062	1.49559	23.2837	21.7882
spk_ver/v09/v0987	SES162	-0.845194	18.4783	19.3235
spk_ver/v09/v0988	SES162	-5.31176	14.6047	19.9165
spk_ver/v09/v0989	SES162	-6.16856	10.7497	16.9182
spk_ver/v09/v0990	SES162	-3.38598	16.6957	20.0817
spk_ver/v09/v0991	SES087	1.69574	21.6599	19.9642
spk_ver/v09/v0992	SES120	0.323767	18.3427	18.0189
spk_ver/v09/v0993	SES162	-4.67025	16.0505	20.7208
spk_ver/v09/v0994	SES162	-1.58755	18.723	20.3106
spk_ver/v09/v0995	SES162	-5.74507	16.3678	22.1129
spk_ver/v09/v0996	SES162	-2.84558	19.6516	22.4972
spk_ver/v09/v0997	SES162	-4.9155	14.6488	19.5643
spk_ver/v09/v0998	SES162	-4.46434	12.4004	16.8647
spk_ver/v09/v0999	SES162	-2.09209	21.0222	23.1143
spk_ver/v10/v1000	SES162	-5.84815	14.4772	20.3253
spk_ver/v10/v1001	SES148	1.47441	18.8322	17.3578
spk_ver/v10/v1002	SES162	-1.21047	16.6694	17.8799
spk_ver/v10/v1003	SES162	-2.32855	18.3407	20.6693
spk_ver/v10/v1004	SES162	-3.68568	13.6602	17.3459
spk_ver/v10/v1005	SES162	-6.07602	12.9485	19.0245
spk_ver/v10/v1006	SES162	-4.20649	15.459	19.6655
spk_ver/v10/v1007	SES162	-3.67224	14.814	18.4862
spk_ver/v10/v1008	SES162	-6.83422	10.5689	17.4032
spk_ver/v10/v1009	SES162	-7.32607	12.9114	20.2375
spk_ver/v10/v1010	SES167	-3.40103	14.5614	17.9624
spk_ver/v10/v1011	SES167	-0.716	18.0132	18.7292
spk_ver/v10/v1012	SES167	-2.44966	15.2721	17.7217
spk_ver/v10/v1013	SES167	-6.40928	12.1203	18.5296
spk_ver/v10/v1014	SES167	-1.68063	19.3225	21.0031
spk_ver/v10/v1015	SES167	-2.08123	17.4552	19.5364
spk_ver/v10/v1016	SES167	-1.94939	18.2954	20.2448
spk_ver/v10/v1017	SES167	-1.59159	18.7322	20.3238
spk_ver/v10/v1018	SES167	-3.29505	17.6332	20.9283
spk_ver/v10/v1019	SES167	-3.28862	16.0824	19.371
spk_ver/v10/v1020	SES167	-7.45794	10.9031	18.361
spk_ver/v10/v1021	SES167	-1.35248	15.2108	16.5632
spk_ver/v10/v1022	SES167	-4.98932	13.9072	18.8965
spk_ver/v10/v1023	SES167	-3.90785	14.4586	18.3665
spk_ver/v10/v1024	SES167	-4.05699	13.3304	17.3874
spk_ver/v10/v1025	SES167	-1.77093	18.9158	20.6867
spk_ver/v10/v1026	SES167	-3.63918	16.3043	19.9435
spk_ver/v10/v1027	SES167	-2.30742	18.7151	21.0225
spk_ver/v10/v1028	SES167	-6.6411	12.4772	19.1183
spk_ver/v10/v1029	SES167	-4.39463	14.6945	19.0891
spk_ver/v10/v1030	SES167	-3.70321	16.0771	19.7803
spk_ver/v10/v1031	SES167	-5.5796	13.5911	19.1707
spk_ver/v10/v1032	SES167	-5.75862	16.376	22.1346
spk_ver/v10/v1033	SES167	-6.995	14.8557	21.8507
spk_ver/v10/v1034	SES002	1.59105	23.0759	21.4848
spk_ver/v10/v1035	SES167	-1.09384	19.6775	20.7714
spk_ver/v10/v1036	SES083	0.775486	21.5172	20.7417
spk_ver/v10/v1037	SES167	-3.02616	15.6874	18.7136
spk_ver/v10/v1038	SES167	-2.30297	15.0214	17.3244
spk_ver/v10/v1039	SES167	-2.38589	15.9842	18.3701
spk_ver/v10/v1040	SES167	-6.26302	10.9806	17.2436
spk_ver/v10/v1041	SES167	-1.05566	17.2016	18.2572
spk_ver/v10/v1042	SES087	1.39295	20.5291	19.1362
spk_ver/v10/v1043	SES029	1.33371	21.4115	20.0778
spk_ver/v10/v1044	SES206	1.22268	22.4924	21.2697
spk_ver/v10/v1045	SES172	-2.77168	14.8407	17.6123
spk_ver/v10/v1046	SES172	1.36547	21.7065	20.341
spk_ver/v10/v1047	SES172	-1.61822	17.9501	19.5683
spk_ver/v10/v1048	SES259	3.48504	24.1174	20.6324
spk_ver/v10/v1049	SES172	-4.92306	15.8654	20.7885
spk_ver/v10/v1050	SES120	0.846794	19.3496	18.5028
spk_ver/v10/v1051	SES172	-3.01096	17.7111	20.7221
spk_ver/v10/v1052	SES172	-3.68991	15.3064	18.9963
spk_ver/v10/v1053	SES172	-6.62682	13.7868	20.4136
spk_ver/v10/v1054	SES172	-3.84393	14.3878	18.2317
spk_ver/v10/v1055	SES189	2.48971	17.5308	15.0411
spk_ver/v10/v1056	SES172	-2.66324	16.9688	19.632
spk_ver/v10/v1057	SES172	-1.75427	16.9197	18.674
spk_ver/v10/v1058	SES172	-2.24064	17.8487	20.0894
spk_ver/v10/v1059	SES172	-3.88009	16.0657	19.9458
spk_ver/v10/v1060	SES029	0.695791	21.63	20.9342
spk_ver/v10/v1061	SES175	-7.68821	12.7507	20.4389
spk_ver/v10/v1062	SES187	0.961912	22.56	21.5981
spk_ver/v10/v1063	SES019	3.37609	21.3964	18.0203
spk_ver/v10/v1064	SES175	-4.38363	15.2988	19.6824
spk_ver/v10/v1065	SES175	-5.26898	14.5599	19.8289
spk_ver/v10/v1066	SES175	-6.93477	9.75894	16.6937
spk_ver/v10/v1067	SES175	-1.95477	16.2572	18.212
spk_ver/v10/v1068	SES175	-3.21814	13.7718	16.99
spk_ver/v10/v1069	SES016	2.73333	23.2234	20.49
spk_ver/v10/v1070	SES175	-3.13215	16.1573	19.2895
spk_ver/v10/v1071	SES175	-1.78999	19.2597	21.0497
spk_ver/v10/v1072	SES175	-4.38843	14.9681	19.3566
spk_ver/v10/v1073	SES029	0.760323	20.8189	20.0585
spk_ver/v10/v1074	SES175	-2.85735	17.2025	20.0598
spk_ver/v10/v1075	SES175	-0.967573	20.332	21.2996
spk_ver/v10/v1076	SES175	-0.467794	21.2958	21.7636
spk_ver/v10/v1077	SES175	-3.74592	17.6942	21.4401
spk_ver/v10/v1078	SES127	1.31435	23.2279	21.9135
spk_ver/v10/v1079	SES175	-3.75492	18.1028	21.8578
spk_ver/v10/v1080	SES175	-2.66454	15.6471	18.3117
spk_ver/v10/v1081	SES175	-4.70385	14.6666	19.3705
spk_ver/v10/v1082	SES175	-3.15493	18.6054	21.7603
spk_ver/v10/v1083	SES007	1.66528	20.0311	18.3658
spk_ver/v10/v1084	SES068	1.12243	22.5866	21.4642
spk_ver/v10/v1085	SES008	0.805708	22.6318	21.8261
spk_ver/v10/v1086	SES175	-1.36841	19.3335	20.7019
spk_ver/v10/v1087	SES175	-2.66726	17.1796	19.8468
spk_ver/v10/v1088	SES008	1.88849	22.3937	20.5053
spk_ver/v10/v1089	SES177	-2.71324	18.5782	21.2914
spk_ver/v10/v1090	SES177	-4.28061	15.9118	20.1924
spk_ver/v10/v1091	SES177	-4.39579	13.7151	18.1109
spk_ver/v10/v1092	SES177	-1.25724	17.8797	19.137
spk_ver/v10/v1093	SES177	-5.40685	14.6356	20.0425
spk_ver/v10/v1094	SES002	1.95531	23.1135	21.1582
spk_ver/v10/v1095	SES104	1.92361	23.0606	21.137
spk_ver/v10/v1096	SES177	-1.44615	18.3075	19.7537
spk_ver/v10/v1097	SES177	-3.15668	13.8937	17.0504
spk_ver/v10/v1098	SES177	-2.47363	18.5288	21.0024
spk_ver/v10/v1099	SES177	-0.693407	18.5888	19.2822
spk_ver/v11/v1100	SES177	-3.96313	14.9464	18.9096
spk_ver/v11/v1101	SES085	0.507135	21.2604	20.7533
spk_ver/v11/v1102	SES187	1.39323	21.5856	20.1924
spk_ver/v11/v1103	SES177	-1.4534	17.9967	19.4501
spk_ver/v11/v1104	SES177	0.873997	21.749	20.875
spk_ver/v11/v1105	SES177	-0.852114	19.1084	19.9605
spk_ver/v11/v1106	SES177	-3.73126	15.7991	19.5304
spk_ver/v11/v1107	SES177	-0.753029	19.7527	20.5057
spk_ver/v11/v1108	SES177	-0.174044	20.9355	21.1096
spk_ver/v11/v1109	SES125	1.64783	21.4259	19.7781
spk_ver/v11/v1110	SES177	-3.95059	15.8828	19.8334
spk_ver/v11/v1111	SES177	-2.01313	18.5872	20.6003
spk_ver/v11/v1112	SES177	-4.2402	15.6662	19.9064
spk_ver/v11/v1113	SES177	-6.14262	14.4665	20.6092
spk_ver/v11/v1114	SES177	-1.4158	16.9884	18.4042
spk_ver/v11/v1115	SES177	-3.08562	14.9331	18.0187
spk_ver/v11/v1116	SES085	1.43021	23.6916	22.2614
spk_ver/v11/v1117	SES147	1.3815	19.2614	17.8799
spk_ver/v11/v1118	SES177	-0.822582	18.0329	18.8555
spk_ver/v11/v1119	SES177	-3.93408	14.4212	18.3553
spk_ver/v11/v1120	SES180	-6.84256	13.4523	20.2949
spk_ver/v11/v1121	SES189	1.51005	18.5699	17.0599
spk_ver/v11/v1122	SES117	1.00424	16.8177	15.8135
spk_ver/v11/v1123	SES129	2.48268	22.519	20.0363
spk_ver/v11/v1124	SES180	-2.08862	18.1394	20.228
spk_ver/v11/v1125	SES180	-1.06977	19.4774	20.5471
spk_ver/v11/v1126	SES180	-1.09491	19.7844	20.8793
spk_ver/v11/v1127	SES180	-2.78162	17.2124	19.994
spk_ver/v11/v1128	SES016	1.09484	20.049	18.9542
spk_ver/v11/v1129	SES158	0.957935	20.1855	19.2276
spk_ver/v11/v1130	SES180	-3.39519	16.1258	19.521
spk_ver/v11/v1131	SES180	-4.54696	18.8579	23.4049
spk_ver/v11/v1132	SES180	-1.56852	18.4702	20.0387
spk_ver/v11/v1133	SES180	-4.76187	16.4636	21.2254
spk_ver/v11/v1134	SES180	-2.59541	15.3175	17.913
spk_ver/v11/v1135	SES180	-1.80994	18.7308	20.5408
spk_ver/v11/v1136	SES180	-5.97468	9.8921	15.8668
spk_ver/v11/v1137	SES148	0.385439	19.9691	19.5836
spk_ver/v11/v1138	SES104	2.02175	25.2243	23.2026
spk_ver/v11/v1139	SES180	-4.84995	12.0401	16.89
spk_ver/v11/v1140	SES083	1.20829	20.8941	19.6858
spk_ver/v11/v1141	SES180	-5.09366	14.7817	19.8754
spk_ver/v11/v1142	SES180	-3.43435	15.0645	18.4988
spk_ver/v11/v1143	SES180	-3.74241	14.5292	18.2717
spk_ver/v11/v1144	SES099	2.17166	21.685	19.5133
spk_ver/v11/v1145	SES180	-2.2552	18.128	20.3832
spk_ver/v11/v1146	SES183	-3.33438	16.7045	20.0389
spk_ver/v11/v1147	SES183	-1.81198	18.8083	20.6203
spk_ver/v11/v1148	SES183	-5.49136	12.4927	17.9841
spk_ver/v11/v1149	SES183	-6.71342	14.761	21.4744
spk_ver/v11/v1150	SES183	-6.2256	14.4835	20.7091
spk_ver/v11/v1151	SES082	1.363	20.7838	19.4208
spk_ver/v11/v1152	SES183	-2.54908	14.169	16.7181
spk_ver/v11/v1153	SES183	-1.45708	18.9453	20.4024
spk_ver/v11/v1154	SES002	2.00517	23.6655	21.6603
spk_ver/v11/v1155	SES183	-2.53876	16.0651	18.6038
spk_ver/v11/v1156	SES183	-4.40454	13.6308	18.0354
spk_ver/v11/v1157	SES183	-2.85003	17.8939	20.7439
spk_ver/v11/v1158	SES183	-0.911413	18.5741	19.4855
spk_ver/v11/v1159	SES183	-1.956	17.6269	19.5829
spk_ver/v11/v1160	SES183	-5.98406	12.508	18.4921
spk_ver/v11/v1161	SES183	-3.07563	12.269	15.3446
spk_ver/v11/v1162	SES105	1.6114	20.4186	18.8072
spk_ver/v11/v1163	SES183	-5.14249	15.4959	20.6384
spk_ver/v11/v1164	SES259	3.22549	22.6786	19.4531
spk_ver/v11/v1165	SES183	-2.04827	17.4262	19.4744
spk_ver/v11/v1166	SES183	-6.33756	14.1173	20.4549
spk_ver/v11/v1167	SES183	-1.70085	16.9221	18.6229
spk_ver/v11/v1168	SES183	-2.07385	19.064	21.1378
spk_ver/v11/v1169	SES183	-5.50997	14.7587	20.2687
spk_ver/v11/v1170	SES183	-3.8321	17.684	21.5161
spk_ver/v11/v1171	SES183	-7.73639	10.4054	18.1418
spk_ver/v11/v1172	SES187	-2.93019	16.0821	19.0123
spk_ver/v11/v1173	SES019	3.6943	20.7242	17.0299
spk_ver/v11/v1174	SES187	-4.02887	13.2843	17.3132
spk_ver/v11/v1175	SES187	-2.99759	14.2195	17.2171
spk_ver/v11/v1176	SES083	0.808762	22.2935	21.4847
spk_ver/v11/v1177	SES187	-5.59284	13.5277	19.1206
spk_ver/v11/v1178	SES187	-4.8906	14.3838	19.2744
spk_ver/v11/v1179	SES187	-2.97112	15.8346	18.8057
spk_ver/v11/v1180	SES187	-1.37838	16.8275	18.2059
spk_ver/v11/v1181	SES187	-5.13852	16.3025	21.441
spk_ver/v11/v1182	SES187	-1.04223	19.8165	20.8588
spk_ver/v11/v1183	SES187	-3.13176	13.901	17.0328
spk_ver/v11/v1184	SES187	-0.114046	18.9123	19.0264
spk_ver/v11/v1185	SES127	1.59489	22.3006	20.7057
spk_ver/v11/v1186	SES187	-0.777126	18.633	19.4101
spk_ver/v11/v1187	SES187	-1.94839	18.8446	20.793
spk_ver/v11/v1188	SES187	-1.2192	16.711	17.9302
spk_ver/v11/v1189	SES042	1.76188	22.4255	20.6637
spk_ver/v11/v1190	SES187	-1.27877	18.5918	19.8706
spk_ver/v11/v1191	SES187	-4.62971	12.6121	17.2418
spk_ver/v11/v1192	SES187	-3.98847	13.9329	17.9214
spk_ver/v11/v1193	SES183	1.29283	19.7127	18.4199
spk_ver/v11/v1194	SES187	-2.5877	15.9175	18.5052
spk_ver/v11/v1195	SES187	-3.51418	15.5065	19.0207
spk_ver/v11/v1196	SES146	2.30749	18.4602	16.1527
spk_ver/v11/v1197	SES189	-5.97269	15.2722	21.2448
spk_ver/v11/v1198	SES175	1.4712	20.899	19.4278
spk_ver/v11/v1199	SES189	-5.48397	12.4061	17.8901
spk_ver/v12/v1200	SES189	-1.9458	20.295	22.2408
spk_ver/v12/v1201	SES177	1.46486	22.4399	20.9751
spk_ver/v12/v1202	SES189	-2.4748	16.2111	18.6859
spk_ver/v12/v1203	SES143	0.490429	19.2195	18.7291
spk_ver/v12/v1204	SES189	-2.68008	16.4639	19.144
spk_ver/v12/v1205	SES189	-2.37273	19.2778	21.6505
spk_ver/v12/v1206	SES189	-4.80325	12.4676	17.2709
spk_ver/v12/v1207	SES189	-3.83233	15.2778	19.1101
spk_ver/v12/v1208	SES189	-3.98133	18.7457	22.727
spk_ver/v12/v1209	SES189	-5.60705	12.1276	17.7347
spk_ver/v12/v1210	SES189	-0.505831	18.9542	19.46
spk_ver/v12/v1211	SES062	1.68028	22.9069	21.2266
spk_ver/v12/v1212	SES189	-3.0052	16.9137	19.9189
spk_ver/v12/v1213	SES048	1.74417	21.8037	20.0595
spk_ver/v12/v1214	SES042	3.23675	24.1951	20.9583
spk_ver/v12/v1215	SES008	2.35851	22.2582	19.8997
spk_ver/v12/v1216	SES202	-5.78164	16.0593	21.8409
spk_ver/v12/v1217	SES202	-2.94444	14.9795	17.9239
spk_ver/v12/v1218	SES085	1.1286	23.2582	22.1296
spk_ver/v12/v1219	SES202	-2.42533	17.7372	20.1625
spk_ver/v12/v1220	SES202	-2.52494	18.2692	20.7941
spk_ver/v12/v1221	SES202	-1.67271	17.2691	18.9418
spk_ver/v12/v1222	SES202	-7.59278	11.9327	19.5255
spk_ver/v12/v1223	SES158	1.20287	20.6191	19.4163
spk_ver/v12/v1224	SES202	-2.52426	16.5202	19.0445
spk_ver/v12/v1225	SES202	-3.59024	15.5443	19.1345
spk_ver/v12/v1226	SES202	-3.62439	17.2337	20.8581
spk_ver/v12/v1227	SES202	-3.3856	16.0981	19.4838
spk_ver/v12/v1228	SES177	1.27914	21.388	20.1089
spk_ver/v12/v1229	SES202	-4.37608	16.3121	20.6882
spk_ver/v12/v1230	SES202	-2.54132	17.4798	20.0211
spk_ver/v12/v1231	SES202	-3.78704	16.2486	20.0356
spk_ver/v12/v1232	SES202	-3.25529	14.0702	17.3255
spk_ver/v12/v1233	SES206	1.47396	23.3014	21.8275
spk_ver/v12/v1234	SES202	-5.63714	11.3647	17.0018
spk_ver/v12/v1235	SES202	-2.47102	18.1737	20.6447
spk_ver/v12/v1236	SES125	2.09873	21.236	19.1372
spk_ver/v12/v1237	SES127	1.60616	21.8812	20.275
spk_ver/v12/v1238	SES202	2.82132	20.9129	18.0916
spk_ver/v12/v1239	SES167	1.95908	22.2135	20.2544
spk_ver/v12/v1240	SES206	-8.42406	9.02228	17.4463
spk_ver/v12/v1241	SES206	-7.44466	11.8631	19.3078
spk_ver/v12/v1242	SES206	-1.09912	20.481	21.5801
spk_ver/v12/v1243	SES206	-3.07869	16.6666	19.7453
spk_ver/v12/v1244	SES259	3.32805	22.5158	19.1878
spk_ver/v12/v1245	SES206	-4.03455	16.0389	20.0734
spk_ver/v12/v1246	SES206	-3.44121	17.2159	20.6571
spk_ver/v12/v1247	SES206	-1.76345	18.1102	19.8737
spk_ver/v12/v1248	SES206	-9.10457	8.74419	17.8488
spk_ver/v12/v1249	SES270	2.9569	20.8032	17.8463
spk_ver/v12/v1250	SES206	-4.98725	13.8876	18.8748
spk_ver/v12/v1251	SES206	-2.82877	17.7871	20.6159
spk_ver/v12/v1252	SES206	-3.5869	15.5268	19.1137
spk_ver/v12/v1253	SES206	-1.36173	19.2082	20.5699
spk_ver/v12/v1254	SES206	-2.40497	16.3689	18.7739
spk_ver/v12/v1255	SES125	2.40265	22.002	19.5993
spk_ver/v12/v1256	SES206	-6.58816	14.4044	20.9925
spk_ver/v12/v1257	SES206	-4.90035	15.6246	20.5249
spk_ver/v12/v1258	SES206	-2.51758	17.8988	20.4164
spk_ver/v12/v1259	SES206	-6.5835	13.3072	19.8907
spk_ver/v12/v1260	SES206	-11.493	7.82283	19.3158
spk_ver/v12/v1261	SES206	-5.42927	15.6616	21.0909
spk_ver/v12/v1262	SES206	-8.1224	11.5456	19.668
spk_ver/v12/v1263	SES206	-3.39791	16.4563	19.8542
spk_ver/v12/v1264	SES149	1.88701	21.9099	20.0229
spk_ver/v12/v1265	SES206	-0.812769	16.038	16.8507
spk_ver/v12/v1266	SES206	-9.12453	10.4119	19.5364
spk_ver/v12/v1267	SES206	-1.37976	14.2786	15.6583
spk_ver/v12/v1268	SES206	-3.28789	14.9829	18.2707
spk_ver/v12/v1269	SES206	-20.5622	-3.41322	17.149
spk_ver/v12/v1270	SES206	-9.08298	7.03719	16.1202
spk_ver/v12/v1271	SES226	-8.87336	9.33803	18.2114
spk_ver/v12/v1272	SES226	-1.61169	21.1606	22.7723
spk_ver/v12/v1273	SES226	-5.794	15.3719	21.1659
spk_ver/v12/v1274	SES226	-5.20485	13.8991	19.1039
spk_ver/v12/v1275	SES226	-0.778652	17.2466	18.0253
spk_ver/v12/v1276	SES226	-5.48502	13.5278	19.0128
spk_ver/v12/v1277	SES226	-1.22182	19.0568	20.2786
spk_ver/v12/v1278	SES226	-0.465176	18.721	19.1861
spk_ver/v12/v1279	SES226	-4.70887	16.6337	21.3426
spk_ver/v12/v1280	SES226	-3.42086	16.533	19.9539
spk_ver/v12/v1281	SES226	-1.58558	18.2654	19.851
spk_ver/v12/v1282	SES226	-3.12292	15.9729	19.0958
spk_ver/v12/v1283	SES143	1.4397	19.7426	18.3029
spk_ver/v12/v1284	SES226	-4.332	17.2455	21.5775
spk_ver/v12/v1285	SES226	-1.30302	19.8102	21.1132
spk_ver/v12/v1286	SES226	-2.0974	16.0047	18.1021
spk_ver/v12/v1287	SES226	-3.13573	16.4795	19.6152
spk_ver/v12/v1288	SES226	-4.9063	15.0866	19.993
spk_ver/v12/v1289	SES104	1.94413	21.326	19.3818
spk_ver/v12/v1290	SES008	3.5689	21.9043	18.3354
spk_ver/v12/v1291	SES226	-1.85282	18.0363	19.8891
spk_ver/v12/v1292	SES259	-4.37481	14.7706	19.1454
spk_ver/v12/v1293	SES062	1.11874	22.4063	21.2875
spk_ver/v12/v1294	SES099	1.80433	20.5328	18.7285
spk_ver/v12/v1295	SES158	1.1472	18.8044	17.6572
spk_ver/v12/v1296	SES259	-3.88977	17.8464	21.7362
spk_ver/v12/v1297	SES259	-5.73995	13.673	19.413
spk_ver/v12/v1298	SES259	-3.8794	17.4656	21.345
spk_ver/v12/v1299	SES259	-4.87287	14.065	18.9379
spk_ver/v13/v1300	SES120	1.82583	19.4753	17.6494
spk_ver/v13/v1301	SES259	-6.62548	13.1756	19.8011
spk_ver/v13/v1302	SES259	-6.30111	11.5988	17.8999
spk_ver/v13/v1303	SES129	1.86529	21.3465	19.4812
spk_ver/v13/v1304	SES259	-2.79849	16.3629	19.1613
spk_ver/v13/v1305	SES259	-7.55529	10.8885	18.4438
spk_ver/v13/v1306	SES106	1.30161	21.004	19.7024
spk_ver/v13/v1307	SES259	-5.80273	13.7858	19.5886
spk_ver/v13/v1308	SES259	-2.43174	16.7206	19.1523
spk_ver/v13/v1309	SES259	-4.87572	15.8642	20.7399
spk_ver/v13/v1310	SES259	-5.28193	16.1373	21.4192
spk_ver/v13/v1311	SES259	-4.21738	15.4912	19.7086
spk_ver/v13/v1312	SES259	-4.39923	16.9319	21.3311
spk_ver/v13/v1313	SES144	1.13099	21.1777	20.0467
spk_ver/v13/v1314	SES259	-5.36806	14.2985	19.6666
spk_ver/v13/v1315	SES162	1.79005	20.6006	18.8105
spk_ver/v13/v1316	SES206	1.30454	22.3644	21.0598
spk_ver/v13/v1317	SES175	1.13239	20.4703	19.3379
spk_ver/v13/v1318	SES259	-7.95866	10.2338	18.1925
spk_ver/v13/v1319	SES259	-6.79825	12.1271	18.9253
spk_ver/v13/v1320	SES270	-0.749239	19.6553	20.4045
spk_ver/v13/v1321	SES101	0.852491	21.1135	20.2611
spk_ver/v13/v1322	SES177	0.957573	22.4163	21.4587
spk_ver/v13/v1323	SES127	1.22982	23.0192	21.7894
spk_ver/v13/v1324	SES270	-5.26587	14.1121	19.378
spk_ver/v13/v1325	SES062	0.964815	22.0173	21.0525
spk_ver/v13/v1326	SES270	0.0661659	18.3717	18.3055
spk_ver/v13/v1327	SES120	0.965958	17.7684	16.8024
spk_ver/v13/v1328	SES270	-5.20371	12.7767	17.9804
spk_ver/v13/v1329	SES270	-4.94557	16.6728	21.6183
spk_ver/v13/v1330	SES270	-0.293125	18.8316	19.1247
spk_ver/v13/v1331	SES270	-5.44604	16.4072	21.8532
spk_ver/v13/v1332	SES270	-1.19789	20.4059	21.6038
spk_ver/v13/v1333	SES270	-2.85974	16.6932	19.5529
spk_ver/v13/v1334	SES270	-3.55055	16.7196	20.2701
spk_ver/v13/v1335	SES270	-0.15659	19.6513	19.8079
spk_ver/v13/v1336	SES270	-1.95448	18.0303	19.9847
spk_ver/v13/v1337	SES016	1.94702	22.1338	20.1868
spk_ver/v13/v1338	SES270	-5.20943	16.9042	22.1137
spk_ver/v13/v1339	SES002	1.12712	22.4	21.2729
spk_ver/v13/v1340	SES105	2.53673	20.2102	17.6735
spk_ver/v13/v1341	SES275	-4.0049	14.8716	18.8765
spk_ver/v13/v1342	SES187	1.09702	20.9591	19.8621
spk_ver/v13/v1343	SES275	-4.23943	14.2199	18.4593
spk_ver/v13/v1344	SES275	-3.86714	14.7909	18.658
spk_ver/v13/v1345	SES275	-2.43287	16.425	18.8579
spk_ver/v13/v1346	SES275	-5.79953	14.6173	20.4168
spk_ver/v13/v1347	SES275	-4.01611	15.7217	19.7378
spk_ver/v13/v1348	SES180	0.791115	21.3485	20.5574
spk_ver/v13/v1349	SES275	-4.65375	12.0065	16.6602
spk_ver/v13/v1350	SES275	-1.59433	19.0301	20.6245
spk_ver/v13/v1351	SES275	-7.48438	8.04486	15.5292
spk_ver/v13/v1352	SES275	-2.36785	17.8142	20.1821
spk_ver/v13/v1353	SES275	-2.22425	13.9859	16.2102
spk_ver/v13/v1354	SES189	1.41299	17.1318	15.7188
spk_ver/v13/v1355	SES068	0.821045	21.9253	21.1043
spk_ver/v13/v1356	SES275	-3.10958	13.7537	16.8633
spk_ver/v13/v1357	SES048	0.443308	19.9774	19.5341
spk_ver/v13/v1358	SES226	2.35842	24.3309	21.9724
spk_ver/v13/v1359	SES016	1.10874	21.8725	20.7638
spk_ver/v13/v1360	SES275	-3.16163	16.5273	19.6889
spk_ver/v13/v1361	SES068	1.31398	22.4289	21.1149
spk_ver/v13/v1362	SES275	-3.80957	15.0826	18.8922
spk_ver/v13/v1363	SES275	-3.79618	15.7581	19.5543
spk_ver/v13/v1364	SES275	-5.52904	12.995	18.5241
spk_ver/v13/v1365	SES275	-2.73973	17.2103	19.9501
spk_ver/v13/v1366	SES187	1.07033	22.0379	20.9676
spk_ver/v13/v1367	SES275	-4.1819	13.4911	17.673
spk_ver/v13/v1368	SES125	1.48605	21.0905	19.6045
spk_ver/v13/v1369	SES275	-2.12124	13.5599	15.6812
spk_ver/v13/v1370	SES292	-2.6857	16.7812	19.4669
spk_ver/v13/v1371	SES292	-1.60842	18.3459	19.9543
spk_ver/v13/v1372	SES292	-2.31807	15.5118	17.8298
spk_ver/v13/v1373	SES292	-1.86473	17.6747	19.5395
spk_ver/v13/v1374	SES101	1.91897	21.2055	19.2865
spk_ver/v13/v1375	SES292	-2.59524	17.071	19.6663
spk_ver/v13/v1376	SES292	-1.99964	17.4256	19.4252
spk_ver/v13/v1377	SES292	-5.7967	11.5386	17.3353
spk_ver/v13/v1378	SES292	-1.19621	18.2889	19.4851
spk_ver/v13/v1379	SES292	-1.2588	17.4563	18.7151
spk_ver/v13/v1380	SES292	-2.06129	18.2286	20.2899
spk_ver/v13/v1381	SES292	-1.15953	21.6834	22.843
spk_ver/v13/v1382	SES292	-2.79567	16.0611	18.8567
spk_ver/v13/v1383	SES292	-1.78974	17.151	18.9407
spk_ver/v13/v1384	SES292	-1.09237	19.1353	20.2277
spk_ver/v13/v1385	SES292	-1.41953	18.9086	20.3281
spk_ver/v13/v1386	SES292	-1.26529	17.1038	18.3691
spk_ver/v13/v1387	SES158	2.59159	18.9014	16.3098
spk_ver/v13/v1388	SES292	-1.31756	20.8725	22.19
spk_ver/v13/v1389	SES292	-1.19755	22.3672	23.5647
spk_ver/v13/v1390	SES292	-1.63753	19.7954	21.4329
spk_ver/v13/v1391	SES292	-2.52195	17.5624	20.0843
spk_ver/v13/v1392	SES292	-2.57254	16.4716	19.0441
spk_ver/v13/v1393	SES292	-2.25174	18.0604	20.3121
spk_ver/v13/v1394	SES292	-4.17601	15.7868	19.9628
spk_ver/v13/v1395	SES292	-1.87864	18.1842	20.0629
spk_ver/v13/v1396	SES117	1.00891	18.8704	17.8615
spk_ver/v13/v1397	SES292	-3.16696	17.8195	20.9864
spk_ver/v13/v1398	SES292	-3.32072	14.1599	17.4806
spk_ver/v13/v1399	SES292	-0.481745	18.9138	19.3955
