BLOCK00/SES002/SA002S12	SES002	1.792	21.9537	20.1617
BLOCK00/SES002/SA002S13	SES002	2.46421	22.4263	19.9621
BLOCK00/SES002/SA002S23	SES002	1.54567	22.1453	20.5996
BLOCK00/SES002/SA002S26	SES002	1.99225	23.5125	21.5203
BLOCK00/SES002/SA002S28	SES002	1.1747	20.5065	19.3318
BLOCK00/SES007/SA007S14	SES007	2.13291	23.0745	20.9416
BLOCK00/SES007/SA007S15	SES007	0.802542	20.3782	19.5756
BLOCK00/SES007/SA007S24	SES007	1.29957	20.4129	19.1133
BLOCK00/SES007/SA007S27	SES007	1.19634	19.8685	18.6722
BLOCK00/SES007/SA007S29	SES007	0.61883	20.8404	20.2215
BLOCK00/SES008/SA008S11	SES008	1.86516	21.0785	19.2134
BLOCK00/SES008/SA008S12	SES008	0.997007	20.225	19.228
BLOCK00/SES008/SA008S19	SES008	2.31614	22.5288	20.2126
BLOCK00/SES008/SA008S22	SES008	1.11892	19.9241	18.8051
BLOCK00/SES008/SA008S29	SES008	2.03628	22.4478	20.4115
BLOCK01/SES014/SA014S10	SES014	3.38923	22.6442	19.2549
BLOCK01/SES014/SA014S12	SES014	4.25735	25.7431	21.4858
BLOCK01/SES014/SA014S24	SES014	2.09233	23.4776	21.3853
BLOCK01/SES014/SA014S26	SES014	3.0954	26.7726	23.6772
BLOCK01/SES014/SA014S28	SES014	4.59633	26.7568	22.1604
BLOCK01/SES016/SA016S12	SES016	2.00997	19.8986	17.8886
BLOCK01/SES016/SA016S13	SES016	2.01606	21.9843	19.9683
BLOCK01/SES016/SA016S22	SES016	1.42641	21.1978	19.7714
BLOCK01/SES016/SA016S25	SES016	2.44668	23.7818	21.3351
BLOCK01/SES016/SA016S27	SES016	2.44206	24.2304	21.7884
BLOCK01/SES019/SA019S13	SES019	3.31861	20.8748	17.5562
BLOCK01/SES019/SA019S14	SES019	2.62359	21.2249	18.6013
BLOCK01/SES019/SA019S22	SES019	3.6106	21.3735	17.7629
BLOCK01/SES019/SA019S25	SES019	3.08075	21.7283	18.6476
BLOCK01/SES019/SA019S29	SES019	3.5971	22.2692	18.6721
BLOCK02/SES029/SA029S11	SES029	2.04569	21.2968	19.2511
BLOCK02/SES029/SA029S12	SES029	0.625275	21.0888	20.4635
BLOCK02/SES029/SA029S20	SES029	1.45178	20.6953	19.2436
BLOCK02/SES029/SA029S25	SES029	1.28127	22.2265	20.9452
BLOCK02/SES029/SA029S28	SES029	0.833483	20.8846	20.0511
BLOCK04/SES042/SA042S12	SES042	2.39303	22.44	20.047
BLOCK04/SES042/SA042S15	SES042	2.63185	22.4552	19.8233
BLOCK04/SES042/SA042S22	SES042	3.55316	25.6922	22.139
BLOCK04/SES042/SA042S25	SES042	2.45086	21.6248	19.174
BLOCK04/SES042/SA042S27	SES042	1.93202	23.0518	21.1197
BLOCK04/SES048/SA048S11	SES048	1.8931	21.847	19.9539
BLOCK04/SES048/SA048S12	SES048	1.11399	21.8067	20.6927
BLOCK04/SES048/SA048S20	SES048	0.628952	20.9939	20.3649
BLOCK04/SES048/SA048S23	SES048	1.89104	20.7344	18.8433
BLOCK04/SES048/SA048S27	SES048	1.71697	23.0389	21.3219
BLOCK06/SES060/SA060S11	SES060	2.33753	22.7037	20.3661
BLOCK06/SES060/SA060S12	SES060	-0.373075	18.2628	18.6359
BLOCK06/SES060/SA060S22	SES060	0.168257	18.7003	18.5321
BLOCK06/SES060/SA060S24	SES060	1.49325	21.4587	19.9655
BLOCK06/SES060/SA060S28	SES060	1.34393	23.7589	22.4149
BLOCK06/SES062/SA062S10	SES062	0.989246	21.364	20.3747
BLOCK06/SES062/SA062S11	SES062	1.28892	21.6804	20.3915
BLOCK06/SES062/SA062S21	SES062	1.79642	24.7605	22.9641
BLOCK06/SES062/SA062S26	SES062	1.0678	22.6098	21.542
BLOCK06/SES062/SA062S29	SES062	1.90612	24.2463	22.3402
BLOCK06/SES068/SA068S14	SES068	0.855236	22.0168	21.1615
BLOCK06/SES068/SA068S15	SES068	1.8276	23.5823	21.7547
BLOCK06/SES068/SA068S23	SES068	1.25013	21.1068	19.8567
BLOCK06/SES068/SA068S27	SES068	2.64207	24.5481	21.906
BLOCK06/SES068/SA068S29	SES068	0.658993	21.4564	20.7974
BLOCK08/SES082/SA082S12	SES082	0.633728	20.0786	19.4449
BLOCK08/SES082/SA082S14	SES082	1.01251	19.6817	18.6692
BLOCK08/SES082/SA082S21	SES082	0.392704	19.7333	19.3406
BLOCK08/SES082/SA082S24	SES082	0.855165	22.3455	21.4904
BLOCK08/SES082/SA082S28	SES082	0.843906	20.8626	20.0187
BLOCK08/SES083/SA083S14	SES083	0.211361	20.5676	20.3562
BLOCK08/SES083/SA083S15	SES083	0.959412	22.2897	21.3303
BLOCK08/SES083/SA083S24	SES083	0.739685	21.4943	20.7546
BLOCK08/SES083/SA083S26	SES083	0.797672	20.5335	19.7359
BLOCK08/SES083/SA083S29	SES083	0.429144	21.5747	21.1456
BLOCK08/SES085/SA085S10	SES085	0.878416	21.7763	20.8979
BLOCK08/SES085/SA085S13	SES085	0.713089	21.1434	20.4303
BLOCK08/SES085/SA085S22	SES085	-0.0672455	21.7332	21.8004
BLOCK08/SES085/SA085S26	SES085	0.509989	22.4823	21.9723
BLOCK08/SES085/SA085S28	SES085	1.30173	21.873	20.5712
BLOCK08/SES087/SA087S15	SES087	1.54112	21.3818	19.8407
BLOCK08/SES087/SA087S16	SES087	2.04528	21.9098	19.8646
BLOCK08/SES087/SA087S24	SES087	1.89172	21.6321	19.7403
BLOCK08/SES087/SA087S26	SES087	1.50531	22.7782	21.2728
BLOCK08/SES087/SA087S29	SES087	2.16426	21.3822	19.218
BLOCK09/SES099/SA099S15	SES099	2.1876	21.5941	19.4065
BLOCK09/SES099/SA099S16	SES099	2.21315	21.4713	19.2581
BLOCK09/SES099/SA099S24	SES099	1.81805	21.9612	20.1431
BLOCK09/SES099/SA099S26	SES099	2.3875	22.2244	19.8369
BLOCK09/SES099/SA099S29	SES099	2.52582	22.9075	20.3817
BLOCK10/SES101/SA101S11	SES101	0.741653	20.9336	20.192
BLOCK10/SES101/SA101S13	SES101	2.20461	23.3853	21.1807
BLOCK10/SES101/SA101S22	SES101	1.49135	21.1856	19.6942
BLOCK10/SES101/SA101S24	SES101	1.51588	21.3716	19.8557
BLOCK10/SES101/SA101S28	SES101	0.262859	19.9814	19.7186
BLOCK10/SES104/SA104S11	SES104	2.23595	24.4026	22.1666
BLOCK10/SES104/SA104S12	SES104	1.94938	22.3011	20.3518
BLOCK10/SES104/SA104S21	SES104	1.77952	21.7296	19.9501
BLOCK10/SES104/SA104S24	SES104	1.24155	22.0978	20.8562
BLOCK10/SES104/SA104S28	SES104	2.0079	23.1158	21.1079
BLOCK10/SES105/SA105S12	SES105	1.16595	19.5365	18.3705
BLOCK10/SES105/SA105S13	SES105	1.09689	19.2793	18.1824
BLOCK10/SES105/SA105S22	SES105	0.966688	18.6358	17.6691
BLOCK10/SES105/SA105S26	SES105	1.41005	19.7385	18.3284
BLOCK10/SES105/SA105S29	SES105	1.6344	20.7332	19.0988
BLOCK10/SES106/SA106S09	SES106	1.52707	19.9867	18.4596
BLOCK10/SES106/SA106S11	SES106	2.3374	22.3658	20.0284
BLOCK10/SES106/SA106S22	SES106	3.55828	23.1725	19.6142
BLOCK10/SES106/SA106S27	SES106	1.88019	20.9433	19.0631
BLOCK10/SES106/SA106S29	SES106	1.55719	21.179	19.6218
BLOCK11/SES117/SA117S12	SES117	0.698219	20.7297	20.0315
BLOCK11/SES117/SA117S13	SES117	1.01971	21.1436	20.1239
BLOCK11/SES117/SA117S23	SES117	2.40879	19.3512	16.9424
BLOCK11/SES117/SA117S25	SES117	1.56529	19.9898	18.4245
BLOCK11/SES117/SA117S28	SES117	1.81074	19.3861	17.5753
BLOCK12/SES120/SA120S08	SES120	1.3188	18.0164	16.6976
BLOCK12/SES120/SA120S11	SES120	1.53883	16.948	15.4092
BLOCK12/SES120/SA120S22	SES120	0.836161	20.407	19.5708
BLOCK12/SES120/SA120S24	SES120	1.52108	19.5231	18.002
BLOCK12/SES120/SA120S28	SES120	1.08433	17.1681	16.0837
BLOCK12/SES125/SA125S13	SES125	2.44674	22.3123	19.8655
BLOCK12/SES125/SA125S14	SES125	1.03387	20.8571	19.8232
BLOCK12/SES125/SA125S25	SES125	2.23427	22.8763	20.6421
BLOCK12/SES125/SA125S27	SES125	2.1032	23.6381	21.5349
BLOCK12/SES125/SA125S29	SES125	2.30713	22.1954	19.8883
BLOCK12/SES127/SA127S11	SES127	1.15668	20.6237	19.4671
BLOCK12/SES127/SA127S12	SES127	0.314495	20.7777	20.4632
BLOCK12/SES127/SA127S23	SES127	0.672947	21.1961	20.5232
BLOCK12/SES127/SA127S25	SES127	0.265282	19.7819	19.5166
BLOCK12/SES127/SA127S27	SES127	1.15834	21.3836	20.2252
BLOCK12/SES129/SA129S11	SES129	2.18534	22.803	20.6176
BLOCK12/SES129/SA129S12	SES129	2.19516	22.5654	20.3703
BLOCK12/SES129/SA129S22	SES129	1.91093	21.4415	19.5306
BLOCK12/SES129/SA129S27	SES129	2.06099	21.9802	19.9192
BLOCK12/SES129/SA129S29	SES129	1.59299	22.118	20.5251
BLOCK14/SES142/SA142S11	SES142	2.65644	21.7912	19.1347
BLOCK14/SES142/SA142S12	SES142	1.06332	19.4926	18.4292
BLOCK14/SES142/SA142S24	SES142	2.1271	21.2715	19.1444
BLOCK14/SES142/SA142S27	SES142	2.23753	21.4954	19.2579
BLOCK14/SES142/SA142S29	SES142	2.42546	21.7332	19.3077
BLOCK14/SES143/SA143S12	SES143	1.41507	20.0589	18.6438
BLOCK14/SES143/SA143S13	SES143	1.05583	19.5716	18.5157
BLOCK14/SES143/SA143S23	SES143	1.50793	19.8296	18.3217
BLOCK14/SES143/SA143S25	SES143	1.13708	19.7367	18.5996
BLOCK14/SES143/SA143S28	SES143	1.41383	19.8871	18.4732
BLOCK14/SES144/SA144S09	SES144	1.1929	21.4013	20.2084
BLOCK14/SES144/SA144S11	SES144	1.91908	20.6638	18.7447
BLOCK14/SES144/SA144S21	SES144	0.238468	19.9445	19.7061
BLOCK14/SES144/SA144S25	SES144	1.05496	19.0203	17.9653
BLOCK14/SES144/SA144S29	SES144	0.637943	20.8964	20.2585
BLOCK14/SES146/SA146S14	SES146	1.12309	19.0649	17.9418
BLOCK14/SES146/SA146S15	SES146	0.828016	19.2278	18.3998
BLOCK14/SES146/SA146S24	SES146	1.14869	19.0364	17.8878
BLOCK14/SES146/SA146S26	SES146	1.47721	19.5857	18.1085
BLOCK14/SES146/SA146S29	SES146	1.05879	18.9788	17.92
BLOCK14/SES147/SA147S11	SES147	1.88662	20.1915	18.3049
BLOCK14/SES147/SA147S13	SES147	2.714	21.1096	18.3956
BLOCK14/SES147/SA147S23	SES147	1.1591	19.724	18.5649
BLOCK14/SES147/SA147S26	SES147	1.42355	20.108	18.6844
BLOCK14/SES147/SA147S28	SES147	2.24781	21.0057	18.7579
BLOCK14/SES148/SA148S10	SES148	1.58455	19.4789	17.8943
BLOCK14/SES148/SA148S12	SES148	1.39628	18.8399	17.4436
BLOCK14/SES148/SA148S22	SES148	1.93329	21.049	19.1157
BLOCK14/SES148/SA148S26	SES148	0.26037	20.1329	19.8726
BLOCK14/SES148/SA148S29	SES148	0.80228	19.6363	18.834
BLOCK14/SES149/SA149S13	SES149	0.351217	20.1998	19.8486
BLOCK14/SES149/SA149S14	SES149	0.637674	21.0758	20.4381
BLOCK14/SES149/SA149S24	SES149	2.03522	22.2764	20.2411
BLOCK14/SES149/SA149S26	SES149	2.46407	23.2444	20.7803
BLOCK14/SES149/SA149S28	SES149	2.82544	24.3917	21.5663
BLOCK15/SES158/SA158S13	SES158	1.99825	19.9366	17.9383
BLOCK15/SES158/SA158S14	SES158	3.18641	20.8271	17.6407
BLOCK15/SES158/SA158S23	SES158	1.73932	20.3625	18.6232
BLOCK15/SES158/SA158S26	SES158	2.78349	20.5483	17.7648
BLOCK15/SES158/SA158S28	SES158	1.67137	19.8502	18.1788
BLOCK16/SES162/SA162S10	SES162	0.732441	18.325	17.5925
BLOCK16/SES162/SA162S11	SES162	1.09731	21.3246	20.2273
BLOCK16/SES162/SA162S21	SES162	1.9339	21.265	19.3311
BLOCK16/SES162/SA162S24	SES162	1.62141	20.7082	19.0868
BLOCK16/SES162/SA162S27	SES162	1.85425	20.5369	18.6827
BLOCK16/SES167/SA167S14	SES167	1.45301	22.7779	21.3249
BLOCK16/SES167/SA167S15	SES167	1.79193	21.0869	19.295
BLOCK16/SES167/SA167S21	SES167	2.57097	22.3996	19.8287
BLOCK16/SES167/SA167S25	SES167	2.52245	21.3714	18.8489
BLOCK16/SES167/SA167S29	SES167	2.93011	23.5159	20.5858
BLOCK17/SES172/SA172S12	SES172	1.85757	21.9352	20.0776
BLOCK17/SES172/SA172S13	SES172	1.96424	21.4514	19.4872
BLOCK17/SES172/SA172S23	SES172	1.1415	22.7619	21.6204
BLOCK17/SES172/SA172S27	SES172	1.25765	21.6364	20.3787
BLOCK17/SES172/SA172S29	SES172	1.70022	21.8397	20.1395
BLOCK17/SES175/SA175S11	SES175	1.20837	21.2112	20.0028
BLOCK17/SES175/SA175S13	SES175	1.55773	21.3531	19.7954
BLOCK17/SES175/SA175S23	SES175	1.66311	21.659	19.9959
BLOCK17/SES175/SA175S25	SES175	0.586708	18.8372	18.2505
BLOCK17/SES175/SA175S28	SES175	1.35521	22.1359	20.7807
BLOCK17/SES177/SA177S15	SES177	0.773781	20.8015	20.0277
BLOCK17/SES177/SA177S17	SES177	0.755474	21.4051	20.6496
BLOCK17/SES177/SA177S23	SES177	-0.0616379	20.0245	20.0861
BLOCK17/SES177/SA177S26	SES177	1.27191	23.0757	21.8038
BLOCK17/SES177/SA177S28	SES177	1.1108	21.7496	20.6388
BLOCK18/SES180/SA180S13	SES180	0.431389	20.063	19.6316
BLOCK18/SES180/SA180S15	SES180	1.41382	20.2761	18.8623
BLOCK18/SES180/SA180S24	SES180	1.68286	22.5509	20.8681
BLOCK18/SES180/SA180S26	SES180	1.09504	21.4606	20.3656
BLOCK18/SES180/SA180S29	SES180	1.60318	21.249	19.6459
BLOCK18/SES183/SA183S13	SES183	1.93233	19.385	17.4527
BLOCK18/SES183/SA183S14	SES183	0.194689	18.4471	18.2524
BLOCK18/SES183/SA183S24	SES183	1.88569	18.3984	16.5127
BLOCK18/SES183/SA183S27	SES183	1.76085	19.5418	17.781
BLOCK18/SES183/SA183S29	SES183	0.984903	20.1121	19.1272
BLOCK18/SES187/SA187S13	SES187	1.317	21.0173	19.7003
BLOCK18/SES187/SA187S14	SES187	1.35361	20.3384	18.9848
BLOCK18/SES187/SA187S24	SES187	2.20739	21.9413	19.7339
BLOCK18/SES187/SA187S27	SES187	1.69313	21.2302	19.5371
BLOCK18/SES187/SA187S29	SES187	1.61242	22.0375	20.4251
BLOCK18/SES189/SA189S10	SES189	2.47137	19.1132	16.6419
BLOCK18/SES189/SA189S13	SES189	3.08733	18.7189	15.6316
BLOCK18/SES189/SA189S24	SES189	3.57404	19.2678	15.6937
BLOCK18/SES189/SA189S26	SES189	1.75466	19.1668	17.4122
BLOCK18/SES189/SA189S29	SES189	2.98458	19.9855	17.0009
BLOCK20/SES202/SA202S12	SES202	1.74666	17.4221	15.6754
BLOCK20/SES202/SA202S14	SES202	2.91659	21.3056	18.389
BLOCK20/SES202/SA202S24	SES202	1.6439	20.2237	18.5798
BLOCK20/SES202/SA202S27	SES202	2.03326	21.9498	19.9166
BLOCK20/SES202/SA202S29	SES202	2.62206	21.5626	18.9405
BLOCK20/SES206/SA206S15	SES206	0.172777	20.8173	20.6445
BLOCK20/SES206/SA206S17	SES206	2.41051	23.7607	21.3502
BLOCK20/SES206/SA206S24	SES206	2.50196	23.8348	21.3329
BLOCK20/SES206/SA206S27	SES206	2.4788	22.8891	20.4102
BLOCK20/SES206/SA206S29	SES206	2.04204	24.1092	22.0672
BLOCK22/SES226/SA226S12	SES226	1.18427	21.1013	19.917
BLOCK22/SES226/SA226S13	SES226	0.0934238	19.3421	19.2487
BLOCK22/SES226/SA226S20	SES226	1.34529	20.854	19.5087
BLOCK22/SES226/SA226S23	SES226	1.92341	21.5092	19.5858
BLOCK22/SES226/SA226S28	SES226	2.28405	22.2151	19.9311
BLOCK25/SES259/SA259S13	SES259	4.29873	23.9614	19.6627
BLOCK25/SES259/SA259S14	SES259	2.95356	22.0962	19.1427
BLOCK25/SES259/SA259S22	SES259	2.30161	21.7013	19.3997
BLOCK25/SES259/SA259S24	SES259	2.66712	23.957	21.2899
BLOCK25/SES259/SA259S28	SES259	2.6522	22.6817	20.0295
BLOCK27/SES270/SA270S14	SES270	2.94284	21.1303	18.1875
BLOCK27/SES270/SA270S16	SES270	1.07431	20.2214	19.1471
BLOCK27/SES270/SA270S22	SES270	3.50745	22.1504	18.6429
BLOCK27/SES270/SA270S26	SES270	1.81699	19.4023	17.5853
BLOCK27/SES270/SA270S28	SES270	1.58444	20.8032	19.2187
BLOCK27/SES275/SA275S17	SES275	1.67732	20.376	18.6986
BLOCK27/SES275/SA275S18	SES275	1.20561	20.6326	19.427
BLOCK27/SES275/SA275S24	SES275	1.09986	19.2801	18.1802
BLOCK27/SES275/SA275S26	SES275	1.60201	20.7464	19.1444
BLOCK27/SES275/SA275S28	SES275	0.606001	20.0205	19.4145
BLOCK29/SES292/SA292S10	SES292	0.716425	19.7115	18.9951
BLOCK29/SES292/SA292S12	SES292	0.297251	19.7662	19.469
BLOCK29/SES292/SA292S22	SES292	1.10401	21.8016	20.6976
BLOCK29/SES292/SA292S24	SES292	1.14274	21.444	20.3013
BLOCK29/SES292/SA292S27	SES292	0.44257	21.006	20.5634
BLOCK00/SES001/SA001S14	SES062	-2.42239	14.9025	17.3249
BLOCK00/SES001/SA001S14	SES082	-2.7824	14.5425	17.3249
BLOCK00/SES001/SA001S14	SES106	-2.60097	14.7239	17.3249
BLOCK00/SES001/SA001S14	SES206	-2.52832	14.7965	17.3249
BLOCK00/SES001/SA001S15	SES062	-3.1193	16.3091	19.4284
BLOCK00/SES001/SA001S15	SES104	-3.23659	16.1918	19.4284
BLOCK00/SES001/SA001S15	SES106	-2.62228	16.8062	19.4284
BLOCK00/SES001/SA001S15	SES206	-2.43287	16.9956	19.4284
BLOCK00/SES001/SA001S24	SES062	-3.68309	13.3194	17.0025
BLOCK00/SES001/SA001S24	SES082	-3.05675	13.9457	17.0025
BLOCK00/SES001/SA001S24	SES087	-2.52104	14.4815	17.0025
BLOCK00/SES001/SA001S24	SES206	-2.64606	14.3564	17.0025
BLOCK00/SES001/SA001S27	SES062	-2.54697	16.9875	19.5345
BLOCK00/SES001/SA001S27	SES082	-2.16656	17.368	19.5345
BLOCK00/SES001/SA001S27	SES087	-1.55902	17.9755	19.5345
BLOCK00/SES001/SA001S27	SES206	-1.96854	17.566	19.5345
BLOCK00/SES001/SA001S29	SES062	-3.46713	14.4128	17.8799
BLOCK00/SES001/SA001S29	SES082	-2.11367	15.7662	17.8799
BLOCK00/SES001/SA001S29	SES158	-1.55264	16.3272	17.8799
BLOCK00/SES001/SA001S29	SES206	-2.6108	15.2691	17.8799
BLOCK00/SES003/SA003S11	SES002	-0.72747	18.8626	19.5901
BLOCK00/SES003/SA003S11	SES019	-1.57096	18.0191	19.5901
BLOCK00/SES003/SA003S11	SES082	-0.815355	18.7747	19.5901
BLOCK00/SES003/SA003S11	SES125	-1.79417	17.7959	19.5901
BLOCK00/SES003/SA003S15	SES016	-2.9215	18.0988	21.0203
BLOCK00/SES003/SA003S15	SES019	-2.06596	18.9543	21.0203
BLOCK00/SES003/SA003S15	SES062	-3.00333	18.017	21.0203
BLOCK00/SES003/SA003S15	SES206	-2.60925	18.411	21.0203
BLOCK00/SES003/SA003S22	SES002	-1.82997	17.7944	19.6244
BLOCK00/SES003/SA003S22	SES062	-1.81919	17.8052	19.6244
BLOCK00/SES003/SA003S22	SES082	-2.00008	17.6243	19.6244
BLOCK00/SES003/SA003S22	SES087	-1.34082	18.2836	19.6244
BLOCK00/SES003/SA003S25	SES062	-4.15338	14.846	18.9994
BLOCK00/SES003/SA003S25	SES082	-1.90324	17.0962	18.9994
BLOCK00/SES003/SA003S25	SES087	-1.74992	17.2495	18.9994
BLOCK00/SES003/SA003S25	SES206	-3.29514	15.7043	18.9994
BLOCK00/SES003/SA003S29	SES002	-1.8548	17.0853	18.9401
BLOCK00/SES003/SA003S29	SES062	-3.56328	15.3768	18.9401
BLOCK00/SES003/SA003S29	SES082	-1.23981	17.7002	18.9401
BLOCK00/SES003/SA003S29	SES087	-2.06442	16.8756	18.9401
BLOCK00/SES004/SA004S12	SES083	-2.36502	15.8196	18.1846
BLOCK00/SES004/SA004S12	SES148	-1.49981	16.6848	18.1846
BLOCK00/SES004/SA004S12	SES172	-0.535904	17.6487	18.1846
BLOCK00/SES004/SA004S12	SES292	-1.5949	16.5897	18.1846
BLOCK00/SES004/SA004S17	SES083	-2.23425	15.6625	17.8967
BLOCK00/SES004/SA004S17	SES162	-1.61459	16.2821	17.8967
BLOCK00/SES004/SA004S17	SES172	-1.69456	16.2022	17.8967
BLOCK00/SES004/SA004S17	SES292	-1.93284	15.9639	17.8967
BLOCK00/SES004/SA004S24	SES083	-2.34617	16.3414	18.6876
BLOCK00/SES004/SA004S24	SES148	-2.53851	16.1491	18.6876
BLOCK00/SES004/SA004S24	SES172	-1.24981	17.4378	18.6876
BLOCK00/SES004/SA004S24	SES292	-1.24647	17.4411	18.6876
BLOCK00/SES004/SA004S26	SES083	-2.82302	15.3962	18.2192
BLOCK00/SES004/SA004S26	SES127	-2.25039	15.9688	18.2192
BLOCK00/SES004/SA004S26	SES148	-3.61404	14.6052	18.2192
BLOCK00/SES004/SA004S26	SES292	-2.74697	15.4722	18.2192
BLOCK00/SES004/SA004S28	SES083	-1.79223	18.6391	20.4313
BLOCK00/SES004/SA004S28	SES127	-1.48449	18.9468	20.4313
BLOCK00/SES004/SA004S28	SES187	-1.16255	19.2688	20.4313
BLOCK00/SES004/SA004S28	SES292	-2.24941	18.1819	20.4313
BLOCK00/SES006/SA006S10	SES014	-5.17651	10.6461	15.8226
BLOCK00/SES006/SA006S10	SES158	-2.84296	12.9797	15.8226
BLOCK00/SES006/SA006S10	SES226	-4.631	11.1916	15.8226
BLOCK00/SES006/SA006S10	SES270	-2.03553	13.7871	15.8226
BLOCK00/SES006/SA006S11	SES158	-2.38168	13.9281	16.3097
BLOCK00/SES006/SA006S11	SES226	-3.9226	12.3871	16.3097
BLOCK00/SES006/SA006S11	SES270	-1.86333	14.4464	16.3097
BLOCK00/SES006/SA006S11	SES275	-3.1918	13.1179	16.3097
BLOCK00/SES006/SA006S23	SES062	-3.51862	14.7972	18.3158
BLOCK00/SES006/SA006S23	SES105	-3.7993	14.5165	18.3158
BLOCK00/SES006/SA006S23	SES158	-2.35707	15.9588	18.3158
BLOCK00/SES006/SA006S23	SES275	-2.74726	15.5686	18.3158
BLOCK00/SES006/SA006S26	SES104	-4.18377	13.4732	17.6569
BLOCK00/SES006/SA006S26	SES158	-1.72665	15.9303	17.6569
BLOCK00/SES006/SA006S26	SES270	-1.35141	16.3055	17.6569
BLOCK00/SES006/SA006S26	SES275	-3.02413	14.6328	17.6569
BLOCK00/SES006/SA006S28	SES007	-2.40519	13.5946	15.9998
BLOCK00/SES006/SA006S28	SES105	-2.79144	13.2083	15.9998
BLOCK00/SES006/SA006S28	SES158	-2.1559	13.8439	15.9998
BLOCK00/SES006/SA006S28	SES275	-3.41191	12.5878	15.9998
BLOCK00/SES009/SA009S12	SES083	-2.6928	17.2954	19.9882
BLOCK00/SES009/SA009S12	SES148	-2.72109	17.2671	19.9882
BLOCK00/SES009/SA009S12	SES177	-1.21755	18.7706	19.9882
BLOCK00/SES009/SA009S12	SES292	-1.39632	18.5919	19.9882
BLOCK00/SES009/SA009S15	SES007	-0.399754	20.6051	21.0048
BLOCK00/SES009/SA009S15	SES099	-4.18149	16.8233	21.0048
BLOCK00/SES009/SA009S15	SES148	-2.46541	18.5394	21.0048
BLOCK00/SES009/SA009S15	SES172	-1.95177	19.053	21.0048
BLOCK00/SES009/SA009S24	SES146	-1.43577	19.6479	21.0836
BLOCK00/SES009/SA009S24	SES148	-2.87012	18.2135	21.0836
BLOCK00/SES009/SA009S24	SES177	-0.594318	20.4893	21.0836
BLOCK00/SES009/SA009S24	SES292	-1.41731	19.6663	21.0836
BLOCK00/SES009/SA009S26	SES083	-3.04015	16.7324	19.7725
BLOCK00/SES009/SA009S26	SES101	-2.45073	17.3218	19.7725
BLOCK00/SES009/SA009S26	SES120	-1.57124	18.2013	19.7725
BLOCK00/SES009/SA009S26	SES177	-1.20726	18.5652	19.7725
BLOCK00/SES009/SA009S29	SES083	-2.3308	18.4588	20.7896
BLOCK00/SES009/SA009S29	SES101	-2.08803	18.7016	20.7896
BLOCK00/SES009/SA009S29	SES177	-1.22636	19.5633	20.7896
BLOCK00/SES009/SA009S29	SES292	-1.16576	19.6239	20.7896
BLOCK01/SES011/SA011S10	SES019	-1.53806	18.7543	20.2924
BLOCK01/SES011/SA011S10	SES042	-0.62359	19.6688	20.2924
BLOCK01/SES011/SA011S10	SES082	-2.75669	17.5357	20.2924
BLOCK01/SES011/SA011S10	SES206	-1.18487	19.1075	20.2924
BLOCK01/SES011/SA011S11	SES019	-1.99957	16.546	18.5455
BLOCK01/SES011/SA011S11	SES042	-1.75773	16.7878	18.5455
BLOCK01/SES011/SA011S11	SES082	-2.38911	16.1564	18.5455
BLOCK01/SES011/SA011S11	SES206	-1.92511	16.6204	18.5455
BLOCK01/SES011/SA011S22	SES019	-0.831257	17.9425	18.7738
BLOCK01/SES011/SA011S22	SES042	-0.214615	18.5592	18.7738
BLOCK01/SES011/SA011S22	SES082	-1.95812	16.8157	18.7738
BLOCK01/SES011/SA011S22	SES206	-1.8461	16.9277	18.7738
BLOCK01/SES011/SA011S24	SES019	-1.58186	18.08	19.6619
BLOCK01/SES011/SA011S24	SES042	-0.312956	19.349	19.6619
BLOCK01/SES011/SA011S24	SES104	-2.28327	17.3786	19.6619
BLOCK01/SES011/SA011S24	SES206	-1.54411	18.1178	19.6619
BLOCK01/SES011/SA011S27	SES082	-0.694407	18.4212	19.1156
BLOCK01/SES011/SA011S27	SES087	-2.07048	17.0451	19.1156
BLOCK01/SES011/SA011S27	SES125	-1.92484	17.1907	19.1156
BLOCK01/SES011/SA011S27	SES206	-2.03528	17.0803	19.1156
BLOCK01/SES012/SA012S11	SES007	-1.27219	20.3626	21.6348
BLOCK01/SES012/SA012S11	SES082	-1.72891	19.9059	21.6348
BLOCK01/SES012/SA012S11	SES083	-2.30761	19.3272	21.6348
BLOCK01/SES012/SA012S11	SES206	-1.58939	20.0454	21.6348
BLOCK01/SES012/SA012S14	SES082	-0.983522	20.2051	21.1886
BLOCK01/SES012/SA012S14	SES087	-2.4351	18.7535	21.1886
BLOCK01/SES012/SA012S14	SES206	-1.12915	20.0595	21.1886
BLOCK01/SES012/SA012S14	SES292	-2.01467	19.174	21.1886
BLOCK01/SES012/SA012S24	SES082	-0.41823	19.6371	20.0554
BLOCK01/SES012/SA012S24	SES087	-1.5641	18.4913	20.0554
BLOCK01/SES012/SA012S24	SES120	-2.29472	17.7606	20.0554
BLOCK01/SES012/SA012S24	SES206	-1.3436	18.7118	20.0554
BLOCK01/SES012/SA012S26	SES019	-4.03673	17.6701	21.7068
BLOCK01/SES012/SA012S26	SES082	-2.66794	19.0389	21.7068
BLOCK01/SES012/SA012S26	SES206	-1.0839	20.6229	21.7068
BLOCK01/SES012/SA012S26	SES292	-1.63089	20.0759	21.7068
BLOCK01/SES012/SA012S29	SES062	-2.08044	19.531	21.6114
BLOCK01/SES012/SA012S29	SES082	-1.31463	20.2968	21.6114
BLOCK01/SES012/SA012S29	SES083	-2.46605	19.1454	21.6114
BLOCK01/SES012/SA012S29	SES206	-1.16599	20.4454	21.6114
BLOCK01/SES013/SA013S16	SES062	-4.0413	15.803	19.8443
BLOCK01/SES013/SA013S16	SES106	-1.99377	17.8505	19.8443
BLOCK01/SES013/SA013S16	SES206	-2.10815	17.7361	19.8443
BLOCK01/SES013/SA013S16	SES226	-1.61088	18.2334	19.8443
BLOCK01/SES013/SA013S17	SES062	-3.82368	17.5243	21.348
BLOCK01/SES013/SA013S17	SES106	-2.98493	18.3631	21.348
BLOCK01/SES013/SA013S17	SES206	-1.3047	20.0433	21.348
BLOCK01/SES013/SA013S17	SES226	-1.40916	19.9388	21.348
BLOCK01/SES013/SA013S23	SES104	-2.12584	19.0741	21.1999
BLOCK01/SES013/SA013S23	SES106	-1.97554	19.2244	21.1999
BLOCK01/SES013/SA013S23	SES206	-1.745	19.4549	21.1999
BLOCK01/SES013/SA013S23	SES270	-1.68964	19.5103	21.1999
BLOCK01/SES013/SA013S25	SES042	-2.38349	19.5442	21.9276
BLOCK01/SES013/SA013S25	SES104	-1.4232	20.5044	21.9276
BLOCK01/SES013/SA013S25	SES106	-2.01593	19.9117	21.9276
BLOCK01/SES013/SA013S25	SES206	-0.863962	21.0637	21.9276
BLOCK01/SES013/SA013S29	SES062	-4.8492	16.4627	21.3119
BLOCK01/SES013/SA013S29	SES104	-2.83876	18.4731	21.3119
BLOCK01/SES013/SA013S29	SES106	-2.29918	19.0127	21.3119
BLOCK01/SES013/SA013S29	SES206	-2.00694	19.305	21.3119
BLOCK02/SES021/SA021S13	SES016	-3.86313	18.0869	21.95
BLOCK02/SES021/SA021S13	SES029	-1.72767	20.2223	21.95
BLOCK02/SES021/SA021S13	SES087	-1.81181	20.1382	21.95
BLOCK02/SES021/SA021S13	SES206	-2.11712	19.8329	21.95
BLOCK02/SES021/SA021S15	SES087	-1.29675	21.6079	22.9047
BLOCK02/SES021/SA021S15	SES125	-1.41837	21.4863	22.9047
BLOCK02/SES021/SA021S15	SES206	-1.32796	21.5767	22.9047
BLOCK02/SES021/SA021S15	SES226	-2.50954	20.3951	22.9047
BLOCK02/SES021/SA021S23	SES062	-2.8271	16.7153	19.5424
BLOCK02/SES021/SA021S23	SES087	-1.43472	18.1077	19.5424
BLOCK02/SES021/SA021S23	SES206	-1.94529	17.5971	19.5424
BLOCK02/SES021/SA021S23	SES226	-1.75235	17.7901	19.5424
BLOCK02/SES021/SA021S27	SES002	-1.15817	19.6985	20.8566
BLOCK02/SES021/SA021S27	SES016	-4.03998	16.8166	20.8566
BLOCK02/SES021/SA021S27	SES019	-1.73113	19.1255	20.8566
BLOCK02/SES021/SA021S27	SES062	-1.93311	18.9235	20.8566
BLOCK02/SES021/SA021S29	SES087	-1.77612	20.0175	21.7936
BLOCK02/SES021/SA021S29	SES125	-1.12319	20.6704	21.7936
BLOCK02/SES021/SA021S29	SES206	-1.74366	20.05	21.7936
BLOCK02/SES021/SA021S29	SES226	-2.30526	19.4884	21.7936
BLOCK04/SES043/SA043S09	SES083	-2.06878	15.9308	17.9995
BLOCK04/SES043/SA043S09	SES101	-2.84445	15.1551	17.9995
BLOCK04/SES043/SA043S09	SES144	-1.08409	16.9154	17.9995
BLOCK04/SES043/SA043S09	SES172	-3.37582	14.6237	17.9995
BLOCK04/SES043/SA043S11	SES083	-0.721146	18.953	19.6741
BLOCK04/SES043/SA043S11	SES101	-1.42204	18.2521	19.6741
BLOCK04/SES043/SA043S11	SES144	-0.816572	18.8576	19.6741
BLOCK04/SES043/SA043S11	SES172	-1.53652	18.1376	19.6741
BLOCK04/SES043/SA043S23	SES083	-1.00772	17.9205	18.9282
BLOCK04/SES043/SA043S23	SES144	-0.17613	18.7521	18.9282
BLOCK04/SES043/SA043S23	SES177	-2.57656	16.3517	18.9282
BLOCK04/SES043/SA043S23	SES275	-1.0802	17.848	18.9282
BLOCK04/SES043/SA043S26	SES083	-1.48109	17.1255	18.6066
BLOCK04/SES043/SA043S26	SES101	-1.50927	17.0973	18.6066
BLOCK04/SES043/SA043S26	SES144	-0.396938	18.2096	18.6066
BLOCK04/SES043/SA043S26	SES177	-1.76807	16.8385	18.6066
BLOCK04/SES043/SA043S28	SES016	-2.42593	17.7328	20.1587
BLOCK04/SES043/SA043S28	SES083	-0.933292	19.2254	20.1587
BLOCK04/SES043/SA043S28	SES101	-1.02276	19.1359	20.1587
BLOCK04/SES043/SA043S28	SES144	-1.32528	18.8334	20.1587
BLOCK04/SES044/SA044S10	SES127	-1.98021	14.3943	16.3745
BLOCK04/SES044/SA044S10	SES144	-1.12691	15.2476	16.3745
BLOCK04/SES044/SA044S10	SES147	-3.24393	13.1306	16.3745
BLOCK04/SES044/SA044S10	SES148	-3.10063	13.2739	16.3745
BLOCK04/SES044/SA044S11	SES101	-1.8897	15.961	17.8507
BLOCK04/SES044/SA044S11	SES144	-0.759239	17.0914	17.8507
BLOCK04/SES044/SA044S11	SES147	-2.24407	15.6066	17.8507
BLOCK04/SES044/SA044S11	SES177	-2.51201	15.3386	17.8507
BLOCK04/SES044/SA044S24	SES007	-3.37317	14.9077	18.2809
BLOCK04/SES044/SA044S24	SES101	-1.88831	16.3926	18.2809
BLOCK04/SES044/SA044S24	SES147	-3.09044	15.1905	18.2809
BLOCK04/SES044/SA044S24	SES177	-2.11045	16.1704	18.2809
BLOCK04/SES044/SA044S26	SES007	-2.72125	16.1389	18.8602
BLOCK04/SES044/SA044S26	SES016	-1.96285	16.8973	18.8602
BLOCK04/SES044/SA044S26	SES101	-1.88546	16.9747	18.8602
BLOCK04/SES044/SA044S26	SES147	-1.66606	17.1941	18.8602
BLOCK04/SES044/SA044S29	SES007	-2.70128	16.4324	19.1337
BLOCK04/SES044/SA044S29	SES101	-0.798906	18.3348	19.1337
BLOCK04/SES044/SA044S29	SES147	-1.9825	17.1512	19.1337
BLOCK04/SES044/SA044S29	SES177	-2.34853	16.7852	19.1337
BLOCK04/SES046/SA046S13	SES101	-2.41529	16.0081	18.4234
BLOCK04/SES046/SA046S13	SES144	-1.24468	17.1788	18.4234
BLOCK04/SES046/SA046S13	SES147	-2.66718	15.7563	18.4234
BLOCK04/SES046/SA046S13	SES177	-2.39979	16.0236	18.4234
BLOCK04/SES046/SA046S15	SES048	-0.938503	19.1825	20.121
BLOCK04/SES046/SA046S15	SES083	-0.875473	19.2456	20.121
BLOCK04/SES046/SA046S15	SES120	-2.76158	17.3595	20.121
BLOCK04/SES046/SA046S15	SES148	-2.00717	18.1139	20.121
BLOCK04/SES046/SA046S22	SES101	-1.27378	17.7043	18.9781
BLOCK04/SES046/SA046S22	SES144	-0.733242	18.2448	18.9781
BLOCK04/SES046/SA046S22	SES147	-2.6648	16.3133	18.9781
BLOCK04/SES046/SA046S22	SES172	-1.77556	17.2025	18.9781
BLOCK04/SES046/SA046S25	SES083	-1.84073	16.7521	18.5928
BLOCK04/SES046/SA046S25	SES127	-1.38068	17.2121	18.5928
BLOCK04/SES046/SA046S25	SES144	-1.91372	16.6791	18.5928
BLOCK04/SES046/SA046S25	SES148	-2.44812	16.1447	18.5928
BLOCK04/SES046/SA046S28	SES007	-2.63456	15.7053	18.3398
BLOCK04/SES046/SA046S28	SES105	-2.26313	16.0767	18.3398
BLOCK04/SES046/SA046S28	SES147	-2.86634	15.4735	18.3398
BLOCK04/SES046/SA046S28	SES148	-1.70221	16.6376	18.3398
BLOCK04/SES049/SA049S16	SES104	-2.49991	16.1034	18.6033
BLOCK04/SES049/SA049S16	SES106	-1.94106	16.6623	18.6033
BLOCK04/SES049/SA049S16	SES120	-2.62097	15.9824	18.6033
BLOCK04/SES049/SA049S16	SES206	-2.00028	16.6031	18.6033
BLOCK04/SES049/SA049S18	SES099	-1.10747	17.3104	18.4179
BLOCK04/SES049/SA049S18	SES104	-2.29268	16.1252	18.4179
BLOCK04/SES049/SA049S18	SES125	-3.02543	15.3925	18.4179
BLOCK04/SES049/SA049S18	SES206	-1.67849	16.7394	18.4179
BLOCK04/SES049/SA049S25	SES087	-1.83628	18.0519	19.8882
BLOCK04/SES049/SA049S25	SES104	-0.808006	19.0802	19.8882
BLOCK04/SES049/SA049S25	SES125	-2.04191	17.8463	19.8882
BLOCK04/SES049/SA049S25	SES206	-0.987249	18.9009	19.8882
BLOCK04/SES049/SA049S27	SES099	-0.97945	17.89	18.8695
BLOCK04/SES049/SA049S27	SES104	-1.30669	17.5628	18.8695
BLOCK04/SES049/SA049S27	SES125	-1.67092	17.1986	18.8695
BLOCK04/SES049/SA049S27	SES206	-1.52784	17.3417	18.8695
BLOCK04/SES049/SA049S29	SES099	-1.00167	19.7609	20.7625
BLOCK04/SES049/SA049S29	SES104	-0.560587	20.202	20.7625
BLOCK04/SES049/SA049S29	SES125	-1.59704	19.1655	20.7625
BLOCK04/SES049/SA049S29	SES206	-0.917721	19.8448	20.7625
BLOCK06/SES063/SA063S09	SES068	-1.86251	18.6156	20.4781
BLOCK06/SES063/SA063S09	SES083	-0.987619	19.4905	20.4781
BLOCK06/SES063/SA063S09	SES177	-0.771233	19.7069	20.4781
BLOCK06/SES063/SA063S09	SES187	-0.999519	19.4786	20.4781
BLOCK06/SES063/SA063S10	SES068	-1.95857	18.0793	20.0378
BLOCK06/SES063/SA063S10	SES083	-1.1171	18.9207	20.0378
BLOCK06/SES063/SA063S10	SES172	-1.36193	18.6759	20.0378
BLOCK06/SES063/SA063S10	SES187	-1.36073	18.6771	20.0378
BLOCK06/SES063/SA063S20	SES068	-2.2604	17.6506	19.911
BLOCK06/SES063/SA063S20	SES083	-1.27862	18.6324	19.911
BLOCK06/SES063/SA063S20	SES172	-1.09941	18.8116	19.911
BLOCK06/SES063/SA063S20	SES187	-0.946138	18.9649	19.911
BLOCK06/SES063/SA063S24	SES029	-2.35056	18.0857	20.4363
BLOCK06/SES063/SA063S24	SES083	-1.24966	19.1866	20.4363
BLOCK06/SES063/SA063S24	SES177	-0.839029	19.5972	20.4363
BLOCK06/SES063/SA063S24	SES189	-1.31963	19.1166	20.4363
BLOCK06/SES063/SA063S27	SES083	-0.521498	18.8479	19.3694
BLOCK06/SES063/SA063S27	SES172	-1.02573	18.3436	19.3694
BLOCK06/SES063/SA063S27	SES187	-1.5755	17.7939	19.3694
BLOCK06/SES063/SA063S27	SES292	-2.29289	17.0765	19.3694
BLOCK06/SES067/SA067S12	SES083	-2.31808	17.729	20.0471
BLOCK06/SES067/SA067S12	SES172	-2.35239	17.6947	20.0471
BLOCK06/SES067/SA067S12	SES202	-1.01146	19.0356	20.0471
BLOCK06/SES067/SA067S12	SES292	-1.73115	18.3159	20.0471
BLOCK06/SES067/SA067S14	SES085	-1.52537	19.2181	20.7435
BLOCK06/SES067/SA067S14	SES177	-2.04957	18.6939	20.7435
BLOCK06/SES067/SA067S14	SES183	-1.4329	19.3106	20.7435
BLOCK06/SES067/SA067S14	SES202	-1.09596	19.6475	20.7435
BLOCK06/SES067/SA067S21	SES144	-0.646259	18.8689	19.5152
BLOCK06/SES067/SA067S21	SES177	-1.47507	18.0401	19.5152
BLOCK06/SES067/SA067S21	SES183	-1.53844	17.9768	19.5152
BLOCK06/SES067/SA067S21	SES189	-0.671749	18.8434	19.5152
BLOCK06/SES067/SA067S25	SES085	-0.12414	19.9	20.0242
BLOCK06/SES067/SA067S25	SES177	-0.960609	19.0636	20.0242
BLOCK06/SES067/SA067S25	SES183	-0.89518	19.129	20.0242
BLOCK06/SES067/SA067S25	SES202	-0.866837	19.1574	20.0242
BLOCK06/SES067/SA067S29	SES085	-1.30376	19.4155	20.7193
BLOCK06/SES067/SA067S29	SES177	-1.46994	19.2493	20.7193
BLOCK06/SES067/SA067S29	SES183	-0.905519	19.8138	20.7193
BLOCK06/SES067/SA067S29	SES202	-0.572441	20.1468	20.7193
BLOCK06/SES069/SA069S12	SES029	-2.96362	17.9789	20.9425
BLOCK06/SES069/SA069S12	SES082	-0.939369	20.0031	20.9425
BLOCK06/SES069/SA069S12	SES087	-1.51944	19.4231	20.9425
BLOCK06/SES069/SA069S12	SES206	-0.706026	20.2365	20.9425
BLOCK06/SES069/SA069S13	SES029	-3.14156	17.8391	20.9807
BLOCK06/SES069/SA069S13	SES087	-1.7802	19.2005	20.9807
BLOCK06/SES069/SA069S13	SES206	-1.51188	19.4688	20.9807
BLOCK06/SES069/SA069S13	SES226	-0.739353	20.2413	20.9807
BLOCK06/SES069/SA069S23	SES029	-0.917353	21.6682	22.5856
BLOCK06/SES069/SA069S23	SES087	-0.500662	22.0849	22.5856
BLOCK06/SES069/SA069S23	SES206	-1.59967	20.9859	22.5856
BLOCK06/SES069/SA069S23	SES226	-0.905981	21.6796	22.5856
BLOCK06/SES069/SA069S25	SES087	-1.31167	20.1745	21.4862
BLOCK06/SES069/SA069S25	SES206	-2.57068	18.9155	21.4862
BLOCK06/SES069/SA069S25	SES226	-0.551487	20.9347	21.4862
BLOCK06/SES069/SA069S25	SES270	-1.97375	19.5124	21.4862
BLOCK06/SES069/SA069S27	SES087	-2.53544	19.3566	21.8921
BLOCK06/SES069/SA069S27	SES206	-0.853703	21.0384	21.8921
BLOCK06/SES069/SA069S27	SES226	-0.488503	21.4036	21.8921
BLOCK06/SES069/SA069S27	SES270	-1.92664	19.9655	21.8921
BLOCK08/SES081/SA081S11	SES060	-1.98708	17.0977	19.0848
BLOCK08/SES081/SA081S11	SES062	-2.81954	16.2653	19.0848
BLOCK08/SES081/SA081S11	SES117	-2.50935	16.5755	19.0848
BLOCK08/SES081/SA081S11	SES162	-2.63853	16.4463	19.0848
BLOCK08/SES081/SA081S13	SES016	-1.77015	18.8964	20.6666
BLOCK08/SES081/SA081S13	SES060	-0.321049	20.3455	20.6666
BLOCK08/SES081/SA081S13	SES068	-1.15458	19.512	20.6666
BLOCK08/SES081/SA081S13	SES129	-2.00284	18.6637	20.6666
BLOCK08/SES081/SA081S24	SES060	-1.13276	18.1911	19.3239
BLOCK08/SES081/SA081S24	SES068	-1.07329	18.2506	19.3239
BLOCK08/SES081/SA081S24	SES117	-1.99179	17.3321	19.3239
BLOCK08/SES081/SA081S24	SES275	-2.04377	17.2801	19.3239
BLOCK08/SES081/SA081S27	SES007	-1.10517	17.7294	18.8345
BLOCK08/SES081/SA081S27	SES060	-1.77793	17.0566	18.8345
BLOCK08/SES081/SA081S27	SES117	-0.810995	18.0236	18.8345
BLOCK08/SES081/SA081S27	SES275	-1.60957	17.225	18.8345
BLOCK08/SES081/SA081S29	SES007	-1.04116	19.0524	20.0935
BLOCK08/SES081/SA081S29	SES060	-0.854765	19.2388	20.0935
BLOCK08/SES081/SA081S29	SES117	-1.5754	18.5181	20.0935
BLOCK08/SES081/SA081S29	SES275	-1.90632	18.1872	20.0935
BLOCK08/SES086/SA086S11	SES029	-4.43212	14.0713	18.5034
BLOCK08/SES086/SA086S11	SES082	-1.84253	16.6609	18.5034
BLOCK08/SES086/SA086S11	SES087	-0.890917	17.6125	18.5034
BLOCK08/SES086/SA086S11	SES206	-2.80045	15.703	18.5034
BLOCK08/SES086/SA086S12	SES029	-2.90675	16.8724	19.7792
BLOCK08/SES086/SA086S12	SES082	-1.90202	17.8772	19.7792
BLOCK08/SES086/SA086S12	SES087	0.0103588	19.7895	19.7792
BLOCK08/SES086/SA086S12	SES206	-1.71198	18.0672	19.7792
BLOCK08/SES086/SA086S20	SES029	-3.91521	17.2542	21.1694
BLOCK08/SES086/SA086S20	SES082	-3.0092	18.1602	21.1694
BLOCK08/SES086/SA086S20	SES087	-0.104624	21.0648	21.1694
BLOCK08/SES086/SA086S20	SES206	-1.53857	19.6308	21.1694
BLOCK08/SES086/SA086S24	SES087	-0.172651	19.588	19.7606
BLOCK08/SES086/SA086S24	SES104	-2.0063	17.7543	19.7606
BLOCK08/SES086/SA086S24	SES120	-2.57975	17.1809	19.7606
BLOCK08/SES086/SA086S24	SES206	-0.235281	19.5254	19.7606
BLOCK08/SES086/SA086S28	SES029	-2.27154	17.6779	19.9494
BLOCK08/SES086/SA086S28	SES082	-1.74792	18.2015	19.9494
BLOCK08/SES086/SA086S28	SES087	-0.378431	19.571	19.9494
BLOCK08/SES086/SA086S28	SES206	-0.910072	19.0393	19.9494
BLOCK08/SES089/SA089S13	SES087	-1.53635	17.6018	19.1382
BLOCK08/SES089/SA089S13	SES206	-2.39747	16.7407	19.1382
BLOCK08/SES089/SA089S13	SES226	-1.32759	17.8106	19.1382
BLOCK08/SES089/SA089S13	SES270	-3.25943	15.8787	19.1382
BLOCK08/SES089/SA089S14	SES062	-2.6504	16.8448	19.4952
BLOCK08/SES089/SA089S14	SES087	-0.934645	18.5606	19.4952
BLOCK08/SES089/SA089S14	SES206	-2.07071	17.4245	19.4952
BLOCK08/SES089/SA089S14	SES226	-1.59481	17.9004	19.4952
BLOCK08/SES089/SA089S23	SES087	-1.03761	16.5393	17.5769
BLOCK08/SES089/SA089S23	SES206	-2.24931	15.3276	17.5769
BLOCK08/SES089/SA089S23	SES226	-0.984314	16.5925	17.5769
BLOCK08/SES089/SA089S23	SES270	-2.78313	14.7937	17.5769
BLOCK08/SES089/SA089S25	SES062	-3.2565	16.6985	19.955
BLOCK08/SES089/SA089S25	SES087	-0.781143	19.1738	19.955
BLOCK08/SES089/SA089S25	SES206	-2.95438	17.0006	19.955
BLOCK08/SES089/SA089S25	SES226	-1.1063	18.8487	19.955
BLOCK08/SES089/SA089S28	SES062	-1.94547	17.706	19.6515
BLOCK08/SES089/SA089S28	SES087	-0.309561	19.3419	19.6515
BLOCK08/SES089/SA089S28	SES206	-1.59759	18.0539	19.6515
BLOCK08/SES089/SA089S28	SES226	-0.88138	18.7701	19.6515
BLOCK09/SES097/SA097S11	SES099	-0.0385571	19.1469	19.1854
BLOCK09/SES097/SA097S11	SES125	-1.08656	18.0989	19.1854
BLOCK09/SES097/SA097S11	SES206	-1.12548	18.06	19.1854
BLOCK09/SES097/SA097S11	SES226	-0.171309	19.0141	19.1854
BLOCK09/SES097/SA097S14	SES062	-2.73574	15.9002	18.6359
BLOCK09/SES097/SA097S14	SES099	-1.02686	17.6091	18.6359
BLOCK09/SES097/SA097S14	SES104	-1.89299	16.7429	18.6359
BLOCK09/SES097/SA097S14	SES206	-2.55223	16.0837	18.6359
BLOCK09/SES097/SA097S22	SES099	0.582867	20.2002	19.6173
BLOCK09/SES097/SA097S22	SES206	-1.33857	18.2788	19.6173
BLOCK09/SES097/SA097S22	SES226	-1.61986	17.9975	19.6173
BLOCK09/SES097/SA097S22	SES270	-0.843903	18.7734	19.6173
BLOCK09/SES097/SA097S26	SES099	-1.12132	19.7327	20.854
BLOCK09/SES097/SA097S26	SES120	-2.7245	18.1295	20.854
BLOCK09/SES097/SA097S26	SES206	-2.52155	18.3324	20.854
BLOCK09/SES097/SA097S26	SES226	-2.6718	18.1822	20.854
BLOCK09/SES097/SA097S28	SES099	-0.936224	18.7865	19.7227
BLOCK09/SES097/SA097S28	SES120	-1.93103	17.7916	19.7227
BLOCK09/SES097/SA097S28	SES206	-2.56699	17.1557	19.7227
BLOCK09/SES097/SA097S28	SES226	-2.86506	16.8576	19.7227
BLOCK09/SES098/SA098S11	SES127	-2.95752	14.7522	17.7097
BLOCK09/SES098/SA098S11	SES144	-1.95154	15.7582	17.7097
BLOCK09/SES098/SA098S11	SES147	-0.979946	16.7297	17.7097
BLOCK09/SES098/SA098S11	SES148	-3.48328	14.2264	17.7097
BLOCK09/SES098/SA098S12	SES127	-5.48108	11.8619	17.3429
BLOCK09/SES098/SA098S12	SES144	-2.75823	14.5847	17.3429
BLOCK09/SES098/SA098S12	SES147	-2.5734	14.7695	17.3429
BLOCK09/SES098/SA098S12	SES189	-1.12624	16.2167	17.3429
BLOCK09/SES098/SA098S20	SES127	-4.63977	13.174	17.8137
BLOCK09/SES098/SA098S20	SES147	-1.1318	16.6819	17.8137
BLOCK09/SES098/SA098S20	SES148	-5.05369	12.76	17.8137
BLOCK09/SES098/SA098S20	SES292	-3.78707	14.0267	17.8137
BLOCK09/SES098/SA098S23	SES127	-2.24099	16.9352	19.1762
BLOCK09/SES098/SA098S23	SES147	-0.90374	18.2724	19.1762
BLOCK09/SES098/SA098S23	SES187	-0.827229	18.349	19.1762
BLOCK09/SES098/SA098S23	SES292	-1.64931	17.5269	19.1762
BLOCK09/SES098/SA098S27	SES127	-3.62446	14.0775	17.7019
BLOCK09/SES098/SA098S27	SES147	-2.21689	15.485	17.7019
BLOCK09/SES098/SA098S27	SES148	-3.68384	14.0181	17.7019
BLOCK09/SES098/SA098S27	SES292	-1.91515	15.7868	17.7019
BLOCK10/SES102/SA102S13	SES101	-0.329411	17.0864	17.4158
BLOCK10/SES102/SA102S13	SES105	-0.845131	16.5707	17.4158
BLOCK10/SES102/SA102S13	SES120	-1.56855	15.8472	17.4158
BLOCK10/SES102/SA102S13	SES158	-3.00372	14.4121	17.4158
BLOCK10/SES102/SA102S14	SES007	-0.432846	19.5274	19.9602
BLOCK10/SES102/SA102S14	SES101	0.0821533	20.0424	19.9602
BLOCK10/SES102/SA102S14	SES105	-0.191389	19.7689	19.9602
BLOCK10/SES102/SA102S14	SES147	-2.72338	17.2369	19.9602
BLOCK10/SES102/SA102S22	SES007	-1.73298	17.5259	19.2589
BLOCK10/SES102/SA102S22	SES101	-0.156208	19.1027	19.2589
BLOCK10/SES102/SA102S22	SES105	-0.746399	18.5125	19.2589
BLOCK10/SES102/SA102S22	SES158	-2.5376	16.7213	19.2589
BLOCK10/SES102/SA102S25	SES007	-0.950205	19.3093	20.2595
BLOCK10/SES102/SA102S25	SES101	-0.0156994	20.2438	20.2595
BLOCK10/SES102/SA102S25	SES105	-0.805622	19.4538	20.2595
BLOCK10/SES102/SA102S25	SES147	-3.1272	17.1323	20.2595
BLOCK10/SES102/SA102S27	SES007	-1.33931	17.7368	19.0761
BLOCK10/SES102/SA102S27	SES101	0.262293	19.3384	19.0761
BLOCK10/SES102/SA102S27	SES105	-0.881769	18.1944	19.0761
BLOCK10/SES102/SA102S27	SES147	-2.27097	16.8052	19.0761
BLOCK10/SES103/SA103S14	SES105	-2.77199	15.1206	17.8925
BLOCK10/SES103/SA103S14	SES106	-1.40658	16.486	17.8925
BLOCK10/SES103/SA103S14	SES120	-3.10093	14.7916	17.8925
BLOCK10/SES103/SA103S14	SES206	-3.02012	14.8724	17.8925
BLOCK10/SES103/SA103S15	SES099	-2.30223	14.5794	16.8816
BLOCK10/SES103/SA103S15	SES101	-4.78441	12.0972	16.8816
BLOCK10/SES103/SA103S15	SES104	-2.4328	14.4488	16.8816
BLOCK10/SES103/SA103S15	SES125	-2.44981	14.4318	16.8816
BLOCK10/SES103/SA103S24	SES104	-2.25595	17.4052	19.6611
BLOCK10/SES103/SA103S24	SES125	-2.46135	17.1998	19.6611
BLOCK10/SES103/SA103S24	SES148	-3.70465	15.9565	19.6611
BLOCK10/SES103/SA103S24	SES158	-1.92622	17.7349	19.6611
BLOCK10/SES103/SA103S26	SES104	-2.92173	13.7502	16.6719
BLOCK10/SES103/SA103S26	SES106	-1.39558	15.2763	16.6719
BLOCK10/SES103/SA103S26	SES125	-2.25588	14.416	16.6719
BLOCK10/SES103/SA103S26	SES148	-4.8669	11.805	16.6719
BLOCK10/SES103/SA103S28	SES104	-3.33551	13.1736	16.5091
BLOCK10/SES103/SA103S28	SES106	-1.42574	15.0834	16.5091
BLOCK10/SES103/SA103S28	SES125	-2.91258	13.5966	16.5091
BLOCK10/SES103/SA103S28	SES206	-3.789	12.7201	16.5091
BLOCK12/SES121/SA121S12	SES042	-1.98158	12.6068	14.5884
BLOCK12/SES121/SA121S12	SES087	-2.16566	12.4227	14.5884
BLOCK12/SES121/SA121S12	SES105	-1.05283	13.5356	14.5884
BLOCK12/SES121/SA121S12	SES206	-2.24423	12.3442	14.5884
BLOCK12/SES121/SA121S14	SES007	-2.54149	13.0239	15.5654
BLOCK12/SES121/SA121S14	SES105	-2.25382	13.3115	15.5654
BLOCK12/SES121/SA121S14	SES106	-2.34557	13.2198	15.5654
BLOCK12/SES121/SA121S14	SES206	-2.86084	12.7045	15.5654
BLOCK12/SES121/SA121S23	SES105	-1.75957	12.7727	14.5323
BLOCK12/SES121/SA121S23	SES106	-0.995596	13.5367	14.5323
BLOCK12/SES121/SA121S23	SES120	-2.11054	12.4218	14.5323
BLOCK12/SES121/SA121S23	SES206	-2.10912	12.4232	14.5323
BLOCK12/SES121/SA121S25	SES007	-1.85629	11.6165	13.4728
BLOCK12/SES121/SA121S25	SES105	-1.92419	11.5486	13.4728
BLOCK12/SES121/SA121S25	SES106	-1.27547	12.1973	13.4728
BLOCK12/SES121/SA121S25	SES206	-3.22615	10.2466	13.4728
BLOCK12/SES121/SA121S27	SES087	-1.92254	13.5931	15.5156
BLOCK12/SES121/SA121S27	SES105	-3.20566	12.31	15.5156
BLOCK12/SES121/SA121S27	SES120	-0.959836	14.5558	15.5156
BLOCK12/SES121/SA121S27	SES206	-2.37555	13.1401	15.5156
BLOCK12/SES124/SA124S16	SES042	-0.813995	17.2587	18.0727
BLOCK12/SES124/SA124S16	SES082	-2.57676	15.496	18.0727
BLOCK12/SES124/SA124S16	SES183	-2.3177	15.755	18.0727
BLOCK12/SES124/SA124S16	SES206	-2.38648	15.6862	18.0727
BLOCK12/SES124/SA124S17	SES105	-2.4207	14.1275	16.5482
BLOCK12/SES124/SA124S17	SES149	-2.96673	13.5815	16.5482
BLOCK12/SES124/SA124S17	SES158	-2.97529	13.5729	16.5482
BLOCK12/SES124/SA124S17	SES275	-2.03238	14.5158	16.5482
BLOCK12/SES124/SA124S23	SES105	-2.69223	17.5344	20.2267
BLOCK12/SES124/SA124S23	SES125	-0.326235	19.9004	20.2267
BLOCK12/SES124/SA124S23	SES129	-3.13098	17.0957	20.2267
BLOCK12/SES124/SA124S23	SES158	-1.14605	19.0806	20.2267
BLOCK12/SES124/SA124S26	SES105	-3.43504	16.6421	20.0772
BLOCK12/SES124/SA124S26	SES125	-1.46064	18.6166	20.0772
BLOCK12/SES124/SA124S26	SES129	-3.69283	16.3844	20.0772
BLOCK12/SES124/SA124S26	SES158	-2.28697	17.7902	20.0772
BLOCK12/SES124/SA124S28	SES104	-1.40695	18.1119	19.5188
BLOCK12/SES124/SA124S28	SES106	-1.32501	18.1938	19.5188
BLOCK12/SES124/SA124S28	SES125	-0.507925	19.0109	19.5188
BLOCK12/SES124/SA124S28	SES275	-3.06548	16.4533	19.5188
BLOCK12/SES126/SA126S13	SES007	-1.84598	15.6437	17.4896
BLOCK12/SES126/SA126S13	SES162	-2.25663	15.233	17.4896
BLOCK12/SES126/SA126S13	SES177	-0.979885	16.5097	17.4896
BLOCK12/SES126/SA126S13	SES180	-1.80522	15.6844	17.4896
BLOCK12/SES126/SA126S14	SES144	-1.27406	19.1139	20.388
BLOCK12/SES126/SA126S14	SES148	-1.84563	18.5424	20.388
BLOCK12/SES126/SA126S14	SES177	-0.615402	19.7726	20.388
BLOCK12/SES126/SA126S14	SES180	-1.90721	18.4808	20.388
BLOCK12/SES126/SA126S20	SES007	-3.55002	14.4405	17.9905
BLOCK12/SES126/SA126S20	SES162	-3.27796	14.7126	17.9905
BLOCK12/SES126/SA126S20	SES172	-5.3169	12.6736	17.9905
BLOCK12/SES126/SA126S20	SES180	-3.12399	14.8665	17.9905
BLOCK12/SES126/SA126S24	SES120	-1.46615	19.276	20.7421
BLOCK12/SES126/SA126S24	SES162	-2.11677	18.6253	20.7421
BLOCK12/SES126/SA126S24	SES177	-1.00606	19.736	20.7421
BLOCK12/SES126/SA126S24	SES180	-1.38094	19.3612	20.7421
BLOCK12/SES126/SA126S26	SES120	-0.901644	18.7288	19.6305
BLOCK12/SES126/SA126S26	SES177	-1.21253	18.4179	19.6305
BLOCK12/SES126/SA126S26	SES180	-1.84355	17.7869	19.6305
BLOCK12/SES126/SA126S26	SES202	-1.8317	17.7988	19.6305
BLOCK12/SES128/SA128S10	SES087	-2.66957	17.1836	19.8531
BLOCK12/SES128/SA128S10	SES206	-1.62407	18.2291	19.8531
BLOCK12/SES128/SA128S10	SES226	-0.638195	19.2149	19.8531
BLOCK12/SES128/SA128S10	SES270	-1.34465	18.5085	19.8531
BLOCK12/SES128/SA128S12	SES120	-1.82264	17.3276	19.1502
BLOCK12/SES128/SA128S12	SES158	-2.04801	17.1022	19.1502
BLOCK12/SES128/SA128S12	SES206	-1.57256	17.5777	19.1502
BLOCK12/SES128/SA128S12	SES226	-1.96864	17.1816	19.1502
BLOCK12/SES128/SA128S21	SES106	-3.07034	15.2079	18.2783
BLOCK12/SES128/SA128S21	SES120	-2.76649	15.5118	18.2783
BLOCK12/SES128/SA128S21	SES206	-2.56901	15.7093	18.2783
BLOCK12/SES128/SA128S21	SES226	-1.89691	16.3814	18.2783
BLOCK12/SES128/SA128S24	SES087	-1.9944	16.5157	18.5101
BLOCK12/SES128/SA128S24	SES120	-1.78063	16.7294	18.5101
BLOCK12/SES128/SA128S24	SES206	-1.7473	16.7628	18.5101
BLOCK12/SES128/SA128S24	SES226	-2.22211	16.288	18.5101
BLOCK12/SES128/SA128S27	SES099	-1.56194	18.4185	19.9804
BLOCK12/SES128/SA128S27	SES120	-1.34806	18.6323	19.9804
BLOCK12/SES128/SA128S27	SES206	-1.86427	18.1161	19.9804
BLOCK12/SES128/SA128S27	SES226	-1.9563	18.0241	19.9804
BLOCK13/SES130/SA130S13	SES143	-1.23874	16.8984	18.1372
BLOCK13/SES130/SA130S13	SES144	-0.00872993	18.1285	18.1372
BLOCK13/SES130/SA130S13	SES146	-0.796003	17.3412	18.1372
BLOCK13/SES130/SA130S13	SES275	-2.5993	15.5379	18.1372
BLOCK13/SES130/SA130S15	SES143	-1.90304	18.302	20.2051
BLOCK13/SES130/SA130S15	SES144	-0.345848	19.8592	20.2051
BLOCK13/SES130/SA130S15	SES146	-1.16837	19.0367	20.2051
BLOCK13/SES130/SA130S15	SES275	-1.55259	18.6525	20.2051
BLOCK13/SES130/SA130S23	SES127	-1.8807	15.8848	17.7655
BLOCK13/SES130/SA130S23	SES144	-1.60369	16.1618	17.7655
BLOCK13/SES130/SA130S23	SES146	-1.00964	16.7558	17.7655
BLOCK13/SES130/SA130S23	SES162	-1.05088	16.7146	17.7655
BLOCK13/SES130/SA130S25	SES127	-1.27918	18.5555	19.8347
BLOCK13/SES130/SA130S25	SES144	-0.757446	19.0773	19.8347
BLOCK13/SES130/SA130S25	SES146	-0.673983	19.1607	19.8347
BLOCK13/SES130/SA130S25	SES275	-1.06378	18.7709	19.8347
BLOCK13/SES130/SA130S28	SES127	-1.37361	17.8834	19.257
BLOCK13/SES130/SA130S28	SES144	-1.18665	18.0703	19.257
BLOCK13/SES130/SA130S28	SES146	-0.546825	18.7101	19.257
BLOCK13/SES130/SA130S28	SES275	-0.884789	18.3722	19.257
BLOCK13/SES131/SA131S13	SES002	-2.07327	14.0652	16.1384
BLOCK13/SES131/SA131S13	SES007	-2.87494	13.2635	16.1384
BLOCK13/SES131/SA131S13	SES099	-2.30991	13.8285	16.1384
BLOCK13/SES131/SA131S13	SES105	-2.11822	14.0202	16.1384
BLOCK13/SES131/SA131S14	SES104	-0.672855	16.5563	17.2292
BLOCK13/SES131/SA131S14	SES106	-1.01345	16.2157	17.2292
BLOCK13/SES131/SA131S14	SES125	-1.74422	15.485	17.2292
BLOCK13/SES131/SA131S14	SES148	-1.38202	15.8471	17.2292
BLOCK13/SES131/SA131S20	SES104	-3.39125	12.6637	16.055
BLOCK13/SES131/SA131S20	SES106	-2.29154	13.7634	16.055
BLOCK13/SES131/SA131S20	SES125	-3.46068	12.5943	16.055
BLOCK13/SES131/SA131S20	SES148	-2.28265	13.7723	16.055
BLOCK13/SES131/SA131S22	SES099	-2.49644	15.2258	17.7223
BLOCK13/SES131/SA131S22	SES104	-2.42099	15.3013	17.7223
BLOCK13/SES131/SA131S22	SES125	-2.43378	15.2885	17.7223
BLOCK13/SES131/SA131S22	SES206	-2.87654	14.8457	17.7223
BLOCK13/SES131/SA131S29	SES087	-2.0664	14.5844	16.6508
BLOCK13/SES131/SA131S29	SES104	-3.45123	13.1995	16.6508
BLOCK13/SES131/SA131S29	SES125	-3.34552	13.3052	16.6508
BLOCK13/SES131/SA131S29	SES206	-3.0717	13.5791	16.6508
BLOCK13/SES132/SA132S11	SES083	-2.09416	18.3976	20.4917
BLOCK13/SES132/SA132S11	SES120	-0.648399	19.8433	20.4917
BLOCK13/SES132/SA132S11	SES127	-1.56992	18.9218	20.4917
BLOCK13/SES132/SA132S11	SES275	-1.67733	18.8144	20.4917
BLOCK13/SES132/SA132S12	SES083	-2.68568	17.0349	19.7206
BLOCK13/SES132/SA132S12	SES143	-1.64619	18.0744	19.7206
BLOCK13/SES132/SA132S12	SES144	-1.51762	18.203	19.7206
BLOCK13/SES132/SA132S12	SES148	-1.37157	18.349	19.7206
BLOCK13/SES132/SA132S22	SES062	-1.17142	18.9986	20.17
BLOCK13/SES132/SA132S22	SES083	-1.31805	18.8519	20.17
BLOCK13/SES132/SA132S22	SES127	-1.21144	18.9586	20.17
BLOCK13/SES132/SA132S22	SES275	-1.28987	18.8801	20.17
BLOCK13/SES132/SA132S24	SES007	-1.44161	19.2349	20.6765
BLOCK13/SES132/SA132S24	SES083	-2.01627	18.6602	20.6765
BLOCK13/SES132/SA132S24	SES127	-1.74681	18.9297	20.6765
BLOCK13/SES132/SA132S24	SES275	-1.48023	19.1962	20.6765
BLOCK13/SES132/SA132S27	SES083	-2.06325	17.3797	19.443
BLOCK13/SES132/SA132S27	SES120	-0.0759106	19.3671	19.443
BLOCK13/SES132/SA132S27	SES127	-1.66411	17.7789	19.443
BLOCK13/SES132/SA132S27	SES275	-1.68885	17.7541	19.443
BLOCK14/SES141/SA141S09	SES143	-0.962023	18.7797	19.7417
BLOCK14/SES141/SA141S09	SES144	-0.576914	19.1648	19.7417
BLOCK14/SES141/SA141S09	SES162	-1.62848	18.1133	19.7417
BLOCK14/SES141/SA141S09	SES180	-1.14636	18.5954	19.7417
BLOCK14/SES141/SA141S15	SES127	-0.976612	18.5011	19.4777
BLOCK14/SES141/SA141S15	SES144	-1.16979	18.3079	19.4777
BLOCK14/SES141/SA141S15	SES162	-1.79987	17.6778	19.4777
BLOCK14/SES141/SA141S15	SES180	-1.17845	18.2993	19.4777
BLOCK14/SES141/SA141S24	SES127	-1.49375	18.6927	20.1864
BLOCK14/SES141/SA141S24	SES144	-1.80897	18.3775	20.1864
BLOCK14/SES141/SA141S24	SES162	-1.82516	18.3613	20.1864
BLOCK14/SES141/SA141S24	SES183	-1.98517	18.2013	20.1864
BLOCK14/SES141/SA141S26	SES142	-1.32856	18.5852	19.9138
BLOCK14/SES141/SA141S26	SES144	-1.44408	18.4697	19.9138
BLOCK14/SES141/SA141S26	SES172	-0.738428	19.1753	19.9138
BLOCK14/SES141/SA141S26	SES180	-1.16563	18.7481	19.9138
BLOCK14/SES141/SA141S29	SES127	-0.496437	19.4847	19.9812
BLOCK14/SES141/SA141S29	SES142	-0.483936	19.4972	19.9812
BLOCK14/SES141/SA141S29	SES144	-1.3343	18.6469	19.9812
BLOCK14/SES141/SA141S29	SES180	-0.742228	19.239	19.9812
BLOCK15/SES157/SA157S08	SES083	-2.53316	16.9163	19.4494
BLOCK15/SES157/SA157S08	SES127	-1.12875	18.3207	19.4494
BLOCK15/SES157/SA157S08	SES148	-1.73089	17.7185	19.4494
BLOCK15/SES157/SA157S08	SES292	-1.99069	17.4587	19.4494
BLOCK15/SES157/SA157S11	SES083	-2.6084	16.9445	19.5529
BLOCK15/SES157/SA157S11	SES127	-1.62315	17.9297	19.5529
BLOCK15/SES157/SA157S11	SES148	-2.12568	17.4272	19.5529
BLOCK15/SES157/SA157S11	SES292	-2.558	16.9949	19.5529
BLOCK15/SES157/SA157S21	SES127	-1.19807	18.907	20.1051
BLOCK15/SES157/SA157S21	SES148	-0.471632	19.6334	20.1051
BLOCK15/SES157/SA157S21	SES158	-5.16027	14.9448	20.1051
BLOCK15/SES157/SA157S21	SES292	-1.78041	18.3247	20.1051
BLOCK15/SES157/SA157S24	SES127	-0.773052	19.7235	20.4965
BLOCK15/SES157/SA157S24	SES148	-1.70916	18.7874	20.4965
BLOCK15/SES157/SA157S24	SES183	-2.1643	18.3322	20.4965
BLOCK15/SES157/SA157S24	SES292	-2.42996	18.0666	20.4965
BLOCK15/SES157/SA157S26	SES007	-0.817751	18.7781	19.5958
BLOCK15/SES157/SA157S26	SES127	-0.655521	18.9403	19.5958
BLOCK15/SES157/SA157S26	SES147	-2.23921	17.3566	19.5958
BLOCK15/SES157/SA157S26	SES148	-1.23	18.3658	19.5958
BLOCK16/SES161/SA161S10	SES007	-2.26578	14.6598	16.9256
BLOCK16/SES161/SA161S10	SES105	-1.74622	15.1793	16.9256
BLOCK16/SES161/SA161S10	SES158	-1.82946	15.0961	16.9256
BLOCK16/SES161/SA161S10	SES275	-1.5807	15.3449	16.9256
BLOCK16/SES161/SA161S12	SES007	-2.27942	14.9064	17.1859
BLOCK16/SES161/SA161S12	SES105	-2.98776	14.1981	17.1859
BLOCK16/SES161/SA161S12	SES158	-1.74353	15.4423	17.1859
BLOCK16/SES161/SA161S12	SES275	-1.66673	15.5191	17.1859
BLOCK16/SES161/SA161S20	SES007	-2.29643	14.1126	16.4091
BLOCK16/SES161/SA161S20	SES105	-2.5611	13.848	16.4091
BLOCK16/SES161/SA161S20	SES158	-1.70422	14.7049	16.4091
BLOCK16/SES161/SA161S20	SES275	-2.53362	13.8754	16.4091
BLOCK16/SES161/SA161S23	SES007	-2.47867	14.7847	17.2634
BLOCK16/SES161/SA161S23	SES105	-1.92945	15.3339	17.2634
BLOCK16/SES161/SA161S23	SES148	-2.05954	15.2038	17.2634
BLOCK16/SES161/SA161S23	SES158	-2.17973	15.0836	17.2634
BLOCK16/SES161/SA161S28	SES007	-2.61726	15.5541	18.1713
BLOCK16/SES161/SA161S28	SES105	-2.76547	15.4059	18.1713
BLOCK16/SES161/SA161S28	SES158	-1.36294	16.8084	18.1713
BLOCK16/SES161/SA161S28	SES206	-1.84834	16.323	18.1713
BLOCK16/SES164/SA164S11	SES104	-1.89138	18.6173	20.5086
BLOCK16/SES164/SA164S11	SES125	-1.59018	18.9185	20.5086
BLOCK16/SES164/SA164S11	SES158	-1.27155	19.2371	20.5086
BLOCK16/SES164/SA164S11	SES206	-2.29767	18.211	20.5086
BLOCK16/SES164/SA164S13	SES099	-2.05971	17.1784	19.2382
BLOCK16/SES164/SA164S13	SES104	-2.35382	16.8843	19.2382
BLOCK16/SES164/SA164S13	SES125	-2.31351	16.9246	19.2382
BLOCK16/SES164/SA164S13	SES206	-1.78169	17.4565	19.2382
BLOCK16/SES164/SA164S24	SES002	-0.617855	19.3138	19.9316
BLOCK16/SES164/SA164S24	SES099	-2.56042	17.3712	19.9316
BLOCK16/SES164/SA164S24	SES125	-2.85893	17.0727	19.9316
BLOCK16/SES164/SA164S24	SES226	-0.853422	19.0782	19.9316
BLOCK16/SES164/SA164S27	SES087	-2.36466	17.2979	19.6626
BLOCK16/SES164/SA164S27	SES125	-2.20448	17.4581	19.6626
BLOCK16/SES164/SA164S27	SES206	-1.93634	17.7262	19.6626
BLOCK16/SES164/SA164S27	SES226	-2.03748	17.6251	19.6626
BLOCK16/SES164/SA164S29	SES002	0.119989	19.0874	18.9674
BLOCK16/SES164/SA164S29	SES019	-1.21698	17.7504	18.9674
BLOCK16/SES164/SA164S29	SES125	-1.62012	17.3473	18.9674
BLOCK16/SES164/SA164S29	SES226	-1.94552	17.0219	18.9674
BLOCK16/SES169/SA169S13	SES117	-1.43745	17.201	18.6384
BLOCK16/SES169/SA169S13	SES144	-0.897032	17.7414	18.6384
BLOCK16/SES169/SA169S13	SES146	-0.859261	17.7792	18.6384
BLOCK16/SES169/SA169S13	SES162	-0.997044	17.6414	18.6384
BLOCK16/SES169/SA169S14	SES144	-1.67342	18.212	19.8855
BLOCK16/SES169/SA169S14	SES148	-1.69408	18.1914	19.8855
BLOCK16/SES169/SA169S14	SES177	-1.32362	18.5618	19.8855
BLOCK16/SES169/SA169S14	SES180	-1.87859	18.0069	19.8855
BLOCK16/SES169/SA169S24	SES117	-1.76637	15.8562	17.6226
BLOCK16/SES169/SA169S24	SES144	-0.827219	16.7954	17.6226
BLOCK16/SES169/SA169S24	SES146	-0.679207	16.9434	17.6226
BLOCK16/SES169/SA169S24	SES162	-0.906036	16.7166	17.6226
BLOCK16/SES169/SA169S27	SES127	-0.932878	17.746	18.6789
BLOCK16/SES169/SA169S27	SES129	-1.43419	17.2447	18.6789
BLOCK16/SES169/SA169S27	SES144	-1.63574	17.0431	18.6789
BLOCK16/SES169/SA169S27	SES146	-0.465027	18.2139	18.6789
BLOCK16/SES169/SA169S29	SES144	-0.881067	18.5159	19.3969
BLOCK16/SES169/SA169S29	SES162	-0.719488	18.6774	19.3969
BLOCK16/SES169/SA169S29	SES177	-2.16972	17.2272	19.3969
BLOCK16/SES169/SA169S29	SES180	-1.12436	18.2726	19.3969
BLOCK17/SES171/SA171S12	SES083	-1.79498	16.8456	18.6406
BLOCK17/SES171/SA171S12	SES148	-2.3641	16.2765	18.6406
BLOCK17/SES171/SA171S12	SES172	-1.29761	17.343	18.6406
BLOCK17/SES171/SA171S12	SES292	-2.31894	16.3216	18.6406
BLOCK17/SES171/SA171S15	SES148	-2.25092	15.1729	17.4238
BLOCK17/SES171/SA171S15	SES177	-1.1567	16.2671	17.4238
BLOCK17/SES171/SA171S15	SES180	-4.05398	13.3699	17.4238
BLOCK17/SES171/SA171S15	SES292	-3.7911	13.6327	17.4238
BLOCK17/SES171/SA171S22	SES007	-1.99129	17.6018	19.5931
BLOCK17/SES171/SA171S22	SES148	-2.17257	17.4205	19.5931
BLOCK17/SES171/SA171S22	SES177	-0.695032	18.8981	19.5931
BLOCK17/SES171/SA171S22	SES180	-2.47418	17.1189	19.5931
BLOCK17/SES171/SA171S25	SES101	-3.12031	15.4071	18.5274
BLOCK17/SES171/SA171S25	SES120	-4.44786	14.0795	18.5274
BLOCK17/SES171/SA171S25	SES177	-1.85069	16.6767	18.5274
BLOCK17/SES171/SA171S25	SES180	-3.0201	15.5073	18.5274
BLOCK17/SES171/SA171S27	SES177	-1.02072	17.7987	18.8195
BLOCK17/SES171/SA171S27	SES180	-2.90528	15.9142	18.8195
BLOCK17/SES171/SA171S27	SES189	-1.09599	17.7235	18.8195
BLOCK17/SES171/SA171S27	SES292	-2.17482	16.6446	18.8195
BLOCK17/SES173/SA173S13	SES162	-3.60465	14.7353	18.34
BLOCK17/SES173/SA173S13	SES177	-1.59653	16.7434	18.34
BLOCK17/SES173/SA173S13	SES180	-2.69617	15.6438	18.34
BLOCK17/SES173/SA173S13	SES292	-1.32234	17.0176	18.34
BLOCK17/SES173/SA173S14	SES007	-1.84285	15.2275	17.0703
BLOCK17/SES173/SA173S14	SES162	-3.01957	14.0508	17.0703
BLOCK17/SES173/SA173S14	SES177	-1.73395	15.3364	17.0703
BLOCK17/SES173/SA173S14	SES180	-2.96621	14.1041	17.0703
BLOCK17/SES173/SA173S24	SES144	-1.84042	15.2736	17.114
BLOCK17/SES173/SA173S24	SES162	-2.784	14.33	17.114
BLOCK17/SES173/SA173S24	SES177	-1.68338	15.4307	17.114
BLOCK17/SES173/SA173S24	SES180	-3.08985	14.0242	17.114
BLOCK17/SES173/SA173S27	SES162	-3.33268	15.117	18.4496
BLOCK17/SES173/SA173S27	SES177	-1.63841	16.8112	18.4496
BLOCK17/SES173/SA173S27	SES180	-2.06265	16.387	18.4496
BLOCK17/SES173/SA173S27	SES292	-0.911121	17.5385	18.4496
BLOCK17/SES173/SA173S29	SES162	-2.71305	15.4153	18.1283
BLOCK17/SES173/SA173S29	SES175	-1.87329	16.2551	18.1283
BLOCK17/SES173/SA173S29	SES177	-1.83215	16.2962	18.1283
BLOCK17/SES173/SA173S29	SES292	-2.75801	15.3703	18.1283
BLOCK18/SES182/SA182S10	SES144	-1.45902	17.1713	18.6303
BLOCK18/SES182/SA182S10	SES177	-1.34833	17.282	18.6303
BLOCK18/SES182/SA182S10	SES180	-2.35569	16.2746	18.6303
BLOCK18/SES182/SA182S10	SES275	-0.360392	18.2699	18.6303
BLOCK18/SES182/SA182S12	SES144	-0.831928	17.8622	18.6941
BLOCK18/SES182/SA182S12	SES177	-1.14792	17.5462	18.6941
BLOCK18/SES182/SA182S12	SES180	-1.82846	16.8656	18.6941
BLOCK18/SES182/SA182S12	SES275	-0.972223	17.7219	18.6941
BLOCK18/SES182/SA182S21	SES117	-1.22264	16.5365	17.7591
BLOCK18/SES182/SA182S21	SES144	-1.31592	16.4432	17.7591
BLOCK18/SES182/SA182S21	SES162	-0.864027	16.8951	17.7591
BLOCK18/SES182/SA182S21	SES180	-1.90563	15.8535	17.7591
BLOCK18/SES182/SA182S23	SES117	-0.667286	18.0515	18.7188
BLOCK18/SES182/SA182S23	SES144	-1.4027	17.3161	18.7188
BLOCK18/SES182/SA182S23	SES180	-1.96626	16.7526	18.7188
BLOCK18/SES182/SA182S23	SES275	-0.516846	18.202	18.7188
BLOCK18/SES182/SA182S25	SES007	-0.171329	18.6473	18.8187
BLOCK18/SES182/SA182S25	SES162	-1.02292	17.7957	18.8187
BLOCK18/SES182/SA182S25	SES177	-1.14907	17.6696	18.8187
BLOCK18/SES182/SA182S25	SES180	-1.6189	17.1998	18.8187
BLOCK18/SES184/SA184S12	SES177	-1.71305	18.1355	19.8486
BLOCK18/SES184/SA184S12	SES180	-1.30584	18.5427	19.8486
BLOCK18/SES184/SA184S12	SES189	-2.64567	17.2029	19.8486
BLOCK18/SES184/SA184S12	SES292	-1.57559	18.273	19.8486
BLOCK18/SES184/SA184S13	SES101	-1.43851	18.0697	19.5082
BLOCK18/SES184/SA184S13	SES177	-1.36355	18.1447	19.5082
BLOCK18/SES184/SA184S13	SES180	-1.8871	17.6211	19.5082
BLOCK18/SES184/SA184S13	SES292	-2.2209	17.2873	19.5082
BLOCK18/SES184/SA184S22	SES177	-1.73019	19.2193	20.9495
BLOCK18/SES184/SA184S22	SES180	-1.68372	19.2658	20.9495
BLOCK18/SES184/SA184S22	SES189	-2.57447	18.3751	20.9495
BLOCK18/SES184/SA184S22	SES292	-1.50446	19.4451	20.9495
BLOCK18/SES184/SA184S25	SES101	-1.30271	20.1236	21.4263
BLOCK18/SES184/SA184S25	SES177	-2.02021	19.4061	21.4263
BLOCK18/SES184/SA184S25	SES180	-1.52205	19.9043	21.4263
BLOCK18/SES184/SA184S25	SES292	-1.33462	20.0917	21.4263
BLOCK18/SES184/SA184S27	SES083	-1.18423	18.0497	19.234
BLOCK18/SES184/SA184S27	SES177	-1.33984	17.8941	19.234
BLOCK18/SES184/SA184S27	SES202	-1.59327	17.6407	19.234
BLOCK18/SES184/SA184S27	SES292	-1.2977	17.9363	19.234
BLOCK20/SES204/SA204S12	SES062	-1.78027	18.6765	20.4567
BLOCK20/SES204/SA204S12	SES083	-3.30183	17.1549	20.4567
BLOCK20/SES204/SA204S12	SES206	-1.84289	18.6138	20.4567
BLOCK20/SES204/SA204S12	SES226	-2.46362	17.9931	20.4567
BLOCK20/SES204/SA204S14	SES068	-1.70174	20.0045	21.7062
BLOCK20/SES204/SA204S14	SES087	-0.714939	20.9913	21.7062
BLOCK20/SES204/SA204S14	SES206	-2.19723	19.509	21.7062
BLOCK20/SES204/SA204S14	SES226	-2.55296	19.1532	21.7062
BLOCK20/SES204/SA204S22	SES068	-1.97707	18.5195	20.4966
BLOCK20/SES204/SA204S22	SES082	-3.67879	16.8178	20.4966
BLOCK20/SES204/SA204S22	SES083	-4.00713	16.4895	20.4966
BLOCK20/SES204/SA204S22	SES206	-2.12396	18.3726	20.4966
BLOCK20/SES204/SA204S25	SES062	-2.74778	17.9535	20.7012
BLOCK20/SES204/SA204S25	SES083	-2.99927	17.702	20.7012
BLOCK20/SES204/SA204S25	SES206	-1.75142	18.9498	20.7012
BLOCK20/SES204/SA204S25	SES226	-2.29244	18.4088	20.7012
BLOCK20/SES204/SA204S27	SES068	-2.23247	17.9237	20.1562
BLOCK20/SES204/SA204S27	SES082	-3.53849	16.6177	20.1562
BLOCK20/SES204/SA204S27	SES087	-1.52894	18.6272	20.1562
BLOCK20/SES204/SA204S27	SES206	-1.88739	18.2688	20.1562
BLOCK20/SES207/SA207S10	SES127	-1.14808	17.301	18.4491
BLOCK20/SES207/SA207S10	SES183	-1.83068	16.6184	18.4491
BLOCK20/SES207/SA207S10	SES189	-1.92656	16.5225	18.4491
BLOCK20/SES207/SA207S10	SES292	-1.42558	17.0235	18.4491
BLOCK20/SES207/SA207S11	SES127	-2.19908	15.9536	18.1527
BLOCK20/SES207/SA207S11	SES183	-1.77261	16.3801	18.1527
BLOCK20/SES207/SA207S11	SES187	-1.43067	16.7221	18.1527
BLOCK20/SES207/SA207S11	SES292	-1.24647	16.9063	18.1527
BLOCK20/SES207/SA207S25	SES068	-1.94644	16.9881	18.9346
BLOCK20/SES207/SA207S25	SES083	-1.87525	17.0593	18.9346
BLOCK20/SES207/SA207S25	SES127	-0.826754	18.1078	18.9346
BLOCK20/SES207/SA207S25	SES187	-1.07518	17.8594	18.9346
BLOCK20/SES207/SA207S27	SES127	-1.85022	15.4782	17.3284
BLOCK20/SES207/SA207S27	SES183	-1.05099	16.2775	17.3284
BLOCK20/SES207/SA207S27	SES187	-1.67401	15.6544	17.3284
BLOCK20/SES207/SA207S27	SES292	-2.08757	15.2409	17.3284
BLOCK20/SES207/SA207S29	SES083	-2.29172	16.9232	19.2149
BLOCK20/SES207/SA207S29	SES085	-1.34362	17.8713	19.2149
BLOCK20/SES207/SA207S29	SES172	-0.900288	18.3146	19.2149
BLOCK20/SES207/SA207S29	SES189	-2.32261	16.8923	19.2149
BLOCK22/SES221/SA221S12	SES068	-1.17537	18.8147	19.9901
BLOCK22/SES221/SA221S12	SES143	-1.684	18.3061	19.9901
BLOCK22/SES221/SA221S12	SES175	-1.14479	18.8453	19.9901
BLOCK22/SES221/SA221S12	SES202	-1.70934	18.2808	19.9901
BLOCK22/SES221/SA221S15	SES085	-2.87856	15.3159	18.1945
BLOCK22/SES221/SA221S15	SES143	-2.24943	15.945	18.1945
BLOCK22/SES221/SA221S15	SES175	-1.94862	16.2458	18.1945
BLOCK22/SES221/SA221S15	SES187	-2.32948	15.865	18.1945
BLOCK22/SES221/SA221S23	SES068	-2.62206	17.1932	19.8152
BLOCK22/SES221/SA221S23	SES143	-2.23191	17.5833	19.8152
BLOCK22/SES221/SA221S23	SES175	-0.979788	18.8355	19.8152
BLOCK22/SES221/SA221S23	SES189	-0.327486	19.4878	19.8152
BLOCK22/SES221/SA221S27	SES085	-2.5653	17.4152	19.9805
BLOCK22/SES221/SA221S27	SES143	-1.93571	18.0448	19.9805
BLOCK22/SES221/SA221S27	SES175	-1.0793	18.9012	19.9805
BLOCK22/SES221/SA221S27	SES189	0.085453	20.0659	19.9805
BLOCK22/SES221/SA221S29	SES085	-3.63962	14.3446	17.9843
BLOCK22/SES221/SA221S29	SES143	-2.2748	15.7095	17.9843
BLOCK22/SES221/SA221S29	SES175	-0.685575	17.2987	17.9843
BLOCK22/SES221/SA221S29	SES187	-0.363583	17.6207	17.9843
BLOCK22/SES223/SA223S11	SES143	-1.03766	17.3363	18.3739
BLOCK22/SES223/SA223S11	SES144	-2.86459	15.5093	18.3739
BLOCK22/SES223/SA223S11	SES175	-0.864368	17.5095	18.3739
BLOCK22/SES223/SA223S11	SES187	-2.05754	16.3164	18.3739
BLOCK22/SES223/SA223S13	SES068	-2.43305	14.7269	17.1599
BLOCK22/SES223/SA223S13	SES143	-2.20618	14.9538	17.1599
BLOCK22/SES223/SA223S13	SES146	-2.84407	14.3159	17.1599
BLOCK22/SES223/SA223S13	SES202	-2.14892	15.011	17.1599
BLOCK22/SES223/SA223S22	SES143	-1.46853	17.0694	18.5379
BLOCK22/SES223/SA223S22	SES144	-2.72971	15.8082	18.5379
BLOCK22/SES223/SA223S22	SES175	-2.45905	16.0788	18.5379
BLOCK22/SES223/SA223S22	SES187	-1.92029	16.6176	18.5379
BLOCK22/SES223/SA223S25	SES068	-1.73525	17.6685	19.4037
BLOCK22/SES223/SA223S25	SES143	-1.7528	17.6509	19.4037
BLOCK22/SES223/SA223S25	SES175	-1.74847	17.6553	19.4037
BLOCK22/SES223/SA223S25	SES187	-1.30138	18.1024	19.4037
BLOCK22/SES223/SA223S27	SES143	-1.65874	16.3549	18.0137
BLOCK22/SES223/SA223S27	SES146	-2.10367	15.91	18.0137
BLOCK22/SES223/SA223S27	SES187	-2.2099	15.8038	18.0137
BLOCK22/SES223/SA223S27	SES292	-3.24222	14.7715	18.0137
BLOCK27/SES273/SA273S12	SES099	-0.528364	21.9534	22.4818
BLOCK27/SES273/SA273S12	SES104	-1.39019	21.0916	22.4818
BLOCK27/SES273/SA273S12	SES125	-2.02577	20.456	22.4818
BLOCK27/SES273/SA273S12	SES206	-0.600882	21.8809	22.4818
BLOCK27/SES273/SA273S13	SES099	-0.795816	22.1118	22.9076
BLOCK27/SES273/SA273S13	SES104	-1.65828	21.2493	22.9076
BLOCK27/SES273/SA273S13	SES206	-0.691753	22.2159	22.9076
BLOCK27/SES273/SA273S13	SES292	-1.85821	21.0494	22.9076
BLOCK27/SES273/SA273S21	SES099	-0.125254	22.2577	22.3829
BLOCK27/SES273/SA273S21	SES148	-3.23113	19.1518	22.3829
BLOCK27/SES273/SA273S21	SES149	-1.95016	20.4328	22.3829
BLOCK27/SES273/SA273S21	SES177	-2.44023	19.9427	22.3829
BLOCK27/SES273/SA273S25	SES104	-1.59919	19.8796	21.4788
BLOCK27/SES273/SA273S25	SES125	-1.37201	20.1068	21.4788
BLOCK27/SES273/SA273S25	SES158	-0.58927	20.8895	21.4788
BLOCK27/SES273/SA273S25	SES206	-0.33503	21.1438	21.4788
BLOCK27/SES273/SA273S27	SES099	-0.65918	20.4279	21.0871
BLOCK27/SES273/SA273S27	SES104	-1.50554	19.5815	21.0871
BLOCK27/SES273/SA273S27	SES149	-1.25848	19.8286	21.0871
BLOCK27/SES273/SA273S27	SES275	-1.85804	19.229	21.0871
BLOCK27/SES274/SA274S10	SES105	-2.13231	18.3828	20.5151
BLOCK27/SES274/SA274S10	SES125	-2.78927	17.7258	20.5151
BLOCK27/SES274/SA274S10	SES129	-0.590721	19.9244	20.5151
BLOCK27/SES274/SA274S10	SES158	-3.93381	16.5813	20.5151
BLOCK27/SES274/SA274S11	SES105	-1.81289	18.7433	20.5562
BLOCK27/SES274/SA274S11	SES149	-2.80233	17.7539	20.5562
BLOCK27/SES274/SA274S11	SES158	-3.12035	17.4359	20.5562
BLOCK27/SES274/SA274S11	SES275	-1.05285	19.5034	20.5562
BLOCK27/SES274/SA274S21	SES105	-2.28252	18.4122	20.6948
BLOCK27/SES274/SA274S21	SES129	-0.807768	19.887	20.6948
BLOCK27/SES274/SA274S21	SES149	-2.25984	18.4349	20.6948
BLOCK27/SES274/SA274S21	SES158	-4.93859	15.7562	20.6948
BLOCK27/SES274/SA274S24	SES105	-2.12186	19.6598	21.7817
BLOCK27/SES274/SA274S24	SES129	-0.678211	21.1035	21.7817
BLOCK27/SES274/SA274S24	SES149	-2.84062	18.9411	21.7817
BLOCK27/SES274/SA274S24	SES158	-4.65361	17.1281	21.7817
BLOCK27/SES274/SA274S29	SES105	-2.14925	17.3168	19.4661
BLOCK27/SES274/SA274S29	SES106	-3.73435	15.7317	19.4661
BLOCK27/SES274/SA274S29	SES120	-1.68399	17.7821	19.4661
BLOCK27/SES274/SA274S29	SES275	-1.33468	18.1314	19.4661
BLOCK27/SES276/SA276S16	SES148	-2.22979	17.5879	19.8177
BLOCK27/SES276/SA276S16	SES172	-1.46098	18.3567	19.8177
BLOCK27/SES276/SA276S16	SES180	-2.42141	17.3963	19.8177
BLOCK27/SES276/SA276S16	SES292	-1.57956	18.2381	19.8177
BLOCK27/SES276/SA276S17	SES101	-1.7489	17.9328	19.6817
BLOCK27/SES276/SA276S17	SES177	-2.20595	17.4758	19.6817
BLOCK27/SES276/SA276S17	SES180	-1.91195	17.7698	19.6817
BLOCK27/SES276/SA276S17	SES292	-1.99592	17.6858	19.6817
BLOCK27/SES276/SA276S24	SES101	-1.14931	19.307	20.4563
BLOCK27/SES276/SA276S24	SES177	-1.23141	19.2249	20.4563
BLOCK27/SES276/SA276S24	SES180	-1.74312	18.7132	20.4563
BLOCK27/SES276/SA276S24	SES292	-2.4773	17.979	20.4563
BLOCK27/SES276/SA276S26	SES101	-2.19869	18.7175	20.9162
BLOCK27/SES276/SA276S26	SES177	-0.977123	19.9391	20.9162
BLOCK27/SES276/SA276S26	SES180	-0.244595	20.6716	20.9162
BLOCK27/SES276/SA276S26	SES292	-0.77219	20.144	20.9162
BLOCK27/SES276/SA276S28	SES101	-1.52009	18.7403	20.2604
BLOCK27/SES276/SA276S28	SES177	-1.92651	18.3339	20.2604
BLOCK27/SES276/SA276S28	SES180	-0.538189	19.7222	20.2604
BLOCK27/SES276/SA276S28	SES292	-1.34813	18.9123	20.2604
BLOCK27/SES277/SA277S12	SES101	-1.47561	16.5848	18.0604
BLOCK27/SES277/SA277S12	SES177	-2.4166	15.6438	18.0604
BLOCK27/SES277/SA277S12	SES180	-2.74044	15.32	18.0604
BLOCK27/SES277/SA277S12	SES292	-2.59236	15.468	18.0604
BLOCK27/SES277/SA277S14	SES177	-1.00124	16.363	17.3642
BLOCK27/SES277/SA277S14	SES180	-2.38085	14.9834	17.3642
BLOCK27/SES277/SA277S14	SES189	-0.585546	16.7787	17.3642
BLOCK27/SES277/SA277S14	SES292	-2.68273	14.6815	17.3642
BLOCK27/SES277/SA277S21	SES177	-1.30472	17.4737	18.7784
BLOCK27/SES277/SA277S21	SES180	-2.61133	16.1671	18.7784
BLOCK27/SES277/SA277S21	SES189	-0.826536	17.9519	18.7784
BLOCK27/SES277/SA277S21	SES292	-3.19162	15.5868	18.7784
BLOCK27/SES277/SA277S24	SES144	-1.77597	15.4963	17.2722
BLOCK27/SES277/SA277S24	SES177	-1.77281	15.4994	17.2722
BLOCK27/SES277/SA277S24	SES180	-3.43844	13.8338	17.2722
BLOCK27/SES277/SA277S24	SES189	-0.838533	16.4337	17.2722
BLOCK27/SES277/SA277S29	SES177	-1.30643	19.115	20.4214
BLOCK27/SES277/SA277S29	SES180	-2.23274	18.1887	20.4214
BLOCK27/SES277/SA277S29	SES202	-1.71903	18.7024	20.4214
BLOCK27/SES277/SA277S29	SES292	-2.22113	18.2003	20.4214
BLOCK27/SES279/SA279S09	SES120	-2.17932	17.8616	20.0409
BLOCK27/SES279/SA279S09	SES146	-2.2778	17.7631	20.0409
BLOCK27/SES279/SA279S09	SES206	-1.79424	18.2466	20.0409
BLOCK27/SES279/SA279S09	SES226	-3.40106	16.6398	20.0409
BLOCK27/SES279/SA279S10	SES099	-0.864792	19.484	20.3488
BLOCK27/SES279/SA279S10	SES206	-1.1642	19.1846	20.3488
BLOCK27/SES279/SA279S10	SES226	-2.32349	18.0253	20.3488
BLOCK27/SES279/SA279S10	SES292	-1.06107	19.2877	20.3488
BLOCK27/SES279/SA279S20	SES099	-2.13632	18.1844	20.3207
BLOCK27/SES279/SA279S20	SES206	-1.00477	19.3159	20.3207
BLOCK27/SES279/SA279S20	SES226	-2.45757	17.8631	20.3207
BLOCK27/SES279/SA279S20	SES292	-0.959234	19.3615	20.3207
BLOCK27/SES279/SA279S26	SES099	-1.46131	18.8726	20.3339
BLOCK27/SES279/SA279S26	SES206	-0.752043	19.5818	20.3339
BLOCK27/SES279/SA279S26	SES226	-2.45774	17.8762	20.3339
BLOCK27/SES279/SA279S26	SES292	-0.97517	19.3587	20.3339
BLOCK27/SES279/SA279S28	SES099	-1.39237	20.2353	21.6277
BLOCK27/SES279/SA279S28	SES120	-1.32453	20.3031	21.6277
BLOCK27/SES279/SA279S28	SES177	-2.41873	19.2089	21.6277
BLOCK27/SES279/SA279S28	SES206	-1.70664	19.921	21.6277
BLOCK29/SES290/SA290S12	SES162	-1.93805	16.7782	18.7163
BLOCK29/SES290/SA290S12	SES177	-2.23463	16.4816	18.7163
BLOCK29/SES290/SA290S12	SES180	-3.07996	15.6363	18.7163
BLOCK29/SES290/SA290S12	SES292	-3.16196	15.5543	18.7163
BLOCK29/SES290/SA290S13	SES007	-1.24719	17.9017	19.1489
BLOCK29/SES290/SA290S13	SES162	-2.35961	16.7893	19.1489
BLOCK29/SES290/SA290S13	SES177	-1.3181	17.8308	19.1489
BLOCK29/SES290/SA290S13	SES180	-1.8997	17.2492	19.1489
BLOCK29/SES290/SA290S22	SES177	-1.72536	17.0273	18.7526
BLOCK29/SES290/SA290S22	SES180	-1.97936	16.7733	18.7526
BLOCK29/SES290/SA290S22	SES202	-1.74834	17.0043	18.7526
BLOCK29/SES290/SA290S22	SES292	-1.95507	16.7976	18.7526
BLOCK29/SES290/SA290S25	SES162	-2.40951	16.7893	19.1988
BLOCK29/SES290/SA290S25	SES177	-2.02275	17.176	19.1988
BLOCK29/SES290/SA290S25	SES180	-2.01528	17.1835	19.1988
BLOCK29/SES290/SA290S25	SES292	-1.9743	17.2245	19.1988
BLOCK29/SES290/SA290S29	SES177	-0.818373	18.2971	19.1155
BLOCK29/SES290/SA290S29	SES180	-0.907007	18.2085	19.1155
BLOCK29/SES290/SA290S29	SES275	-1.32439	17.7911	19.1155
BLOCK29/SES290/SA290S29	SES292	-1.23726	17.8782	19.1155
BLOCK29/SES291/SA291S11	SES105	-2.91578	15.6002	18.516
BLOCK29/SES291/SA291S11	SES125	-1.39405	17.1219	18.516
BLOCK29/SES291/SA291S11	SES158	-1.36029	17.1557	18.516
BLOCK29/SES291/SA291S11	SES275	-2.84683	15.6692	18.516
BLOCK29/SES291/SA291S12	SES158	0.156422	19.339	19.1826
BLOCK29/SES291/SA291S12	SES226	-2.88516	16.2974	19.1826
BLOCK29/SES291/SA291S12	SES270	0.280228	19.4628	19.1826
BLOCK29/SES291/SA291S12	SES275	-4.36344	14.8191	19.1826
BLOCK29/SES291/SA291S22	SES082	-1.88993	17.9171	19.8071
BLOCK29/SES291/SA291S22	SES158	-1.28499	18.5221	19.8071
BLOCK29/SES291/SA291S22	SES259	-2.08899	17.7181	19.8071
BLOCK29/SES291/SA291S22	SES275	-3.47312	16.334	19.8071
BLOCK29/SES291/SA291S24	SES104	-0.308786	20.7673	21.0761
BLOCK29/SES291/SA291S24	SES125	-1.05733	20.0188	21.0761
BLOCK29/SES291/SA291S24	SES158	-0.532352	20.5438	21.0761
BLOCK29/SES291/SA291S24	SES275	-3.36375	17.7124	21.0761
BLOCK29/SES291/SA291S27	SES158	-0.0772858	20.4637	20.541
BLOCK29/SES291/SA291S27	SES172	-4.51115	16.0299	20.541
BLOCK29/SES291/SA291S27	SES275	-3.87542	16.6656	20.541
BLOCK29/SES291/SA291S27	SES292	-2.04625	18.4948	20.541
Threshold search:
THR	-5.48109007741	9	0(0)	1(1000)
THR	-5.3803158766359	8.991	0(0)	0.999(999)
THR	-5.2795416758618	8.982	0(0)	0.998(998)
THR	-5.1787674750877	8.982	0(0)	0.998(998)
THR	-5.0779932743136	8.964	0(0)	0.996(996)
THR	-4.9772190735395	8.955	0(0)	0.995(995)
THR	-4.8764448727654	8.946	0(0)	0.994(994)
THR	-4.7756706719913	8.919	0(0)	0.991(991)
THR	-4.6748964712172	8.919	0(0)	0.991(991)
THR	-4.5741222704431	8.892	0(0)	0.988(988)
THR	-4.473348069669	8.883	0(0)	0.987(987)
THR	-4.3725738688949	8.865	0(0)	0.985(985)
THR	-4.2717996681208	8.856	0(0)	0.984(984)
THR	-4.1710254673467	8.838	0(0)	0.982(982)
THR	-4.0702512665726	8.829	0(0)	0.981(981)
THR	-3.9694770657985	8.784	0(0)	0.976(976)
THR	-3.8687028650244	8.748	0(0)	0.972(972)
THR	-3.7679286642503	8.694	0(0)	0.966(966)
THR	-3.6671544634762	8.64	0(0)	0.96(960)
THR	-3.5663802627021	8.604	0(0)	0.956(956)
THR	-3.465606061928	8.541	0(0)	0.949(949)
THR	-3.3648318611539	8.46	0(0)	0.94(940)
THR	-3.2640576603798	8.397	0(0)	0.933(933)
THR	-3.1632834596057	8.307	0(0)	0.923(923)
THR	-3.0625092588316	8.163	0(0)	0.907(907)
THR	-2.9617350580575	8.01	0(0)	0.89(890)
THR	-2.8609608572834	7.866	0(0)	0.874(874)
THR	-2.7601866565093	7.668	0(0)	0.852(852)
THR	-2.6594124557352	7.443	0(0)	0.827(827)
THR	-2.5586382549611	7.2	0(0)	0.8(800)
THR	-2.457864054187	6.966	0(0)	0.774(774)
THR	-2.3570898534129	6.66	0(0)	0.74(740)
THR	-2.2563156526388	6.273	0(0)	0.697(697)
THR	-2.1555414518647	5.931	0(0)	0.659(659)
THR	-2.0547672510906	5.625	0(0)	0.625(625)
THR	-1.9539930503165	5.202	0(0)	0.578(578)
THR	-1.8532188495424	4.707	0(0)	0.523(523)
THR	-1.7524446487683	4.275	0(0)	0.475(475)
THR	-1.6516704479942	3.798	0(0)	0.422(422)
THR	-1.5508962472201	3.429	0(0)	0.381(381)
THR	-1.450122046446	3.15	0(0)	0.35(350)
THR	-1.3493478456719	2.826	0(0)	0.314(314)
THR	-1.2485736448978	2.367	0(0)	0.263(263)
THR	-1.1477994441237	2.034	0(0)	0.226(226)
THR	-1.0470252433496	1.728	0(0)	0.192(192)
THR	-0.946251042575503	1.404	0(0)	0.156(156)
THR	-0.845476841801403	1.089	0(0)	0.121(121)
THR	-0.744702641027303	0.819	0(0)	0.091(91)
THR	-0.643928440253203	0.612	0(0)	0.068(68)
THR	-0.543154239479103	0.486	0(0)	0.054(54)
THR	-0.442380038705003	0.369	0(0)	0.041(41)
THR	-0.341605837930903	0.301	0.004(1)	0.033(33)
THR	-0.240831637156803	0.22	0.004(1)	0.024(24)
THR	-0.140057436382703	0.148	0.004(1)	0.016(16)
THR	-0.0392832356086031	0.111	0.012(3)	0.011(11)
THR	0.0614909651654969	0.075	0.012(3)	0.007(7)
THR	0.162265165939597	0.043	0.016(4)	0.003(3)
THR	0.263039366713697	0.062	0.044(11)	0.002(2)
THR	0.363813567487797	0.069	0.06(15)	0.001(1)
THR	0.464587768261897	0.085	0.076(19)	0.001(1)
THR	0.565361969035997	0.089	0.08(20)	0.001(1)
THR	0.666136169810097	0.116	0.116(29)	0(0)
THR	0.766910370584197	0.148	0.148(37)	0(0)
THR	0.867684571358297	0.188	0.188(47)	0(0)
THR	0.968458772132397	0.2	0.2(50)	0(0)
THR	1.0692329729065	0.244	0.244(61)	0(0)
THR	1.1700071736806	0.32	0.32(80)	0(0)
THR	1.2707813744547	0.356	0.356(89)	0(0)
THR	1.3715555752288	0.4	0.4(100)	0(0)
THR	1.4723297760029	0.436	0.436(109)	0(0)
THR	1.573103976777	0.492	0.492(123)	0(0)
THR	1.6738781775511	0.536	0.536(134)	0(0)
THR	1.7746523783252	0.572	0.572(143)	0(0)
THR	1.8754265790993	0.616	0.616(154)	0(0)
THR	1.9762007798734	0.68	0.68(170)	0(0)
THR	2.0769749806475	0.728	0.728(182)	0(0)
THR	2.1777491814216	0.748	0.748(187)	0(0)
THR	2.2785233821957	0.788	0.788(197)	0(0)
THR	2.3792975829698	0.812	0.812(203)	0(0)
THR	2.4800717837439	0.864	0.864(216)	0(0)
THR	2.580845984518	0.88	0.88(220)	0(0)
THR	2.6816201852921	0.908	0.908(227)	0(0)
THR	2.7823943860662	0.912	0.912(228)	0(0)
THR	2.8831685868403	0.92	0.92(230)	0(0)
THR	2.9839427876144	0.936	0.936(234)	0(0)
THR	3.0847169883885	0.944	0.944(236)	0(0)
THR	3.1854911891626	0.952	0.952(238)	0(0)
THR	3.2862653899367	0.956	0.956(239)	0(0)
THR	3.3870395907108	0.96	0.96(240)	0(0)
THR	3.4878137914849	0.964	0.964(241)	0(0)
THR	3.588587992259	0.98	0.98(245)	0(0)
THR	3.6893621930331	0.988	0.988(247)	0(0)
THR	3.7901363938072	0.988	0.988(247)	0(0)
THR	3.8909105945813	0.988	0.988(247)	0(0)
THR	3.9916847953554	0.988	0.988(247)	0(0)
THR	4.0924589961295	0.988	0.988(247)	0(0)
THR	4.19323319690359	0.988	0.988(247)	0(0)
THR	4.29400739767769	0.992	0.992(248)	0(0)
THR	4.39478159845179	0.996	0.996(249)	0(0)
THR	4.49555579922589	0.996	0.996(249)	0(0)
THR	4.59632999999999	0.996	0.996(249)	0(0)
THR	4.69710420077409	1	1(250)	0(0)


==============================================
THR: 0.162265165939597
Missed:     4/250=0.0160
FalseAlarm: 3/1000=0.0030
----------------------------------------------
==> CostDetection: 4.3
==============================================
