BLOCK00/SES002/SA002S12	SES002	1.87938	-42.7751	-44.6545
BLOCK00/SES002/SA002S13	SES002	2.33279	-42.2719	-44.6047
BLOCK00/SES002/SA002S23	SES002	1.86374	-42.2252	-44.089
BLOCK00/SES002/SA002S26	SES002	2.88441	-41.9133	-44.7978
BLOCK00/SES002/SA002S28	SES002	1.96128	-42.8927	-44.854
BLOCK00/SES007/SA007S14	SES007	1.79602	-42.5449	-44.3409
BLOCK00/SES007/SA007S15	SES007	0.948143	-44.2689	-45.2171
BLOCK00/SES007/SA007S24	SES007	1.10754	-44.0364	-45.1439
BLOCK00/SES007/SA007S27	SES007	0.990814	-44.4741	-45.465
BLOCK00/SES007/SA007S29	SES007	0.932243	-43.6076	-44.5399
BLOCK00/SES008/SA008S11	SES008	1.536	-43.9727	-45.5087
BLOCK00/SES008/SA008S12	SES008	0.928215	-44.2433	-45.1715
BLOCK00/SES008/SA008S19	SES008	1.97737	-43.0452	-45.0226
BLOCK00/SES008/SA008S22	SES008	1.244	-44.2862	-45.5302
BLOCK00/SES008/SA008S29	SES008	1.26253	-44.0634	-45.326
BLOCK01/SES014/SA014S10	SES014	2.63636	-42.6681	-45.3045
BLOCK01/SES014/SA014S12	SES014	3.20594	-40.789	-43.9949
BLOCK01/SES014/SA014S24	SES014	1.73116	-42.73	-44.4612
BLOCK01/SES014/SA014S26	SES014	3.0371	-40.3033	-43.3404
BLOCK01/SES014/SA014S28	SES014	3.04154	-41.0493	-44.0909
BLOCK01/SES016/SA016S12	SES016	1.42595	-45.9908	-47.4167
BLOCK01/SES016/SA016S13	SES016	1.43369	-44.4898	-45.9235
BLOCK01/SES016/SA016S22	SES016	1.1897	-44.7565	-45.9462
BLOCK01/SES016/SA016S25	SES016	1.6975	-42.3201	-44.0176
BLOCK01/SES016/SA016S27	SES016	1.68478	-43.0629	-44.7477
BLOCK01/SES019/SA019S13	SES019	3.08329	-43.0856	-46.1689
BLOCK01/SES019/SA019S14	SES019	2.12918	-43.4913	-45.6204
BLOCK01/SES019/SA019S22	SES019	2.90297	-42.6974	-45.6004
BLOCK01/SES019/SA019S25	SES019	2.78701	-43.3919	-46.1789
BLOCK01/SES019/SA019S29	SES019	3.36339	-42.9435	-46.3069
BLOCK02/SES029/SA029S11	SES029	1.15095	-43.9869	-45.1379
BLOCK02/SES029/SA029S12	SES029	0.624969	-44.0552	-44.6802
BLOCK02/SES029/SA029S20	SES029	0.692757	-45.1589	-45.8516
BLOCK02/SES029/SA029S25	SES029	0.865044	-43.6997	-44.5648
BLOCK02/SES029/SA029S28	SES029	0.580227	-44.5121	-45.0924
BLOCK04/SES042/SA042S12	SES042	2.58511	-41.5292	-44.1143
BLOCK04/SES042/SA042S15	SES042	2.74432	-41.9098	-44.6541
BLOCK04/SES042/SA042S22	SES042	3.66019	-40.0708	-43.731
BLOCK04/SES042/SA042S25	SES042	2.42223	-43.0077	-45.4299
BLOCK04/SES042/SA042S27	SES042	2.50662	-41.5504	-44.057
BLOCK04/SES048/SA048S11	SES048	1.27703	-43.3946	-44.6717
BLOCK04/SES048/SA048S12	SES048	0.823967	-43.7433	-44.5673
BLOCK04/SES048/SA048S20	SES048	1.10104	-43.2788	-44.3799
BLOCK04/SES048/SA048S23	SES048	1.5069	-43.7024	-45.2093
BLOCK04/SES048/SA048S27	SES048	1.41727	-42.811	-44.2282
BLOCK06/SES060/SA060S11	SES060	1.90424	-43.4723	-45.3766
BLOCK06/SES060/SA060S12	SES060	-0.494698	-45.7838	-45.2891
BLOCK06/SES060/SA060S22	SES060	0.440296	-45.1776	-45.6179
BLOCK06/SES060/SA060S24	SES060	1.27236	-43.6877	-44.9601
BLOCK06/SES060/SA060S28	SES060	1.59619	-41.8798	-43.476
BLOCK06/SES062/SA062S10	SES062	1.40406	-43.2984	-44.7024
BLOCK06/SES062/SA062S11	SES062	1.64693	-42.9861	-44.6331
BLOCK06/SES062/SA062S21	SES062	2.09344	-41.4783	-43.5718
BLOCK06/SES062/SA062S26	SES062	1.16045	-42.8728	-44.0332
BLOCK06/SES062/SA062S29	SES062	1.46073	-42.5384	-43.9992
BLOCK06/SES068/SA068S14	SES068	0.668495	-44.3281	-44.9966
BLOCK06/SES068/SA068S15	SES068	1.17499	-43.2371	-44.412
BLOCK06/SES068/SA068S23	SES068	1.22942	-44.2885	-45.518
BLOCK06/SES068/SA068S27	SES068	1.47486	-43.2574	-44.7322
BLOCK06/SES068/SA068S29	SES068	1.0744	-43.5587	-44.6331
BLOCK08/SES082/SA082S12	SES082	1.40976	-44.1816	-45.5914
BLOCK08/SES082/SA082S14	SES082	1.20189	-44.3799	-45.5818
BLOCK08/SES082/SA082S21	SES082	1.01342	-44.0027	-45.0161
BLOCK08/SES082/SA082S24	SES082	1.20852	-43.6844	-44.8929
BLOCK08/SES082/SA082S28	SES082	0.807224	-44.1979	-45.0051
BLOCK08/SES083/SA083S14	SES083	0.0628204	-44.4826	-44.5454
BLOCK08/SES083/SA083S15	SES083	0.435028	-44.134	-44.5691
BLOCK08/SES083/SA083S24	SES083	0.612141	-44.3405	-44.9526
BLOCK08/SES083/SA083S26	SES083	0.914536	-43.7751	-44.6897
BLOCK08/SES083/SA083S29	SES083	0.164936	-44.3256	-44.4906
BLOCK08/SES085/SA085S10	SES085	0.398674	-44.1163	-44.515
BLOCK08/SES085/SA085S13	SES085	1.13906	-44.2518	-45.3909
BLOCK08/SES085/SA085S22	SES085	-1.60204	-46.8642	-45.2622
BLOCK08/SES085/SA085S26	SES085	0.120819	-44.4483	-44.5691
BLOCK08/SES085/SA085S28	SES085	1.22366	-43.643	-44.8666
BLOCK08/SES087/SA087S15	SES087	2.12241	-42.9641	-45.0865
BLOCK08/SES087/SA087S16	SES087	2.22826	-42.503	-44.7313
BLOCK08/SES087/SA087S24	SES087	1.98987	-42.8745	-44.8644
BLOCK08/SES087/SA087S26	SES087	1.48198	-42.035	-43.517
BLOCK08/SES087/SA087S29	SES087	2.11333	-42.8794	-44.9927
BLOCK09/SES099/SA099S15	SES099	1.90311	-43.3748	-45.2779
BLOCK09/SES099/SA099S16	SES099	1.70462	-43.3337	-45.0384
BLOCK09/SES099/SA099S24	SES099	1.69381	-42.755	-44.4489
BLOCK09/SES099/SA099S26	SES099	2.08546	-42.6652	-44.7507
BLOCK09/SES099/SA099S29	SES099	1.7636	-42.7853	-44.5489
BLOCK10/SES101/SA101S11	SES101	0.0966606	-44.074	-44.1707
BLOCK10/SES101/SA101S13	SES101	1.17152	-43.2915	-44.4631
BLOCK10/SES101/SA101S22	SES101	1.0433	-44.6251	-45.6684
BLOCK10/SES101/SA101S24	SES101	1.41377	-43.5393	-44.953
BLOCK10/SES101/SA101S28	SES101	-0.0433769	-45.2714	-45.228
BLOCK10/SES104/SA104S11	SES104	1.26468	-42.5805	-43.8452
BLOCK10/SES104/SA104S12	SES104	2.13505	-41.9602	-44.0952
BLOCK10/SES104/SA104S21	SES104	1.48441	-42.9996	-44.4841
BLOCK10/SES104/SA104S24	SES104	1.33493	-43.349	-44.6839
BLOCK10/SES104/SA104S28	SES104	1.68655	-42.9603	-44.6469
BLOCK10/SES105/SA105S12	SES105	1.13514	-44.7547	-45.8899
BLOCK10/SES105/SA105S13	SES105	1.05527	-44.5529	-45.6082
BLOCK10/SES105/SA105S22	SES105	0.87746	-45.4133	-46.2907
BLOCK10/SES105/SA105S26	SES105	1.43885	-44.4358	-45.8747
BLOCK10/SES105/SA105S29	SES105	0.904255	-44.5927	-45.4969
BLOCK10/SES106/SA106S09	SES106	1.54627	-44.2544	-45.8006
BLOCK10/SES106/SA106S11	SES106	1.48245	-42.597	-44.0794
BLOCK10/SES106/SA106S22	SES106	2.47479	-43.0631	-45.5379
BLOCK10/SES106/SA106S27	SES106	1.08341	-43.3433	-44.4267
BLOCK10/SES106/SA106S29	SES106	1.19966	-42.8602	-44.0598
BLOCK11/SES117/SA117S12	SES117	0.552593	-44.7032	-45.2557
BLOCK11/SES117/SA117S13	SES117	0.314079	-44.6605	-44.9746
BLOCK11/SES117/SA117S23	SES117	1.87097	-45.0472	-46.9182
BLOCK11/SES117/SA117S25	SES117	1.41275	-44.6924	-46.1051
BLOCK11/SES117/SA117S28	SES117	1.39531	-44.7856	-46.181
BLOCK12/SES120/SA120S08	SES120	1.76203	-45.187	-46.949
BLOCK12/SES120/SA120S11	SES120	0.613567	-47.0383	-47.6518
BLOCK12/SES120/SA120S22	SES120	0.622971	-44.409	-45.032
BLOCK12/SES120/SA120S24	SES120	0.875793	-44.7713	-45.6471
BLOCK12/SES120/SA120S28	SES120	0.658741	-46.122	-46.7807
BLOCK12/SES125/SA125S13	SES125	1.97836	-42.2367	-44.2151
BLOCK12/SES125/SA125S14	SES125	1.72403	-42.9142	-44.6382
BLOCK12/SES125/SA125S25	SES125	2.51405	-41.9094	-44.4235
BLOCK12/SES125/SA125S27	SES125	2.71309	-41.7231	-44.4362
BLOCK12/SES125/SA125S29	SES125	1.81763	-42.3549	-44.1725
BLOCK12/SES127/SA127S11	SES127	0.974113	-44.3926	-45.3667
BLOCK12/SES127/SA127S12	SES127	0.0250931	-44.6497	-44.6748
BLOCK12/SES127/SA127S23	SES127	0.777191	-44.4697	-45.2469
BLOCK12/SES127/SA127S25	SES127	0.454201	-44.8416	-45.2958
BLOCK12/SES127/SA127S27	SES127	1.17007	-43.9757	-45.1458
BLOCK12/SES129/SA129S11	SES129	1.63992	-43.193	-44.8329
BLOCK12/SES129/SA129S12	SES129	1.32424	-43.2457	-44.5699
BLOCK12/SES129/SA129S22	SES129	1.49302	-43.2369	-44.7299
BLOCK12/SES129/SA129S27	SES129	1.91935	-42.6912	-44.6106
BLOCK12/SES129/SA129S29	SES129	1.94023	-42.6906	-44.6308
BLOCK14/SES142/SA142S11	SES142	2.32416	-43.7762	-46.1004
BLOCK14/SES142/SA142S12	SES142	1.60353	-44.3741	-45.9776
BLOCK14/SES142/SA142S24	SES142	2.22633	-43.8995	-46.1258
BLOCK14/SES142/SA142S27	SES142	2.5616	-43.175	-45.7366
BLOCK14/SES142/SA142S29	SES142	2.65026	-42.7013	-45.3516
BLOCK14/SES143/SA143S12	SES143	1.14341	-44.4815	-45.6249
BLOCK14/SES143/SA143S13	SES143	1.0053	-44.6901	-45.6954
BLOCK14/SES143/SA143S23	SES143	1.3455	-44.6792	-46.0247
BLOCK14/SES143/SA143S25	SES143	1.09734	-44.4108	-45.5081
BLOCK14/SES143/SA143S28	SES143	1.28211	-43.7273	-45.0094
BLOCK14/SES144/SA144S09	SES144	0.991844	-44.3948	-45.3866
BLOCK14/SES144/SA144S11	SES144	1.11466	-45.0422	-46.1569
BLOCK14/SES144/SA144S21	SES144	0.730129	-45.0028	-45.7329
BLOCK14/SES144/SA144S25	SES144	1.23072	-44.5802	-45.8109
BLOCK14/SES144/SA144S29	SES144	0.349392	-44.9943	-45.3437
BLOCK14/SES146/SA146S14	SES146	1.10326	-44.6904	-45.7937
BLOCK14/SES146/SA146S15	SES146	0.452461	-44.8565	-45.3089
BLOCK14/SES146/SA146S24	SES146	0.952011	-44.8269	-45.7789
BLOCK14/SES146/SA146S26	SES146	1.13626	-45.0658	-46.202
BLOCK14/SES146/SA146S29	SES146	1.25624	-45.173	-46.4292
BLOCK14/SES147/SA147S11	SES147	2.332	-44.3738	-46.7058
BLOCK14/SES147/SA147S13	SES147	2.38839	-43.0679	-45.4563
BLOCK14/SES147/SA147S23	SES147	2.30495	-44.5826	-46.8876
BLOCK14/SES147/SA147S26	SES147	2.05368	-44.433	-46.4867
BLOCK14/SES147/SA147S28	SES147	2.09692	-44.1258	-46.2227
BLOCK14/SES148/SA148S10	SES148	1.52813	-43.4244	-44.9525
BLOCK14/SES148/SA148S12	SES148	0.925312	-44.4188	-45.3441
BLOCK14/SES148/SA148S22	SES148	1.23354	-43.2265	-44.46
BLOCK14/SES148/SA148S26	SES148	1.1288	-43.8298	-44.9586
BLOCK14/SES148/SA148S29	SES148	0.871761	-44.4995	-45.3713
BLOCK14/SES149/SA149S13	SES149	0.39043	-44.6436	-45.0341
BLOCK14/SES149/SA149S14	SES149	0.597538	-43.7724	-44.37
BLOCK14/SES149/SA149S24	SES149	1.52682	-43.3525	-44.8793
BLOCK14/SES149/SA149S26	SES149	2.1008	-43.1075	-45.2083
BLOCK14/SES149/SA149S28	SES149	2.36877	-42.4052	-44.7739
BLOCK15/SES158/SA158S13	SES158	1.37367	-43.9145	-45.2882
BLOCK15/SES158/SA158S14	SES158	1.97141	-43.4826	-45.454
BLOCK15/SES158/SA158S23	SES158	1.32733	-43.5228	-44.8501
BLOCK15/SES158/SA158S26	SES158	1.76854	-43.2371	-45.0057
BLOCK15/SES158/SA158S28	SES158	1.42464	-44.0101	-45.4348
BLOCK16/SES162/SA162S10	SES162	0.784573	-45.4563	-46.2409
BLOCK16/SES162/SA162S11	SES162	1.33801	-44.1786	-45.5166
BLOCK16/SES162/SA162S21	SES162	2.0252	-43.6021	-45.6273
BLOCK16/SES162/SA162S24	SES162	1.29548	-44.3684	-45.6638
BLOCK16/SES162/SA162S27	SES162	1.68637	-44.4378	-46.1241
BLOCK16/SES167/SA167S14	SES167	1.30104	-43.0895	-44.3905
BLOCK16/SES167/SA167S15	SES167	1.63656	-43.8153	-45.4518
BLOCK16/SES167/SA167S21	SES167	1.39819	-43.0328	-44.431
BLOCK16/SES167/SA167S25	SES167	1.81947	-43.9531	-45.7726
BLOCK16/SES167/SA167S29	SES167	2.33508	-42.4193	-44.7544
BLOCK17/SES172/SA172S12	SES172	1.584	-44.106	-45.69
BLOCK17/SES172/SA172S13	SES172	2.07831	-44.061	-46.1393
BLOCK17/SES172/SA172S23	SES172	1.21941	-43.1533	-44.3727
BLOCK17/SES172/SA172S27	SES172	1.12232	-44.3951	-45.5175
BLOCK17/SES172/SA172S29	SES172	2.20982	-43.2969	-45.5067
BLOCK17/SES175/SA175S11	SES175	1.73592	-43.7216	-45.4575
BLOCK17/SES175/SA175S13	SES175	1.45826	-43.5898	-45.0481
BLOCK17/SES175/SA175S23	SES175	1.86841	-44.0121	-45.8805
BLOCK17/SES175/SA175S25	SES175	1.00756	-45.3129	-46.3204
BLOCK17/SES175/SA175S28	SES175	1.45854	-43.6462	-45.1048
BLOCK17/SES177/SA177S15	SES177	0.329754	-44.6262	-44.9559
BLOCK17/SES177/SA177S17	SES177	0.669598	-44.1993	-44.8689
BLOCK17/SES177/SA177S23	SES177	0.177361	-44.975	-45.1524
BLOCK17/SES177/SA177S26	SES177	0.974373	-42.8214	-43.7958
BLOCK17/SES177/SA177S28	SES177	1.08077	-43.2973	-44.378
BLOCK18/SES180/SA180S13	SES180	1.1651	-44.2354	-45.4005
BLOCK18/SES180/SA180S15	SES180	0.730206	-44.6866	-45.4168
BLOCK18/SES180/SA180S24	SES180	1.47554	-43.0314	-44.5069
BLOCK18/SES180/SA180S26	SES180	1.34232	-43.6515	-44.9938
BLOCK18/SES180/SA180S29	SES180	1.52925	-44.1935	-45.7228
BLOCK18/SES183/SA183S13	SES183	1.24951	-44.7675	-46.017
BLOCK18/SES183/SA183S14	SES183	0.301304	-45.3585	-45.6598
BLOCK18/SES183/SA183S24	SES183	1.15617	-44.8521	-46.0083
BLOCK18/SES183/SA183S27	SES183	1.56913	-44.2351	-45.8043
BLOCK18/SES183/SA183S29	SES183	1.14146	-44.0675	-45.209
BLOCK18/SES187/SA187S13	SES187	0.762386	-45.2287	-45.9911
BLOCK18/SES187/SA187S14	SES187	0.997646	-45.2217	-46.2194
BLOCK18/SES187/SA187S24	SES187	1.42663	-44.135	-45.5616
BLOCK18/SES187/SA187S27	SES187	1.21178	-44.5793	-45.7911
BLOCK18/SES187/SA187S29	SES187	1.10463	-45.1313	-46.236
BLOCK18/SES189/SA189S10	SES189	1.89283	-45.976	-47.8688
BLOCK18/SES189/SA189S13	SES189	2.45274	-45.9154	-48.3681
BLOCK18/SES189/SA189S24	SES189	2.63538	-45.1532	-47.7886
BLOCK18/SES189/SA189S26	SES189	1.56394	-45.0382	-46.6021
BLOCK18/SES189/SA189S29	SES189	2.22637	-44.9788	-47.2052
BLOCK20/SES202/SA202S12	SES202	2.0523	-44.1403	-46.1926
BLOCK20/SES202/SA202S14	SES202	2.79459	-42.7739	-45.5685
BLOCK20/SES202/SA202S24	SES202	1.78173	-44.2704	-46.0522
BLOCK20/SES202/SA202S27	SES202	2.01883	-42.7541	-44.773
BLOCK20/SES202/SA202S29	SES202	2.74645	-42.4303	-45.1768
BLOCK20/SES206/SA206S15	SES206	0.49902	-43.0896	-43.5886
BLOCK20/SES206/SA206S17	SES206	2.05198	-42.1255	-44.1775
BLOCK20/SES206/SA206S24	SES206	1.56728	-42.2602	-43.8275
BLOCK20/SES206/SA206S27	SES206	1.92827	-42.8228	-44.7511
BLOCK20/SES206/SA206S29	SES206	1.66932	-41.8667	-43.5361
BLOCK22/SES226/SA226S12	SES226	1.54258	-43.6838	-45.2264
BLOCK22/SES226/SA226S13	SES226	0.153507	-44.7275	-44.881
BLOCK22/SES226/SA226S20	SES226	1.10389	-43.9587	-45.0626
BLOCK22/SES226/SA226S23	SES226	1.43727	-43.2241	-44.6614
BLOCK22/SES226/SA226S28	SES226	1.79255	-42.8114	-44.604
BLOCK25/SES259/SA259S13	SES259	3.37675	-41.179	-44.5557
BLOCK25/SES259/SA259S14	SES259	2.03917	-42.2731	-44.3123
BLOCK25/SES259/SA259S22	SES259	1.89173	-42.414	-44.3057
BLOCK25/SES259/SA259S24	SES259	2.20837	-41.7709	-43.9793
BLOCK25/SES259/SA259S28	SES259	1.87077	-42.0903	-43.961
BLOCK27/SES270/SA270S14	SES270	2.4448	-43.586	-46.0308
BLOCK27/SES270/SA270S16	SES270	0.996773	-43.8108	-44.8076
BLOCK27/SES270/SA270S22	SES270	2.78615	-42.7935	-45.5797
BLOCK27/SES270/SA270S26	SES270	2.27082	-43.9449	-46.2157
BLOCK27/SES270/SA270S28	SES270	1.58167	-43.2219	-44.8036
BLOCK27/SES275/SA275S17	SES275	1.62722	-44.4652	-46.0924
BLOCK27/SES275/SA275S18	SES275	0.984447	-44.4907	-45.4752
BLOCK27/SES275/SA275S24	SES275	0.991482	-45.5334	-46.5249
BLOCK27/SES275/SA275S26	SES275	1.33103	-43.9705	-45.3015
BLOCK27/SES275/SA275S28	SES275	0.560966	-44.4364	-44.9973
BLOCK29/SES292/SA292S10	SES292	0.956364	-44.2871	-45.2434
BLOCK29/SES292/SA292S12	SES292	0.706223	-45.082	-45.7882
BLOCK29/SES292/SA292S22	SES292	1.48325	-43.7499	-45.2331
BLOCK29/SES292/SA292S24	SES292	0.822517	-43.9585	-44.781
BLOCK29/SES292/SA292S27	SES292	0.567806	-43.817	-44.3848
BLOCK00/SES001/SA001S14	SES062	-0.791393	-46.1952	-45.4038
BLOCK00/SES001/SA001S14	SES082	-1.72315	-47.1269	-45.4038
BLOCK00/SES001/SA001S14	SES106	-2.63147	-48.0353	-45.4038
BLOCK00/SES001/SA001S14	SES206	-3.36976	-48.7736	-45.4038
BLOCK00/SES001/SA001S15	SES062	-1.47557	-45.6788	-44.2032
BLOCK00/SES001/SA001S15	SES104	-3.17978	-47.383	-44.2032
BLOCK00/SES001/SA001S15	SES106	-2.59107	-46.7943	-44.2032
BLOCK00/SES001/SA001S15	SES206	-2.91397	-47.1172	-44.2032
BLOCK00/SES001/SA001S24	SES062	-1.99508	-47.4372	-45.4421
BLOCK00/SES001/SA001S24	SES082	-2.36596	-47.8081	-45.4421
BLOCK00/SES001/SA001S24	SES087	-2.94735	-48.3895	-45.4421
BLOCK00/SES001/SA001S24	SES206	-1.82856	-47.2707	-45.4421
BLOCK00/SES001/SA001S27	SES062	-1.44504	-45.6168	-44.1717
BLOCK00/SES001/SA001S27	SES082	-2.15376	-46.3255	-44.1717
BLOCK00/SES001/SA001S27	SES087	-2.48329	-46.655	-44.1717
BLOCK00/SES001/SA001S27	SES206	-2.88983	-47.0616	-44.1717
BLOCK00/SES001/SA001S29	SES062	-1.45351	-46.7293	-45.2758
BLOCK00/SES001/SA001S29	SES082	-1.16762	-46.4434	-45.2758
BLOCK00/SES001/SA001S29	SES158	-1.25241	-46.5282	-45.2758
BLOCK00/SES001/SA001S29	SES206	-3.52583	-48.8016	-45.2758
BLOCK00/SES003/SA003S11	SES002	-1.24658	-46.1552	-44.9087
BLOCK00/SES003/SA003S11	SES019	-0.84256	-45.7512	-44.9087
BLOCK00/SES003/SA003S11	SES082	0.158054	-44.7506	-44.9087
BLOCK00/SES003/SA003S11	SES125	-1.01228	-45.9209	-44.9087
BLOCK00/SES003/SA003S15	SES016	-3.01343	-47.7451	-44.7316
BLOCK00/SES003/SA003S15	SES019	-0.574535	-45.3062	-44.7316
BLOCK00/SES003/SA003S15	SES062	-1.87702	-46.6087	-44.7316
BLOCK00/SES003/SA003S15	SES206	-0.853821	-45.5855	-44.7316
BLOCK00/SES003/SA003S22	SES002	-2.1683	-46.7214	-44.5531
BLOCK00/SES003/SA003S22	SES062	-0.647865	-45.2009	-44.5531
BLOCK00/SES003/SA003S22	SES082	-0.764771	-45.3178	-44.5531
BLOCK00/SES003/SA003S22	SES087	-1.78303	-46.3361	-44.5531
BLOCK00/SES003/SA003S25	SES062	-2.26585	-47.3954	-45.1295
BLOCK00/SES003/SA003S25	SES082	-0.136986	-45.2665	-45.1295
BLOCK00/SES003/SA003S25	SES087	-1.5351	-46.6646	-45.1295
BLOCK00/SES003/SA003S25	SES206	-1.72895	-46.8585	-45.1295
BLOCK00/SES003/SA003S29	SES002	-1.85863	-46.8434	-44.9848
BLOCK00/SES003/SA003S29	SES062	-1.77663	-46.7614	-44.9848
BLOCK00/SES003/SA003S29	SES082	-0.5714	-45.5562	-44.9848
BLOCK00/SES003/SA003S29	SES087	-1.71765	-46.7024	-44.9848
BLOCK00/SES004/SA004S12	SES083	-1.35821	-46.9396	-45.5814
BLOCK00/SES004/SA004S12	SES148	-1.29346	-46.8748	-45.5814
BLOCK00/SES004/SA004S12	SES172	-1.18698	-46.7683	-45.5814
BLOCK00/SES004/SA004S12	SES292	-1.63012	-47.2115	-45.5814
BLOCK00/SES004/SA004S17	SES083	-1.5883	-47.4531	-45.8648
BLOCK00/SES004/SA004S17	SES162	-0.929699	-46.7945	-45.8648
BLOCK00/SES004/SA004S17	SES172	-1.60165	-47.4664	-45.8648
BLOCK00/SES004/SA004S17	SES292	-1.09723	-46.962	-45.8648
BLOCK00/SES004/SA004S24	SES083	-1.22885	-46.3699	-45.1411
BLOCK00/SES004/SA004S24	SES148	-1.39232	-46.5334	-45.1411
BLOCK00/SES004/SA004S24	SES172	-0.735722	-45.8768	-45.1411
BLOCK00/SES004/SA004S24	SES292	-0.862747	-46.0038	-45.1411
BLOCK00/SES004/SA004S26	SES083	-0.985889	-45.851	-44.8651
BLOCK00/SES004/SA004S26	SES127	-0.741035	-45.6061	-44.8651
BLOCK00/SES004/SA004S26	SES148	-1.50832	-46.3734	-44.8651
BLOCK00/SES004/SA004S26	SES292	-0.690723	-45.5558	-44.8651
BLOCK00/SES004/SA004S28	SES083	-1.16692	-45.8703	-44.7034
BLOCK00/SES004/SA004S28	SES127	-1.17553	-45.8789	-44.7034
BLOCK00/SES004/SA004S28	SES187	-1.0489	-45.7523	-44.7034
BLOCK00/SES004/SA004S28	SES292	-1.90636	-46.6097	-44.7034
BLOCK00/SES006/SA006S10	SES014	-1.9893	-48.7055	-46.7162
BLOCK00/SES006/SA006S10	SES158	-0.145573	-46.8617	-46.7162
BLOCK00/SES006/SA006S10	SES226	-2.67603	-49.3922	-46.7162
BLOCK00/SES006/SA006S10	SES270	0.470753	-46.2454	-46.7162
BLOCK00/SES006/SA006S11	SES158	-0.362885	-46.9063	-46.5434
BLOCK00/SES006/SA006S11	SES226	-1.76602	-48.3094	-46.5434
BLOCK00/SES006/SA006S11	SES270	0.269402	-46.274	-46.5434
BLOCK00/SES006/SA006S11	SES275	-3.14283	-49.6863	-46.5434
BLOCK00/SES006/SA006S23	SES062	-1.83532	-47.5579	-45.7225
BLOCK00/SES006/SA006S23	SES105	-1.974	-47.6966	-45.7225
BLOCK00/SES006/SA006S23	SES158	-0.518772	-46.2413	-45.7225
BLOCK00/SES006/SA006S23	SES275	-2.10318	-47.8257	-45.7225
BLOCK00/SES006/SA006S26	SES104	-1.40902	-46.6925	-45.2835
BLOCK00/SES006/SA006S26	SES158	-0.314571	-45.5981	-45.2835
BLOCK00/SES006/SA006S26	SES270	0.32217	-44.9614	-45.2835
BLOCK00/SES006/SA006S26	SES275	-3.07123	-48.3548	-45.2835
BLOCK00/SES006/SA006S28	SES007	-2.43999	-48.7763	-46.3363
BLOCK00/SES006/SA006S28	SES105	-2.29498	-48.6313	-46.3363
BLOCK00/SES006/SA006S28	SES158	-0.982635	-47.319	-46.3363
BLOCK00/SES006/SA006S28	SES275	-3.10867	-49.445	-46.3363
BLOCK00/SES009/SA009S12	SES083	-1.34845	-46.2239	-44.8755
BLOCK00/SES009/SA009S12	SES148	-1.32819	-46.2037	-44.8755
BLOCK00/SES009/SA009S12	SES177	-2.0658	-46.9413	-44.8755
BLOCK00/SES009/SA009S12	SES292	-0.539742	-45.4152	-44.8755
BLOCK00/SES009/SA009S15	SES007	0.780128	-43.5594	-44.3396
BLOCK00/SES009/SA009S15	SES099	-8.08422	-52.4238	-44.3396
BLOCK00/SES009/SA009S15	SES148	-1.61361	-45.9532	-44.3396
BLOCK00/SES009/SA009S15	SES172	-0.803589	-45.1431	-44.3396
BLOCK00/SES009/SA009S24	SES146	-0.637959	-45.2801	-44.6422
BLOCK00/SES009/SA009S24	SES148	-1.08208	-45.7243	-44.6422
BLOCK00/SES009/SA009S24	SES177	-1.56691	-46.2091	-44.6422
BLOCK00/SES009/SA009S24	SES292	-0.225147	-44.8673	-44.6422
BLOCK00/SES009/SA009S26	SES083	-1.32436	-46.4816	-45.1572
BLOCK00/SES009/SA009S26	SES101	-0.962662	-46.1199	-45.1572
BLOCK00/SES009/SA009S26	SES120	-1.35283	-46.5101	-45.1572
BLOCK00/SES009/SA009S26	SES177	-2.43613	-47.5933	-45.1572
BLOCK00/SES009/SA009S29	SES083	-0.767418	-45.4827	-44.7153
BLOCK00/SES009/SA009S29	SES101	-0.813931	-45.5292	-44.7153
BLOCK00/SES009/SA009S29	SES177	-2.01521	-46.7305	-44.7153
BLOCK00/SES009/SA009S29	SES292	-0.528339	-45.2437	-44.7153
BLOCK01/SES011/SA011S10	SES019	-0.298016	-45.574	-45.276
BLOCK01/SES011/SA011S10	SES042	-0.199951	-45.4759	-45.276
BLOCK01/SES011/SA011S10	SES082	-1.50317	-46.7792	-45.276
BLOCK01/SES011/SA011S10	SES206	-0.878906	-46.1549	-45.276
BLOCK01/SES011/SA011S11	SES019	-0.563648	-46.1994	-45.6357
BLOCK01/SES011/SA011S11	SES042	-0.631912	-46.2676	-45.6357
BLOCK01/SES011/SA011S11	SES082	-1.32918	-46.9649	-45.6357
BLOCK01/SES011/SA011S11	SES206	-0.76046	-46.3962	-45.6357
BLOCK01/SES011/SA011S22	SES019	-0.0886269	-45.6273	-45.5387
BLOCK01/SES011/SA011S22	SES042	-0.818508	-46.3572	-45.5387
BLOCK01/SES011/SA011S22	SES082	-0.855759	-46.3944	-45.5387
BLOCK01/SES011/SA011S22	SES206	-0.4786	-46.0173	-45.5387
BLOCK01/SES011/SA011S24	SES019	-0.327572	-44.8975	-44.5699
BLOCK01/SES011/SA011S24	SES042	-0.191334	-44.7613	-44.5699
BLOCK01/SES011/SA011S24	SES104	-1.41536	-45.9853	-44.5699
BLOCK01/SES011/SA011S24	SES206	-0.117981	-44.6879	-44.5699
BLOCK01/SES011/SA011S27	SES082	0.329819	-44.2365	-44.5663
BLOCK01/SES011/SA011S27	SES087	-0.780399	-45.3467	-44.5663
BLOCK01/SES011/SA011S27	SES125	-0.0396271	-44.6059	-44.5663
BLOCK01/SES011/SA011S27	SES206	0.0403862	-44.5259	-44.5663
BLOCK01/SES012/SA012S11	SES007	-2.2326	-45.8419	-43.6093
BLOCK01/SES012/SA012S11	SES082	-1.18632	-44.7956	-43.6093
BLOCK01/SES012/SA012S11	SES083	-2.30819	-45.9174	-43.6093
BLOCK01/SES012/SA012S11	SES206	-0.777016	-44.3863	-43.6093
BLOCK01/SES012/SA012S14	SES082	-1.14117	-45.3968	-44.2556
BLOCK01/SES012/SA012S14	SES087	-1.28153	-45.5371	-44.2556
BLOCK01/SES012/SA012S14	SES206	-0.939396	-45.195	-44.2556
BLOCK01/SES012/SA012S14	SES292	-3.3428	-47.5984	-44.2556
BLOCK01/SES012/SA012S24	SES082	0.135727	-45.012	-45.1478
BLOCK01/SES012/SA012S24	SES087	-0.654358	-45.8021	-45.1478
BLOCK01/SES012/SA012S24	SES120	-3.12891	-48.2767	-45.1478
BLOCK01/SES012/SA012S24	SES206	-0.141262	-45.289	-45.1478
BLOCK01/SES012/SA012S26	SES019	-1.81038	-46.2081	-44.3977
BLOCK01/SES012/SA012S26	SES082	-1.63353	-46.0312	-44.3977
BLOCK01/SES012/SA012S26	SES206	0.0389481	-44.3587	-44.3977
BLOCK01/SES012/SA012S26	SES292	-2.92972	-47.3274	-44.3977
BLOCK01/SES012/SA012S29	SES062	-1.82793	-45.875	-44.047
BLOCK01/SES012/SA012S29	SES082	-0.875809	-44.9228	-44.047
BLOCK01/SES012/SA012S29	SES083	-1.79387	-45.8409	-44.047
BLOCK01/SES012/SA012S29	SES206	-0.586246	-44.6333	-44.047
BLOCK01/SES013/SA013S16	SES062	-3.58982	-48.2631	-44.6732
BLOCK01/SES013/SA013S16	SES106	-0.195229	-44.8685	-44.6732
BLOCK01/SES013/SA013S16	SES206	-0.380947	-45.0542	-44.6732
BLOCK01/SES013/SA013S16	SES226	0.0291481	-44.6441	-44.6732
BLOCK01/SES013/SA013S17	SES062	-3.13365	-47.3229	-44.1893
BLOCK01/SES013/SA013S17	SES106	-0.478729	-44.668	-44.1893
BLOCK01/SES013/SA013S17	SES206	0.293434	-43.8959	-44.1893
BLOCK01/SES013/SA013S17	SES226	0.07164	-44.1177	-44.1893
BLOCK01/SES013/SA013S23	SES104	-0.992386	-45.9015	-44.9091
BLOCK01/SES013/SA013S23	SES106	-0.154663	-45.0638	-44.9091
BLOCK01/SES013/SA013S23	SES206	-0.568459	-45.4776	-44.9091
BLOCK01/SES013/SA013S23	SES270	0.0824699	-44.8267	-44.9091
BLOCK01/SES013/SA013S25	SES042	-1.56675	-45.7776	-44.2108
BLOCK01/SES013/SA013S25	SES104	-0.949673	-45.1605	-44.2108
BLOCK01/SES013/SA013S25	SES106	-0.175838	-44.3867	-44.2108
BLOCK01/SES013/SA013S25	SES206	-0.748856	-44.9597	-44.2108
BLOCK01/SES013/SA013S29	SES062	-3.72482	-48.3187	-44.5939
BLOCK01/SES013/SA013S29	SES104	-0.956642	-45.5506	-44.5939
BLOCK01/SES013/SA013S29	SES106	0.0598297	-44.5341	-44.5939
BLOCK01/SES013/SA013S29	SES206	-0.723629	-45.3176	-44.5939
BLOCK02/SES021/SA021S13	SES016	-2.41582	-46.6101	-44.1942
BLOCK02/SES021/SA021S13	SES029	-2.551	-46.7452	-44.1942
BLOCK02/SES021/SA021S13	SES087	-1.51363	-45.7079	-44.1942
BLOCK02/SES021/SA021S13	SES206	-0.776974	-44.9712	-44.1942
BLOCK02/SES021/SA021S15	SES087	-1.03394	-44.2533	-43.2194
BLOCK02/SES021/SA021S15	SES125	-0.330635	-43.55	-43.2194
BLOCK02/SES021/SA021S15	SES206	-0.201908	-43.4213	-43.2194
BLOCK02/SES021/SA021S15	SES226	-0.252251	-43.4717	-43.2194
BLOCK02/SES021/SA021S23	SES062	-2.81358	-47.8211	-45.0075
BLOCK02/SES021/SA021S23	SES087	-1.84918	-46.8567	-45.0075
BLOCK02/SES021/SA021S23	SES206	-1.49813	-46.5057	-45.0075
BLOCK02/SES021/SA021S23	SES226	-0.789631	-45.7972	-45.0075
BLOCK02/SES021/SA021S27	SES002	-1.67868	-45.3879	-43.7092
BLOCK02/SES021/SA021S27	SES016	-3.11883	-46.828	-43.7092
BLOCK02/SES021/SA021S27	SES019	-1.34154	-45.0507	-43.7092
BLOCK02/SES021/SA021S27	SES062	-1.39045	-45.0996	-43.7092
BLOCK02/SES021/SA021S29	SES087	-1.77484	-45.2927	-43.5179
BLOCK02/SES021/SA021S29	SES125	-1.37801	-44.8959	-43.5179
BLOCK02/SES021/SA021S29	SES206	-1.152	-44.6699	-43.5179
BLOCK02/SES021/SA021S29	SES226	-0.643749	-44.1616	-43.5179
BLOCK04/SES043/SA043S09	SES083	-1.27735	-47.4191	-46.1417
BLOCK04/SES043/SA043S09	SES101	-1.75592	-47.8976	-46.1417
BLOCK04/SES043/SA043S09	SES144	-0.343094	-46.4848	-46.1417
BLOCK04/SES043/SA043S09	SES172	-3.1091	-49.2508	-46.1417
BLOCK04/SES043/SA043S11	SES083	-0.541515	-45.3936	-44.852
BLOCK04/SES043/SA043S11	SES101	-1.10989	-45.9619	-44.852
BLOCK04/SES043/SA043S11	SES144	-0.404652	-45.2567	-44.852
BLOCK04/SES043/SA043S11	SES172	-1.15906	-46.0111	-44.852
BLOCK04/SES043/SA043S23	SES083	0.0918121	-45.2978	-45.3896
BLOCK04/SES043/SA043S23	SES144	0.293518	-45.0961	-45.3896
BLOCK04/SES043/SA043S23	SES177	-1.99038	-47.38	-45.3896
BLOCK04/SES043/SA043S23	SES275	0.0422745	-45.3473	-45.3896
BLOCK04/SES043/SA043S26	SES083	-0.195591	-45.8253	-45.6297
BLOCK04/SES043/SA043S26	SES101	-0.912067	-46.5418	-45.6297
BLOCK04/SES043/SA043S26	SES144	0.181419	-45.4483	-45.6297
BLOCK04/SES043/SA043S26	SES177	-1.51091	-47.1406	-45.6297
BLOCK04/SES043/SA043S28	SES016	-1.11141	-45.6877	-44.5763
BLOCK04/SES043/SA043S28	SES083	-0.222221	-44.7985	-44.5763
BLOCK04/SES043/SA043S28	SES101	-0.559566	-45.1359	-44.5763
BLOCK04/SES043/SA043S28	SES144	-0.433338	-45.0096	-44.5763
BLOCK04/SES044/SA044S10	SES127	-1.73069	-49.7287	-47.998
BLOCK04/SES044/SA044S10	SES144	-0.088501	-48.0865	-47.998
BLOCK04/SES044/SA044S10	SES147	-3.39198	-51.39	-47.998
BLOCK04/SES044/SA044S10	SES148	-1.21338	-49.2114	-47.998
BLOCK04/SES044/SA044S11	SES101	-1.45145	-48.1275	-46.6761
BLOCK04/SES044/SA044S11	SES144	0.260017	-46.4161	-46.6761
BLOCK04/SES044/SA044S11	SES147	-2.90168	-49.5777	-46.6761
BLOCK04/SES044/SA044S11	SES177	-1.7923	-48.4684	-46.6761
BLOCK04/SES044/SA044S24	SES007	-1.86446	-47.9913	-46.1268
BLOCK04/SES044/SA044S24	SES101	-0.907192	-47.034	-46.1268
BLOCK04/SES044/SA044S24	SES147	-3.78953	-49.9163	-46.1268
BLOCK04/SES044/SA044S24	SES177	-1.72687	-47.8537	-46.1268
BLOCK04/SES044/SA044S26	SES007	-1.18467	-47.0635	-45.8788
BLOCK04/SES044/SA044S26	SES016	-0.616207	-46.495	-45.8788
BLOCK04/SES044/SA044S26	SES101	-0.809708	-46.6885	-45.8788
BLOCK04/SES044/SA044S26	SES147	-1.51184	-47.3907	-45.8788
BLOCK04/SES044/SA044S29	SES007	-1.30655	-46.5505	-45.244
BLOCK04/SES044/SA044S29	SES101	-0.45047	-45.6944	-45.244
BLOCK04/SES044/SA044S29	SES147	-2.15616	-47.4001	-45.244
BLOCK04/SES044/SA044S29	SES177	-1.60192	-46.8459	-45.244
BLOCK04/SES046/SA046S13	SES101	-2.1713	-48.2649	-46.0936
BLOCK04/SES046/SA046S13	SES144	-0.764881	-46.8585	-46.0936
BLOCK04/SES046/SA046S13	SES147	-2.07606	-48.1697	-46.0936
BLOCK04/SES046/SA046S13	SES177	-0.839924	-46.9335	-46.0936
BLOCK04/SES046/SA046S15	SES048	-2.24509	-47.0372	-44.7921
BLOCK04/SES046/SA046S15	SES083	-0.880928	-45.673	-44.7921
BLOCK04/SES046/SA046S15	SES120	-1.90609	-46.6982	-44.7921
BLOCK04/SES046/SA046S15	SES148	-1.00698	-45.799	-44.7921
BLOCK04/SES046/SA046S22	SES101	-0.976704	-46.683	-45.7063
BLOCK04/SES046/SA046S22	SES144	-0.634579	-46.3409	-45.7063
BLOCK04/SES046/SA046S22	SES147	-1.55399	-47.2603	-45.7063
BLOCK04/SES046/SA046S22	SES172	-1.34385	-47.0502	-45.7063
BLOCK04/SES046/SA046S25	SES083	-1.25074	-46.662	-45.4112
BLOCK04/SES046/SA046S25	SES127	-1.06321	-46.4744	-45.4112
BLOCK04/SES046/SA046S25	SES144	-1.46098	-46.8722	-45.4112
BLOCK04/SES046/SA046S25	SES148	-1.16179	-46.573	-45.4112
BLOCK04/SES046/SA046S28	SES007	-2.10489	-48.4672	-46.3624
BLOCK04/SES046/SA046S28	SES105	-1.55554	-47.9179	-46.3624
BLOCK04/SES046/SA046S28	SES147	-1.50364	-47.866	-46.3624
BLOCK04/SES046/SA046S28	SES148	-0.572796	-46.9351	-46.3624
BLOCK04/SES049/SA049S16	SES104	-0.724373	-46.7024	-45.978
BLOCK04/SES049/SA049S16	SES106	-0.692833	-46.6709	-45.978
BLOCK04/SES049/SA049S16	SES120	-2.95041	-48.9285	-45.978
BLOCK04/SES049/SA049S16	SES206	-1.17284	-47.1509	-45.978
BLOCK04/SES049/SA049S18	SES099	0.163364	-46.6308	-46.7941
BLOCK04/SES049/SA049S18	SES104	-1.2406	-48.0347	-46.7941
BLOCK04/SES049/SA049S18	SES125	-1.5277	-48.3218	-46.7941
BLOCK04/SES049/SA049S18	SES206	-1.22965	-48.0238	-46.7941
BLOCK04/SES049/SA049S25	SES087	-0.77861	-46.3681	-45.5895
BLOCK04/SES049/SA049S25	SES104	-0.218109	-45.8076	-45.5895
BLOCK04/SES049/SA049S25	SES125	-0.960018	-46.5495	-45.5895
BLOCK04/SES049/SA049S25	SES206	-0.485275	-46.0747	-45.5895
BLOCK04/SES049/SA049S27	SES099	-0.361748	-45.4452	-45.0835
BLOCK04/SES049/SA049S27	SES104	-0.151184	-45.2347	-45.0835
BLOCK04/SES049/SA049S27	SES125	-1.25858	-46.3421	-45.0835
BLOCK04/SES049/SA049S27	SES206	-0.821167	-45.9047	-45.0835
BLOCK04/SES049/SA049S29	SES099	0.159477	-44.3648	-44.5243
BLOCK04/SES049/SA049S29	SES104	0.222656	-44.3016	-44.5243
BLOCK04/SES049/SA049S29	SES125	-0.79528	-45.3196	-44.5243
BLOCK04/SES049/SA049S29	SES206	-0.168701	-44.693	-44.5243
BLOCK06/SES063/SA063S09	SES068	-1.26775	-46.5708	-45.3031
BLOCK06/SES063/SA063S09	SES083	-0.414345	-45.7174	-45.3031
BLOCK06/SES063/SA063S09	SES177	-1.3481	-46.6512	-45.3031
BLOCK06/SES063/SA063S09	SES187	-1.54331	-46.8464	-45.3031
BLOCK06/SES063/SA063S10	SES068	-1.18894	-47.2281	-46.0392
BLOCK06/SES063/SA063S10	SES083	-0.119175	-46.1584	-46.0392
BLOCK06/SES063/SA063S10	SES172	-0.229378	-46.2686	-46.0392
BLOCK06/SES063/SA063S10	SES187	-1.1765	-47.2157	-46.0392
BLOCK06/SES063/SA063S20	SES068	-1.78102	-47.4508	-45.6698
BLOCK06/SES063/SA063S20	SES083	-0.770908	-46.4407	-45.6698
BLOCK06/SES063/SA063S20	SES172	-0.999481	-46.6693	-45.6698
BLOCK06/SES063/SA063S20	SES187	-0.523003	-46.1928	-45.6698
BLOCK06/SES063/SA063S24	SES029	-1.71392	-46.8984	-45.1844
BLOCK06/SES063/SA063S24	SES083	-0.137379	-45.3218	-45.1844
BLOCK06/SES063/SA063S24	SES177	-0.449352	-45.6338	-45.1844
BLOCK06/SES063/SA063S24	SES189	-1.03122	-46.2157	-45.1844
BLOCK06/SES063/SA063S27	SES083	-0.111359	-46.2777	-46.1664
BLOCK06/SES063/SA063S27	SES172	-0.876652	-47.043	-46.1664
BLOCK06/SES063/SA063S27	SES187	-1.35089	-47.5173	-46.1664
BLOCK06/SES063/SA063S27	SES292	-1.51226	-47.6786	-46.1664
BLOCK06/SES067/SA067S12	SES083	-1.55242	-46.6927	-45.1403
BLOCK06/SES067/SA067S12	SES172	-2.92791	-48.0682	-45.1403
BLOCK06/SES067/SA067S12	SES202	0.27734	-44.8629	-45.1403
BLOCK06/SES067/SA067S12	SES292	-1.15662	-46.2969	-45.1403
BLOCK06/SES067/SA067S14	SES085	-1.10796	-45.7736	-44.6656
BLOCK06/SES067/SA067S14	SES177	-0.949821	-45.6155	-44.6656
BLOCK06/SES067/SA067S14	SES183	-1.5162	-46.1818	-44.6656
BLOCK06/SES067/SA067S14	SES202	-0.0611687	-44.7268	-44.6656
BLOCK06/SES067/SA067S21	SES144	-0.611763	-46.6278	-46.016
BLOCK06/SES067/SA067S21	SES177	-0.74609	-46.7621	-46.016
BLOCK06/SES067/SA067S21	SES183	-3.50566	-49.5217	-46.016
BLOCK06/SES067/SA067S21	SES189	-0.0451317	-46.0611	-46.016
BLOCK06/SES067/SA067S25	SES085	-0.286686	-45.5261	-45.2394
BLOCK06/SES067/SA067S25	SES177	-0.624775	-45.8642	-45.2394
BLOCK06/SES067/SA067S25	SES183	-1.78326	-47.0227	-45.2394
BLOCK06/SES067/SA067S25	SES202	0.0810966	-45.1583	-45.2394
BLOCK06/SES067/SA067S29	SES085	-0.384617	-45.8538	-45.4692
BLOCK06/SES067/SA067S29	SES177	-0.855057	-46.3243	-45.4692
BLOCK06/SES067/SA067S29	SES183	-1.6759	-47.1451	-45.4692
BLOCK06/SES067/SA067S29	SES202	0.41346	-45.0557	-45.4692
BLOCK06/SES069/SA069S12	SES029	-1.83015	-46.3994	-44.5693
BLOCK06/SES069/SA069S12	SES082	-0.276009	-44.8453	-44.5693
BLOCK06/SES069/SA069S12	SES087	-1.82992	-46.3992	-44.5693
BLOCK06/SES069/SA069S12	SES206	-1.29247	-45.8617	-44.5693
BLOCK06/SES069/SA069S13	SES029	-2.75764	-47.3359	-44.5783
BLOCK06/SES069/SA069S13	SES087	-1.97502	-46.5533	-44.5783
BLOCK06/SES069/SA069S13	SES206	-2.24962	-46.8279	-44.5783
BLOCK06/SES069/SA069S13	SES226	-1.28649	-45.8648	-44.5783
BLOCK06/SES069/SA069S23	SES029	-1.72087	-44.9446	-43.2237
BLOCK06/SES069/SA069S23	SES087	-2.42129	-45.645	-43.2237
BLOCK06/SES069/SA069S23	SES206	-2.02359	-45.2473	-43.2237
BLOCK06/SES069/SA069S23	SES226	-0.569786	-43.7935	-43.2237
BLOCK06/SES069/SA069S25	SES087	-1.31176	-45.0378	-43.726
BLOCK06/SES069/SA069S25	SES206	-1.75682	-45.4828	-43.726
BLOCK06/SES069/SA069S25	SES226	-0.797237	-44.5233	-43.726
BLOCK06/SES069/SA069S25	SES270	-0.484764	-44.2108	-43.726
BLOCK06/SES069/SA069S27	SES087	-1.94798	-45.8102	-43.8622
BLOCK06/SES069/SA069S27	SES206	-1.2033	-45.0655	-43.8622
BLOCK06/SES069/SA069S27	SES226	-0.134365	-43.9966	-43.8622
BLOCK06/SES069/SA069S27	SES270	-0.835972	-44.6982	-43.8622
BLOCK08/SES081/SA081S11	SES060	-0.748119	-45.7747	-45.0265
BLOCK08/SES081/SA081S11	SES062	-2.61051	-47.6371	-45.0265
BLOCK08/SES081/SA081S11	SES117	-2.11862	-47.1452	-45.0265
BLOCK08/SES081/SA081S11	SES162	-1.4514	-46.478	-45.0265
BLOCK08/SES081/SA081S13	SES016	-0.593803	-44.9689	-44.3751
BLOCK08/SES081/SA081S13	SES060	0.117176	-44.258	-44.3751
BLOCK08/SES081/SA081S13	SES068	-0.0956154	-44.4707	-44.3751
BLOCK08/SES081/SA081S13	SES129	-1.18867	-45.5638	-44.3751
BLOCK08/SES081/SA081S24	SES060	-0.382545	-45.2337	-44.8512
BLOCK08/SES081/SA081S24	SES068	-0.572334	-45.4235	-44.8512
BLOCK08/SES081/SA081S24	SES117	-1.70986	-46.561	-44.8512
BLOCK08/SES081/SA081S24	SES275	-2.2337	-47.0849	-44.8512
BLOCK08/SES081/SA081S27	SES007	-1.29017	-46.1649	-44.8748
BLOCK08/SES081/SA081S27	SES060	-1.0841	-45.9589	-44.8748
BLOCK08/SES081/SA081S27	SES117	-0.686775	-45.5615	-44.8748
BLOCK08/SES081/SA081S27	SES275	-2.23856	-47.1133	-44.8748
BLOCK08/SES081/SA081S29	SES007	-1.03083	-45.7775	-44.7467
BLOCK08/SES081/SA081S29	SES060	-0.184628	-44.9313	-44.7467
BLOCK08/SES081/SA081S29	SES117	-1.27581	-46.0225	-44.7467
BLOCK08/SES081/SA081S29	SES275	-1.94409	-46.6907	-44.7467
BLOCK08/SES086/SA086S11	SES029	-4.35203	-50.5459	-46.1939
BLOCK08/SES086/SA086S11	SES082	-1.60695	-47.8009	-46.1939
BLOCK08/SES086/SA086S11	SES087	-0.0891762	-46.2831	-46.1939
BLOCK08/SES086/SA086S11	SES206	-1.54655	-47.7405	-46.1939
BLOCK08/SES086/SA086S12	SES029	-4.06701	-49.8438	-45.7768
BLOCK08/SES086/SA086S12	SES082	-1.09049	-46.8673	-45.7768
BLOCK08/SES086/SA086S12	SES087	0.958954	-44.8178	-45.7768
BLOCK08/SES086/SA086S12	SES206	-0.770927	-46.5477	-45.7768
BLOCK08/SES086/SA086S20	SES029	-3.60178	-47.9076	-44.3059
BLOCK08/SES086/SA086S20	SES082	-1.63598	-45.9418	-44.3059
BLOCK08/SES086/SA086S20	SES087	0.914837	-43.391	-44.3059
BLOCK08/SES086/SA086S20	SES206	-0.105465	-44.4113	-44.3059
BLOCK08/SES086/SA086S24	SES087	0.57708	-44.8081	-45.3852
BLOCK08/SES086/SA086S24	SES104	-0.607311	-45.9925	-45.3852
BLOCK08/SES086/SA086S24	SES120	-3.35154	-48.7367	-45.3852
BLOCK08/SES086/SA086S24	SES206	0.209274	-45.1759	-45.3852
BLOCK08/SES086/SA086S28	SES029	-3.24038	-47.6019	-44.3615
BLOCK08/SES086/SA086S28	SES082	-1.15439	-45.5159	-44.3615
BLOCK08/SES086/SA086S28	SES087	0.212791	-44.1487	-44.3615
BLOCK08/SES086/SA086S28	SES206	-0.348831	-44.7104	-44.3615
BLOCK08/SES089/SA089S13	SES087	-2.07337	-46.9431	-44.8697
BLOCK08/SES089/SA089S13	SES206	-2.69514	-47.5649	-44.8697
BLOCK08/SES089/SA089S13	SES226	-1.4999	-46.3696	-44.8697
BLOCK08/SES089/SA089S13	SES270	-2.46543	-47.3352	-44.8697
BLOCK08/SES089/SA089S14	SES062	-1.53652	-46.0964	-44.5599
BLOCK08/SES089/SA089S14	SES087	-0.272114	-44.832	-44.5599
BLOCK08/SES089/SA089S14	SES206	-1.04753	-45.6074	-44.5599
BLOCK08/SES089/SA089S14	SES226	-0.251934	-44.8118	-44.5599
BLOCK08/SES089/SA089S23	SES087	-1.82367	-47.2102	-45.3865
BLOCK08/SES089/SA089S23	SES206	-2.41175	-47.7982	-45.3865
BLOCK08/SES089/SA089S23	SES226	-1.20887	-46.5954	-45.3865
BLOCK08/SES089/SA089S23	SES270	-2.38514	-47.7716	-45.3865
BLOCK08/SES089/SA089S25	SES062	-2.18065	-46.7523	-44.5716
BLOCK08/SES089/SA089S25	SES087	-0.561962	-45.1336	-44.5716
BLOCK08/SES089/SA089S25	SES206	-1.5579	-46.1295	-44.5716
BLOCK08/SES089/SA089S25	SES226	-0.00437164	-44.576	-44.5716
BLOCK08/SES089/SA089S28	SES062	-1.46157	-45.8111	-44.3495
BLOCK08/SES089/SA089S28	SES087	-1.00191	-45.3514	-44.3495
BLOCK08/SES089/SA089S28	SES206	-0.85154	-45.2011	-44.3495
BLOCK08/SES089/SA089S28	SES226	-0.16824	-44.5178	-44.3495
BLOCK09/SES097/SA097S11	SES099	0.322952	-45.0704	-45.3934
BLOCK09/SES097/SA097S11	SES125	-1.46112	-46.8545	-45.3934
BLOCK09/SES097/SA097S11	SES206	-0.687996	-46.0814	-45.3934
BLOCK09/SES097/SA097S11	SES226	-0.121277	-45.5146	-45.3934
BLOCK09/SES097/SA097S14	SES062	-2.80831	-47.7399	-44.9316
BLOCK09/SES097/SA097S14	SES099	-0.692142	-45.6237	-44.9316
BLOCK09/SES097/SA097S14	SES104	-0.851639	-45.7832	-44.9316
BLOCK09/SES097/SA097S14	SES206	-1.35835	-46.2899	-44.9316
BLOCK09/SES097/SA097S22	SES099	0.247772	-45.1266	-45.3744
BLOCK09/SES097/SA097S22	SES206	-0.583992	-45.9584	-45.3744
BLOCK09/SES097/SA097S22	SES226	-0.750183	-46.1246	-45.3744
BLOCK09/SES097/SA097S22	SES270	0.551529	-44.8229	-45.3744
BLOCK09/SES097/SA097S26	SES099	0.212204	-44.5889	-44.8011
BLOCK09/SES097/SA097S26	SES120	-2.73688	-47.538	-44.8011
BLOCK09/SES097/SA097S26	SES206	-0.751087	-45.5522	-44.8011
BLOCK09/SES097/SA097S26	SES226	-0.428886	-45.23	-44.8011
BLOCK09/SES097/SA097S28	SES099	-0.616703	-45.7225	-45.1058
BLOCK09/SES097/SA097S28	SES120	-2.0073	-47.1131	-45.1058
BLOCK09/SES097/SA097S28	SES206	-1.59405	-46.6999	-45.1058
BLOCK09/SES097/SA097S28	SES226	-1.14117	-46.247	-45.1058
BLOCK09/SES098/SA098S11	SES127	-1.71069	-48.324	-46.6133
BLOCK09/SES098/SA098S11	SES144	-1.14577	-47.7591	-46.6133
BLOCK09/SES098/SA098S11	SES147	-0.481274	-47.0946	-46.6133
BLOCK09/SES098/SA098S11	SES148	-2.25702	-48.8703	-46.6133
BLOCK09/SES098/SA098S12	SES127	-2.71257	-50.6148	-47.9022
BLOCK09/SES098/SA098S12	SES144	-1.4609	-49.3631	-47.9022
BLOCK09/SES098/SA098S12	SES147	-1.26764	-49.1699	-47.9022
BLOCK09/SES098/SA098S12	SES189	-0.494987	-48.3972	-47.9022
BLOCK09/SES098/SA098S20	SES127	-2.34166	-49.5589	-47.2172
BLOCK09/SES098/SA098S20	SES147	-0.858574	-48.0758	-47.2172
BLOCK09/SES098/SA098S20	SES148	-2.70871	-49.9259	-47.2172
BLOCK09/SES098/SA098S20	SES292	-2.66356	-49.8808	-47.2172
BLOCK09/SES098/SA098S23	SES127	-0.940697	-47.5933	-46.6526
BLOCK09/SES098/SA098S23	SES147	-0.209244	-46.8618	-46.6526
BLOCK09/SES098/SA098S23	SES187	-0.440182	-47.0928	-46.6526
BLOCK09/SES098/SA098S23	SES292	-1.9514	-48.604	-46.6526
BLOCK09/SES098/SA098S27	SES127	-2.23443	-48.7718	-46.5374
BLOCK09/SES098/SA098S27	SES147	-1.23175	-47.7691	-46.5374
BLOCK09/SES098/SA098S27	SES148	-2.95636	-49.4937	-46.5374
BLOCK09/SES098/SA098S27	SES292	-2.45522	-48.9926	-46.5374
BLOCK10/SES102/SA102S13	SES101	-0.00973892	-46.5049	-46.4952
BLOCK10/SES102/SA102S13	SES105	-0.569031	-47.0642	-46.4952
BLOCK10/SES102/SA102S13	SES120	-0.435005	-46.9302	-46.4952
BLOCK10/SES102/SA102S13	SES158	-7.12797	-53.6232	-46.4952
BLOCK10/SES102/SA102S14	SES007	0.0780678	-44.6801	-44.7582
BLOCK10/SES102/SA102S14	SES101	0.0493126	-44.7089	-44.7582
BLOCK10/SES102/SA102S14	SES105	-0.252808	-45.011	-44.7582
BLOCK10/SES102/SA102S14	SES147	-3.57474	-48.3329	-44.7582
BLOCK10/SES102/SA102S22	SES007	-0.741283	-45.4251	-44.6838
BLOCK10/SES102/SA102S22	SES101	0.148514	-44.5353	-44.6838
BLOCK10/SES102/SA102S22	SES105	-0.0577278	-44.7415	-44.6838
BLOCK10/SES102/SA102S22	SES158	-3.86613	-48.5499	-44.6838
BLOCK10/SES102/SA102S25	SES007	-0.374626	-45.2513	-44.8767
BLOCK10/SES102/SA102S25	SES101	-0.130589	-45.0073	-44.8767
BLOCK10/SES102/SA102S25	SES105	-0.237911	-45.1146	-44.8767
BLOCK10/SES102/SA102S25	SES147	-4.64673	-49.5234	-44.8767
BLOCK10/SES102/SA102S27	SES007	-0.75338	-46.1676	-45.4142
BLOCK10/SES102/SA102S27	SES101	-0.367085	-45.7813	-45.4142
BLOCK10/SES102/SA102S27	SES105	-0.501133	-45.9153	-45.4142
BLOCK10/SES102/SA102S27	SES147	-2.99123	-48.4054	-45.4142
BLOCK10/SES103/SA103S14	SES105	-2.63392	-48.6632	-46.0292
BLOCK10/SES103/SA103S14	SES106	-0.709763	-46.739	-46.0292
BLOCK10/SES103/SA103S14	SES120	-2.98388	-49.0131	-46.0292
BLOCK10/SES103/SA103S14	SES206	-1.02108	-47.0503	-46.0292
BLOCK10/SES103/SA103S15	SES099	-0.631012	-47.1938	-46.5628
BLOCK10/SES103/SA103S15	SES101	-3.16537	-49.7282	-46.5628
BLOCK10/SES103/SA103S15	SES104	-0.890774	-47.4536	-46.5628
BLOCK10/SES103/SA103S15	SES125	-0.68914	-47.252	-46.5628
BLOCK10/SES103/SA103S24	SES104	-1.35892	-46.6316	-45.2727
BLOCK10/SES103/SA103S24	SES125	-1.30632	-46.579	-45.2727
BLOCK10/SES103/SA103S24	SES148	-2.93525	-48.2079	-45.2727
BLOCK10/SES103/SA103S24	SES158	-0.607975	-45.8806	-45.2727
BLOCK10/SES103/SA103S26	SES104	-1.04317	-46.9186	-45.8754
BLOCK10/SES103/SA103S26	SES106	-0.851585	-46.727	-45.8754
BLOCK10/SES103/SA103S26	SES125	-0.958317	-46.8337	-45.8754
BLOCK10/SES103/SA103S26	SES148	-2.88184	-48.7573	-45.8754
BLOCK10/SES103/SA103S28	SES104	-1.96494	-47.8961	-45.9311
BLOCK10/SES103/SA103S28	SES106	-1.37517	-47.3063	-45.9311
BLOCK10/SES103/SA103S28	SES125	-2.31142	-48.2425	-45.9311
BLOCK10/SES103/SA103S28	SES206	-2.45359	-48.3847	-45.9311
BLOCK12/SES121/SA121S12	SES042	-1.98615	-48.9874	-47.0013
BLOCK12/SES121/SA121S12	SES087	-1.24236	-48.2437	-47.0013
BLOCK12/SES121/SA121S12	SES105	-1.58698	-48.5883	-47.0013
BLOCK12/SES121/SA121S12	SES206	-0.994461	-47.9958	-47.0013
BLOCK12/SES121/SA121S14	SES007	-3.43927	-50.8191	-47.3799
BLOCK12/SES121/SA121S14	SES105	-2.71889	-50.0987	-47.3799
BLOCK12/SES121/SA121S14	SES106	-1.1514	-48.5313	-47.3799
BLOCK12/SES121/SA121S14	SES206	-1.54644	-48.9263	-47.3799
BLOCK12/SES121/SA121S23	SES105	-2.23994	-50.2547	-48.0147
BLOCK12/SES121/SA121S23	SES106	-0.701496	-48.7162	-48.0147
BLOCK12/SES121/SA121S23	SES120	-2.6203	-50.635	-48.0147
BLOCK12/SES121/SA121S23	SES206	-0.865158	-48.8799	-48.0147
BLOCK12/SES121/SA121S25	SES007	-3.09636	-51.3239	-48.2276
BLOCK12/SES121/SA121S25	SES105	-3.33283	-51.5604	-48.2276
BLOCK12/SES121/SA121S25	SES106	-1.00455	-49.2321	-48.2276
BLOCK12/SES121/SA121S25	SES206	-1.35651	-49.5841	-48.2276
BLOCK12/SES121/SA121S27	SES087	-0.633427	-47.4739	-46.8405
BLOCK12/SES121/SA121S27	SES105	-3.84472	-50.6852	-46.8405
BLOCK12/SES121/SA121S27	SES120	-2.70364	-49.5441	-46.8405
BLOCK12/SES121/SA121S27	SES206	-1.17246	-48.0129	-46.8405
BLOCK12/SES124/SA124S16	SES042	-0.0975876	-44.7222	-44.6246
BLOCK12/SES124/SA124S16	SES082	-0.359394	-44.984	-44.6246
BLOCK12/SES124/SA124S16	SES183	-3.97568	-48.6003	-44.6246
BLOCK12/SES124/SA124S16	SES206	-0.169228	-44.7939	-44.6246
BLOCK12/SES124/SA124S17	SES105	-2.55412	-48.4437	-45.8896
BLOCK12/SES124/SA124S17	SES149	-1.46657	-47.3562	-45.8896
BLOCK12/SES124/SA124S17	SES158	-2.11022	-47.9998	-45.8896
BLOCK12/SES124/SA124S17	SES275	-3.29855	-49.1881	-45.8896
BLOCK12/SES124/SA124S23	SES105	-2.91795	-46.5953	-43.6774
BLOCK12/SES124/SA124S23	SES125	0.586319	-43.091	-43.6774
BLOCK12/SES124/SA124S23	SES129	-3.17962	-46.857	-43.6774
BLOCK12/SES124/SA124S23	SES158	-0.470627	-44.148	-43.6774
BLOCK12/SES124/SA124S26	SES105	-3.29063	-47.8073	-44.5167
BLOCK12/SES124/SA124S26	SES125	0.86488	-43.6518	-44.5167
BLOCK12/SES124/SA124S26	SES129	-3.67428	-48.1909	-44.5167
BLOCK12/SES124/SA124S26	SES158	-1.11116	-45.6278	-44.5167
BLOCK12/SES124/SA124S28	SES104	0.0115967	-44.3165	-44.3281
BLOCK12/SES124/SA124S28	SES106	-0.103802	-44.4319	-44.3281
BLOCK12/SES124/SA124S28	SES125	0.632328	-43.6958	-44.3281
BLOCK12/SES124/SA124S28	SES275	-3.44851	-47.7766	-44.3281
BLOCK12/SES126/SA126S13	SES007	-2.22004	-49.3435	-47.1235
BLOCK12/SES126/SA126S13	SES162	-0.798073	-47.9215	-47.1235
BLOCK12/SES126/SA126S13	SES177	-0.362713	-47.4862	-47.1235
BLOCK12/SES126/SA126S13	SES180	-1.11903	-48.2425	-47.1235
BLOCK12/SES126/SA126S14	SES144	-0.785892	-46.0294	-45.2435
BLOCK12/SES126/SA126S14	SES148	-1.39465	-46.6381	-45.2435
BLOCK12/SES126/SA126S14	SES177	-0.264343	-45.5078	-45.2435
BLOCK12/SES126/SA126S14	SES180	-1.15079	-46.3942	-45.2435
BLOCK12/SES126/SA126S20	SES007	-1.44849	-47.2502	-45.8017
BLOCK12/SES126/SA126S20	SES162	-1.08729	-46.889	-45.8017
BLOCK12/SES126/SA126S20	SES172	-2.51661	-48.3183	-45.8017
BLOCK12/SES126/SA126S20	SES180	-0.994091	-46.7958	-45.8017
BLOCK12/SES126/SA126S24	SES120	-0.996895	-46.4281	-45.4312
BLOCK12/SES126/SA126S24	SES162	-0.768021	-46.1993	-45.4312
BLOCK12/SES126/SA126S24	SES177	-0.499756	-45.931	-45.4312
BLOCK12/SES126/SA126S24	SES180	-0.204639	-45.6359	-45.4312
BLOCK12/SES126/SA126S26	SES120	-0.647778	-46.9254	-46.2776
BLOCK12/SES126/SA126S26	SES177	-0.301067	-46.5787	-46.2776
BLOCK12/SES126/SA126S26	SES180	-0.641678	-46.9193	-46.2776
BLOCK12/SES126/SA126S26	SES202	-2.07792	-48.3556	-46.2776
BLOCK12/SES128/SA128S10	SES087	-1.98572	-46.912	-44.9263
BLOCK12/SES128/SA128S10	SES206	-1.31603	-46.2423	-44.9263
BLOCK12/SES128/SA128S10	SES226	-0.614929	-45.5412	-44.9263
BLOCK12/SES128/SA128S10	SES270	-0.435646	-45.3619	-44.9263
BLOCK12/SES128/SA128S12	SES120	-1.97411	-47.0033	-45.0292
BLOCK12/SES128/SA128S12	SES158	-1.04489	-46.0741	-45.0292
BLOCK12/SES128/SA128S12	SES206	-0.734421	-45.7636	-45.0292
BLOCK12/SES128/SA128S12	SES226	-1.20402	-46.2332	-45.0292
BLOCK12/SES128/SA128S21	SES106	-2.36736	-48.5194	-46.152
BLOCK12/SES128/SA128S21	SES120	-1.1387	-47.2907	-46.152
BLOCK12/SES128/SA128S21	SES206	-3.44671	-49.5987	-46.152
BLOCK12/SES128/SA128S21	SES226	-1.78514	-47.9372	-46.152
BLOCK12/SES128/SA128S24	SES087	-2.61639	-48.2247	-45.6083
BLOCK12/SES128/SA128S24	SES120	-0.867569	-46.4759	-45.6083
BLOCK12/SES128/SA128S24	SES206	-2.5569	-48.1652	-45.6083
BLOCK12/SES128/SA128S24	SES226	-1.3603	-46.9686	-45.6083
BLOCK12/SES128/SA128S27	SES099	-1.36526	-46.1145	-44.7492
BLOCK12/SES128/SA128S27	SES120	-1.66736	-46.4166	-44.7492
BLOCK12/SES128/SA128S27	SES206	-1.24911	-45.9983	-44.7492
BLOCK12/SES128/SA128S27	SES226	-0.537426	-45.2866	-44.7492
BLOCK13/SES130/SA130S13	SES143	-1.8409	-49.1186	-47.2777
BLOCK13/SES130/SA130S13	SES144	0.284222	-46.9935	-47.2777
BLOCK13/SES130/SA130S13	SES146	-0.367924	-47.6457	-47.2777
BLOCK13/SES130/SA130S13	SES275	-2.81638	-50.0941	-47.2777
BLOCK13/SES130/SA130S15	SES143	-2.0525	-48.049	-45.9965
BLOCK13/SES130/SA130S15	SES144	-0.412346	-46.4089	-45.9965
BLOCK13/SES130/SA130S15	SES146	-0.133537	-46.1301	-45.9965
BLOCK13/SES130/SA130S15	SES275	-0.949196	-46.9457	-45.9965
BLOCK13/SES130/SA130S23	SES127	-2.11125	-49.8564	-47.7451
BLOCK13/SES130/SA130S23	SES144	-0.91959	-48.6647	-47.7451
BLOCK13/SES130/SA130S23	SES146	-0.320763	-48.0659	-47.7451
BLOCK13/SES130/SA130S23	SES162	-0.794132	-48.5392	-47.7451
BLOCK13/SES130/SA130S25	SES127	-1.99507	-47.3974	-45.4023
BLOCK13/SES130/SA130S25	SES144	-0.660419	-46.0627	-45.4023
BLOCK13/SES130/SA130S25	SES146	-0.476845	-45.8791	-45.4023
BLOCK13/SES130/SA130S25	SES275	-0.57798	-45.9803	-45.4023
BLOCK13/SES130/SA130S28	SES127	-1.17355	-47.2844	-46.1108
BLOCK13/SES130/SA130S28	SES144	-0.221371	-46.3322	-46.1108
BLOCK13/SES130/SA130S28	SES146	-0.205063	-46.3159	-46.1108
BLOCK13/SES130/SA130S28	SES275	-0.116913	-46.2277	-46.1108
BLOCK13/SES131/SA131S13	SES002	-1.97754	-49.14	-47.1625
BLOCK13/SES131/SA131S13	SES007	-3.90754	-51.07	-47.1625
BLOCK13/SES131/SA131S13	SES099	-1.22243	-48.3849	-47.1625
BLOCK13/SES131/SA131S13	SES105	-2.31319	-49.4757	-47.1625
BLOCK13/SES131/SA131S14	SES104	-0.68166	-46.13	-45.4483
BLOCK13/SES131/SA131S14	SES106	-0.294865	-45.7432	-45.4483
BLOCK13/SES131/SA131S14	SES125	-0.968288	-46.4166	-45.4483
BLOCK13/SES131/SA131S14	SES148	-2.25928	-47.7076	-45.4483
BLOCK13/SES131/SA131S20	SES104	-1.24981	-47.3646	-46.1148
BLOCK13/SES131/SA131S20	SES106	-0.684456	-46.7992	-46.1148
BLOCK13/SES131/SA131S20	SES125	-1.03532	-47.1501	-46.1148
BLOCK13/SES131/SA131S20	SES148	-3.43354	-49.5483	-46.1148
BLOCK13/SES131/SA131S22	SES099	-0.781937	-46.2902	-45.5082
BLOCK13/SES131/SA131S22	SES104	-1.32153	-46.8298	-45.5082
BLOCK13/SES131/SA131S22	SES125	-0.988636	-46.4969	-45.5082
BLOCK13/SES131/SA131S22	SES206	-1.30867	-46.8169	-45.5082
BLOCK13/SES131/SA131S29	SES087	-0.369179	-46.5163	-46.1471
BLOCK13/SES131/SA131S29	SES104	-1.63792	-47.785	-46.1471
BLOCK13/SES131/SA131S29	SES125	-1.43396	-47.581	-46.1471
BLOCK13/SES131/SA131S29	SES206	-1.0868	-47.2339	-46.1471
BLOCK13/SES132/SA132S11	SES083	-1.51092	-46.61	-45.0991
BLOCK13/SES132/SA132S11	SES120	0.0348473	-45.0643	-45.0991
BLOCK13/SES132/SA132S11	SES127	-0.478355	-45.5775	-45.0991
BLOCK13/SES132/SA132S11	SES275	-1.36657	-46.4657	-45.0991
BLOCK13/SES132/SA132S12	SES083	-1.03196	-45.7528	-44.7209
BLOCK13/SES132/SA132S12	SES143	-1.40209	-46.1229	-44.7209
BLOCK13/SES132/SA132S12	SES144	-0.590527	-45.3114	-44.7209
BLOCK13/SES132/SA132S12	SES148	-1.15556	-45.8764	-44.7209
BLOCK13/SES132/SA132S22	SES062	-0.725708	-45.8393	-45.1136
BLOCK13/SES132/SA132S22	SES083	-0.728176	-45.8418	-45.1136
BLOCK13/SES132/SA132S22	SES127	-0.409988	-45.5236	-45.1136
BLOCK13/SES132/SA132S22	SES275	-0.949478	-46.0631	-45.1136
BLOCK13/SES132/SA132S24	SES007	-0.764282	-45.948	-45.1837
BLOCK13/SES132/SA132S24	SES083	-1.32551	-46.5092	-45.1837
BLOCK13/SES132/SA132S24	SES127	-0.732124	-45.9158	-45.1837
BLOCK13/SES132/SA132S24	SES275	-1.12348	-46.3072	-45.1837
BLOCK13/SES132/SA132S27	SES083	-1.5314	-47.1337	-45.6023
BLOCK13/SES132/SA132S27	SES120	0.0530167	-45.5493	-45.6023
BLOCK13/SES132/SA132S27	SES127	-1.07616	-46.6785	-45.6023
BLOCK13/SES132/SA132S27	SES275	-1.70797	-47.3103	-45.6023
BLOCK14/SES141/SA141S09	SES143	-0.631405	-46.4338	-45.8024
BLOCK14/SES141/SA141S09	SES144	-0.567245	-46.3697	-45.8024
BLOCK14/SES141/SA141S09	SES162	-0.321354	-46.1238	-45.8024
BLOCK14/SES141/SA141S09	SES180	-0.652355	-46.4548	-45.8024
BLOCK14/SES141/SA141S15	SES127	-1.05588	-46.5068	-45.4509
BLOCK14/SES141/SA141S15	SES144	-0.66415	-46.1151	-45.4509
BLOCK14/SES141/SA141S15	SES162	-0.668255	-46.1192	-45.4509
BLOCK14/SES141/SA141S15	SES180	-0.362198	-45.8131	-45.4509
BLOCK14/SES141/SA141S24	SES127	-0.657856	-46.0349	-45.377
BLOCK14/SES141/SA141S24	SES144	-1.26182	-46.6388	-45.377
BLOCK14/SES141/SA141S24	SES162	-0.234592	-45.6116	-45.377
BLOCK14/SES141/SA141S24	SES183	-1.91446	-47.2915	-45.377
BLOCK14/SES141/SA141S26	SES142	-0.847374	-47.2274	-46.3801
BLOCK14/SES141/SA141S26	SES144	-1.21006	-47.5901	-46.3801
BLOCK14/SES141/SA141S26	SES172	-1.37489	-47.755	-46.3801
BLOCK14/SES141/SA141S26	SES180	-0.402405	-46.7825	-46.3801
BLOCK14/SES141/SA141S29	SES127	-0.111828	-45.3817	-45.2699
BLOCK14/SES141/SA141S29	SES142	0.479351	-44.7905	-45.2699
BLOCK14/SES141/SA141S29	SES144	-0.866062	-46.1359	-45.2699
BLOCK14/SES141/SA141S29	SES180	-0.0535088	-45.3234	-45.2699
BLOCK15/SES157/SA157S08	SES083	-2.1441	-47.8336	-45.6895
BLOCK15/SES157/SA157S08	SES127	-1.59507	-47.2846	-45.6895
BLOCK15/SES157/SA157S08	SES148	-1.01832	-46.7079	-45.6895
BLOCK15/SES157/SA157S08	SES292	-2.10918	-47.7987	-45.6895
BLOCK15/SES157/SA157S11	SES083	-1.66034	-47.311	-45.6506
BLOCK15/SES157/SA157S11	SES127	-2.10152	-47.7522	-45.6506
BLOCK15/SES157/SA157S11	SES148	-1.09923	-46.7499	-45.6506
BLOCK15/SES157/SA157S11	SES292	-1.58154	-47.2322	-45.6506
BLOCK15/SES157/SA157S21	SES127	-2.38441	-47.7744	-45.39
BLOCK15/SES157/SA157S21	SES148	-0.773228	-46.1632	-45.39
BLOCK15/SES157/SA157S21	SES158	-5.33771	-50.7277	-45.39
BLOCK15/SES157/SA157S21	SES292	-0.894154	-46.2841	-45.39
BLOCK15/SES157/SA157S24	SES127	-1.98305	-47.2034	-45.2204
BLOCK15/SES157/SA157S24	SES148	-0.927753	-46.1481	-45.2204
BLOCK15/SES157/SA157S24	SES183	-1.4653	-46.6857	-45.2204
BLOCK15/SES157/SA157S24	SES292	-1.30064	-46.521	-45.2204
BLOCK15/SES157/SA157S26	SES007	-0.555401	-45.8299	-45.2745
BLOCK15/SES157/SA157S26	SES127	-0.67783	-45.9523	-45.2745
BLOCK15/SES157/SA157S26	SES147	-4.50173	-49.7762	-45.2745
BLOCK15/SES157/SA157S26	SES148	-0.683037	-45.9575	-45.2745
BLOCK16/SES161/SA161S10	SES007	-2.03972	-48.7728	-46.7331
BLOCK16/SES161/SA161S10	SES105	-1.27562	-48.0087	-46.7331
BLOCK16/SES161/SA161S10	SES158	-2.54498	-49.278	-46.7331
BLOCK16/SES161/SA161S10	SES275	-1.92677	-48.6598	-46.7331
BLOCK16/SES161/SA161S12	SES007	-1.47477	-47.6962	-46.2214
BLOCK16/SES161/SA161S12	SES105	-1.35242	-47.5738	-46.2214
BLOCK16/SES161/SA161S12	SES158	-1.32084	-47.5422	-46.2214
BLOCK16/SES161/SA161S12	SES275	-1.47994	-47.7014	-46.2214
BLOCK16/SES161/SA161S20	SES007	-2.23255	-49.7646	-47.532
BLOCK16/SES161/SA161S20	SES105	-1.88248	-49.4145	-47.532
BLOCK16/SES161/SA161S20	SES158	-2.2821	-49.8141	-47.532
BLOCK16/SES161/SA161S20	SES275	-2.34734	-49.8794	-47.532
BLOCK16/SES161/SA161S23	SES007	-2.12051	-47.9425	-45.822
BLOCK16/SES161/SA161S23	SES105	-1.28975	-47.1117	-45.822
BLOCK16/SES161/SA161S23	SES148	-2.1258	-47.9478	-45.822
BLOCK16/SES161/SA161S23	SES158	-1.15144	-46.9734	-45.822
BLOCK16/SES161/SA161S28	SES007	-2.67733	-49.1325	-46.4552
BLOCK16/SES161/SA161S28	SES105	-2.20514	-48.6603	-46.4552
BLOCK16/SES161/SA161S28	SES158	-1.00093	-47.4561	-46.4552
BLOCK16/SES161/SA161S28	SES206	-1.66115	-48.1163	-46.4552
BLOCK16/SES164/SA164S11	SES104	-1.61462	-46.0738	-44.4592
BLOCK16/SES164/SA164S11	SES125	-0.101521	-44.5607	-44.4592
BLOCK16/SES164/SA164S11	SES158	-0.360336	-44.8195	-44.4592
BLOCK16/SES164/SA164S11	SES206	-1.31667	-45.7759	-44.4592
BLOCK16/SES164/SA164S13	SES099	-0.502998	-46.0504	-45.5474
BLOCK16/SES164/SA164S13	SES104	-1.43364	-46.981	-45.5474
BLOCK16/SES164/SA164S13	SES125	-1.0059	-46.5533	-45.5474
BLOCK16/SES164/SA164S13	SES206	-1.25847	-46.8058	-45.5474
BLOCK16/SES164/SA164S24	SES002	-0.483707	-45.2324	-44.7487
BLOCK16/SES164/SA164S24	SES099	-0.0196266	-44.7683	-44.7487
BLOCK16/SES164/SA164S24	SES125	-0.868027	-45.6167	-44.7487
BLOCK16/SES164/SA164S24	SES226	-0.602638	-45.3513	-44.7487
BLOCK16/SES164/SA164S27	SES087	-1.07419	-46.4776	-45.4035
BLOCK16/SES164/SA164S27	SES125	-0.50441	-45.9079	-45.4035
BLOCK16/SES164/SA164S27	SES206	-1.28642	-46.6899	-45.4035
BLOCK16/SES164/SA164S27	SES226	-0.954971	-46.3584	-45.4035
BLOCK16/SES164/SA164S29	SES002	0.189831	-44.8222	-45.0121
BLOCK16/SES164/SA164S29	SES019	-0.87854	-45.8906	-45.0121
BLOCK16/SES164/SA164S29	SES125	-0.549099	-45.5612	-45.0121
BLOCK16/SES164/SA164S29	SES226	-0.971878	-45.9839	-45.0121
BLOCK16/SES169/SA169S13	SES117	-1.65554	-47.5552	-45.8997
BLOCK16/SES169/SA169S13	SES144	-0.674099	-46.5738	-45.8997
BLOCK16/SES169/SA169S13	SES146	-1.06451	-46.9642	-45.8997
BLOCK16/SES169/SA169S13	SES162	-1.3827	-47.2824	-45.8997
BLOCK16/SES169/SA169S14	SES144	-0.61977	-45.1363	-44.5165
BLOCK16/SES169/SA169S14	SES148	-0.833141	-45.3496	-44.5165
BLOCK16/SES169/SA169S14	SES177	-1.23698	-45.7535	-44.5165
BLOCK16/SES169/SA169S14	SES180	-2.55877	-47.0753	-44.5165
BLOCK16/SES169/SA169S24	SES117	-1.34208	-47.8166	-46.4745
BLOCK16/SES169/SA169S24	SES144	-0.247963	-46.7225	-46.4745
BLOCK16/SES169/SA169S24	SES146	-0.876209	-47.3507	-46.4745
BLOCK16/SES169/SA169S24	SES162	-1.14207	-47.6166	-46.4745
BLOCK16/SES169/SA169S27	SES127	-0.867504	-46.6951	-45.8276
BLOCK16/SES169/SA169S27	SES129	-0.731972	-46.5596	-45.8276
BLOCK16/SES169/SA169S27	SES144	-0.88575	-46.7134	-45.8276
BLOCK16/SES169/SA169S27	SES146	-0.203766	-46.0314	-45.8276
BLOCK16/SES169/SA169S29	SES144	-0.387409	-45.2901	-44.9027
BLOCK16/SES169/SA169S29	SES162	-0.640236	-45.5429	-44.9027
BLOCK16/SES169/SA169S29	SES177	-1.90887	-46.8116	-44.9027
BLOCK16/SES169/SA169S29	SES180	-2.01453	-46.9172	-44.9027
BLOCK17/SES171/SA171S12	SES083	-0.883148	-46.9301	-46.047
BLOCK17/SES171/SA171S12	SES148	-1.17862	-47.2256	-46.047
BLOCK17/SES171/SA171S12	SES172	-1.30445	-47.3514	-46.047
BLOCK17/SES171/SA171S12	SES292	-1.74457	-47.7916	-46.047
BLOCK17/SES171/SA171S15	SES148	-1.05724	-47.5019	-46.4447
BLOCK17/SES171/SA171S15	SES177	-0.90551	-47.3502	-46.4447
BLOCK17/SES171/SA171S15	SES180	-2.49918	-48.9439	-46.4447
BLOCK17/SES171/SA171S15	SES292	-2.6504	-49.0951	-46.4447
BLOCK17/SES171/SA171S22	SES007	-1.16614	-46.4985	-45.3323
BLOCK17/SES171/SA171S22	SES148	-1.21786	-46.5502	-45.3323
BLOCK17/SES171/SA171S22	SES177	-0.279011	-45.6114	-45.3323
BLOCK17/SES171/SA171S22	SES180	-1.78103	-47.1134	-45.3323
BLOCK17/SES171/SA171S25	SES101	-2.2407	-48.4691	-46.2284
BLOCK17/SES171/SA171S25	SES120	-2.74198	-48.9704	-46.2284
BLOCK17/SES171/SA171S25	SES177	-0.792244	-47.0206	-46.2284
BLOCK17/SES171/SA171S25	SES180	-2.30244	-48.5308	-46.2284
BLOCK17/SES171/SA171S27	SES177	-0.332897	-46.3534	-46.0205
BLOCK17/SES171/SA171S27	SES180	-1.49694	-47.5175	-46.0205
BLOCK17/SES171/SA171S27	SES189	-0.536789	-46.5573	-46.0205
BLOCK17/SES171/SA171S27	SES292	-2.08614	-48.1067	-46.0205
BLOCK17/SES173/SA173S13	SES162	-1.4375	-48.2277	-46.7902
BLOCK17/SES173/SA173S13	SES177	-1.43722	-48.2275	-46.7902
BLOCK17/SES173/SA173S13	SES180	-1.94262	-48.7329	-46.7902
BLOCK17/SES173/SA173S13	SES292	-1.26916	-48.0594	-46.7902
BLOCK17/SES173/SA173S14	SES007	-2.27563	-49.0061	-46.7304
BLOCK17/SES173/SA173S14	SES162	-1.4087	-48.1391	-46.7304
BLOCK17/SES173/SA173S14	SES177	-0.812416	-47.5429	-46.7304
BLOCK17/SES173/SA173S14	SES180	-2.09906	-48.8295	-46.7304
BLOCK17/SES173/SA173S24	SES144	-0.73428	-48.1572	-47.423
BLOCK17/SES173/SA173S24	SES162	-1.53722	-48.9602	-47.423
BLOCK17/SES173/SA173S24	SES177	-0.657005	-48.08	-47.423
BLOCK17/SES173/SA173S24	SES180	-1.82362	-49.2466	-47.423
BLOCK17/SES173/SA173S27	SES162	-2.08743	-48.8123	-46.7249
BLOCK17/SES173/SA173S27	SES177	-0.682152	-47.407	-46.7249
BLOCK17/SES173/SA173S27	SES180	-1.51827	-48.2431	-46.7249
BLOCK17/SES173/SA173S27	SES292	-1.60989	-48.3347	-46.7249
BLOCK17/SES173/SA173S29	SES162	-1.35894	-47.9174	-46.5585
BLOCK17/SES173/SA173S29	SES175	-0.802757	-47.3612	-46.5585
BLOCK17/SES173/SA173S29	SES177	-1.3146	-47.8731	-46.5585
BLOCK17/SES173/SA173S29	SES292	-2.48445	-49.0429	-46.5585
BLOCK18/SES182/SA182S10	SES144	-0.756638	-46.4313	-45.6747
BLOCK18/SES182/SA182S10	SES177	-0.637447	-46.3122	-45.6747
BLOCK18/SES182/SA182S10	SES180	-1.92723	-47.6019	-45.6747
BLOCK18/SES182/SA182S10	SES275	-0.706112	-46.3808	-45.6747
BLOCK18/SES182/SA182S12	SES144	-0.241531	-45.3185	-45.077
BLOCK18/SES182/SA182S12	SES177	-0.64185	-45.7188	-45.077
BLOCK18/SES182/SA182S12	SES180	-0.910969	-45.9879	-45.077
BLOCK18/SES182/SA182S12	SES275	-1.23556	-46.3125	-45.077
BLOCK18/SES182/SA182S21	SES117	-0.658749	-46.9169	-46.2581
BLOCK18/SES182/SA182S21	SES144	-0.742832	-47.0009	-46.2581
BLOCK18/SES182/SA182S21	SES162	-0.139114	-46.3972	-46.2581
BLOCK18/SES182/SA182S21	SES180	-1.2319	-47.49	-46.2581
BLOCK18/SES182/SA182S23	SES117	-0.706535	-46.798	-46.0915
BLOCK18/SES182/SA182S23	SES144	-1.01279	-47.1043	-46.0915
BLOCK18/SES182/SA182S23	SES180	-0.985882	-47.0774	-46.0915
BLOCK18/SES182/SA182S23	SES275	-1.37474	-47.4662	-46.0915
BLOCK18/SES182/SA182S25	SES007	-0.618725	-46.4678	-45.8491
BLOCK18/SES182/SA182S25	SES162	-0.188557	-46.0377	-45.8491
BLOCK18/SES182/SA182S25	SES177	-0.374565	-46.2237	-45.8491
BLOCK18/SES182/SA182S25	SES180	-1.24725	-47.0964	-45.8491
BLOCK18/SES184/SA184S12	SES177	-1.15388	-47.3315	-46.1777
BLOCK18/SES184/SA184S12	SES180	-0.985249	-47.1629	-46.1777
BLOCK18/SES184/SA184S12	SES189	-1.61942	-47.7971	-46.1777
BLOCK18/SES184/SA184S12	SES292	-1.77776	-47.9554	-46.1777
BLOCK18/SES184/SA184S13	SES101	-1.37515	-47.1603	-45.7852
BLOCK18/SES184/SA184S13	SES177	-0.832375	-46.6175	-45.7852
BLOCK18/SES184/SA184S13	SES180	-1.39959	-47.1848	-45.7852
BLOCK18/SES184/SA184S13	SES292	-1.15458	-46.9398	-45.7852
BLOCK18/SES184/SA184S22	SES177	-0.850178	-46.0393	-45.1891
BLOCK18/SES184/SA184S22	SES180	-1.03919	-46.2283	-45.1891
BLOCK18/SES184/SA184S22	SES189	-2.40881	-47.5979	-45.1891
BLOCK18/SES184/SA184S22	SES292	-1.20452	-46.3936	-45.1891
BLOCK18/SES184/SA184S25	SES101	-0.422432	-45.0705	-44.6481
BLOCK18/SES184/SA184S25	SES177	-1.35236	-46.0004	-44.6481
BLOCK18/SES184/SA184S25	SES180	-0.974712	-45.6228	-44.6481
BLOCK18/SES184/SA184S25	SES292	-0.982929	-45.631	-44.6481
BLOCK18/SES184/SA184S27	SES083	-1.39079	-46.4156	-45.0248
BLOCK18/SES184/SA184S27	SES177	-0.91901	-45.9439	-45.0248
BLOCK18/SES184/SA184S27	SES202	-2.65451	-47.6794	-45.0248
BLOCK18/SES184/SA184S27	SES292	-1.24495	-46.2698	-45.0248
BLOCK20/SES204/SA204S12	SES062	-1.75434	-46.308	-44.5536
BLOCK20/SES204/SA204S12	SES083	-1.9845	-46.5381	-44.5536
BLOCK20/SES204/SA204S12	SES206	-0.547703	-45.1013	-44.5536
BLOCK20/SES204/SA204S12	SES226	-1.00043	-45.5541	-44.5536
BLOCK20/SES204/SA204S14	SES068	-2.43819	-46.2945	-43.8563
BLOCK20/SES204/SA204S14	SES087	-0.706921	-44.5632	-43.8563
BLOCK20/SES204/SA204S14	SES206	-1.24818	-45.1045	-43.8563
BLOCK20/SES204/SA204S14	SES226	-1.24471	-45.101	-43.8563
BLOCK20/SES204/SA204S22	SES068	-3.19407	-47.986	-44.7919
BLOCK20/SES204/SA204S22	SES082	-2.66488	-47.4568	-44.7919
BLOCK20/SES204/SA204S22	SES083	-2.58965	-47.3815	-44.7919
BLOCK20/SES204/SA204S22	SES206	-1.31886	-46.1107	-44.7919
BLOCK20/SES204/SA204S25	SES062	-2.76101	-47.5382	-44.7772
BLOCK20/SES204/SA204S25	SES083	-2.51777	-47.295	-44.7772
BLOCK20/SES204/SA204S25	SES206	-0.487282	-45.2645	-44.7772
BLOCK20/SES204/SA204S25	SES226	-1.19928	-45.9765	-44.7772
BLOCK20/SES204/SA204S27	SES068	-3.81754	-48.81	-44.9925
BLOCK20/SES204/SA204S27	SES082	-1.54407	-46.5365	-44.9925
BLOCK20/SES204/SA204S27	SES087	-0.43018	-45.4226	-44.9925
BLOCK20/SES204/SA204S27	SES206	-0.455093	-45.4476	-44.9925
BLOCK20/SES207/SA207S10	SES127	-1.03416	-46.5251	-45.491
BLOCK20/SES207/SA207S10	SES183	-1.49434	-46.9853	-45.491
BLOCK20/SES207/SA207S10	SES189	-0.856453	-46.3474	-45.491
BLOCK20/SES207/SA207S10	SES292	-1.3974	-46.8884	-45.491
BLOCK20/SES207/SA207S11	SES127	-2.07869	-47.7813	-45.7026
BLOCK20/SES207/SA207S11	SES183	-1.49906	-47.2016	-45.7026
BLOCK20/SES207/SA207S11	SES187	-0.80101	-46.5036	-45.7026
BLOCK20/SES207/SA207S11	SES292	-0.877762	-46.5803	-45.7026
BLOCK20/SES207/SA207S25	SES068	-0.854652	-46.7396	-45.8849
BLOCK20/SES207/SA207S25	SES083	-1.86481	-47.7497	-45.8849
BLOCK20/SES207/SA207S25	SES127	-0.705147	-46.5901	-45.8849
BLOCK20/SES207/SA207S25	SES187	-0.05756	-45.9425	-45.8849
BLOCK20/SES207/SA207S27	SES127	-0.941593	-47.4561	-46.5145
BLOCK20/SES207/SA207S27	SES183	-0.704605	-47.2191	-46.5145
BLOCK20/SES207/SA207S27	SES187	-0.548573	-47.063	-46.5145
BLOCK20/SES207/SA207S27	SES292	-0.946869	-47.4613	-46.5145
BLOCK20/SES207/SA207S29	SES083	-1.36303	-46.9799	-45.6169
BLOCK20/SES207/SA207S29	SES085	-0.613819	-46.2307	-45.6169
BLOCK20/SES207/SA207S29	SES172	-1.57233	-47.1892	-45.6169
BLOCK20/SES207/SA207S29	SES189	-1.38762	-47.0045	-45.6169
BLOCK22/SES221/SA221S12	SES068	-1.40314	-46.7132	-45.31
BLOCK22/SES221/SA221S12	SES143	-1.50933	-46.8193	-45.31
BLOCK22/SES221/SA221S12	SES175	-0.486591	-45.7966	-45.31
BLOCK22/SES221/SA221S12	SES202	-0.196442	-45.5065	-45.31
BLOCK22/SES221/SA221S15	SES085	-2.2621	-48.8492	-46.5871
BLOCK22/SES221/SA221S15	SES143	-2.03352	-48.6206	-46.5871
BLOCK22/SES221/SA221S15	SES175	-0.691498	-47.2786	-46.5871
BLOCK22/SES221/SA221S15	SES187	-0.198231	-46.7853	-46.5871
BLOCK22/SES221/SA221S23	SES068	-1.70416	-47.4902	-45.786
BLOCK22/SES221/SA221S23	SES143	-1.86115	-47.6472	-45.786
BLOCK22/SES221/SA221S23	SES175	-0.154625	-45.9406	-45.786
BLOCK22/SES221/SA221S23	SES189	0.344685	-45.4413	-45.786
BLOCK22/SES221/SA221S27	SES085	-2.76677	-48.7213	-45.9545
BLOCK22/SES221/SA221S27	SES143	-1.21774	-47.1723	-45.9545
BLOCK22/SES221/SA221S27	SES175	-0.392315	-46.3468	-45.9545
BLOCK22/SES221/SA221S27	SES189	0.714596	-45.2399	-45.9545
BLOCK22/SES221/SA221S29	SES085	-4.02626	-51.05	-47.0237
BLOCK22/SES221/SA221S29	SES143	-1.6349	-48.6586	-47.0237
BLOCK22/SES221/SA221S29	SES175	0.010273	-47.0135	-47.0237
BLOCK22/SES221/SA221S29	SES187	0.129471	-46.8943	-47.0237
BLOCK22/SES223/SA223S11	SES143	-1.19124	-47.5309	-46.3397
BLOCK22/SES223/SA223S11	SES144	-1.79285	-48.1326	-46.3397
BLOCK22/SES223/SA223S11	SES175	-0.753986	-47.0937	-46.3397
BLOCK22/SES223/SA223S11	SES187	-1.09529	-47.435	-46.3397
BLOCK22/SES223/SA223S13	SES068	-1.00626	-48.5089	-47.5026
BLOCK22/SES223/SA223S13	SES143	-1.50784	-49.0104	-47.5026
BLOCK22/SES223/SA223S13	SES146	-2.80838	-50.311	-47.5026
BLOCK22/SES223/SA223S13	SES202	-0.852421	-48.355	-47.5026
BLOCK22/SES223/SA223S22	SES143	-0.848545	-47.4398	-46.5912
BLOCK22/SES223/SA223S22	SES144	-1.83169	-48.4229	-46.5912
BLOCK22/SES223/SA223S22	SES175	-0.608398	-47.1996	-46.5912
BLOCK22/SES223/SA223S22	SES187	-0.486595	-47.0778	-46.5912
BLOCK22/SES223/SA223S25	SES068	-1.59115	-48.0579	-46.4668
BLOCK22/SES223/SA223S25	SES143	-1.40606	-47.8729	-46.4668
BLOCK22/SES223/SA223S25	SES175	-0.888763	-47.3556	-46.4668
BLOCK22/SES223/SA223S25	SES187	-0.506546	-46.9733	-46.4668
BLOCK22/SES223/SA223S27	SES143	-0.433098	-46.9817	-46.5486
BLOCK22/SES223/SA223S27	SES146	-1.11243	-47.6611	-46.5486
BLOCK22/SES223/SA223S27	SES187	-0.439728	-46.9884	-46.5486
BLOCK22/SES223/SA223S27	SES292	-0.876373	-47.425	-46.5486
BLOCK27/SES273/SA273S12	SES099	0.0534058	-43.6537	-43.7071
BLOCK27/SES273/SA273S12	SES104	0.0221786	-43.6849	-43.7071
BLOCK27/SES273/SA273S12	SES125	-0.545326	-44.2524	-43.7071
BLOCK27/SES273/SA273S12	SES206	0.223347	-43.4838	-43.7071
BLOCK27/SES273/SA273S13	SES099	-0.612141	-43.9253	-43.3131
BLOCK27/SES273/SA273S13	SES104	-0.319706	-43.6328	-43.3131
BLOCK27/SES273/SA273S13	SES206	-0.549706	-43.8628	-43.3131
BLOCK27/SES273/SA273S13	SES292	-3.01073	-46.3238	-43.3131
BLOCK27/SES273/SA273S21	SES099	0.17445	-43.8435	-44.018
BLOCK27/SES273/SA273S21	SES148	-3.12401	-47.142	-44.018
BLOCK27/SES273/SA273S21	SES149	-1.11132	-45.1293	-44.018
BLOCK27/SES273/SA273S21	SES177	-3.63202	-47.65	-44.018
BLOCK27/SES273/SA273S25	SES104	-0.0173645	-43.789	-43.7717
BLOCK27/SES273/SA273S25	SES125	-0.726574	-44.4982	-43.7717
BLOCK27/SES273/SA273S25	SES158	0.163715	-43.6079	-43.7717
BLOCK27/SES273/SA273S25	SES206	0.516197	-43.2555	-43.7717
BLOCK27/SES273/SA273S27	SES099	-0.232681	-43.7825	-43.5498
BLOCK27/SES273/SA273S27	SES104	-0.599846	-44.1497	-43.5498
BLOCK27/SES273/SA273S27	SES149	-0.738213	-44.288	-43.5498
BLOCK27/SES273/SA273S27	SES275	-1.90871	-45.4585	-43.5498
BLOCK27/SES274/SA274S10	SES105	-2.14032	-46.3148	-44.1744
BLOCK27/SES274/SA274S10	SES125	-0.247341	-44.4218	-44.1744
BLOCK27/SES274/SA274S10	SES129	-1.03611	-45.2106	-44.1744
BLOCK27/SES274/SA274S10	SES158	-1.44566	-45.6201	-44.1744
BLOCK27/SES274/SA274S11	SES105	-2.08679	-46.3779	-44.2911
BLOCK27/SES274/SA274S11	SES149	-0.900017	-45.1912	-44.2911
BLOCK27/SES274/SA274S11	SES158	-1.15577	-45.4469	-44.2911
BLOCK27/SES274/SA274S11	SES275	-2.28027	-46.5714	-44.2911
BLOCK27/SES274/SA274S21	SES105	-1.85345	-46.5031	-44.6496
BLOCK27/SES274/SA274S21	SES129	-0.978046	-45.6277	-44.6496
BLOCK27/SES274/SA274S21	SES149	-1.00379	-45.6534	-44.6496
BLOCK27/SES274/SA274S21	SES158	-1.80477	-46.4544	-44.6496
BLOCK27/SES274/SA274S24	SES105	-2.21016	-46.8323	-44.6222
BLOCK27/SES274/SA274S24	SES129	-1.70852	-46.3307	-44.6222
BLOCK27/SES274/SA274S24	SES149	-1.00793	-45.6301	-44.6222
BLOCK27/SES274/SA274S24	SES158	-1.95043	-46.5726	-44.6222
BLOCK27/SES274/SA274S29	SES105	-2.04782	-46.365	-44.3172
BLOCK27/SES274/SA274S29	SES106	-1.24872	-45.5659	-44.3172
BLOCK27/SES274/SA274S29	SES120	-1.95398	-46.2712	-44.3172
BLOCK27/SES274/SA274S29	SES275	-1.87451	-46.1917	-44.3172
BLOCK27/SES276/SA276S16	SES148	-0.868996	-46.7741	-45.9051
BLOCK27/SES276/SA276S16	SES172	-1.52174	-47.4268	-45.9051
BLOCK27/SES276/SA276S16	SES180	-3.41755	-49.3227	-45.9051
BLOCK27/SES276/SA276S16	SES292	-0.315907	-46.221	-45.9051
BLOCK27/SES276/SA276S17	SES101	-1.56108	-47.2191	-45.658
BLOCK27/SES276/SA276S17	SES177	-1.7018	-47.3598	-45.658
BLOCK27/SES276/SA276S17	SES180	-2.55779	-48.2158	-45.658
BLOCK27/SES276/SA276S17	SES292	-1.36795	-47.0259	-45.658
BLOCK27/SES276/SA276S24	SES101	-0.525166	-45.4847	-44.9596
BLOCK27/SES276/SA276S24	SES177	-1.09577	-46.0553	-44.9596
BLOCK27/SES276/SA276S24	SES180	-2.04967	-47.0093	-44.9596
BLOCK27/SES276/SA276S24	SES292	-1.28217	-46.2417	-44.9596
BLOCK27/SES276/SA276S26	SES101	-1.49334	-46.8154	-45.3221
BLOCK27/SES276/SA276S26	SES177	-1.119	-46.4411	-45.3221
BLOCK27/SES276/SA276S26	SES180	-1.0127	-46.3348	-45.3221
BLOCK27/SES276/SA276S26	SES292	-0.438087	-45.7602	-45.3221
BLOCK27/SES276/SA276S28	SES101	-1.0486	-46.6368	-45.5882
BLOCK27/SES276/SA276S28	SES177	-1.34127	-46.9295	-45.5882
BLOCK27/SES276/SA276S28	SES180	-0.905376	-46.4936	-45.5882
BLOCK27/SES276/SA276S28	SES292	-0.542679	-46.1309	-45.5882
BLOCK27/SES277/SA277S12	SES101	-0.274349	-46.4543	-46.1799
BLOCK27/SES277/SA277S12	SES177	-1.87991	-48.0598	-46.1799
BLOCK27/SES277/SA277S12	SES180	-1.73005	-47.91	-46.1799
BLOCK27/SES277/SA277S12	SES292	-1.93009	-48.11	-46.1799
BLOCK27/SES277/SA277S14	SES177	-0.592583	-47.0929	-46.5003
BLOCK27/SES277/SA277S14	SES180	-1.3746	-47.8749	-46.5003
BLOCK27/SES277/SA277S14	SES189	-0.319668	-46.8199	-46.5003
BLOCK27/SES277/SA277S14	SES292	-2.09276	-48.593	-46.5003
BLOCK27/SES277/SA277S21	SES177	-0.153702	-45.5287	-45.375
BLOCK27/SES277/SA277S21	SES180	-1.61669	-46.9916	-45.375
BLOCK27/SES277/SA277S21	SES189	-1.00089	-46.3759	-45.375
BLOCK27/SES277/SA277S21	SES292	-1.87914	-47.2541	-45.375
BLOCK27/SES277/SA277S24	SES144	-1.25106	-47.8109	-46.5598
BLOCK27/SES277/SA277S24	SES177	-0.763157	-47.323	-46.5598
BLOCK27/SES277/SA277S24	SES180	-1.27592	-47.8358	-46.5598
BLOCK27/SES277/SA277S24	SES189	-0.786282	-47.3461	-46.5598
BLOCK27/SES277/SA277S29	SES177	-0.377235	-44.7916	-44.4144
BLOCK27/SES277/SA277S29	SES180	-1.11333	-45.5277	-44.4144
BLOCK27/SES277/SA277S29	SES202	-1.12493	-45.5393	-44.4144
BLOCK27/SES277/SA277S29	SES292	-1.72136	-46.1358	-44.4144
BLOCK27/SES279/SA279S09	SES120	-0.991512	-45.7973	-44.8058
BLOCK27/SES279/SA279S09	SES146	-1.2213	-46.0271	-44.8058
BLOCK27/SES279/SA279S09	SES206	-1.89017	-46.696	-44.8058
BLOCK27/SES279/SA279S09	SES226	-1.93315	-46.739	-44.8058
BLOCK27/SES279/SA279S10	SES099	-1.67535	-46.5407	-44.8653
BLOCK27/SES279/SA279S10	SES206	-1.44217	-46.3075	-44.8653
BLOCK27/SES279/SA279S10	SES226	-1.42899	-46.2943	-44.8653
BLOCK27/SES279/SA279S10	SES292	-0.843273	-45.7086	-44.8653
BLOCK27/SES279/SA279S20	SES099	-2.42271	-47.6426	-45.2198
BLOCK27/SES279/SA279S20	SES206	-1.94107	-47.1609	-45.2198
BLOCK27/SES279/SA279S20	SES226	-1.90845	-47.1283	-45.2198
BLOCK27/SES279/SA279S20	SES292	-0.237286	-45.4571	-45.2198
BLOCK27/SES279/SA279S26	SES099	-2.3098	-47.5103	-45.2005
BLOCK27/SES279/SA279S26	SES206	-1.52653	-46.7271	-45.2005
BLOCK27/SES279/SA279S26	SES226	-1.03574	-46.2363	-45.2005
BLOCK27/SES279/SA279S26	SES292	-1.10605	-46.3066	-45.2005
BLOCK27/SES279/SA279S28	SES099	-2.77752	-46.5743	-43.7968
BLOCK27/SES279/SA279S28	SES120	-1.14296	-44.9397	-43.7968
BLOCK27/SES279/SA279S28	SES177	-3.32476	-47.1215	-43.7968
BLOCK27/SES279/SA279S28	SES206	-2.28243	-46.0792	-43.7968
BLOCK29/SES290/SA290S12	SES162	-0.451164	-45.4032	-44.9521
BLOCK29/SES290/SA290S12	SES177	-1.071	-46.0231	-44.9521
BLOCK29/SES290/SA290S12	SES180	-1.43658	-46.3887	-44.9521
BLOCK29/SES290/SA290S12	SES292	-1.48922	-46.4413	-44.9521
BLOCK29/SES290/SA290S13	SES007	-2.72086	-48.735	-46.0142
BLOCK29/SES290/SA290S13	SES162	-1.73713	-47.7513	-46.0142
BLOCK29/SES290/SA290S13	SES177	-0.211971	-46.2262	-46.0142
BLOCK29/SES290/SA290S13	SES180	-1.26506	-47.2792	-46.0142
BLOCK29/SES290/SA290S22	SES177	-0.581013	-45.9238	-45.3428
BLOCK29/SES290/SA290S22	SES180	-0.662827	-46.0056	-45.3428
BLOCK29/SES290/SA290S22	SES202	-0.68745	-46.0303	-45.3428
BLOCK29/SES290/SA290S22	SES292	-1.91973	-47.2625	-45.3428
BLOCK29/SES290/SA290S25	SES162	-0.703785	-45.6938	-44.99
BLOCK29/SES290/SA290S25	SES177	-0.491341	-45.4814	-44.99
BLOCK29/SES290/SA290S25	SES180	-1.12481	-46.1148	-44.99
BLOCK29/SES290/SA290S25	SES292	-0.740807	-45.7308	-44.99
BLOCK29/SES290/SA290S29	SES177	0.172237	-44.6847	-44.8569
BLOCK29/SES290/SA290S29	SES180	-0.282806	-45.1397	-44.8569
BLOCK29/SES290/SA290S29	SES275	-1.52194	-46.3789	-44.8569
BLOCK29/SES290/SA290S29	SES292	-0.659691	-45.5166	-44.8569
BLOCK29/SES291/SA291S11	SES105	-3.29365	-48.6148	-45.3211
BLOCK29/SES291/SA291S11	SES125	-0.720646	-46.0418	-45.3211
BLOCK29/SES291/SA291S11	SES158	-1.01879	-46.3399	-45.3211
BLOCK29/SES291/SA291S11	SES275	-4.21349	-49.5346	-45.3211
BLOCK29/SES291/SA291S12	SES158	-0.392475	-44.758	-44.3655
BLOCK29/SES291/SA291S12	SES226	-1.20896	-45.5745	-44.3655
BLOCK29/SES291/SA291S12	SES270	0.116936	-44.2486	-44.3655
BLOCK29/SES291/SA291S12	SES275	-4.86634	-49.2319	-44.3655
BLOCK29/SES291/SA291S22	SES082	-0.879555	-45.4416	-44.562
BLOCK29/SES291/SA291S22	SES158	-0.806374	-45.3684	-44.562
BLOCK29/SES291/SA291S22	SES259	-1.30919	-45.8712	-44.562
BLOCK29/SES291/SA291S22	SES275	-3.27564	-47.8377	-44.562
BLOCK29/SES291/SA291S24	SES104	-0.104435	-43.7767	-43.6723
BLOCK29/SES291/SA291S24	SES125	0.348511	-43.3238	-43.6723
BLOCK29/SES291/SA291S24	SES158	-0.795406	-44.4677	-43.6723
BLOCK29/SES291/SA291S24	SES275	-4.20831	-47.8806	-43.6723
BLOCK29/SES291/SA291S27	SES158	-0.0334053	-43.9283	-43.8949
BLOCK29/SES291/SA291S27	SES172	-5.11186	-49.0067	-43.8949
BLOCK29/SES291/SA291S27	SES275	-4.42731	-48.3222	-43.8949
BLOCK29/SES291/SA291S27	SES292	-4.02455	-47.9194	-43.8949
Threshold search:
THR	-8.08423174441	9	0(0)	1(1000)
THR	-7.9667875269659	8.991	0(0)	0.999(999)
THR	-7.8493433095218	8.991	0(0)	0.999(999)
THR	-7.7318990920777	8.991	0(0)	0.999(999)
THR	-7.6144548746336	8.991	0(0)	0.999(999)
THR	-7.4970106571895	8.991	0(0)	0.999(999)
THR	-7.3795664397454	8.991	0(0)	0.999(999)
THR	-7.2621222223013	8.991	0(0)	0.999(999)
THR	-7.1446780048572	8.991	0(0)	0.999(999)
THR	-7.0272337874131	8.982	0(0)	0.998(998)
THR	-6.909789569969	8.982	0(0)	0.998(998)
THR	-6.7923453525249	8.982	0(0)	0.998(998)
THR	-6.6749011350808	8.982	0(0)	0.998(998)
THR	-6.5574569176367	8.982	0(0)	0.998(998)
THR	-6.4400127001926	8.982	0(0)	0.998(998)
THR	-6.3225684827485	8.982	0(0)	0.998(998)
THR	-6.2051242653044	8.982	0(0)	0.998(998)
THR	-6.0876800478603	8.982	0(0)	0.998(998)
THR	-5.9702358304162	8.982	0(0)	0.998(998)
THR	-5.8527916129721	8.982	0(0)	0.998(998)
THR	-5.735347395528	8.982	0(0)	0.998(998)
THR	-5.6179031780839	8.982	0(0)	0.998(998)
THR	-5.5004589606398	8.982	0(0)	0.998(998)
THR	-5.3830147431957	8.982	0(0)	0.998(998)
THR	-5.2655705257516	8.973	0(0)	0.997(997)
THR	-5.1481263083075	8.973	0(0)	0.997(997)
THR	-5.0306820908634	8.964	0(0)	0.996(996)
THR	-4.9132378734193	8.964	0(0)	0.996(996)
THR	-4.7957936559752	8.955	0(0)	0.995(995)
THR	-4.6783494385311	8.955	0(0)	0.995(995)
THR	-4.560905221087	8.946	0(0)	0.994(994)
THR	-4.4434610036429	8.937	0(0)	0.993(993)
THR	-4.3260167861988	8.919	0(0)	0.991(991)
THR	-4.2085725687547	8.91	0(0)	0.99(990)
THR	-4.0911283513106	8.901	0(0)	0.989(989)
THR	-3.9736841338665	8.865	0(0)	0.985(985)
THR	-3.8562399164224	8.847	0(0)	0.983(983)
THR	-3.7387956989783	8.82	0(0)	0.98(980)
THR	-3.6213514815342	8.793	0(0)	0.977(977)
THR	-3.5039072640901	8.748	0(0)	0.972(972)
THR	-3.386463046646	8.694	0(0)	0.966(966)
THR	-3.2690188292019	8.613	0(0)	0.957(957)
THR	-3.1515746117578	8.568	0(0)	0.952(952)
THR	-3.0341303943137	8.487	0(0)	0.943(943)
THR	-2.9166861768696	8.388	0(0)	0.932(932)
THR	-2.7992419594255	8.316	0(0)	0.924(924)
THR	-2.6817977419814	8.208	0(0)	0.912(912)
THR	-2.5643535245373	8.091	0(0)	0.899(899)
THR	-2.4469093070932	7.965	0(0)	0.885(885)
THR	-2.3294650896491	7.839	0(0)	0.871(871)
THR	-2.212020872205	7.623	0(0)	0.847(847)
THR	-2.0945766547609	7.452	0(0)	0.828(828)
THR	-1.9771324373168	7.209	0(0)	0.801(801)
THR	-1.8596882198727	6.93	0(0)	0.77(770)
THR	-1.7422440024286	6.66	0(0)	0.74(740)
THR	-1.6247997849845	6.408	0(0)	0.712(712)
THR	-1.5073555675404	6.016	0.004(1)	0.668(668)
THR	-1.3899113500963	5.629	0.004(1)	0.625(625)
THR	-1.2724671326522	5.116	0.004(1)	0.568(568)
THR	-1.1550229152081	4.594	0.004(1)	0.51(510)
THR	-1.037578697764	4.162	0.004(1)	0.462(462)
THR	-0.920134480319903	3.658	0.004(1)	0.406(406)
THR	-0.802690262875803	3.154	0.004(1)	0.35(350)
THR	-0.685246045431703	2.56	0.004(1)	0.284(284)
THR	-0.567801827987603	2.047	0.004(1)	0.227(227)
THR	-0.450357610543503	1.682	0.008(2)	0.186(186)
THR	-0.332913393099403	1.358	0.008(2)	0.15(150)
THR	-0.215469175655303	1.052	0.008(2)	0.116(116)
THR	-0.0980249582112032	0.692	0.008(2)	0.076(76)
THR	0.0194192592328968	0.534	0.012(3)	0.058(58)
THR	0.136863476676997	0.379	0.028(7)	0.039(39)
THR	0.254307694121097	0.256	0.04(10)	0.024(24)
THR	0.371751911565197	0.173	0.056(14)	0.013(13)
THR	0.489196129009297	0.17	0.08(20)	0.01(10)
THR	0.606640346453397	0.158	0.104(26)	0.006(6)
THR	0.724084563897497	0.176	0.14(35)	0.004(4)
THR	0.841528781341597	0.199	0.172(43)	0.003(3)
THR	0.958972998785697	0.22	0.22(55)	0(0)
THR	1.0764172162298	0.276	0.276(69)	0(0)
THR	1.1938614336739	0.372	0.372(93)	0(0)
THR	1.311305651118	0.448	0.448(112)	0(0)
THR	1.4287498685621	0.52	0.52(130)	0(0)
THR	1.5461940860062	0.596	0.596(149)	0(0)
THR	1.6636383034503	0.644	0.644(161)	0(0)
THR	1.7810825208944	0.696	0.696(174)	0(0)
THR	1.8985267383385	0.744	0.744(186)	0(0)
THR	2.0159709557826	0.784	0.784(196)	0(0)
THR	2.1334151732267	0.84	0.84(210)	0(0)
THR	2.2508593906708	0.864	0.864(216)	0(0)
THR	2.3683036081149	0.888	0.888(222)	0(0)
THR	2.485747825559	0.912	0.912(228)	0(0)
THR	2.6031920430031	0.928	0.928(232)	0(0)
THR	2.7206362604472	0.944	0.944(236)	0(0)
THR	2.8380804778913	0.964	0.964(241)	0(0)
THR	2.9555246953354	0.972	0.972(243)	0(0)
THR	3.0729689127795	0.98	0.98(245)	0(0)
THR	3.1904131302236	0.984	0.984(246)	0(0)
THR	3.3078573476677	0.988	0.988(247)	0(0)
THR	3.4253015651118	0.996	0.996(249)	0(0)
THR	3.5427457825559	0.996	0.996(249)	0(0)
THR	3.66019	0.996	0.996(249)	0(0)
THR	3.7776342174441	1	1(250)	0(0)


==============================================
THR: 0.606640346453397
Missed:     26/250=0.1040
FalseAlarm: 6/1000=0.0060
----------------------------------------------
==> CostDetection: 15.8
==============================================
