BLOCK00/SES002/SA002S12	SES002	0.625209	-6.8194	-7.44461
BLOCK00/SES002/SA002S13	SES002	1.06708	-7.69164	-8.75871
BLOCK00/SES002/SA002S23	SES002	0.768564	-6.89904	-7.66761
BLOCK00/SES002/SA002S26	SES002	-0.123505	-9.0347	-8.91119
BLOCK00/SES002/SA002S28	SES002	0.119955	-8.27885	-8.3988
BLOCK00/SES007/SA007S14	SES007	1.08345	-5.99226	-7.07572
BLOCK00/SES007/SA007S15	SES007	0.270996	-7.20141	-7.4724
BLOCK00/SES007/SA007S24	SES007	0.510175	-6.48613	-6.9963
BLOCK00/SES007/SA007S27	SES007	0.0460873	-8.28939	-8.33548
BLOCK00/SES007/SA007S29	SES007	0.249847	-6.49759	-6.74744
BLOCK00/SES008/SA008S11	SES008	1.56967	-5.83017	-7.39984
BLOCK00/SES008/SA008S12	SES008	0.604332	-6.46305	-7.06738
BLOCK00/SES008/SA008S19	SES008	1.37868	-6.2005	-7.57918
BLOCK00/SES008/SA008S22	SES008	0.702966	-7.49173	-8.1947
BLOCK00/SES008/SA008S29	SES008	1.04617	-6.03916	-7.08533
BLOCK01/SES014/SA014S10	SES014	0.344012	-7.53972	-7.88374
BLOCK01/SES014/SA014S12	SES014	1.18711	-6.57551	-7.76262
BLOCK01/SES014/SA014S24	SES014	0.687698	-7.40837	-8.09607
BLOCK01/SES014/SA014S26	SES014	0.778852	-6.87171	-7.65056
BLOCK01/SES014/SA014S28	SES014	2.0004	-5.39033	-7.39073
BLOCK01/SES016/SA016S12	SES016	0.248963	-10.301	-10.5499
BLOCK01/SES016/SA016S13	SES016	0.365179	-7.61233	-7.97751
BLOCK01/SES016/SA016S22	SES016	0.797294	-7.14154	-7.93883
BLOCK01/SES016/SA016S25	SES016	0.886636	-5.52766	-6.41429
BLOCK01/SES016/SA016S27	SES016	0.935195	-6.93059	-7.86579
BLOCK01/SES019/SA019S13	SES019	2.29832	-6.2421	-8.54042
BLOCK01/SES019/SA019S14	SES019	1.03875	-8.31997	-9.35872
BLOCK01/SES019/SA019S22	SES019	1.90164	-5.96223	-7.86387
BLOCK01/SES019/SA019S25	SES019	1.82308	-7.458	-9.28108
BLOCK01/SES019/SA019S29	SES019	3.11679	-7.16737	-10.2842
BLOCK02/SES029/SA029S11	SES029	0.643155	-5.9092	-6.55236
BLOCK02/SES029/SA029S12	SES029	0.0418162	-6.8078	-6.84962
BLOCK02/SES029/SA029S20	SES029	0.472393	-6.12071	-6.5931
BLOCK02/SES029/SA029S25	SES029	0.454621	-7.45942	-7.91405
BLOCK02/SES029/SA029S28	SES029	-0.0248289	-7.02457	-6.99974
BLOCK04/SES042/SA042S12	SES042	1.19956	-6.47492	-7.67448
BLOCK04/SES042/SA042S15	SES042	1.56238	-5.85802	-7.42041
BLOCK04/SES042/SA042S22	SES042	1.93264	-7.43214	-9.36479
BLOCK04/SES042/SA042S25	SES042	0.832631	-8.39781	-9.23044
BLOCK04/SES042/SA042S27	SES042	1.24888	-7.54626	-8.79515
BLOCK04/SES048/SA048S11	SES048	0.898763	-5.80808	-6.70685
BLOCK04/SES048/SA048S12	SES048	0.134968	-7.8242	-7.95917
BLOCK04/SES048/SA048S20	SES048	-0.0661192	-6.71978	-6.65366
BLOCK04/SES048/SA048S23	SES048	0.68335	-6.71634	-7.39969
BLOCK04/SES048/SA048S27	SES048	-0.926208	-8.23366	-7.30745
BLOCK06/SES060/SA060S11	SES060	0.858218	-6.96202	-7.82024
BLOCK06/SES060/SA060S12	SES060	0.196116	-8.3463	-8.54241
BLOCK06/SES060/SA060S22	SES060	-0.795074	-9.32377	-8.5287
BLOCK06/SES060/SA060S24	SES060	1.09048	-5.47866	-6.56913
BLOCK06/SES060/SA060S28	SES060	0.869613	-5.15895	-6.02856
BLOCK06/SES062/SA062S10	SES062	0.245012	-6.76695	-7.01196
BLOCK06/SES062/SA062S11	SES062	0.576588	-8.16838	-8.74497
BLOCK06/SES062/SA062S21	SES062	0.30241	-5.4524	-5.75481
BLOCK06/SES062/SA062S26	SES062	0.227541	-7.10976	-7.3373
BLOCK06/SES062/SA062S29	SES062	0.880384	-5.78107	-6.66146
BLOCK06/SES068/SA068S14	SES068	0.101015	-7.51706	-7.61807
BLOCK06/SES068/SA068S15	SES068	0.63871	-7.10326	-7.74197
BLOCK06/SES068/SA068S23	SES068	0.307874	-7.46013	-7.768
BLOCK06/SES068/SA068S27	SES068	1.17199	-6.3929	-7.5649
BLOCK06/SES068/SA068S29	SES068	0.428557	-7.10979	-7.53834
BLOCK08/SES082/SA082S12	SES082	-0.0994024	-8.0276	-7.9282
BLOCK08/SES082/SA082S14	SES082	0.089973	-7.64554	-7.73551
BLOCK08/SES082/SA082S21	SES082	0.0996656	-7.28488	-7.38455
BLOCK08/SES082/SA082S24	SES082	-0.018209	-7.88501	-7.86681
BLOCK08/SES082/SA082S28	SES082	0.284317	-7.73457	-8.01889
BLOCK08/SES083/SA083S14	SES083	-0.204673	-6.9378	-6.73313
BLOCK08/SES083/SA083S15	SES083	0.606324	-6.94887	-7.55519
BLOCK08/SES083/SA083S24	SES083	0.260814	-7.50964	-7.77046
BLOCK08/SES083/SA083S26	SES083	0.407558	-8.16169	-8.56925
BLOCK08/SES083/SA083S29	SES083	-0.0214887	-7.76385	-7.74236
BLOCK08/SES085/SA085S10	SES085	0.777932	-5.98489	-6.76283
BLOCK08/SES085/SA085S13	SES085	0.043438	-8.03489	-8.07833
BLOCK08/SES085/SA085S22	SES085	0.909222	-6.74496	-7.65418
BLOCK08/SES085/SA085S26	SES085	-0.480149	-8.05329	-7.57314
BLOCK08/SES085/SA085S28	SES085	0.574559	-7.05019	-7.62475
BLOCK08/SES087/SA087S15	SES087	1.44717	-7.45003	-8.8972
BLOCK08/SES087/SA087S16	SES087	1.14302	-7.13164	-8.27466
BLOCK08/SES087/SA087S24	SES087	0.738778	-8.07248	-8.81126
BLOCK08/SES087/SA087S26	SES087	0.5313	-6.75595	-7.28725
BLOCK08/SES087/SA087S29	SES087	1.43807	-6.33842	-7.77649
BLOCK09/SES099/SA099S15	SES099	0.923183	-7.2919	-8.21509
BLOCK09/SES099/SA099S16	SES099	0.734398	-6.65156	-7.38596
BLOCK09/SES099/SA099S24	SES099	0.707111	-7.30535	-8.01246
BLOCK09/SES099/SA099S26	SES099	1.09494	-7.10452	-8.19946
BLOCK09/SES099/SA099S29	SES099	0.68551	-7.62635	-8.31186
BLOCK10/SES101/SA101S11	SES101	0.25067	-6.61339	-6.86406
BLOCK10/SES101/SA101S13	SES101	0.566036	-5.05212	-5.61816
BLOCK10/SES101/SA101S22	SES101	0.4278	-8.08871	-8.51651
BLOCK10/SES101/SA101S24	SES101	0.584549	-6.5469	-7.13145
BLOCK10/SES101/SA101S28	SES101	0.625865	-6.80983	-7.43569
BLOCK10/SES104/SA104S11	SES104	1.17269	-6.29537	-7.46806
BLOCK10/SES104/SA104S12	SES104	0.63839	-7.21631	-7.8547
BLOCK10/SES104/SA104S21	SES104	0.698619	-7.43272	-8.13134
BLOCK10/SES104/SA104S24	SES104	-0.178428	-8.70562	-8.52719
BLOCK10/SES104/SA104S28	SES104	1.04621	-7.66139	-8.7076
BLOCK10/SES105/SA105S12	SES105	0.592495	-7.96975	-8.56225
BLOCK10/SES105/SA105S13	SES105	-0.0750031	-7.49092	-7.41592
BLOCK10/SES105/SA105S22	SES105	0.281477	-8.07562	-8.35709
BLOCK10/SES105/SA105S26	SES105	0.392531	-8.00461	-8.39714
BLOCK10/SES105/SA105S29	SES105	0.990658	-5.80735	-6.79801
BLOCK10/SES106/SA106S09	SES106	0.605461	-7.66594	-8.27141
BLOCK10/SES106/SA106S11	SES106	0.436115	-6.9977	-7.43382
BLOCK10/SES106/SA106S22	SES106	0.857665	-8.00465	-8.86232
BLOCK10/SES106/SA106S27	SES106	0.394785	-6.90122	-7.296
BLOCK10/SES106/SA106S29	SES106	0.266357	-7.32978	-7.59614
BLOCK11/SES117/SA117S12	SES117	0.374492	-7.87328	-8.24777
BLOCK11/SES117/SA117S13	SES117	-0.155735	-8.32882	-8.17309
BLOCK11/SES117/SA117S23	SES117	1.08601	-8.77107	-9.85708
BLOCK11/SES117/SA117S25	SES117	0.608473	-7.70345	-8.31192
BLOCK11/SES117/SA117S28	SES117	0.83235	-7.80379	-8.63614
BLOCK12/SES120/SA120S08	SES120	0.184627	-8.26093	-8.44555
BLOCK12/SES120/SA120S11	SES120	0.100337	-11.5209	-11.6212
BLOCK12/SES120/SA120S22	SES120	0.33	-6.94515	-7.27515
BLOCK12/SES120/SA120S24	SES120	0.499641	-8.3141	-8.81374
BLOCK12/SES120/SA120S28	SES120	-0.395073	-8.96358	-8.56851
BLOCK12/SES125/SA125S13	SES125	0.661534	-7.50348	-8.16501
BLOCK12/SES125/SA125S14	SES125	0.28832	-8.49337	-8.78169
BLOCK12/SES125/SA125S25	SES125	1.27908	-7.5693	-8.84838
BLOCK12/SES125/SA125S27	SES125	0.675482	-6.81371	-7.48919
BLOCK12/SES125/SA125S29	SES125	0.192588	-7.06754	-7.26013
BLOCK12/SES127/SA127S11	SES127	0.408419	-7.20906	-7.61748
BLOCK12/SES127/SA127S12	SES127	0.328458	-5.37006	-5.69852
BLOCK12/SES127/SA127S23	SES127	0.357814	-6.35605	-6.71386
BLOCK12/SES127/SA127S25	SES127	0.291009	-6.33577	-6.62678
BLOCK12/SES127/SA127S27	SES127	0.95723	-6.41749	-7.37472
BLOCK12/SES129/SA129S11	SES129	1.04927	-5.50889	-6.55816
BLOCK12/SES129/SA129S12	SES129	0.841487	-5.65686	-6.49834
BLOCK12/SES129/SA129S22	SES129	0.817895	-6.49717	-7.31507
BLOCK12/SES129/SA129S27	SES129	1.07108	-6.28276	-7.35383
BLOCK12/SES129/SA129S29	SES129	0.569839	-8.16442	-8.73426
BLOCK14/SES142/SA142S11	SES142	1.48137	-5.73339	-7.21476
BLOCK14/SES142/SA142S12	SES142	-0.00932217	-8.18605	-8.17673
BLOCK14/SES142/SA142S24	SES142	0.584175	-6.92066	-7.50483
BLOCK14/SES142/SA142S27	SES142	0.999565	-6.76674	-7.76631
BLOCK14/SES142/SA142S29	SES142	0.719522	-6.52643	-7.24595
BLOCK14/SES143/SA143S12	SES143	0.774465	-6.51112	-7.28559
BLOCK14/SES143/SA143S13	SES143	0.554438	-6.87958	-7.43401
BLOCK14/SES143/SA143S23	SES143	0.989616	-7.34132	-8.33093
BLOCK14/SES143/SA143S25	SES143	0.668298	-7.70276	-8.37106
BLOCK14/SES143/SA143S28	SES143	0.27248	-7.47696	-7.74944
BLOCK14/SES144/SA144S09	SES144	0.119567	-7.40558	-7.52514
BLOCK14/SES144/SA144S11	SES144	0.0355487	-6.94836	-6.98391
BLOCK14/SES144/SA144S21	SES144	-0.609385	-8.40432	-7.79493
BLOCK14/SES144/SA144S25	SES144	0.220823	-7.68488	-7.90571
BLOCK14/SES144/SA144S29	SES144	-0.593454	-8.49448	-7.90103
BLOCK14/SES146/SA146S14	SES146	0.305452	-7.69766	-8.00312
BLOCK14/SES146/SA146S15	SES146	-0.134435	-8.23361	-8.09918
BLOCK14/SES146/SA146S24	SES146	0.431589	-7.44819	-7.87978
BLOCK14/SES146/SA146S26	SES146	0.601477	-7.32103	-7.92251
BLOCK14/SES146/SA146S29	SES146	0.359361	-8.10582	-8.46518
BLOCK14/SES147/SA147S11	SES147	0.187459	-7.68148	-7.86894
BLOCK14/SES147/SA147S13	SES147	0.731293	-6.0374	-6.76869
BLOCK14/SES147/SA147S23	SES147	0.903534	-6.79601	-7.69954
BLOCK14/SES147/SA147S26	SES147	0.692901	-6.91962	-7.61252
BLOCK14/SES147/SA147S28	SES147	1.02279	-5.92648	-6.94927
BLOCK14/SES148/SA148S10	SES148	0.123391	-6.65419	-6.77758
BLOCK14/SES148/SA148S12	SES148	0.31768	-7.43128	-7.74896
BLOCK14/SES148/SA148S22	SES148	0.351902	-6.30106	-6.65296
BLOCK14/SES148/SA148S26	SES148	-0.112271	-5.95341	-5.84113
BLOCK14/SES148/SA148S29	SES148	0.304767	-7.5976	-7.90237
BLOCK14/SES149/SA149S13	SES149	0.140053	-6.56737	-6.70742
BLOCK14/SES149/SA149S14	SES149	0.343102	-5.93589	-6.27899
BLOCK14/SES149/SA149S24	SES149	0.628026	-6.67125	-7.29928
BLOCK14/SES149/SA149S26	SES149	0.658689	-5.98919	-6.64788
BLOCK14/SES149/SA149S28	SES149	0.955076	-5.21278	-6.16786
BLOCK15/SES158/SA158S13	SES158	0.728542	-7.05133	-7.77987
BLOCK15/SES158/SA158S14	SES158	0.704946	-8.15157	-8.85651
BLOCK15/SES158/SA158S23	SES158	0.809945	-6.32845	-7.1384
BLOCK15/SES158/SA158S26	SES158	1.03713	-7.46061	-8.49773
BLOCK15/SES158/SA158S28	SES158	0.693067	-7.41506	-8.10812
BLOCK16/SES162/SA162S10	SES162	0.36102	-7.92599	-8.28701
BLOCK16/SES162/SA162S11	SES162	0.541566	-6.13487	-6.67644
BLOCK16/SES162/SA162S21	SES162	0.881056	-6.70884	-7.5899
BLOCK16/SES162/SA162S24	SES162	0.873177	-6.69644	-7.56962
BLOCK16/SES162/SA162S27	SES162	1.05707	-8.06991	-9.12698
BLOCK16/SES167/SA167S14	SES167	0.67389	-6.39474	-7.06863
BLOCK16/SES167/SA167S15	SES167	1.50776	-5.62662	-7.13438
BLOCK16/SES167/SA167S21	SES167	1.21209	-5.48934	-6.70142
BLOCK16/SES167/SA167S25	SES167	1.78625	-5.63652	-7.42277
BLOCK16/SES167/SA167S29	SES167	2.1184	-4.73424	-6.85265
BLOCK17/SES172/SA172S12	SES172	1.23001	-7.36476	-8.59476
BLOCK17/SES172/SA172S13	SES172	0.80628	-8.17155	-8.97783
BLOCK17/SES172/SA172S23	SES172	0.723052	-6.44315	-7.1662
BLOCK17/SES172/SA172S27	SES172	0.772948	-8.12653	-8.89948
BLOCK17/SES172/SA172S29	SES172	1.31071	-6.73599	-8.04671
BLOCK17/SES175/SA175S11	SES175	0.510025	-7.34356	-7.85358
BLOCK17/SES175/SA175S13	SES175	0.489782	-4.78781	-5.27759
BLOCK17/SES175/SA175S23	SES175	0.773024	-5.9649	-6.73792
BLOCK17/SES175/SA175S25	SES175	-0.190392	-7.91871	-7.72832
BLOCK17/SES175/SA175S28	SES175	0.314456	-6.48244	-6.7969
BLOCK17/SES177/SA177S15	SES177	0.363024	-7.77009	-8.13311
BLOCK17/SES177/SA177S17	SES177	0.458881	-7.58275	-8.04163
BLOCK17/SES177/SA177S23	SES177	0.073751	-7.76059	-7.83434
BLOCK17/SES177/SA177S26	SES177	0.69001	-4.97134	-5.66135
BLOCK17/SES177/SA177S28	SES177	0.746418	-7.65571	-8.40213
BLOCK18/SES180/SA180S13	SES180	-0.346353	-8.60521	-8.25886
BLOCK18/SES180/SA180S15	SES180	0.33157	-6.97407	-7.30564
BLOCK18/SES180/SA180S24	SES180	0.372748	-6.05825	-6.431
BLOCK18/SES180/SA180S26	SES180	0.0986977	-6.77392	-6.87261
BLOCK18/SES180/SA180S29	SES180	-0.457269	-8.48236	-8.02509
BLOCK18/SES183/SA183S13	SES183	1.23177	-6.69455	-7.92632
BLOCK18/SES183/SA183S14	SES183	-0.3524	-7.6809	-7.3285
BLOCK18/SES183/SA183S24	SES183	0.851836	-7.57833	-8.43016
BLOCK18/SES183/SA183S27	SES183	0.794166	-7.96884	-8.76301
BLOCK18/SES183/SA183S29	SES183	0.934511	-6.76005	-7.69456
BLOCK18/SES187/SA187S13	SES187	0.118164	-8.16282	-8.28099
BLOCK18/SES187/SA187S14	SES187	0.0131445	-8.49679	-8.50994
BLOCK18/SES187/SA187S24	SES187	1.16463	-7.31996	-8.48459
BLOCK18/SES187/SA187S27	SES187	0.521335	-8.05387	-8.5752
BLOCK18/SES187/SA187S29	SES187	0.0405769	-9.15376	-9.19434
BLOCK18/SES189/SA189S10	SES189	0.931802	-7.74375	-8.67555
BLOCK18/SES189/SA189S13	SES189	0.889451	-9.34839	-10.2378
BLOCK18/SES189/SA189S24	SES189	0.738393	-7.03078	-7.76917
BLOCK18/SES189/SA189S26	SES189	0.788544	-7.22791	-8.01645
BLOCK18/SES189/SA189S29	SES189	1.11753	-7.03407	-8.1516
BLOCK20/SES202/SA202S12	SES202	0.742798	-7.5095	-8.2523
BLOCK20/SES202/SA202S14	SES202	0.831729	-7.29938	-8.13111
BLOCK20/SES202/SA202S24	SES202	0.424263	-8.28966	-8.71392
BLOCK20/SES202/SA202S27	SES202	0.825637	-6.54663	-7.37227
BLOCK20/SES202/SA202S29	SES202	0.716976	-6.97773	-7.69471
BLOCK20/SES206/SA206S15	SES206	-0.485267	-6.83894	-6.35367
BLOCK20/SES206/SA206S17	SES206	0.715692	-7.34414	-8.05983
BLOCK20/SES206/SA206S24	SES206	0.947581	-5.84112	-6.7887
BLOCK20/SES206/SA206S27	SES206	1.02903	-7.80035	-8.82938
BLOCK20/SES206/SA206S29	SES206	1.0313	-6.40659	-7.43789
BLOCK22/SES226/SA226S12	SES226	0.930382	-7.08	-8.01038
BLOCK22/SES226/SA226S13	SES226	-0.564408	-7.75608	-7.19168
BLOCK22/SES226/SA226S20	SES226	0.307547	-7.14148	-7.44903
BLOCK22/SES226/SA226S23	SES226	0.076407	-7.04046	-7.11687
BLOCK22/SES226/SA226S28	SES226	1.1723	-6.22225	-7.39455
BLOCK25/SES259/SA259S13	SES259	1.68574	-6.63055	-8.31629
BLOCK25/SES259/SA259S14	SES259	1.16036	-6.41799	-7.57835
BLOCK25/SES259/SA259S22	SES259	1.3904	-6.3922	-7.7826
BLOCK25/SES259/SA259S24	SES259	0.486197	-7.64669	-8.13289
BLOCK25/SES259/SA259S28	SES259	1.15589	-6.65253	-7.80842
BLOCK27/SES270/SA270S14	SES270	1.37103	-7.18942	-8.56044
BLOCK27/SES270/SA270S16	SES270	0.425734	-6.95167	-7.3774
BLOCK27/SES270/SA270S22	SES270	1.45648	-6.64648	-8.10296
BLOCK27/SES270/SA270S26	SES270	1.02682	-7.25306	-8.27988
BLOCK27/SES270/SA270S28	SES270	1.03451	-6.43687	-7.47138
BLOCK27/SES275/SA275S17	SES275	0.485516	-6.73481	-7.22032
BLOCK27/SES275/SA275S18	SES275	0.133263	-7.39571	-7.52897
BLOCK27/SES275/SA275S24	SES275	0.272316	-7.64996	-7.92228
BLOCK27/SES275/SA275S26	SES275	0.695403	-6.85554	-7.55094
BLOCK27/SES275/SA275S28	SES275	0.562966	-7.00175	-7.56471
BLOCK29/SES292/SA292S10	SES292	-0.427818	-6.98636	-6.55854
BLOCK29/SES292/SA292S12	SES292	0.142333	-8.44704	-8.58937
BLOCK29/SES292/SA292S22	SES292	-0.330048	-7.73043	-7.40039
BLOCK29/SES292/SA292S24	SES292	0.0798101	-6.91001	-6.98982
BLOCK29/SES292/SA292S27	SES292	-0.183988	-7.33765	-7.15366
BLOCK00/SES001/SA001S14	SES062	-2.72147	-11.0947	-8.37326
BLOCK00/SES001/SA001S14	SES082	-1.47258	-9.84583	-8.37326
BLOCK00/SES001/SA001S14	SES106	-1.26994	-9.6432	-8.37326
BLOCK00/SES001/SA001S14	SES206	-1.28771	-9.66097	-8.37326
BLOCK00/SES001/SA001S15	SES062	-2.18985	-9.77791	-7.58807
BLOCK00/SES001/SA001S15	SES104	-1.18216	-8.77023	-7.58807
BLOCK00/SES001/SA001S15	SES106	-0.540735	-8.1288	-7.58807
BLOCK00/SES001/SA001S15	SES206	-1.31304	-8.9011	-7.58807
BLOCK00/SES001/SA001S24	SES062	-1.27538	-9.44681	-8.17142
BLOCK00/SES001/SA001S24	SES082	-1.09135	-9.26277	-8.17142
BLOCK00/SES001/SA001S24	SES087	-1.59081	-9.76224	-8.17142
BLOCK00/SES001/SA001S24	SES206	-1.24034	-9.41176	-8.17142
BLOCK00/SES001/SA001S27	SES062	-1.38138	-7.49751	-6.11613
BLOCK00/SES001/SA001S27	SES082	-0.947884	-7.06402	-6.11613
BLOCK00/SES001/SA001S27	SES087	-0.939482	-7.05561	-6.11613
BLOCK00/SES001/SA001S27	SES206	-1.49878	-7.61491	-6.11613
BLOCK00/SES001/SA001S29	SES062	-2.80491	-11.1813	-8.37638
BLOCK00/SES001/SA001S29	SES082	-1.31405	-9.69043	-8.37638
BLOCK00/SES001/SA001S29	SES158	-1.25004	-9.62642	-8.37638
BLOCK00/SES001/SA001S29	SES206	-1.74671	-10.1231	-8.37638
BLOCK00/SES003/SA003S11	SES002	-0.149935	-8.19271	-8.04277
BLOCK00/SES003/SA003S11	SES019	-1.92974	-9.97252	-8.04277
BLOCK00/SES003/SA003S11	SES082	-0.436837	-8.47961	-8.04277
BLOCK00/SES003/SA003S11	SES125	-0.738511	-8.78128	-8.04277
BLOCK00/SES003/SA003S15	SES016	-1.33072	-8.13757	-6.80685
BLOCK00/SES003/SA003S15	SES019	-2.72863	-9.53548	-6.80685
BLOCK00/SES003/SA003S15	SES062	-0.00176859	-6.80861	-6.80685
BLOCK00/SES003/SA003S15	SES206	-0.129513	-6.93636	-6.80685
BLOCK00/SES003/SA003S22	SES002	-0.159766	-7.60861	-7.44885
BLOCK00/SES003/SA003S22	SES062	-0.362076	-7.81092	-7.44885
BLOCK00/SES003/SA003S22	SES082	-0.999054	-8.4479	-7.44885
BLOCK00/SES003/SA003S22	SES087	-0.512148	-7.961	-7.44885
BLOCK00/SES003/SA003S25	SES062	-1.95647	-11.083	-9.12652
BLOCK00/SES003/SA003S25	SES082	-1.25998	-10.3865	-9.12652
BLOCK00/SES003/SA003S25	SES087	-0.881984	-10.0085	-9.12652
BLOCK00/SES003/SA003S25	SES206	-1.36034	-10.4869	-9.12652
BLOCK00/SES003/SA003S29	SES002	-0.930419	-8.94114	-8.01072
BLOCK00/SES003/SA003S29	SES062	-1.73465	-9.74537	-8.01072
BLOCK00/SES003/SA003S29	SES082	-0.969729	-8.98045	-8.01072
BLOCK00/SES003/SA003S29	SES087	-1.21527	-9.22599	-8.01072
BLOCK00/SES004/SA004S12	SES083	-0.596999	-7.28565	-6.68865
BLOCK00/SES004/SA004S12	SES148	-0.956398	-7.64505	-6.68865
BLOCK00/SES004/SA004S12	SES172	0.330463	-6.35819	-6.68865
BLOCK00/SES004/SA004S12	SES292	-0.844547	-7.5332	-6.68865
BLOCK00/SES004/SA004S17	SES083	-0.993529	-7.79086	-6.79733
BLOCK00/SES004/SA004S17	SES162	-0.548443	-7.34578	-6.79733
BLOCK00/SES004/SA004S17	SES172	-0.0792651	-6.8766	-6.79733
BLOCK00/SES004/SA004S17	SES292	-0.944045	-7.74138	-6.79733
BLOCK00/SES004/SA004S24	SES083	-0.602934	-7.42095	-6.81801
BLOCK00/SES004/SA004S24	SES148	-1.64844	-8.46645	-6.81801
BLOCK00/SES004/SA004S24	SES172	-0.197797	-7.01581	-6.81801
BLOCK00/SES004/SA004S24	SES292	-0.614429	-7.43244	-6.81801
BLOCK00/SES004/SA004S26	SES083	-0.591583	-8.40034	-7.80876
BLOCK00/SES004/SA004S26	SES127	-0.116361	-7.92512	-7.80876
BLOCK00/SES004/SA004S26	SES148	-1.94273	-9.75149	-7.80876
BLOCK00/SES004/SA004S26	SES292	-1.21006	-9.01882	-7.80876
BLOCK00/SES004/SA004S28	SES083	-0.675824	-7.03217	-6.35635
BLOCK00/SES004/SA004S28	SES127	-0.145994	-6.50234	-6.35635
BLOCK00/SES004/SA004S28	SES187	0.0589347	-6.29741	-6.35635
BLOCK00/SES004/SA004S28	SES292	-0.777976	-7.13432	-6.35635
BLOCK00/SES006/SA006S10	SES014	-2.89176	-12.1999	-9.30811
BLOCK00/SES006/SA006S10	SES158	-2.90841	-12.2165	-9.30811
BLOCK00/SES006/SA006S10	SES226	-2.97447	-12.2826	-9.30811
BLOCK00/SES006/SA006S10	SES270	-1.51657	-10.8247	-9.30811
BLOCK00/SES006/SA006S11	SES158	-2.29213	-11.1055	-8.81335
BLOCK00/SES006/SA006S11	SES226	-1.78678	-10.6001	-8.81335
BLOCK00/SES006/SA006S11	SES270	-0.846967	-9.66032	-8.81335
BLOCK00/SES006/SA006S11	SES275	-1.62644	-10.4398	-8.81335
BLOCK00/SES006/SA006S23	SES062	-3.24484	-11.7817	-8.53688
BLOCK00/SES006/SA006S23	SES105	-2.62269	-11.1596	-8.53688
BLOCK00/SES006/SA006S23	SES158	-2.97555	-11.5124	-8.53688
BLOCK00/SES006/SA006S23	SES275	-2.46797	-11.0049	-8.53688
BLOCK00/SES006/SA006S26	SES104	-2.9693	-12.0324	-9.06309
BLOCK00/SES006/SA006S26	SES158	-3.07961	-12.1427	-9.06309
BLOCK00/SES006/SA006S26	SES270	-0.829581	-9.89267	-9.06309
BLOCK00/SES006/SA006S26	SES275	-2.54093	-11.604	-9.06309
BLOCK00/SES006/SA006S28	SES007	-1.28552	-10.5891	-9.30361
BLOCK00/SES006/SA006S28	SES105	-2.31026	-11.6139	-9.30361
BLOCK00/SES006/SA006S28	SES158	-1.39941	-10.703	-9.30361
BLOCK00/SES006/SA006S28	SES275	-2.17811	-11.4817	-9.30361
BLOCK00/SES009/SA009S12	SES083	-2.22159	-10.2653	-8.04376
BLOCK00/SES009/SA009S12	SES148	-2.10619	-10.15	-8.04376
BLOCK00/SES009/SA009S12	SES177	-0.57093	-8.61469	-8.04376
BLOCK00/SES009/SA009S12	SES292	-0.869296	-8.91305	-8.04376
BLOCK00/SES009/SA009S15	SES007	0.0877957	-7.22158	-7.30938
BLOCK00/SES009/SA009S15	SES099	-3.17458	-10.484	-7.30938
BLOCK00/SES009/SA009S15	SES148	-1.67454	-8.98392	-7.30938
BLOCK00/SES009/SA009S15	SES172	-1.31889	-8.62827	-7.30938
BLOCK00/SES009/SA009S24	SES146	-0.859744	-9.01772	-8.15797
BLOCK00/SES009/SA009S24	SES148	-2.18117	-10.3391	-8.15797
BLOCK00/SES009/SA009S24	SES177	-0.634866	-8.79284	-8.15797
BLOCK00/SES009/SA009S24	SES292	-0.590526	-8.7485	-8.15797
BLOCK00/SES009/SA009S26	SES083	-2.07694	-9.81006	-7.73312
BLOCK00/SES009/SA009S26	SES101	-1.74207	-9.47519	-7.73312
BLOCK00/SES009/SA009S26	SES120	-0.533429	-8.26655	-7.73312
BLOCK00/SES009/SA009S26	SES177	-0.612396	-8.34552	-7.73312
BLOCK00/SES009/SA009S29	SES083	-2.03045	-9.54	-7.50955
BLOCK00/SES009/SA009S29	SES101	-1.57213	-9.08169	-7.50955
BLOCK00/SES009/SA009S29	SES177	-0.516689	-8.02624	-7.50955
BLOCK00/SES009/SA009S29	SES292	-0.898631	-8.40818	-7.50955
BLOCK01/SES011/SA011S10	SES019	-2.93686	-12.0364	-9.09956
BLOCK01/SES011/SA011S10	SES042	0.625765	-8.47379	-9.09956
BLOCK01/SES011/SA011S10	SES082	-0.829644	-9.9292	-9.09956
BLOCK01/SES011/SA011S10	SES206	-0.586245	-9.6858	-9.09956
BLOCK01/SES011/SA011S11	SES019	-2.14366	-10.4197	-8.27606
BLOCK01/SES011/SA011S11	SES042	-0.211264	-8.48732	-8.27606
BLOCK01/SES011/SA011S11	SES082	-0.83224	-9.1083	-8.27606
BLOCK01/SES011/SA011S11	SES206	-0.864818	-9.14087	-8.27606
BLOCK01/SES011/SA011S22	SES019	-2.5363	-11.4264	-8.89015
BLOCK01/SES011/SA011S22	SES042	0.332744	-8.5574	-8.89015
BLOCK01/SES011/SA011S22	SES082	-1.18531	-10.0755	-8.89015
BLOCK01/SES011/SA011S22	SES206	-0.932262	-9.82241	-8.89015
BLOCK01/SES011/SA011S24	SES019	-2.66544	-11.126	-8.46058
BLOCK01/SES011/SA011S24	SES042	0.487593	-7.97299	-8.46058
BLOCK01/SES011/SA011S24	SES104	-0.314555	-8.77514	-8.46058
BLOCK01/SES011/SA011S24	SES206	-0.330426	-8.79101	-8.46058
BLOCK01/SES011/SA011S27	SES082	-0.497537	-8.59572	-8.09818
BLOCK01/SES011/SA011S27	SES087	-1.97332	-10.0715	-8.09818
BLOCK01/SES011/SA011S27	SES125	-0.764614	-8.8628	-8.09818
BLOCK01/SES011/SA011S27	SES206	-1.42405	-9.52223	-8.09818
BLOCK01/SES012/SA012S11	SES007	-0.0584264	-7.00862	-6.9502
BLOCK01/SES012/SA012S11	SES082	-0.284523	-7.23472	-6.9502
BLOCK01/SES012/SA012S11	SES083	-0.920633	-7.87083	-6.9502
BLOCK01/SES012/SA012S11	SES206	-0.306222	-7.25642	-6.9502
BLOCK01/SES012/SA012S14	SES082	-0.435758	-8.74918	-8.31342
BLOCK01/SES012/SA012S14	SES087	-1.33529	-9.64871	-8.31342
BLOCK01/SES012/SA012S14	SES206	-0.370718	-8.68414	-8.31342
BLOCK01/SES012/SA012S14	SES292	-0.588541	-8.90196	-8.31342
BLOCK01/SES012/SA012S24	SES082	-0.844669	-10.1338	-9.28911
BLOCK01/SES012/SA012S24	SES087	-1.30013	-10.5892	-9.28911
BLOCK01/SES012/SA012S24	SES120	-1.11374	-10.4029	-9.28911
BLOCK01/SES012/SA012S24	SES206	-0.830489	-10.1196	-9.28911
BLOCK01/SES012/SA012S26	SES019	-6.76706	-15.7172	-8.95012
BLOCK01/SES012/SA012S26	SES082	-1.12009	-10.0702	-8.95012
BLOCK01/SES012/SA012S26	SES206	0.256287	-8.69383	-8.95012
BLOCK01/SES012/SA012S26	SES292	-0.478506	-9.42862	-8.95012
BLOCK01/SES012/SA012S29	SES062	-0.698881	-7.15091	-6.45203
BLOCK01/SES012/SA012S29	SES082	0.08356	-6.36847	-6.45203
BLOCK01/SES012/SA012S29	SES083	-1.14458	-7.59661	-6.45203
BLOCK01/SES012/SA012S29	SES206	0.27994	-6.17209	-6.45203
BLOCK01/SES013/SA013S16	SES062	-3.0654	-12.2235	-9.15814
BLOCK01/SES013/SA013S16	SES106	-1.85543	-11.0136	-9.15814
BLOCK01/SES013/SA013S16	SES206	-1.89142	-11.0496	-9.15814
BLOCK01/SES013/SA013S16	SES226	-1.38862	-10.5468	-9.15814
BLOCK01/SES013/SA013S17	SES062	-1.60723	-9.49138	-7.88415
BLOCK01/SES013/SA013S17	SES106	-1.98442	-9.86857	-7.88415
BLOCK01/SES013/SA013S17	SES206	-0.855873	-8.74002	-7.88415
BLOCK01/SES013/SA013S17	SES226	-0.145175	-8.02932	-7.88415
BLOCK01/SES013/SA013S23	SES104	-0.816104	-9.63212	-8.81602
BLOCK01/SES013/SA013S23	SES106	-0.950278	-9.7663	-8.81602
BLOCK01/SES013/SA013S23	SES206	-2.3065	-11.1225	-8.81602
BLOCK01/SES013/SA013S23	SES270	-1.69503	-10.511	-8.81602
BLOCK01/SES013/SA013S25	SES042	-3.25792	-11.7903	-8.53237
BLOCK01/SES013/SA013S25	SES104	-0.427281	-8.95966	-8.53237
BLOCK01/SES013/SA013S25	SES106	-0.795757	-9.32813	-8.53237
BLOCK01/SES013/SA013S25	SES206	-1.38209	-9.91447	-8.53237
BLOCK01/SES013/SA013S29	SES062	-2.54877	-11.1528	-8.60401
BLOCK01/SES013/SA013S29	SES104	-1.1764	-9.78041	-8.60401
BLOCK01/SES013/SA013S29	SES106	-1.05323	-9.65725	-8.60401
BLOCK01/SES013/SA013S29	SES206	-2.37683	-10.9808	-8.60401
BLOCK02/SES021/SA021S13	SES016	-1.77281	-9.69458	-7.92178
BLOCK02/SES021/SA021S13	SES029	-1.11417	-9.03595	-7.92178
BLOCK02/SES021/SA021S13	SES087	-2.60041	-10.5222	-7.92178
BLOCK02/SES021/SA021S13	SES206	-1.74934	-9.67112	-7.92178
BLOCK02/SES021/SA021S15	SES087	-1.21731	-8.59655	-7.37924
BLOCK02/SES021/SA021S15	SES125	-1.21078	-8.59002	-7.37924
BLOCK02/SES021/SA021S15	SES206	-1.27067	-8.64991	-7.37924
BLOCK02/SES021/SA021S15	SES226	-1.48637	-8.86561	-7.37924
BLOCK02/SES021/SA021S23	SES062	-1.75542	-10.6599	-8.90446
BLOCK02/SES021/SA021S23	SES087	-0.299477	-9.20394	-8.90446
BLOCK02/SES021/SA021S23	SES206	-1.41153	-10.316	-8.90446
BLOCK02/SES021/SA021S23	SES226	-0.694282	-9.59875	-8.90446
BLOCK02/SES021/SA021S27	SES002	-0.909192	-7.63796	-6.72877
BLOCK02/SES021/SA021S27	SES016	-2.94852	-9.67729	-6.72877
BLOCK02/SES021/SA021S27	SES019	-2.07081	-8.79958	-6.72877
BLOCK02/SES021/SA021S27	SES062	-1.21128	-7.94004	-6.72877
BLOCK02/SES021/SA021S29	SES087	-1.27777	-9.31323	-8.03546
BLOCK02/SES021/SA021S29	SES125	-1.56281	-9.59827	-8.03546
BLOCK02/SES021/SA021S29	SES206	-0.385367	-8.42083	-8.03546
BLOCK02/SES021/SA021S29	SES226	-1.1847	-9.22016	-8.03546
BLOCK04/SES043/SA043S09	SES083	-0.168943	-8.81882	-8.64987
BLOCK04/SES043/SA043S09	SES101	-0.495761	-9.14563	-8.64987
BLOCK04/SES043/SA043S09	SES144	0.0161705	-8.6337	-8.64987
BLOCK04/SES043/SA043S09	SES172	-1.13863	-9.7885	-8.64987
BLOCK04/SES043/SA043S11	SES083	-0.102418	-7.35924	-7.25682
BLOCK04/SES043/SA043S11	SES101	-0.0682073	-7.32503	-7.25682
BLOCK04/SES043/SA043S11	SES144	0.285553	-6.97127	-7.25682
BLOCK04/SES043/SA043S11	SES172	-1.01452	-8.27134	-7.25682
BLOCK04/SES043/SA043S23	SES083	-0.201067	-7.74151	-7.54044
BLOCK04/SES043/SA043S23	SES144	0.195676	-7.34477	-7.54044
BLOCK04/SES043/SA043S23	SES177	-1.01113	-8.55158	-7.54044
BLOCK04/SES043/SA043S23	SES275	-0.800556	-8.341	-7.54044
BLOCK04/SES043/SA043S26	SES083	-0.564042	-9.82898	-9.26494
BLOCK04/SES043/SA043S26	SES101	-0.501937	-9.76688	-9.26494
BLOCK04/SES043/SA043S26	SES144	-0.315353	-9.58029	-9.26494
BLOCK04/SES043/SA043S26	SES177	-1.06137	-10.3263	-9.26494
BLOCK04/SES043/SA043S28	SES016	-1.47158	-9.26211	-7.79053
BLOCK04/SES043/SA043S28	SES083	-0.429492	-8.22002	-7.79053
BLOCK04/SES043/SA043S28	SES101	-0.205566	-7.9961	-7.79053
BLOCK04/SES043/SA043S28	SES144	-0.488821	-8.27935	-7.79053
BLOCK04/SES044/SA044S10	SES127	-5.80139	-15.5297	-9.72834
BLOCK04/SES044/SA044S10	SES144	-0.521587	-10.2499	-9.72834
BLOCK04/SES044/SA044S10	SES147	-4.39297	-14.1213	-9.72834
BLOCK04/SES044/SA044S10	SES148	-4.16914	-13.8975	-9.72834
BLOCK04/SES044/SA044S11	SES101	-0.571577	-9.22775	-8.65617
BLOCK04/SES044/SA044S11	SES144	-0.173655	-8.82983	-8.65617
BLOCK04/SES044/SA044S11	SES147	-3.00329	-11.6595	-8.65617
BLOCK04/SES044/SA044S11	SES177	-1.47304	-10.1292	-8.65617
BLOCK04/SES044/SA044S24	SES007	-2.62732	-10.7415	-8.1142
BLOCK04/SES044/SA044S24	SES101	-0.319975	-8.43418	-8.1142
BLOCK04/SES044/SA044S24	SES147	-2.89644	-11.0106	-8.1142
BLOCK04/SES044/SA044S24	SES177	-0.995634	-9.10984	-8.1142
BLOCK04/SES044/SA044S26	SES007	-1.69536	-8.90019	-7.20483
BLOCK04/SES044/SA044S26	SES016	-1.00768	-8.21251	-7.20483
BLOCK04/SES044/SA044S26	SES101	-0.374501	-7.57933	-7.20483
BLOCK04/SES044/SA044S26	SES147	-0.747406	-7.95224	-7.20483
BLOCK04/SES044/SA044S29	SES007	-2.05736	-9.23292	-7.17556
BLOCK04/SES044/SA044S29	SES101	0.221799	-6.95376	-7.17556
BLOCK04/SES044/SA044S29	SES147	-0.825176	-8.00074	-7.17556
BLOCK04/SES044/SA044S29	SES177	-1.76487	-8.94043	-7.17556
BLOCK04/SES046/SA046S13	SES101	-0.216153	-8.96473	-8.74858
BLOCK04/SES046/SA046S13	SES144	-0.0724583	-8.82104	-8.74858
BLOCK04/SES046/SA046S13	SES147	-1.3379	-10.0865	-8.74858
BLOCK04/SES046/SA046S13	SES177	-1.11157	-9.86015	-8.74858
BLOCK04/SES046/SA046S15	SES048	-0.0289931	-6.01842	-5.98942
BLOCK04/SES046/SA046S15	SES083	-0.870427	-6.85985	-5.98942
BLOCK04/SES046/SA046S15	SES120	-2.13941	-8.12884	-5.98942
BLOCK04/SES046/SA046S15	SES148	-1.14818	-7.1376	-5.98942
BLOCK04/SES046/SA046S22	SES101	0.0242672	-8.06142	-8.08568
BLOCK04/SES046/SA046S22	SES144	0.0824156	-8.00327	-8.08568
BLOCK04/SES046/SA046S22	SES147	-1.40414	-9.48982	-8.08568
BLOCK04/SES046/SA046S22	SES172	-0.411729	-8.49741	-8.08568
BLOCK04/SES046/SA046S25	SES083	-0.635824	-7.77389	-7.13806
BLOCK04/SES046/SA046S25	SES127	-0.994809	-8.13287	-7.13806
BLOCK04/SES046/SA046S25	SES144	-0.427344	-7.56541	-7.13806
BLOCK04/SES046/SA046S25	SES148	-0.965314	-8.10338	-7.13806
BLOCK04/SES046/SA046S28	SES007	-0.990317	-8.30665	-7.31633
BLOCK04/SES046/SA046S28	SES105	-0.872833	-8.18916	-7.31633
BLOCK04/SES046/SA046S28	SES147	-0.764449	-8.08078	-7.31633
BLOCK04/SES046/SA046S28	SES148	-1.5279	-8.84423	-7.31633
BLOCK04/SES049/SA049S16	SES104	-1.31641	-10.4689	-9.15254
BLOCK04/SES049/SA049S16	SES106	-1.97334	-11.1259	-9.15254
BLOCK04/SES049/SA049S16	SES120	-1.28071	-10.4333	-9.15254
BLOCK04/SES049/SA049S16	SES206	-1.88582	-11.0384	-9.15254
BLOCK04/SES049/SA049S18	SES099	-0.388229	-9.25683	-8.8686
BLOCK04/SES049/SA049S18	SES104	-1.32724	-10.1958	-8.8686
BLOCK04/SES049/SA049S18	SES125	-1.015	-9.8836	-8.8686
BLOCK04/SES049/SA049S18	SES206	-1.74357	-10.6122	-8.8686
BLOCK04/SES049/SA049S25	SES087	-1.34657	-10.4755	-9.12893
BLOCK04/SES049/SA049S25	SES104	-1.08968	-10.2186	-9.12893
BLOCK04/SES049/SA049S25	SES125	-1.5506	-10.6795	-9.12893
BLOCK04/SES049/SA049S25	SES206	-1.97926	-11.1082	-9.12893
BLOCK04/SES049/SA049S27	SES099	-1.14244	-8.50805	-7.36561
BLOCK04/SES049/SA049S27	SES104	-0.259428	-7.62504	-7.36561
BLOCK04/SES049/SA049S27	SES125	-1.54149	-8.9071	-7.36561
BLOCK04/SES049/SA049S27	SES206	-1.65719	-9.0228	-7.36561
BLOCK04/SES049/SA049S29	SES099	-0.206584	-7.7837	-7.57711
BLOCK04/SES049/SA049S29	SES104	-0.200716	-7.77783	-7.57711
BLOCK04/SES049/SA049S29	SES125	-0.540455	-8.11757	-7.57711
BLOCK04/SES049/SA049S29	SES206	-1.5042	-9.08131	-7.57711
BLOCK06/SES063/SA063S09	SES068	-2.58099	-11.8947	-9.3137
BLOCK06/SES063/SA063S09	SES083	-0.7418	-10.0555	-9.3137
BLOCK06/SES063/SA063S09	SES177	-1.32142	-10.6351	-9.3137
BLOCK06/SES063/SA063S09	SES187	-0.922115	-10.2358	-9.3137
BLOCK06/SES063/SA063S10	SES068	-2.41235	-11.0906	-8.6783
BLOCK06/SES063/SA063S10	SES083	-1.23317	-9.91147	-8.6783
BLOCK06/SES063/SA063S10	SES172	-1.6612	-10.3395	-8.6783
BLOCK06/SES063/SA063S10	SES187	-1.05344	-9.73174	-8.6783
BLOCK06/SES063/SA063S20	SES068	-3.64109	-12.8037	-9.16264
BLOCK06/SES063/SA063S20	SES083	-0.861473	-10.0241	-9.16264
BLOCK06/SES063/SA063S20	SES172	-1.30167	-10.4643	-9.16264
BLOCK06/SES063/SA063S20	SES187	-0.521136	-9.68378	-9.16264
BLOCK06/SES063/SA063S24	SES029	-1.7326	-11.0323	-9.29971
BLOCK06/SES063/SA063S24	SES083	-0.11999	-9.4197	-9.29971
BLOCK06/SES063/SA063S24	SES177	-1.02724	-10.327	-9.29971
BLOCK06/SES063/SA063S24	SES189	-0.0491209	-9.34883	-9.29971
BLOCK06/SES063/SA063S27	SES083	-0.739911	-9.35313	-8.61322
BLOCK06/SES063/SA063S27	SES172	-1.3911	-10.0043	-8.61322
BLOCK06/SES063/SA063S27	SES187	-0.981131	-9.59435	-8.61322
BLOCK06/SES063/SA063S27	SES292	-1.28551	-9.89873	-8.61322
BLOCK06/SES067/SA067S12	SES083	-1.43171	-8.2895	-6.8578
BLOCK06/SES067/SA067S12	SES172	-2.12705	-8.98485	-6.8578
BLOCK06/SES067/SA067S12	SES202	-1.15183	-8.00963	-6.8578
BLOCK06/SES067/SA067S12	SES292	-1.47456	-8.33236	-6.8578
BLOCK06/SES067/SA067S14	SES085	-1.56825	-7.1367	-5.56845
BLOCK06/SES067/SA067S14	SES177	-2.14818	-7.71663	-5.56845
BLOCK06/SES067/SA067S14	SES183	0.11426	-5.45419	-5.56845
BLOCK06/SES067/SA067S14	SES202	-1.13358	-6.70203	-5.56845
BLOCK06/SES067/SA067S21	SES144	-0.915216	-9.08097	-8.16575
BLOCK06/SES067/SA067S21	SES177	-1.07138	-9.23713	-8.16575
BLOCK06/SES067/SA067S21	SES183	-0.326633	-8.49238	-8.16575
BLOCK06/SES067/SA067S21	SES189	-0.901324	-9.06707	-8.16575
BLOCK06/SES067/SA067S25	SES085	-2.31418	-9.43542	-7.12124
BLOCK06/SES067/SA067S25	SES177	-1.04195	-8.16319	-7.12124
BLOCK06/SES067/SA067S25	SES183	-0.812106	-7.93335	-7.12124
BLOCK06/SES067/SA067S25	SES202	-1.36592	-8.48716	-7.12124
BLOCK06/SES067/SA067S29	SES085	-4.50785	-13.511	-9.00311
BLOCK06/SES067/SA067S29	SES177	-2.58175	-11.5849	-9.00311
BLOCK06/SES067/SA067S29	SES183	-0.897396	-9.90051	-9.00311
BLOCK06/SES067/SA067S29	SES202	-1.13311	-10.1362	-9.00311
BLOCK06/SES069/SA069S12	SES029	-1.89236	-9.03941	-7.14705
BLOCK06/SES069/SA069S12	SES082	-0.677187	-7.82424	-7.14705
BLOCK06/SES069/SA069S12	SES087	-0.989015	-8.13607	-7.14705
BLOCK06/SES069/SA069S12	SES206	-0.447665	-7.59472	-7.14705
BLOCK06/SES069/SA069S13	SES029	-1.74273	-8.79754	-7.05481
BLOCK06/SES069/SA069S13	SES087	-0.560508	-7.61531	-7.05481
BLOCK06/SES069/SA069S13	SES206	-1.27842	-8.33323	-7.05481
BLOCK06/SES069/SA069S13	SES226	0.281879	-6.77293	-7.05481
BLOCK06/SES069/SA069S23	SES029	0.166096	-6.49145	-6.65754
BLOCK06/SES069/SA069S23	SES087	0.960611	-5.69693	-6.65754
BLOCK06/SES069/SA069S23	SES206	-0.570796	-7.22834	-6.65754
BLOCK06/SES069/SA069S23	SES226	0.325983	-6.33156	-6.65754
BLOCK06/SES069/SA069S25	SES087	-0.669091	-7.72044	-7.05135
BLOCK06/SES069/SA069S25	SES206	-1.58651	-8.63786	-7.05135
BLOCK06/SES069/SA069S25	SES226	0.0935097	-6.95784	-7.05135
BLOCK06/SES069/SA069S25	SES270	-0.999703	-8.05105	-7.05135
BLOCK06/SES069/SA069S27	SES087	-0.900408	-8.85623	-7.95583
BLOCK06/SES069/SA069S27	SES206	-0.395303	-8.35113	-7.95583
BLOCK06/SES069/SA069S27	SES226	0.181867	-7.77396	-7.95583
BLOCK06/SES069/SA069S27	SES270	-0.673534	-8.62936	-7.95583
BLOCK08/SES081/SA081S11	SES060	-1.68575	-9.42331	-7.73756
BLOCK08/SES081/SA081S11	SES062	-0.70805	-8.44561	-7.73756
BLOCK08/SES081/SA081S11	SES117	-1.78928	-9.52684	-7.73756
BLOCK08/SES081/SA081S11	SES162	-1.86905	-9.60661	-7.73756
BLOCK08/SES081/SA081S13	SES016	-0.686326	-7.30806	-6.62173
BLOCK08/SES081/SA081S13	SES060	-0.0971084	-6.71884	-6.62173
BLOCK08/SES081/SA081S13	SES068	-0.913231	-7.53497	-6.62173
BLOCK08/SES081/SA081S13	SES129	-2.71745	-9.33919	-6.62173
BLOCK08/SES081/SA081S24	SES060	-0.398711	-7.67368	-7.27497
BLOCK08/SES081/SA081S24	SES068	-0.563038	-7.838	-7.27497
BLOCK08/SES081/SA081S24	SES117	-1.29173	-8.5667	-7.27497
BLOCK08/SES081/SA081S24	SES275	-1.23744	-8.51241	-7.27497
BLOCK08/SES081/SA081S27	SES007	-0.603507	-9.20742	-8.60391
BLOCK08/SES081/SA081S27	SES060	-0.733531	-9.33745	-8.60391
BLOCK08/SES081/SA081S27	SES117	-0.876919	-9.48083	-8.60391
BLOCK08/SES081/SA081S27	SES275	-1.75283	-10.3567	-8.60391
BLOCK08/SES081/SA081S29	SES007	-0.361867	-9.19146	-8.8296
BLOCK08/SES081/SA081S29	SES060	-0.377305	-9.2069	-8.8296
BLOCK08/SES081/SA081S29	SES117	-1.08529	-9.91489	-8.8296
BLOCK08/SES081/SA081S29	SES275	-1.71432	-10.5439	-8.8296
BLOCK08/SES086/SA086S11	SES029	-3.08704	-12.3407	-9.25366
BLOCK08/SES086/SA086S11	SES082	-1.98298	-11.2366	-9.25366
BLOCK08/SES086/SA086S11	SES087	-0.206084	-9.45975	-9.25366
BLOCK08/SES086/SA086S11	SES206	-1.41313	-10.6668	-9.25366
BLOCK08/SES086/SA086S12	SES029	-2.43031	-11.0185	-8.58816
BLOCK08/SES086/SA086S12	SES082	-2.46554	-11.0537	-8.58816
BLOCK08/SES086/SA086S12	SES087	-0.0447292	-8.63289	-8.58816
BLOCK08/SES086/SA086S12	SES206	-1.14302	-9.73118	-8.58816
BLOCK08/SES086/SA086S20	SES029	-1.86268	-9.84387	-7.98118
BLOCK08/SES086/SA086S20	SES082	-1.13421	-9.11539	-7.98118
BLOCK08/SES086/SA086S20	SES087	0.271086	-7.7101	-7.98118
BLOCK08/SES086/SA086S20	SES206	-0.155055	-8.13624	-7.98118
BLOCK08/SES086/SA086S24	SES087	-0.482372	-9.79405	-9.31167
BLOCK08/SES086/SA086S24	SES104	-0.809366	-10.121	-9.31167
BLOCK08/SES086/SA086S24	SES120	-0.570899	-9.88257	-9.31167
BLOCK08/SES086/SA086S24	SES206	-0.168291	-9.47997	-9.31167
BLOCK08/SES086/SA086S28	SES029	-2.23029	-9.90887	-7.67858
BLOCK08/SES086/SA086S28	SES082	-1.30239	-8.98097	-7.67858
BLOCK08/SES086/SA086S28	SES087	-0.456096	-8.13468	-7.67858
BLOCK08/SES086/SA086S28	SES206	-0.709101	-8.38768	-7.67858
BLOCK08/SES089/SA089S13	SES087	-0.544711	-9.73733	-9.19262
BLOCK08/SES089/SA089S13	SES206	-1.34257	-10.5352	-9.19262
BLOCK08/SES089/SA089S13	SES226	-0.947038	-10.1397	-9.19262
BLOCK08/SES089/SA089S13	SES270	-0.79974	-9.99236	-9.19262
BLOCK08/SES089/SA089S14	SES062	-1.72354	-10.2421	-8.51855
BLOCK08/SES089/SA089S14	SES087	-0.450662	-8.96921	-8.51855
BLOCK08/SES089/SA089S14	SES206	-1.45154	-9.97008	-8.51855
BLOCK08/SES089/SA089S14	SES226	-1.29506	-9.81361	-8.51855
BLOCK08/SES089/SA089S23	SES087	-0.00462914	-11.002	-10.9974
BLOCK08/SES089/SA089S23	SES206	-1.52721	-12.5246	-10.9974
BLOCK08/SES089/SA089S23	SES226	-0.666874	-11.6643	-10.9974
BLOCK08/SES089/SA089S23	SES270	-2.56268	-13.5601	-10.9974
BLOCK08/SES089/SA089S25	SES062	-0.340024	-9.43379	-9.09377
BLOCK08/SES089/SA089S25	SES087	0.714017	-8.37975	-9.09377
BLOCK08/SES089/SA089S25	SES206	-0.90968	-10.0034	-9.09377
BLOCK08/SES089/SA089S25	SES226	-0.424721	-9.51849	-9.09377
BLOCK08/SES089/SA089S28	SES062	-0.306715	-8.82404	-8.51733
BLOCK08/SES089/SA089S28	SES087	-0.00926495	-8.52659	-8.51733
BLOCK08/SES089/SA089S28	SES206	-0.798136	-9.31546	-8.51733
BLOCK08/SES089/SA089S28	SES226	-0.386837	-8.90416	-8.51733
BLOCK09/SES097/SA097S11	SES099	-0.443013	-9.57096	-9.12794
BLOCK09/SES097/SA097S11	SES125	-1.28315	-10.4111	-9.12794
BLOCK09/SES097/SA097S11	SES206	-0.894402	-10.0223	-9.12794
BLOCK09/SES097/SA097S11	SES226	0.264553	-8.86339	-9.12794
BLOCK09/SES097/SA097S14	SES062	-1.72252	-9.77825	-8.05574
BLOCK09/SES097/SA097S14	SES099	-1.03868	-9.09442	-8.05574
BLOCK09/SES097/SA097S14	SES104	-1.02631	-9.08205	-8.05574
BLOCK09/SES097/SA097S14	SES206	-1.7082	-9.76394	-8.05574
BLOCK09/SES097/SA097S22	SES099	-0.0674906	-8.6814	-8.6139
BLOCK09/SES097/SA097S22	SES206	-1.52103	-10.1349	-8.6139
BLOCK09/SES097/SA097S22	SES226	-0.977034	-9.59094	-8.6139
BLOCK09/SES097/SA097S22	SES270	-0.847793	-9.4617	-8.6139
BLOCK09/SES097/SA097S26	SES099	-0.148269	-8.99136	-8.84309
BLOCK09/SES097/SA097S26	SES120	-1.22257	-10.0657	-8.84309
BLOCK09/SES097/SA097S26	SES206	-2.42371	-11.2668	-8.84309
BLOCK09/SES097/SA097S26	SES226	-0.70212	-9.54521	-8.84309
BLOCK09/SES097/SA097S28	SES099	0.249911	-7.85672	-8.10663
BLOCK09/SES097/SA097S28	SES120	-0.915689	-9.02232	-8.10663
BLOCK09/SES097/SA097S28	SES206	-1.19527	-9.3019	-8.10663
BLOCK09/SES097/SA097S28	SES226	-0.854096	-8.96073	-8.10663
BLOCK09/SES098/SA098S11	SES127	-1.06266	-8.39776	-7.3351
BLOCK09/SES098/SA098S11	SES144	-1.02083	-8.35593	-7.3351
BLOCK09/SES098/SA098S11	SES147	-0.686148	-8.02125	-7.3351
BLOCK09/SES098/SA098S11	SES148	-2.03728	-9.37239	-7.3351
BLOCK09/SES098/SA098S12	SES127	-2.60871	-11.451	-8.84228
BLOCK09/SES098/SA098S12	SES144	-1.89683	-10.7391	-8.84228
BLOCK09/SES098/SA098S12	SES147	-1.32142	-10.1637	-8.84228
BLOCK09/SES098/SA098S12	SES189	-1.91974	-10.762	-8.84228
BLOCK09/SES098/SA098S20	SES127	-3.02454	-11.9364	-8.91186
BLOCK09/SES098/SA098S20	SES147	-1.83995	-10.7518	-8.91186
BLOCK09/SES098/SA098S20	SES148	-5.11293	-14.0248	-8.91186
BLOCK09/SES098/SA098S20	SES292	-0.836261	-9.74812	-8.91186
BLOCK09/SES098/SA098S23	SES127	-2.40808	-10.3749	-7.96686
BLOCK09/SES098/SA098S23	SES147	-1.83511	-9.80197	-7.96686
BLOCK09/SES098/SA098S23	SES187	-1.04679	-9.01365	-7.96686
BLOCK09/SES098/SA098S23	SES292	-0.952319	-8.91918	-7.96686
BLOCK09/SES098/SA098S27	SES127	-4.36862	-12.4885	-8.1199
BLOCK09/SES098/SA098S27	SES147	-3.10179	-11.2217	-8.1199
BLOCK09/SES098/SA098S27	SES148	-3.65656	-11.7765	-8.1199
BLOCK09/SES098/SA098S27	SES292	-0.695765	-8.81566	-8.1199
BLOCK10/SES102/SA102S13	SES101	-0.769633	-10.0472	-9.27754
BLOCK10/SES102/SA102S13	SES105	-2.31496	-11.5925	-9.27754
BLOCK10/SES102/SA102S13	SES120	-2.24606	-11.5236	-9.27754
BLOCK10/SES102/SA102S13	SES158	-1.57433	-10.8519	-9.27754
BLOCK10/SES102/SA102S14	SES007	0.43832	-5.88897	-6.32729
BLOCK10/SES102/SA102S14	SES101	-0.320524	-6.64781	-6.32729
BLOCK10/SES102/SA102S14	SES105	-0.462303	-6.78959	-6.32729
BLOCK10/SES102/SA102S14	SES147	-1.7271	-8.05439	-6.32729
BLOCK10/SES102/SA102S22	SES007	-1.13767	-8.31888	-7.18121
BLOCK10/SES102/SA102S22	SES101	-0.34749	-7.5287	-7.18121
BLOCK10/SES102/SA102S22	SES105	-1.15574	-8.33695	-7.18121
BLOCK10/SES102/SA102S22	SES158	-1.85493	-9.03613	-7.18121
BLOCK10/SES102/SA102S25	SES007	-0.528202	-7.84524	-7.31704
BLOCK10/SES102/SA102S25	SES101	-0.222258	-7.5393	-7.31704
BLOCK10/SES102/SA102S25	SES105	-1.37792	-8.69496	-7.31704
BLOCK10/SES102/SA102S25	SES147	-2.91197	-10.229	-7.31704
BLOCK10/SES102/SA102S27	SES007	-0.436971	-7.72062	-7.28365
BLOCK10/SES102/SA102S27	SES101	0.297582	-6.98606	-7.28365
BLOCK10/SES102/SA102S27	SES105	-1.73785	-9.0215	-7.28365
BLOCK10/SES102/SA102S27	SES147	-2.37844	-9.66209	-7.28365
BLOCK10/SES103/SA103S14	SES105	-1.66496	-10.7813	-9.11632
BLOCK10/SES103/SA103S14	SES106	-1.15464	-10.271	-9.11632
BLOCK10/SES103/SA103S14	SES120	-2.05063	-11.167	-9.11632
BLOCK10/SES103/SA103S14	SES206	-1.62564	-10.742	-9.11632
BLOCK10/SES103/SA103S15	SES099	-2.57532	-12.65	-10.0747
BLOCK10/SES103/SA103S15	SES101	-2.96698	-13.0417	-10.0747
BLOCK10/SES103/SA103S15	SES104	-0.989784	-11.0645	-10.0747
BLOCK10/SES103/SA103S15	SES125	-2.58769	-12.6624	-10.0747
BLOCK10/SES103/SA103S24	SES104	-1.19734	-9.22684	-8.02951
BLOCK10/SES103/SA103S24	SES125	-3.72383	-11.7533	-8.02951
BLOCK10/SES103/SA103S24	SES148	-3.05589	-11.0854	-8.02951
BLOCK10/SES103/SA103S24	SES158	-1.67404	-9.70355	-8.02951
BLOCK10/SES103/SA103S26	SES104	-1.1401	-9.82272	-8.68262
BLOCK10/SES103/SA103S26	SES106	-1.28001	-9.96263	-8.68262
BLOCK10/SES103/SA103S26	SES125	-2.49419	-11.1768	-8.68262
BLOCK10/SES103/SA103S26	SES148	-4.26309	-12.9457	-8.68262
BLOCK10/SES103/SA103S28	SES104	-1.05433	-10.4932	-9.4389
BLOCK10/SES103/SA103S28	SES106	-2.29036	-11.7293	-9.4389
BLOCK10/SES103/SA103S28	SES125	-3.53008	-12.969	-9.4389
BLOCK10/SES103/SA103S28	SES206	-3.03178	-12.4707	-9.4389
BLOCK12/SES121/SA121S12	SES042	-1.08097	-9.53734	-8.45636
BLOCK12/SES121/SA121S12	SES087	-1.46079	-9.91716	-8.45636
BLOCK12/SES121/SA121S12	SES105	-0.547771	-9.00414	-8.45636
BLOCK12/SES121/SA121S12	SES206	-0.000102043	-8.45647	-8.45636
BLOCK12/SES121/SA121S14	SES007	-1.86608	-12.5321	-10.666
BLOCK12/SES121/SA121S14	SES105	-2.97034	-13.6363	-10.666
BLOCK12/SES121/SA121S14	SES106	-1.4763	-12.1423	-10.666
BLOCK12/SES121/SA121S14	SES206	-0.950505	-11.6165	-10.666
BLOCK12/SES121/SA121S23	SES105	-2.43852	-12.6447	-10.2062
BLOCK12/SES121/SA121S23	SES106	-1.58079	-11.787	-10.2062
BLOCK12/SES121/SA121S23	SES120	-1.99143	-12.1976	-10.2062
BLOCK12/SES121/SA121S23	SES206	-0.14259	-10.3488	-10.2062
BLOCK12/SES121/SA121S25	SES007	-1.6415	-12.1093	-10.4678
BLOCK12/SES121/SA121S25	SES105	-3.24675	-13.7146	-10.4678
BLOCK12/SES121/SA121S25	SES106	-0.511047	-10.9789	-10.4678
BLOCK12/SES121/SA121S25	SES206	-0.41994	-10.8878	-10.4678
BLOCK12/SES121/SA121S27	SES087	-0.468142	-10.4603	-9.99213
BLOCK12/SES121/SA121S27	SES105	-4.4128	-14.4049	-9.99213
BLOCK12/SES121/SA121S27	SES120	0.0443869	-9.94774	-9.99213
BLOCK12/SES121/SA121S27	SES206	-0.383711	-10.3758	-9.99213
BLOCK12/SES124/SA124S16	SES042	-0.478941	-7.48138	-7.00243
BLOCK12/SES124/SA124S16	SES082	-1.00256	-8.005	-7.00243
BLOCK12/SES124/SA124S16	SES183	-0.989846	-7.99228	-7.00243
BLOCK12/SES124/SA124S16	SES206	-1.08928	-8.09171	-7.00243
BLOCK12/SES124/SA124S17	SES105	-1.26681	-9.99826	-8.73146
BLOCK12/SES124/SA124S17	SES149	-0.65136	-9.38282	-8.73146
BLOCK12/SES124/SA124S17	SES158	-1.5581	-10.2896	-8.73146
BLOCK12/SES124/SA124S17	SES275	-0.199114	-8.93057	-8.73146
BLOCK12/SES124/SA124S23	SES105	-2.0669	-8.17694	-6.11004
BLOCK12/SES124/SA124S23	SES125	0.168551	-5.94149	-6.11004
BLOCK12/SES124/SA124S23	SES129	-2.2939	-8.40394	-6.11004
BLOCK12/SES124/SA124S23	SES158	-1.01643	-7.12646	-6.11004
BLOCK12/SES124/SA124S26	SES105	-2.24008	-10.3566	-8.11652
BLOCK12/SES124/SA124S26	SES125	-0.830512	-8.94703	-8.11652
BLOCK12/SES124/SA124S26	SES129	-1.96285	-10.0794	-8.11652
BLOCK12/SES124/SA124S26	SES158	-0.852814	-8.96933	-8.11652
BLOCK12/SES124/SA124S28	SES104	0.0314322	-7.1501	-7.18153
BLOCK12/SES124/SA124S28	SES106	-0.832354	-8.01389	-7.18153
BLOCK12/SES124/SA124S28	SES125	0.049789	-7.13174	-7.18153
BLOCK12/SES124/SA124S28	SES275	-1.28698	-8.46852	-7.18153
BLOCK12/SES126/SA126S13	SES007	-0.666932	-9.13293	-8.46599
BLOCK12/SES126/SA126S13	SES162	-1.38006	-9.84606	-8.46599
BLOCK12/SES126/SA126S13	SES177	-0.693279	-9.15927	-8.46599
BLOCK12/SES126/SA126S13	SES180	-1.43409	-9.90009	-8.46599
BLOCK12/SES126/SA126S14	SES144	-0.848637	-8.2587	-7.41006
BLOCK12/SES126/SA126S14	SES148	-1.76731	-9.17737	-7.41006
BLOCK12/SES126/SA126S14	SES177	-0.918152	-8.32821	-7.41006
BLOCK12/SES126/SA126S14	SES180	-1.72347	-9.13353	-7.41006
BLOCK12/SES126/SA126S20	SES007	-0.794148	-6.98319	-6.18904
BLOCK12/SES126/SA126S20	SES162	-1.25243	-7.44147	-6.18904
BLOCK12/SES126/SA126S20	SES172	-1.11553	-7.30457	-6.18904
BLOCK12/SES126/SA126S20	SES180	-0.925687	-7.11473	-6.18904
BLOCK12/SES126/SA126S24	SES120	0.167602	-7.06211	-7.22971
BLOCK12/SES126/SA126S24	SES162	-0.964759	-8.19447	-7.22971
BLOCK12/SES126/SA126S24	SES177	-0.316178	-7.54589	-7.22971
BLOCK12/SES126/SA126S24	SES180	-0.723269	-7.95298	-7.22971
BLOCK12/SES126/SA126S26	SES120	0.345746	-7.18819	-7.53393
BLOCK12/SES126/SA126S26	SES177	-0.978915	-8.51285	-7.53393
BLOCK12/SES126/SA126S26	SES180	-0.189448	-7.72338	-7.53393
BLOCK12/SES126/SA126S26	SES202	-0.65334	-8.18727	-7.53393
BLOCK12/SES128/SA128S10	SES087	-1.26622	-8.9922	-7.72598
BLOCK12/SES128/SA128S10	SES206	-0.593455	-8.31944	-7.72598
BLOCK12/SES128/SA128S10	SES226	-0.797166	-8.52315	-7.72598
BLOCK12/SES128/SA128S10	SES270	-0.816125	-8.54211	-7.72598
BLOCK12/SES128/SA128S12	SES120	-0.304465	-8.64571	-8.34125
BLOCK12/SES128/SA128S12	SES158	-1.54803	-9.88928	-8.34125
BLOCK12/SES128/SA128S12	SES206	-0.285751	-8.627	-8.34125
BLOCK12/SES128/SA128S12	SES226	-1.8484	-10.1897	-8.34125
BLOCK12/SES128/SA128S21	SES106	-2.60266	-10.7105	-8.10781
BLOCK12/SES128/SA128S21	SES120	-0.597454	-8.70527	-8.10781
BLOCK12/SES128/SA128S21	SES206	-0.901297	-9.00911	-8.10781
BLOCK12/SES128/SA128S21	SES226	-0.00280094	-8.11061	-8.10781
BLOCK12/SES128/SA128S24	SES087	-1.0183	-9.79933	-8.78103
BLOCK12/SES128/SA128S24	SES120	-0.506678	-9.2877	-8.78103
BLOCK12/SES128/SA128S24	SES206	-0.388668	-9.16969	-8.78103
BLOCK12/SES128/SA128S24	SES226	-1.35576	-10.1368	-8.78103
BLOCK12/SES128/SA128S27	SES099	-0.220404	-7.84464	-7.62424
BLOCK12/SES128/SA128S27	SES120	-0.143326	-7.76756	-7.62424
BLOCK12/SES128/SA128S27	SES206	-0.836463	-8.4607	-7.62424
BLOCK12/SES128/SA128S27	SES226	-1.99923	-9.62347	-7.62424
BLOCK13/SES130/SA130S13	SES143	-0.473806	-9.41938	-8.94557
BLOCK13/SES130/SA130S13	SES144	0.422127	-8.52345	-8.94557
BLOCK13/SES130/SA130S13	SES146	-1.50779	-10.4534	-8.94557
BLOCK13/SES130/SA130S13	SES275	-2.09395	-11.0395	-8.94557
BLOCK13/SES130/SA130S15	SES143	-0.526272	-7.92733	-7.40106
BLOCK13/SES130/SA130S15	SES144	0.178602	-7.22246	-7.40106
BLOCK13/SES130/SA130S15	SES146	-0.79721	-8.19827	-7.40106
BLOCK13/SES130/SA130S15	SES275	-0.792571	-8.19363	-7.40106
BLOCK13/SES130/SA130S23	SES127	-0.958897	-9.3133	-8.35441
BLOCK13/SES130/SA130S23	SES144	-0.16102	-8.51543	-8.35441
BLOCK13/SES130/SA130S23	SES146	-1.28756	-9.64197	-8.35441
BLOCK13/SES130/SA130S23	SES162	-0.619083	-8.97349	-8.35441
BLOCK13/SES130/SA130S25	SES127	-1.10945	-7.34325	-6.2338
BLOCK13/SES130/SA130S25	SES144	-0.0907602	-6.32456	-6.2338
BLOCK13/SES130/SA130S25	SES146	-0.596635	-6.83043	-6.2338
BLOCK13/SES130/SA130S25	SES275	-1.11098	-7.34478	-6.2338
BLOCK13/SES130/SA130S28	SES127	-0.469268	-8.4252	-7.95593
BLOCK13/SES130/SA130S28	SES144	-0.620316	-8.57625	-7.95593
BLOCK13/SES130/SA130S28	SES146	-0.523027	-8.47896	-7.95593
BLOCK13/SES130/SA130S28	SES275	-0.904676	-8.86061	-7.95593
BLOCK13/SES131/SA131S13	SES002	-1.30168	-10.4578	-9.1561
BLOCK13/SES131/SA131S13	SES007	-1.2489	-10.405	-9.1561
BLOCK13/SES131/SA131S13	SES099	-0.487823	-9.64392	-9.1561
BLOCK13/SES131/SA131S13	SES105	-1.03953	-10.1956	-9.1561
BLOCK13/SES131/SA131S14	SES104	-0.493624	-6.60941	-6.11578
BLOCK13/SES131/SA131S14	SES106	-1.6859	-7.80168	-6.11578
BLOCK13/SES131/SA131S14	SES125	-1.61889	-7.73467	-6.11578
BLOCK13/SES131/SA131S14	SES148	0.0267649	-6.08902	-6.11578
BLOCK13/SES131/SA131S20	SES104	-1.80901	-11	-9.19099
BLOCK13/SES131/SA131S20	SES106	-1.96337	-11.1544	-9.19099
BLOCK13/SES131/SA131S20	SES125	-1.71954	-10.9105	-9.19099
BLOCK13/SES131/SA131S20	SES148	-2.24974	-11.4407	-9.19099
BLOCK13/SES131/SA131S22	SES099	-1.15363	-8.57363	-7.42
BLOCK13/SES131/SA131S22	SES104	-0.739176	-8.15918	-7.42
BLOCK13/SES131/SA131S22	SES125	-0.461251	-7.88125	-7.42
BLOCK13/SES131/SA131S22	SES206	-1.14523	-8.56523	-7.42
BLOCK13/SES131/SA131S29	SES087	-1.09876	-10.1397	-9.04091
BLOCK13/SES131/SA131S29	SES104	-2.19407	-11.235	-9.04091
BLOCK13/SES131/SA131S29	SES125	-3.63255	-12.6735	-9.04091
BLOCK13/SES131/SA131S29	SES206	-2.07824	-11.1192	-9.04091
BLOCK13/SES132/SA132S11	SES083	-2.11802	-10.0473	-7.92929
BLOCK13/SES132/SA132S11	SES120	-0.0170226	-7.94631	-7.92929
BLOCK13/SES132/SA132S11	SES127	-3.50354	-11.4328	-7.92929
BLOCK13/SES132/SA132S11	SES275	-1.5313	-9.46059	-7.92929
BLOCK13/SES132/SA132S12	SES083	-2.01161	-9.33228	-7.32067
BLOCK13/SES132/SA132S12	SES143	-2.53577	-9.85644	-7.32067
BLOCK13/SES132/SA132S12	SES144	-1.09875	-8.41942	-7.32067
BLOCK13/SES132/SA132S12	SES148	-1.36409	-8.68476	-7.32067
BLOCK13/SES132/SA132S22	SES062	-1.48474	-9.23442	-7.74969
BLOCK13/SES132/SA132S22	SES083	-1.98174	-9.73143	-7.74969
BLOCK13/SES132/SA132S22	SES127	-3.01884	-10.7685	-7.74969
BLOCK13/SES132/SA132S22	SES275	-1.2842	-9.03389	-7.74969
BLOCK13/SES132/SA132S24	SES007	-0.361579	-7.57683	-7.21525
BLOCK13/SES132/SA132S24	SES083	-1.91931	-9.13457	-7.21525
BLOCK13/SES132/SA132S24	SES127	-2.92325	-10.1385	-7.21525
BLOCK13/SES132/SA132S24	SES275	-1.31843	-8.53369	-7.21525
BLOCK13/SES132/SA132S27	SES083	-2.45698	-11.0436	-8.58659
BLOCK13/SES132/SA132S27	SES120	0.535488	-8.0511	-8.58659
BLOCK13/SES132/SA132S27	SES127	-5.06605	-13.6526	-8.58659
BLOCK13/SES132/SA132S27	SES275	-1.93196	-10.5185	-8.58659
BLOCK14/SES141/SA141S09	SES143	-1.2352	-8.0482	-6.81301
BLOCK14/SES141/SA141S09	SES144	-0.510038	-7.32305	-6.81301
BLOCK14/SES141/SA141S09	SES162	-1.24217	-8.05518	-6.81301
BLOCK14/SES141/SA141S09	SES180	-0.806352	-7.61936	-6.81301
BLOCK14/SES141/SA141S15	SES127	-0.678683	-8.73468	-8.05599
BLOCK14/SES141/SA141S15	SES144	-0.854012	-8.91001	-8.05599
BLOCK14/SES141/SA141S15	SES162	-1.75877	-9.81476	-8.05599
BLOCK14/SES141/SA141S15	SES180	-0.654821	-8.71082	-8.05599
BLOCK14/SES141/SA141S24	SES127	-1.15613	-8.9138	-7.75768
BLOCK14/SES141/SA141S24	SES144	-1.23084	-8.98852	-7.75768
BLOCK14/SES141/SA141S24	SES162	-1.31465	-9.07233	-7.75768
BLOCK14/SES141/SA141S24	SES183	-1.40111	-9.15879	-7.75768
BLOCK14/SES141/SA141S26	SES142	-0.267905	-8.43756	-8.16965
BLOCK14/SES141/SA141S26	SES144	-1.29866	-9.46831	-8.16965
BLOCK14/SES141/SA141S26	SES172	-1.02129	-9.19094	-8.16965
BLOCK14/SES141/SA141S26	SES180	-0.826819	-8.99647	-8.16965
BLOCK14/SES141/SA141S29	SES127	-0.925827	-8.49203	-7.56621
BLOCK14/SES141/SA141S29	SES142	-0.533601	-8.09981	-7.56621
BLOCK14/SES141/SA141S29	SES144	-0.884861	-8.45107	-7.56621
BLOCK14/SES141/SA141S29	SES180	-0.297835	-7.86404	-7.56621
BLOCK15/SES157/SA157S08	SES083	-0.883337	-7.52476	-6.64142
BLOCK15/SES157/SA157S08	SES127	-0.726772	-7.36819	-6.64142
BLOCK15/SES157/SA157S08	SES148	-0.772061	-7.41348	-6.64142
BLOCK15/SES157/SA157S08	SES292	-0.731123	-7.37254	-6.64142
BLOCK15/SES157/SA157S11	SES083	-1.3805	-9.21399	-7.8335
BLOCK15/SES157/SA157S11	SES127	-0.910206	-8.7437	-7.8335
BLOCK15/SES157/SA157S11	SES148	-1.17761	-9.01111	-7.8335
BLOCK15/SES157/SA157S11	SES292	-1.33882	-9.17232	-7.8335
BLOCK15/SES157/SA157S21	SES127	-0.144471	-6.82927	-6.6848
BLOCK15/SES157/SA157S21	SES148	0.252223	-6.43258	-6.6848
BLOCK15/SES157/SA157S21	SES158	-3.32636	-10.0112	-6.6848
BLOCK15/SES157/SA157S21	SES292	-0.946689	-7.63149	-6.6848
BLOCK15/SES157/SA157S24	SES127	-0.579246	-8.79987	-8.22063
BLOCK15/SES157/SA157S24	SES148	-0.791874	-9.0125	-8.22063
BLOCK15/SES157/SA157S24	SES183	-1.21913	-9.43976	-8.22063
BLOCK15/SES157/SA157S24	SES292	-1.07681	-9.29744	-8.22063
BLOCK15/SES157/SA157S26	SES007	-0.686595	-7.86784	-7.18124
BLOCK15/SES157/SA157S26	SES127	-0.147469	-7.32871	-7.18124
BLOCK15/SES157/SA157S26	SES147	-0.765955	-7.9472	-7.18124
BLOCK15/SES157/SA157S26	SES148	-0.727801	-7.90904	-7.18124
BLOCK16/SES161/SA161S10	SES007	-0.890337	-8.53826	-7.64793
BLOCK16/SES161/SA161S10	SES105	-0.833821	-8.48175	-7.64793
BLOCK16/SES161/SA161S10	SES158	-1.59612	-9.24405	-7.64793
BLOCK16/SES161/SA161S10	SES275	-0.905548	-8.55347	-7.64793
BLOCK16/SES161/SA161S12	SES007	-2.42353	-11.6915	-9.26795
BLOCK16/SES161/SA161S12	SES105	-2.83824	-12.1062	-9.26795
BLOCK16/SES161/SA161S12	SES158	-1.36692	-10.6349	-9.26795
BLOCK16/SES161/SA161S12	SES275	-3.34722	-12.6152	-9.26795
BLOCK16/SES161/SA161S20	SES007	-0.901279	-10.5425	-9.64123
BLOCK16/SES161/SA161S20	SES105	-2.2683	-11.9095	-9.64123
BLOCK16/SES161/SA161S20	SES158	-0.219584	-9.86081	-9.64123
BLOCK16/SES161/SA161S20	SES275	-3.18878	-12.83	-9.64123
BLOCK16/SES161/SA161S23	SES007	-2.90634	-12.8865	-9.98021
BLOCK16/SES161/SA161S23	SES105	-1.67127	-11.6515	-9.98021
BLOCK16/SES161/SA161S23	SES148	-2.52136	-12.5016	-9.98021
BLOCK16/SES161/SA161S23	SES158	-2.98267	-12.9629	-9.98021
BLOCK16/SES161/SA161S28	SES007	-1.73612	-10.5419	-8.80575
BLOCK16/SES161/SA161S28	SES105	-2.81864	-11.6244	-8.80575
BLOCK16/SES161/SA161S28	SES158	-0.556227	-9.36198	-8.80575
BLOCK16/SES161/SA161S28	SES206	-1.22016	-10.0259	-8.80575
BLOCK16/SES164/SA164S11	SES104	-1.02305	-8.7012	-7.67815
BLOCK16/SES164/SA164S11	SES125	-0.489648	-8.1678	-7.67815
BLOCK16/SES164/SA164S11	SES158	-1.09543	-8.77358	-7.67815
BLOCK16/SES164/SA164S11	SES206	-2.04565	-9.72381	-7.67815
BLOCK16/SES164/SA164S13	SES099	-1.77985	-9.95935	-8.17949
BLOCK16/SES164/SA164S13	SES104	-0.91635	-9.09585	-8.17949
BLOCK16/SES164/SA164S13	SES125	-0.63789	-8.81738	-8.17949
BLOCK16/SES164/SA164S13	SES206	-1.55672	-9.73622	-8.17949
BLOCK16/SES164/SA164S24	SES002	0.222097	-7.61716	-7.83926
BLOCK16/SES164/SA164S24	SES099	-1.69613	-9.53538	-7.83926
BLOCK16/SES164/SA164S24	SES125	-0.466876	-8.30613	-7.83926
BLOCK16/SES164/SA164S24	SES226	0.0102673	-7.82899	-7.83926
BLOCK16/SES164/SA164S27	SES087	-1.51192	-10.1986	-8.68667
BLOCK16/SES164/SA164S27	SES125	-1.16494	-9.85161	-8.68667
BLOCK16/SES164/SA164S27	SES206	-1.89638	-10.5831	-8.68667
BLOCK16/SES164/SA164S27	SES226	-0.466146	-9.15282	-8.68667
BLOCK16/SES164/SA164S29	SES002	-0.616055	-8.3355	-7.71945
BLOCK16/SES164/SA164S29	SES019	-3.43918	-11.1586	-7.71945
BLOCK16/SES164/SA164S29	SES125	-0.754482	-8.47393	-7.71945
BLOCK16/SES164/SA164S29	SES226	-0.382635	-8.10208	-7.71945
BLOCK16/SES169/SA169S13	SES117	-1.40588	-9.24025	-7.83437
BLOCK16/SES169/SA169S13	SES144	-0.86202	-8.69639	-7.83437
BLOCK16/SES169/SA169S13	SES146	-0.603582	-8.43795	-7.83437
BLOCK16/SES169/SA169S13	SES162	-1.25155	-9.08592	-7.83437
BLOCK16/SES169/SA169S14	SES144	-0.518159	-6.97933	-6.46117
BLOCK16/SES169/SA169S14	SES148	-0.37838	-6.83955	-6.46117
BLOCK16/SES169/SA169S14	SES177	-0.364332	-6.8255	-6.46117
BLOCK16/SES169/SA169S14	SES180	-0.847206	-7.30837	-6.46117
BLOCK16/SES169/SA169S24	SES117	-0.640728	-9.12828	-8.48755
BLOCK16/SES169/SA169S24	SES144	-0.559912	-9.04746	-8.48755
BLOCK16/SES169/SA169S24	SES146	-0.630294	-9.11784	-8.48755
BLOCK16/SES169/SA169S24	SES162	-0.713497	-9.20105	-8.48755
BLOCK16/SES169/SA169S27	SES127	-0.905546	-8.58544	-7.67989
BLOCK16/SES169/SA169S27	SES129	-0.655626	-8.33552	-7.67989
BLOCK16/SES169/SA169S27	SES144	-0.679233	-8.35912	-7.67989
BLOCK16/SES169/SA169S27	SES146	-0.357244	-8.03713	-7.67989
BLOCK16/SES169/SA169S29	SES144	-0.386268	-6.9868	-6.60053
BLOCK16/SES169/SA169S29	SES162	-0.538883	-7.13941	-6.60053
BLOCK16/SES169/SA169S29	SES177	-0.822874	-7.4234	-6.60053
BLOCK16/SES169/SA169S29	SES180	-0.83215	-7.43268	-6.60053
BLOCK17/SES171/SA171S12	SES083	-1.45169	-9.73057	-8.27887
BLOCK17/SES171/SA171S12	SES148	-1.90227	-10.1811	-8.27887
BLOCK17/SES171/SA171S12	SES172	-0.880847	-9.15972	-8.27887
BLOCK17/SES171/SA171S12	SES292	-2.49836	-10.7772	-8.27887
BLOCK17/SES171/SA171S15	SES148	-2.29896	-10.5477	-8.24879
BLOCK17/SES171/SA171S15	SES177	-1.08915	-9.33793	-8.24879
BLOCK17/SES171/SA171S15	SES180	-2.1727	-10.4215	-8.24879
BLOCK17/SES171/SA171S15	SES292	-0.875612	-9.1244	-8.24879
BLOCK17/SES171/SA171S22	SES007	-0.666154	-6.7522	-6.08605
BLOCK17/SES171/SA171S22	SES148	-0.525014	-6.61106	-6.08605
BLOCK17/SES171/SA171S22	SES177	-0.597368	-6.68341	-6.08605
BLOCK17/SES171/SA171S22	SES180	-1.95896	-8.04501	-6.08605
BLOCK17/SES171/SA171S25	SES101	-1.10196	-10.0708	-8.9688
BLOCK17/SES171/SA171S25	SES120	-2.61759	-11.5864	-8.9688
BLOCK17/SES171/SA171S25	SES177	-1.17855	-10.1474	-8.9688
BLOCK17/SES171/SA171S25	SES180	-1.25	-10.2188	-8.9688
BLOCK17/SES171/SA171S27	SES177	-0.974155	-9.29408	-8.31992
BLOCK17/SES171/SA171S27	SES180	-2.5085	-10.8284	-8.31992
BLOCK17/SES171/SA171S27	SES189	-0.656607	-8.97653	-8.31992
BLOCK17/SES171/SA171S27	SES292	-2.19035	-10.5103	-8.31992
BLOCK17/SES173/SA173S13	SES162	-2.69997	-10.1115	-7.41155
BLOCK17/SES173/SA173S13	SES177	-1.42705	-8.83861	-7.41155
BLOCK17/SES173/SA173S13	SES180	-0.759425	-8.17098	-7.41155
BLOCK17/SES173/SA173S13	SES292	-0.0972271	-7.50878	-7.41155
BLOCK17/SES173/SA173S14	SES007	-0.969838	-8.30324	-7.3334
BLOCK17/SES173/SA173S14	SES162	-2.45252	-9.78592	-7.3334
BLOCK17/SES173/SA173S14	SES177	-1.65713	-8.99053	-7.3334
BLOCK17/SES173/SA173S14	SES180	-1.84194	-9.17533	-7.3334
BLOCK17/SES173/SA173S24	SES144	-1.991	-9.75332	-7.76232
BLOCK17/SES173/SA173S24	SES162	-2.33739	-10.0997	-7.76232
BLOCK17/SES173/SA173S24	SES177	-0.786627	-8.54894	-7.76232
BLOCK17/SES173/SA173S24	SES180	-1.85102	-9.61333	-7.76232
BLOCK17/SES173/SA173S27	SES162	-3.31708	-11.5483	-8.23124
BLOCK17/SES173/SA173S27	SES177	-1.99974	-10.231	-8.23124
BLOCK17/SES173/SA173S27	SES180	-1.4202	-9.65144	-8.23124
BLOCK17/SES173/SA173S27	SES292	-0.565628	-8.79687	-8.23124
BLOCK17/SES173/SA173S29	SES162	-1.45762	-9.2679	-7.81028
BLOCK17/SES173/SA173S29	SES175	-0.546046	-8.35633	-7.81028
BLOCK17/SES173/SA173S29	SES177	-0.950043	-8.76032	-7.81028
BLOCK17/SES173/SA173S29	SES292	-0.818963	-8.62924	-7.81028
BLOCK18/SES182/SA182S10	SES144	-1.59443	-9.22448	-7.63004
BLOCK18/SES182/SA182S10	SES177	-0.863553	-8.4936	-7.63004
BLOCK18/SES182/SA182S10	SES180	-2.29203	-9.92207	-7.63004
BLOCK18/SES182/SA182S10	SES275	-0.987972	-8.61802	-7.63004
BLOCK18/SES182/SA182S12	SES144	-0.644707	-7.72737	-7.08266
BLOCK18/SES182/SA182S12	SES177	-0.645866	-7.72852	-7.08266
BLOCK18/SES182/SA182S12	SES180	-2.51311	-9.59577	-7.08266
BLOCK18/SES182/SA182S12	SES275	-0.671659	-7.75432	-7.08266
BLOCK18/SES182/SA182S21	SES117	-1.08645	-10.016	-8.9295
BLOCK18/SES182/SA182S21	SES144	-0.815633	-9.74513	-8.9295
BLOCK18/SES182/SA182S21	SES162	-1.13693	-10.0664	-8.9295
BLOCK18/SES182/SA182S21	SES180	-1.88266	-10.8122	-8.9295
BLOCK18/SES182/SA182S23	SES117	-1.32855	-10.4899	-9.16138
BLOCK18/SES182/SA182S23	SES144	-1.9275	-11.0889	-9.16138
BLOCK18/SES182/SA182S23	SES180	-2.93884	-12.1002	-9.16138
BLOCK18/SES182/SA182S23	SES275	-2.09623	-11.2576	-9.16138
BLOCK18/SES182/SA182S25	SES007	-0.0794058	-8.34729	-8.26789
BLOCK18/SES182/SA182S25	SES162	-1.03091	-9.2988	-8.26789
BLOCK18/SES182/SA182S25	SES177	-0.754788	-9.02268	-8.26789
BLOCK18/SES182/SA182S25	SES180	-2.34679	-10.6147	-8.26789
BLOCK18/SES184/SA184S12	SES177	-1.2246	-8.24022	-7.01562
BLOCK18/SES184/SA184S12	SES180	-0.242768	-7.25839	-7.01562
BLOCK18/SES184/SA184S12	SES189	-1.64521	-8.66083	-7.01562
BLOCK18/SES184/SA184S12	SES292	-0.371844	-7.38747	-7.01562
BLOCK18/SES184/SA184S13	SES101	-1.06619	-8.91027	-7.84408
BLOCK18/SES184/SA184S13	SES177	-1.29761	-9.14169	-7.84408
BLOCK18/SES184/SA184S13	SES180	-1.02732	-8.8714	-7.84408
BLOCK18/SES184/SA184S13	SES292	-0.824944	-8.66902	-7.84408
BLOCK18/SES184/SA184S22	SES177	-0.976601	-8.5907	-7.6141
BLOCK18/SES184/SA184S22	SES180	-0.536901	-8.151	-7.6141
BLOCK18/SES184/SA184S22	SES189	-1.23908	-8.85318	-7.6141
BLOCK18/SES184/SA184S22	SES292	-1.14892	-8.76302	-7.6141
BLOCK18/SES184/SA184S25	SES101	-1.09719	-8.51326	-7.41607
BLOCK18/SES184/SA184S25	SES177	-2.11126	-9.52733	-7.41607
BLOCK18/SES184/SA184S25	SES180	-1.03054	-8.44661	-7.41607
BLOCK18/SES184/SA184S25	SES292	-0.887918	-8.30399	-7.41607
BLOCK18/SES184/SA184S27	SES083	-1.17105	-8.84767	-7.67662
BLOCK18/SES184/SA184S27	SES177	-1.04957	-8.72618	-7.67662
BLOCK18/SES184/SA184S27	SES202	-1.06982	-8.74644	-7.67662
BLOCK18/SES184/SA184S27	SES292	-0.828105	-8.50472	-7.67662
BLOCK20/SES204/SA204S12	SES062	-0.58794	-7.77376	-7.18582
BLOCK20/SES204/SA204S12	SES083	-1.31705	-8.50287	-7.18582
BLOCK20/SES204/SA204S12	SES206	-0.256085	-7.4419	-7.18582
BLOCK20/SES204/SA204S12	SES226	-1.20429	-8.39011	-7.18582
BLOCK20/SES204/SA204S14	SES068	-0.685894	-6.88373	-6.19783
BLOCK20/SES204/SA204S14	SES087	0.259786	-5.93805	-6.19783
BLOCK20/SES204/SA204S14	SES206	-0.571475	-6.76931	-6.19783
BLOCK20/SES204/SA204S14	SES226	-1.38146	-7.57929	-6.19783
BLOCK20/SES204/SA204S22	SES068	-0.457797	-7.53723	-7.07943
BLOCK20/SES204/SA204S22	SES082	-0.832631	-7.91206	-7.07943
BLOCK20/SES204/SA204S22	SES083	-1.73074	-8.81017	-7.07943
BLOCK20/SES204/SA204S22	SES206	-0.240075	-7.3195	-7.07943
BLOCK20/SES204/SA204S25	SES062	-0.84902	-7.93487	-7.08585
BLOCK20/SES204/SA204S25	SES083	-1.51078	-8.59663	-7.08585
BLOCK20/SES204/SA204S25	SES206	-0.288157	-7.37401	-7.08585
BLOCK20/SES204/SA204S25	SES226	-0.996152	-8.082	-7.08585
BLOCK20/SES204/SA204S27	SES068	-1.33663	-9.15669	-7.82006
BLOCK20/SES204/SA204S27	SES082	-1.39746	-9.21751	-7.82006
BLOCK20/SES204/SA204S27	SES087	0.0102391	-7.80982	-7.82006
BLOCK20/SES204/SA204S27	SES206	-1.07407	-8.89413	-7.82006
BLOCK20/SES207/SA207S10	SES127	-1.5562	-8.55847	-7.00226
BLOCK20/SES207/SA207S10	SES183	-1.1728	-8.17507	-7.00226
BLOCK20/SES207/SA207S10	SES189	-0.807191	-7.80946	-7.00226
BLOCK20/SES207/SA207S10	SES292	-1.07344	-8.07571	-7.00226
BLOCK20/SES207/SA207S11	SES127	-1.24985	-9.37244	-8.12259
BLOCK20/SES207/SA207S11	SES183	-1.54283	-9.66542	-8.12259
BLOCK20/SES207/SA207S11	SES187	-0.687493	-8.81008	-8.12259
BLOCK20/SES207/SA207S11	SES292	-0.310871	-8.43346	-8.12259
BLOCK20/SES207/SA207S25	SES068	-0.870538	-9.0146	-8.14406
BLOCK20/SES207/SA207S25	SES083	-1.22653	-9.37059	-8.14406
BLOCK20/SES207/SA207S25	SES127	-0.402925	-8.54699	-8.14406
BLOCK20/SES207/SA207S25	SES187	-0.596187	-8.74025	-8.14406
BLOCK20/SES207/SA207S27	SES127	-1.55976	-9.99	-8.43024
BLOCK20/SES207/SA207S27	SES183	-1.27965	-9.70988	-8.43024
BLOCK20/SES207/SA207S27	SES187	-0.573788	-9.00402	-8.43024
BLOCK20/SES207/SA207S27	SES292	-1.19737	-9.6276	-8.43024
BLOCK20/SES207/SA207S29	SES083	-1.58594	-9.39467	-7.80873
BLOCK20/SES207/SA207S29	SES085	-1.21215	-9.02087	-7.80873
BLOCK20/SES207/SA207S29	SES172	-0.390738	-8.19947	-7.80873
BLOCK20/SES207/SA207S29	SES189	-2.58176	-10.3905	-7.80873
BLOCK22/SES221/SA221S12	SES068	0.2939	-6.42977	-6.72367
BLOCK22/SES221/SA221S12	SES143	-1.37499	-8.09867	-6.72367
BLOCK22/SES221/SA221S12	SES175	-0.511093	-7.23477	-6.72367
BLOCK22/SES221/SA221S12	SES202	-0.834386	-7.55806	-6.72367
BLOCK22/SES221/SA221S15	SES085	-0.418557	-7.75355	-7.33499
BLOCK22/SES221/SA221S15	SES143	-1.18002	-8.51501	-7.33499
BLOCK22/SES221/SA221S15	SES175	-0.953904	-8.2889	-7.33499
BLOCK22/SES221/SA221S15	SES187	-1.3768	-8.71179	-7.33499
BLOCK22/SES221/SA221S23	SES068	-0.168704	-7.33995	-7.17125
BLOCK22/SES221/SA221S23	SES143	-1.90084	-9.07209	-7.17125
BLOCK22/SES221/SA221S23	SES175	-1.39716	-8.56841	-7.17125
BLOCK22/SES221/SA221S23	SES189	-1.97317	-9.14441	-7.17125
BLOCK22/SES221/SA221S27	SES085	0.408886	-7.02906	-7.43795
BLOCK22/SES221/SA221S27	SES143	-0.727788	-8.16574	-7.43795
BLOCK22/SES221/SA221S27	SES175	-0.743469	-8.18142	-7.43795
BLOCK22/SES221/SA221S27	SES189	-1.64453	-9.08247	-7.43795
BLOCK22/SES221/SA221S29	SES085	0.347282	-7.36101	-7.70829
BLOCK22/SES221/SA221S29	SES143	-1.05212	-8.76042	-7.70829
BLOCK22/SES221/SA221S29	SES175	-0.471781	-8.18008	-7.70829
BLOCK22/SES221/SA221S29	SES187	-1.0891	-8.79739	-7.70829
BLOCK22/SES223/SA223S11	SES143	-0.822485	-8.95244	-8.12996
BLOCK22/SES223/SA223S11	SES144	-2.04316	-10.1731	-8.12996
BLOCK22/SES223/SA223S11	SES175	-0.716381	-8.84634	-8.12996
BLOCK22/SES223/SA223S11	SES187	-1.42247	-9.55242	-8.12996
BLOCK22/SES223/SA223S13	SES068	-0.269859	-8.12275	-7.85289
BLOCK22/SES223/SA223S13	SES143	-1.49147	-9.34436	-7.85289
BLOCK22/SES223/SA223S13	SES146	-0.993201	-8.84609	-7.85289
BLOCK22/SES223/SA223S13	SES202	-0.713106	-8.566	-7.85289
BLOCK22/SES223/SA223S22	SES143	-1.25411	-8.83462	-7.58051
BLOCK22/SES223/SA223S22	SES144	-2.1704	-9.75091	-7.58051
BLOCK22/SES223/SA223S22	SES175	-0.785163	-8.36567	-7.58051
BLOCK22/SES223/SA223S22	SES187	-1.56421	-9.14472	-7.58051
BLOCK22/SES223/SA223S25	SES068	-0.000638962	-7.43277	-7.43213
BLOCK22/SES223/SA223S25	SES143	-1.54917	-8.9813	-7.43213
BLOCK22/SES223/SA223S25	SES175	-0.463394	-7.89552	-7.43213
BLOCK22/SES223/SA223S25	SES187	-1.65043	-9.08255	-7.43213
BLOCK22/SES223/SA223S27	SES143	-0.402433	-9.11601	-8.71358
BLOCK22/SES223/SA223S27	SES146	-1.77948	-10.4931	-8.71358
BLOCK22/SES223/SA223S27	SES187	-1.22983	-9.94341	-8.71358
BLOCK22/SES223/SA223S27	SES292	0.0745249	-8.63905	-8.71358
BLOCK27/SES273/SA273S12	SES099	-0.0502992	-7.73952	-7.68923
BLOCK27/SES273/SA273S12	SES104	0.0775747	-7.61165	-7.68923
BLOCK27/SES273/SA273S12	SES125	-0.582479	-8.2717	-7.68923
BLOCK27/SES273/SA273S12	SES206	-0.0509028	-7.74013	-7.68923
BLOCK27/SES273/SA273S13	SES099	-0.734552	-7.46096	-6.72641
BLOCK27/SES273/SA273S13	SES104	-0.497904	-7.22431	-6.72641
BLOCK27/SES273/SA273S13	SES206	-1.2709	-7.99731	-6.72641
BLOCK27/SES273/SA273S13	SES292	-1.04172	-7.76813	-6.72641
BLOCK27/SES273/SA273S21	SES099	-1.27504	-8.79396	-7.51892
BLOCK27/SES273/SA273S21	SES148	-1.42293	-8.94185	-7.51892
BLOCK27/SES273/SA273S21	SES149	-1.1342	-8.65312	-7.51892
BLOCK27/SES273/SA273S21	SES177	-1.25189	-8.77082	-7.51892
BLOCK27/SES273/SA273S25	SES104	-0.274984	-8.26876	-7.99377
BLOCK27/SES273/SA273S25	SES125	-1.25529	-9.24906	-7.99377
BLOCK27/SES273/SA273S25	SES158	0.176394	-7.81738	-7.99377
BLOCK27/SES273/SA273S25	SES206	-0.618853	-8.61263	-7.99377
BLOCK27/SES273/SA273S27	SES099	-0.785547	-6.93254	-6.14699
BLOCK27/SES273/SA273S27	SES104	-0.571108	-6.7181	-6.14699
BLOCK27/SES273/SA273S27	SES149	-0.846611	-6.9936	-6.14699
BLOCK27/SES273/SA273S27	SES275	-1.07393	-7.22093	-6.14699
BLOCK27/SES274/SA274S10	SES105	-1.59244	-7.82051	-6.22807
BLOCK27/SES274/SA274S10	SES125	-1.97551	-8.20358	-6.22807
BLOCK27/SES274/SA274S10	SES129	0.3438	-5.88427	-6.22807
BLOCK27/SES274/SA274S10	SES158	-4.50864	-10.7367	-6.22807
BLOCK27/SES274/SA274S11	SES105	-0.936766	-7.75304	-6.81627
BLOCK27/SES274/SA274S11	SES149	-0.979293	-7.79556	-6.81627
BLOCK27/SES274/SA274S11	SES158	-2.30959	-9.12586	-6.81627
BLOCK27/SES274/SA274S11	SES275	-0.672371	-7.48864	-6.81627
BLOCK27/SES274/SA274S21	SES105	-1.40463	-8.13924	-6.7346
BLOCK27/SES274/SA274S21	SES129	-0.0924296	-6.82703	-6.7346
BLOCK27/SES274/SA274S21	SES149	-1.24951	-7.98412	-6.7346
BLOCK27/SES274/SA274S21	SES158	-3.53332	-10.2679	-6.7346
BLOCK27/SES274/SA274S24	SES105	-1.46042	-9.07586	-7.61544
BLOCK27/SES274/SA274S24	SES129	0.25545	-7.35999	-7.61544
BLOCK27/SES274/SA274S24	SES149	-1.20651	-8.82195	-7.61544
BLOCK27/SES274/SA274S24	SES158	-4.50944	-12.1249	-7.61544
BLOCK27/SES274/SA274S29	SES105	-1.27077	-8.2102	-6.93942
BLOCK27/SES274/SA274S29	SES106	-2.17129	-9.11071	-6.93942
BLOCK27/SES274/SA274S29	SES120	-0.868924	-7.80835	-6.93942
BLOCK27/SES274/SA274S29	SES275	-0.898378	-7.8378	-6.93942
BLOCK27/SES276/SA276S16	SES148	-0.700522	-8.07201	-7.37148
BLOCK27/SES276/SA276S16	SES172	0.128015	-7.24347	-7.37148
BLOCK27/SES276/SA276S16	SES180	-0.340728	-7.71221	-7.37148
BLOCK27/SES276/SA276S16	SES292	-0.239827	-7.61131	-7.37148
BLOCK27/SES276/SA276S17	SES101	-0.302896	-8.07046	-7.76756
BLOCK27/SES276/SA276S17	SES177	-1.37499	-9.14256	-7.76756
BLOCK27/SES276/SA276S17	SES180	-0.975853	-8.74342	-7.76756
BLOCK27/SES276/SA276S17	SES292	-1.09539	-8.86295	-7.76756
BLOCK27/SES276/SA276S24	SES101	-0.647795	-7.10525	-6.45746
BLOCK27/SES276/SA276S24	SES177	-1.18939	-7.64685	-6.45746
BLOCK27/SES276/SA276S24	SES180	-0.758183	-7.21564	-6.45746
BLOCK27/SES276/SA276S24	SES292	-1.06849	-7.52595	-6.45746
BLOCK27/SES276/SA276S26	SES101	-0.549539	-7.32523	-6.77569
BLOCK27/SES276/SA276S26	SES177	-0.977148	-7.75284	-6.77569
BLOCK27/SES276/SA276S26	SES180	-0.132304	-6.908	-6.77569
BLOCK27/SES276/SA276S26	SES292	0.0898199	-6.68587	-6.77569
BLOCK27/SES276/SA276S28	SES101	-0.295891	-6.8778	-6.58191
BLOCK27/SES276/SA276S28	SES177	-1.00437	-7.58628	-6.58191
BLOCK27/SES276/SA276S28	SES180	0.00536728	-6.57654	-6.58191
BLOCK27/SES276/SA276S28	SES292	-0.266852	-6.84876	-6.58191
BLOCK27/SES277/SA277S12	SES101	-0.997558	-9.55266	-8.5551
BLOCK27/SES277/SA277S12	SES177	-2.24915	-10.8043	-8.5551
BLOCK27/SES277/SA277S12	SES180	-1.53314	-10.0882	-8.5551
BLOCK27/SES277/SA277S12	SES292	-1.71338	-10.2685	-8.5551
BLOCK27/SES277/SA277S14	SES177	-1.27926	-9.67813	-8.39887
BLOCK27/SES277/SA277S14	SES180	-1.98749	-10.3864	-8.39887
BLOCK27/SES277/SA277S14	SES189	-0.490203	-8.88907	-8.39887
BLOCK27/SES277/SA277S14	SES292	-2.12953	-10.5284	-8.39887
BLOCK27/SES277/SA277S21	SES177	-0.874482	-9.02304	-8.14856
BLOCK27/SES277/SA277S21	SES180	-0.991098	-9.13966	-8.14856
BLOCK27/SES277/SA277S21	SES189	-0.282021	-8.43058	-8.14856
BLOCK27/SES277/SA277S21	SES292	-1.36205	-9.51061	-8.14856
BLOCK27/SES277/SA277S24	SES144	-0.665827	-9.63911	-8.97328
BLOCK27/SES277/SA277S24	SES177	-1.21681	-10.1901	-8.97328
BLOCK27/SES277/SA277S24	SES180	-2.17931	-11.1526	-8.97328
BLOCK27/SES277/SA277S24	SES189	-0.465677	-9.43896	-8.97328
BLOCK27/SES277/SA277S29	SES177	-0.765135	-7.00473	-6.23959
BLOCK27/SES277/SA277S29	SES180	-1.09624	-7.33583	-6.23959
BLOCK27/SES277/SA277S29	SES202	-0.756527	-6.99612	-6.23959
BLOCK27/SES277/SA277S29	SES292	-1.52287	-7.76246	-6.23959
BLOCK27/SES279/SA279S09	SES120	-0.786416	-7.34849	-6.56208
BLOCK27/SES279/SA279S09	SES146	-1.38456	-7.94664	-6.56208
BLOCK27/SES279/SA279S09	SES206	-0.398205	-6.96028	-6.56208
BLOCK27/SES279/SA279S09	SES226	-2.01734	-8.57942	-6.56208
BLOCK27/SES279/SA279S10	SES099	-1.1017	-8.32054	-7.21884
BLOCK27/SES279/SA279S10	SES206	-1.44609	-8.66494	-7.21884
BLOCK27/SES279/SA279S10	SES226	-2.59106	-9.8099	-7.21884
BLOCK27/SES279/SA279S10	SES292	-0.550194	-7.76904	-7.21884
BLOCK27/SES279/SA279S20	SES099	-2.37243	-10.3005	-7.9281
BLOCK27/SES279/SA279S20	SES206	-0.532237	-8.46034	-7.9281
BLOCK27/SES279/SA279S20	SES226	-3.06507	-10.9932	-7.9281
BLOCK27/SES279/SA279S20	SES292	-0.0380001	-7.9661	-7.9281
BLOCK27/SES279/SA279S26	SES099	0.536375	-8.03197	-8.56835
BLOCK27/SES279/SA279S26	SES206	-0.198423	-8.76677	-8.56835
BLOCK27/SES279/SA279S26	SES226	-2.11713	-10.6855	-8.56835
BLOCK27/SES279/SA279S26	SES292	0.21984	-8.34851	-8.56835
BLOCK27/SES279/SA279S28	SES099	-0.723805	-7.08543	-6.36163
BLOCK27/SES279/SA279S28	SES120	-0.529106	-6.89073	-6.36163
BLOCK27/SES279/SA279S28	SES177	-1.76192	-8.12355	-6.36163
BLOCK27/SES279/SA279S28	SES206	-0.982943	-7.34457	-6.36163
BLOCK29/SES290/SA290S12	SES162	-0.00572062	-6.14765	-6.14193
BLOCK29/SES290/SA290S12	SES177	-0.0548615	-6.19679	-6.14193
BLOCK29/SES290/SA290S12	SES180	-0.447196	-6.58913	-6.14193
BLOCK29/SES290/SA290S12	SES292	-0.96979	-7.11172	-6.14193
BLOCK29/SES290/SA290S13	SES007	-0.618493	-7.1558	-6.5373
BLOCK29/SES290/SA290S13	SES162	-1.48514	-8.02244	-6.5373
BLOCK29/SES290/SA290S13	SES177	-1.16435	-7.70165	-6.5373
BLOCK29/SES290/SA290S13	SES180	-0.576717	-7.11402	-6.5373
BLOCK29/SES290/SA290S22	SES177	-0.235299	-6.82693	-6.59163
BLOCK29/SES290/SA290S22	SES180	-0.454916	-7.04655	-6.59163
BLOCK29/SES290/SA290S22	SES202	-0.333506	-6.92514	-6.59163
BLOCK29/SES290/SA290S22	SES292	0.208787	-6.38284	-6.59163
BLOCK29/SES290/SA290S25	SES162	-0.600881	-7.35007	-6.74919
BLOCK29/SES290/SA290S25	SES177	-0.854761	-7.60395	-6.74919
BLOCK29/SES290/SA290S25	SES180	-0.981085	-7.73027	-6.74919
BLOCK29/SES290/SA290S25	SES292	-0.536919	-7.28611	-6.74919
BLOCK29/SES290/SA290S29	SES177	-0.426959	-6.50604	-6.07908
BLOCK29/SES290/SA290S29	SES180	-0.113094	-6.19218	-6.07908
BLOCK29/SES290/SA290S29	SES275	-0.186617	-6.2657	-6.07908
BLOCK29/SES290/SA290S29	SES292	-0.191624	-6.27071	-6.07908
BLOCK29/SES291/SA291S11	SES105	-1.52773	-9.6355	-8.10777
BLOCK29/SES291/SA291S11	SES125	-1.01092	-9.11869	-8.10777
BLOCK29/SES291/SA291S11	SES158	-0.946298	-9.05407	-8.10777
BLOCK29/SES291/SA291S11	SES275	-1.52835	-9.63612	-8.10777
BLOCK29/SES291/SA291S12	SES158	0.27122	-7.72407	-7.99529
BLOCK29/SES291/SA291S12	SES226	-2.22616	-10.2215	-7.99529
BLOCK29/SES291/SA291S12	SES270	-0.969318	-8.96461	-7.99529
BLOCK29/SES291/SA291S12	SES275	-3.37052	-11.3658	-7.99529
BLOCK29/SES291/SA291S22	SES082	-0.701008	-8.46703	-7.76602
BLOCK29/SES291/SA291S22	SES158	-0.439744	-8.20576	-7.76602
BLOCK29/SES291/SA291S22	SES259	-0.904233	-8.67025	-7.76602
BLOCK29/SES291/SA291S22	SES275	-2.15866	-9.92468	-7.76602
BLOCK29/SES291/SA291S24	SES104	0.0968814	-7.42131	-7.51819
BLOCK29/SES291/SA291S24	SES125	-0.652661	-8.17085	-7.51819
BLOCK29/SES291/SA291S24	SES158	0.237438	-7.28075	-7.51819
BLOCK29/SES291/SA291S24	SES275	-1.24838	-8.76656	-7.51819
BLOCK29/SES291/SA291S27	SES158	-0.262759	-7.3502	-7.08744
BLOCK29/SES291/SA291S27	SES172	-1.55013	-8.63757	-7.08744
BLOCK29/SES291/SA291S27	SES275	-1.46505	-8.55249	-7.08744
BLOCK29/SES291/SA291S27	SES292	-0.617486	-7.70492	-7.08744
Threshold search:
THR	-6.76706988385	9	0(0)	1(1000)
THR	-6.6682312850115	8.991	0(0)	0.999(999)
THR	-6.569392686173	8.991	0(0)	0.999(999)
THR	-6.4705540873345	8.991	0(0)	0.999(999)
THR	-6.371715488496	8.991	0(0)	0.999(999)
THR	-6.2728768896575	8.991	0(0)	0.999(999)
THR	-6.174038290819	8.991	0(0)	0.999(999)
THR	-6.0751996919805	8.991	0(0)	0.999(999)
THR	-5.976361093142	8.991	0(0)	0.999(999)
THR	-5.8775224943035	8.991	0(0)	0.999(999)
THR	-5.778683895465	8.982	0(0)	0.998(998)
THR	-5.6798452966265	8.982	0(0)	0.998(998)
THR	-5.581006697788	8.982	0(0)	0.998(998)
THR	-5.4821680989495	8.982	0(0)	0.998(998)
THR	-5.383329500111	8.982	0(0)	0.998(998)
THR	-5.28449090127249	8.982	0(0)	0.998(998)
THR	-5.18565230243399	8.982	0(0)	0.998(998)
THR	-5.08681370359549	8.973	0(0)	0.997(997)
THR	-4.98797510475699	8.964	0(0)	0.996(996)
THR	-4.88913650591849	8.964	0(0)	0.996(996)
THR	-4.79029790707999	8.964	0(0)	0.996(996)
THR	-4.69145930824149	8.964	0(0)	0.996(996)
THR	-4.59262070940299	8.964	0(0)	0.996(996)
THR	-4.49378211056449	8.937	0(0)	0.993(993)
THR	-4.39494351172599	8.928	0(0)	0.992(992)
THR	-4.29610491288749	8.91	0(0)	0.99(990)
THR	-4.19726631404899	8.901	0(0)	0.989(989)
THR	-4.09842771521049	8.892	0(0)	0.988(988)
THR	-3.99958911637199	8.892	0(0)	0.988(988)
THR	-3.90075051753349	8.892	0(0)	0.988(988)
THR	-3.80191191869499	8.892	0(0)	0.988(988)
THR	-3.70307331985649	8.883	0(0)	0.987(987)
THR	-3.60423472101799	8.856	0(0)	0.984(984)
THR	-3.50539612217949	8.838	0(0)	0.982(982)
THR	-3.40655752334099	8.82	0(0)	0.98(980)
THR	-3.30771892450249	8.784	0(0)	0.976(976)
THR	-3.20888032566399	8.757	0(0)	0.973(973)
THR	-3.11004172682549	8.739	0(0)	0.971(971)
THR	-3.01120312798699	8.658	0(0)	0.962(962)
THR	-2.91236452914849	8.559	0(0)	0.951(951)
THR	-2.81352593030999	8.496	0(0)	0.944(944)
THR	-2.71468733147149	8.46	0(0)	0.94(940)
THR	-2.61584873263299	8.415	0(0)	0.935(935)
THR	-2.51701013379449	8.28	0(0)	0.92(920)
THR	-2.41817153495599	8.172	0(0)	0.908(908)
THR	-2.31933293611749	8.109	0(0)	0.901(901)
THR	-2.22049433727899	7.947	0(0)	0.883(883)
THR	-2.12165573844049	7.812	0(0)	0.868(868)
THR	-2.02281713960199	7.668	0(0)	0.852(852)
THR	-1.92397854076349	7.461	0(0)	0.829(829)
THR	-1.82513994192499	7.281	0(0)	0.809(809)
THR	-1.72630134308649	7.074	0(0)	0.786(786)
THR	-1.62746274424799	6.858	0(0)	0.762(762)
THR	-1.52862414540949	6.606	0(0)	0.734(734)
THR	-1.42978554657099	6.336	0(0)	0.704(704)
THR	-1.33094694773249	5.994	0(0)	0.666(666)
THR	-1.23210834889399	5.463	0(0)	0.607(607)
THR	-1.13326975005549	5.022	0(0)	0.558(558)
THR	-1.03443115121699	4.626	0(0)	0.514(514)
THR	-0.935592552378492	4.077	0(0)	0.453(453)
THR	-0.836753953539992	3.559	0.004(1)	0.395(395)
THR	-0.737915354701492	3.05	0.008(2)	0.338(338)
THR	-0.639076755862992	2.627	0.008(2)	0.291(291)
THR	-0.540238157024492	2.18	0.02(5)	0.24(240)
THR	-0.441399558185992	1.751	0.032(8)	0.191(191)
THR	-0.342560959347492	1.443	0.048(12)	0.155(155)
THR	-0.243722360508992	1.186	0.052(13)	0.126(126)
THR	-0.144883761670492	0.918	0.072(18)	0.094(94)
THR	-0.0460451628319924	0.735	0.096(24)	0.071(71)
THR	0.0527934360065076	0.595	0.136(34)	0.051(51)
THR	0.151632034845008	0.56	0.2(50)	0.04(40)
THR	0.250470633683508	0.479	0.236(59)	0.027(27)
THR	0.349309232522008	0.405	0.324(81)	0.009(9)
THR	0.448147831360508	0.45	0.396(99)	0.006(6)
THR	0.546986430199008	0.471	0.444(111)	0.003(3)
THR	0.645825029037508	0.542	0.524(131)	0.002(2)
THR	0.744663627876008	0.637	0.628(157)	0.001(1)
THR	0.843502226714508	0.709	0.7(175)	0.001(1)
THR	0.942340825553008	0.777	0.768(192)	0.001(1)
THR	1.04117942439151	0.82	0.82(205)	0(0)
THR	1.14001802323001	0.864	0.864(216)	0(0)
THR	1.23885662206851	0.912	0.912(228)	0(0)
THR	1.33769522090701	0.924	0.924(231)	0(0)
THR	1.43653381974551	0.936	0.936(234)	0(0)
THR	1.53537241858401	0.956	0.956(239)	0(0)
THR	1.63421101742251	0.964	0.964(241)	0(0)
THR	1.73304961626101	0.968	0.968(242)	0(0)
THR	1.83188821509951	0.976	0.976(244)	0(0)
THR	1.93072681393801	0.98	0.98(245)	0(0)
THR	2.02956541277651	0.988	0.988(247)	0(0)
THR	2.12840401161501	0.992	0.992(248)	0(0)
THR	2.22724261045351	0.992	0.992(248)	0(0)
THR	2.32608120929201	0.996	0.996(249)	0(0)
THR	2.42491980813051	0.996	0.996(249)	0(0)
THR	2.52375840696901	0.996	0.996(249)	0(0)
THR	2.62259700580751	0.996	0.996(249)	0(0)
THR	2.72143560464601	0.996	0.996(249)	0(0)
THR	2.82027420348451	0.996	0.996(249)	0(0)
THR	2.91911280232301	0.996	0.996(249)	0(0)
THR	3.01795140116151	0.996	0.996(249)	0(0)
THR	3.11679000000001	1	1(250)	0(0)


==============================================
THR: 0.349309232522008
Missed:     81/250=0.3240
FalseAlarm: 9/1000=0.0090
----------------------------------------------
==> CostDetection: 40.5
==============================================
